/local/storage/liang/.clion/RayJoin/cmake-build-release-dl190/bin/polyover_exec -poly1 /local/storage/liang/Downloads/Datasets/point_cdb/dtl_cnty/dtl_cnty_Point.cdb              -poly2 /local/storage/liang/Downloads/Datasets/point_cdb/USAZIPCodeArea/USAZIPCodeArea_Point.cdb              -serialize=/dev/shm              -grid_size=20000              -mode=rt              -lb=false              -v=1              -fau              -xsect_factor 0.5              -win=32              -enlarge=2
I0919 15:26:39.421401 2378003 planar_graph.h:216] Map /dev/shm/-local-storage-liang-Downloads-Datasets-point_cdb-dtl_cnty-dtl_cnty_Point.cdb.bin is deserialized, chains: 3157 points: 1028000 edges: 1024843
I0919 15:26:39.950687 2378003 planar_graph.h:216] Map /dev/shm/-local-storage-liang-Downloads-Datasets-point_cdb-USAZIPCodeArea-USAZIPCodeArea_Point.cdb.bin is deserialized, chains: 134894 points: 23894675 edges: 23759781
I0919 15:26:39.950723 2378003 context.h:51] Bounding Box, Bottom-left: (-179.147, -14.5487), Top-right: (179.778, 71.3905)
I0919 15:26:39.950742 2378003 context.h:58] Scaled Bounding Box, Bottom-left: (-69978809497444, -68768348336364), Top-right: (69978809497443, 68768348336363)
I0919 15:26:39.950743 2378003 context.h:61] Unscaled Bounding Box, Bottom-left: (-179.147, -14.5487), Top-right: (179.778, 71.3905)
I0919 15:26:42.133822 2378003 rt_engine.cu:282] Info: Pipeline statistics
	module(s)                            :     1
	entry function(s)                    :     2
	trace call(s)                        :     1
	continuation callable call(s)        :     0
	direct callable call(s)              :     0
	basic block(s) in entry functions    :    67
	instruction(s) in entry functions    :  1011
	non-entry function(s)                :     1
	basic block(s) in non-entry functions:     1
	instruction(s) in non-entry functions:     1
	debug information                    :    no
I0919 15:26:42.139173 2378003 rt_engine.cu:282] Info: Pipeline statistics
	module(s)                            :     1
	entry function(s)                    :     2
	trace call(s)                        :     1
	continuation callable call(s)        :     0
	direct callable call(s)              :     0
	basic block(s) in entry functions    :    43
	instruction(s) in entry functions    :   831
	non-entry function(s)                :     1
	basic block(s) in non-entry functions:     1
	instruction(s) in non-entry functions:     1
	debug information                    :    no
I0919 15:26:42.139240 2378003 lsi.h:22] Queue size: 567 MB
I0919 15:26:42.141625 2378003 primitive.h:153] Window size: 32 Window count: 32027 Enlarge limit: 2 ne: 1024843 Group count: 463092 Compress ratio: 0.548134
I0919 15:26:42.142299 2378003 rt_engine.cu:397] Building AS, num prims: 463092, Required Temp Size: 35269376 Output Size: 17329152
I0919 15:26:42.152140 2378003 primitive.h:153] Window size: 32 Window count: 742494 Enlarge limit: 2 ne: 23759781 Group count: 10506334 Compress ratio: 0.55781
I0919 15:26:42.164132 2378003 rt_engine.cu:397] Building AS, num prims: 10506334, Required Temp Size: 800125056 Output Size: 393089024
I0919 15:26:42.190752 2378003 rt_engine.h:159] Parm size: 176
I0919 15:26:42.190769 2378003 rt_engine.cu:554] optixLaunch, [w,h,d] = 1024843,1,1
I0919 15:26:42.195825 2378003 rt_engine.h:159] Parm size: 152
I0919 15:26:42.195833 2378003 rt_engine.cu:554] optixLaunch, [w,h,d] = 1028000,1,1
I0919 15:26:42.197865 2378003 rt_engine.h:159] Parm size: 152
I0919 15:26:42.197872 2378003 rt_engine.cu:554] optixLaunch, [w,h,d] = 23894675,1,1
I0919 15:26:42.214352 2378003 rt_engine.h:159] Parm size: 152
I0919 15:26:42.214363 2378003 rt_engine.cu:554] optixLaunch, [w,h,d] = 14783,1,1
I0919 15:26:42.225011 2378003 rt_engine.h:159] Parm size: 152
I0919 15:26:42.225020 2378003 rt_engine.cu:554] optixLaunch, [w,h,d] = 19033,1,1
I0919 15:26:42.225770 2378003 lsi.h:22] Queue size: 1701 MB
I0919 15:26:42.231822 2378003 uniform_grid.h:148] Creating the uniform grid, resolution: 2048, Size: 112 MB
I0919 15:26:42.234601 2378003 uniform_grid.h:206] Total Edges in the grid: 25029685, Size: 190 MB
E0919 15:26:43.358191 2378003 run_overlay.cu:36] LSI  xsects (Answer): 131522 xsects (Result): 131600 Error rate: 0.0593057 %
I0919 15:26:43.359593 2378003 run_overlay.cu:47] Checking point in polygon
I0919 15:26:43.359627 2378003 rt_engine.h:159] Parm size: 152
I0919 15:26:43.359634 2378003 rt_engine.cu:554] optixLaunch, [w,h,d] = 1028000,1,1
I0919 15:26:43.439206 2378003 run_overlay.cu:111] Map: 0 passed check
I0919 15:26:43.439214 2378003 run_overlay.cu:47] Checking point in polygon
I0919 15:26:43.439443 2378003 rt_engine.h:159] Parm size: 152
I0919 15:26:43.439451 2378003 rt_engine.cu:554] optixLaunch, [w,h,d] = 23894675,1,1
I0919 15:26:44.807852 2378003 run_overlay.cu:111] Map: 1 passed check
Timing results:
 - Read map 0: 135.42 ms

 - Read map 1: 527.879 ms

 - Create Context: 1967.24 ms

 - Create App: 0.261068 ms

 - Init: 223.153 ms

 - Build Index: 49.3641 ms

 - Intersection edges: 5.07808 ms

 - Map 0: Locate vertices in other map: 1.84488 ms

 - Map 1: Locate vertices in other map: 4.78101 ms

 - Computer output polygons: 22.8779 ms

 - Check result: 2597.59 ms

