/local/storage/liang/.clion/RayJoin/cmake-build-release-dl190/bin/polyover_exec -poly1 /local/storage/liang/Downloads/Datasets/point_cdb/lakes/South_America/lakes_South_America_Point.cdb              -poly2 /local/storage/liang/Downloads/Datasets/point_cdb/parks/South_America/parks_South_America_Point.cdb              -serialize=/dev/shm              -grid_size=15000              -mode=grid              -lb=false              -v=1              -fau              -xsect_factor 0.2              -win=32              -enlarge=2
I0919 15:44:16.117120 2390326 planar_graph.h:216] Map /dev/shm/-local-storage-liang-Downloads-Datasets-point_cdb-lakes-South_America-lakes_South_America_Point.cdb.bin is deserialized, chains: 43757 points: 2418375 edges: 2374618
I0919 15:44:16.194171 2390326 planar_graph.h:216] Map /dev/shm/-local-storage-liang-Downloads-Datasets-point_cdb-parks-South_America-parks_South_America_Point.cdb.bin is deserialized, chains: 85371 points: 3264379 edges: 3179008
I0919 15:44:16.194200 2390326 context.h:51] Bounding Box, Bottom-left: (-92.6829, -55.9828), Top-right: (-34.788, 12.5803)
I0919 15:44:16.194216 2390326 context.h:58] Scaled Bounding Box, Bottom-left: (-68019003758318, -68374252432450), Top-right: (68019003758317, 68374252432449)
I0919 15:44:16.194219 2390326 context.h:61] Unscaled Bounding Box, Bottom-left: (-92.6829, -55.9828), Top-right: (-34.788, 12.5803)
I0919 15:44:16.678929 2390326 lsi.h:22] Queue size: 50 MB
I0919 15:44:16.688261 2390326 uniform_grid.h:148] Creating the uniform grid, resolution: 15000, Size: 6008 MB
I0919 15:44:16.702622 2390326 uniform_grid.h:206] Total Edges in the grid: 8405145, Size: 64 MB
I0919 15:44:17.544823 2390326 lsi.h:22] Queue size: 50 MB
I0919 15:44:17.545320 2390326 uniform_grid.h:148] Creating the uniform grid, resolution: 2048, Size: 112 MB
I0919 15:44:17.546176 2390326 uniform_grid.h:206] Total Edges in the grid: 5786246, Size: 44 MB
I0919 15:44:17.587026 2390326 run_overlay.cu:43] LSI passed check
I0919 15:44:17.587030 2390326 run_overlay.cu:48] Checking point in polygon
I0919 15:44:17.911073 2390326 run_overlay.cu:112] Map: 0 passed check
I0919 15:44:17.911080 2390326 run_overlay.cu:48] Checking point in polygon
I0919 15:44:18.397332 2390326 run_overlay.cu:112] Map: 1 passed check
Timing results:
 - Read map 0: 149.38 ms

 - Read map 1: 76.8809 ms

 - Create Context: 484.392 ms

 - Create App: 0.00119209 ms

 - Init: 0.636816 ms

 - Build Index: 56.1011 ms

 - Intersection edges: 128.735 ms

 - Map 0: Locate vertices in other map: 271.508 ms

 - Map 1: Locate vertices in other map: 391.916 ms

 - Computer output polygons: 17.113 ms

 - Check result: 858.266 ms

