/local/storage/liang/.clion/RayJoin/cmake-build-release-dl190/bin/polyover_exec -poly1 /local/storage/liang/Downloads/Datasets/point_cdb/lakes/North_America/lakes_North_America_Point.cdb              -poly2 /local/storage/liang/Downloads/Datasets/point_cdb/parks/North_America/parks_North_America_Point.cdb              -serialize=/dev/shm              -grid_size=15000              -mode=grid              -lb=false              -v=1              -fau              -xsect_factor 0.2              -win=32              -enlarge=2
I0919 15:43:50.644053 2390115 planar_graph.h:216] Map /dev/shm/-local-storage-liang-Downloads-Datasets-point_cdb-lakes-North_America-lakes_North_America_Point.cdb.bin is deserialized, chains: 1910184 points: 69273661 edges: 67363477
I0919 15:43:51.252996 2390115 planar_graph.h:216] Map /dev/shm/-local-storage-liang-Downloads-Datasets-point_cdb-parks-North_America-parks_North_America_Point.cdb.bin is deserialized, chains: 603325 points: 27465008 edges: 26861683
I0919 15:43:51.253031 2390115 context.h:51] Bounding Box, Bottom-left: (-178.058, 7.22476), Top-right: (-45.5202, 71.2885)
I0919 15:43:51.253046 2390115 context.h:58] Scaled Bounding Box, Bottom-left: (-69322661498935, -68238415890814), Top-right: (69322661498934, 68238415890813)
I0919 15:43:51.253048 2390115 context.h:61] Unscaled Bounding Box, Bottom-left: (-178.058, 7.22476), Top-right: (-45.5202, 71.2885)
I0919 15:43:58.990859 2390115 lsi.h:22] Queue size: 862 MB
I0919 15:43:59.002831 2390115 uniform_grid.h:148] Creating the uniform grid, resolution: 15000, Size: 6008 MB
I0919 15:43:59.024812 2390115 uniform_grid.h:206] Total Edges in the grid: 102231462, Size: 779 MB
I0919 15:44:06.565047 2390115 lsi.h:22] Queue size: 862 MB
I0919 15:44:06.568167 2390115 uniform_grid.h:148] Creating the uniform grid, resolution: 2048, Size: 112 MB
I0919 15:44:06.577314 2390115 uniform_grid.h:206] Total Edges in the grid: 95265481, Size: 726 MB
I0919 15:44:07.272758 2390115 run_overlay.cu:43] LSI passed check
I0919 15:44:07.272765 2390115 run_overlay.cu:48] Checking point in polygon
I0919 15:44:13.507705 2390115 run_overlay.cu:112] Map: 0 passed check
I0919 15:44:13.517350 2390115 run_overlay.cu:48] Checking point in polygon
I0919 15:44:15.249621 2390115 run_overlay.cu:112] Map: 1 passed check
Timing results:
 - Read map 0: 1650.84 ms

 - Read map 1: 608.741 ms

 - Create Context: 7735.88 ms

 - Create App: 0.00214577 ms

 - Init: 4.87685 ms

 - Build Index: 83.22 ms

 - Intersection edges: 2703.93 ms

 - Map 0: Locate vertices in other map: 4030.46 ms

 - Map 1: Locate vertices in other map: 612.974 ms

 - Computer output polygons: 139.288 ms

 - Check result: 8704.01 ms

