/local/storage/liang/.clion/RayJoin/cmake-build-release-dl190/bin/polyover_exec -poly1 /local/storage/liang/Downloads/Datasets/point_cdb/lakes/Asia/lakes_Asia_Point.cdb              -poly2 /local/storage/liang/Downloads/Datasets/point_cdb/parks/Asia/parks_Asia_Point.cdb              -serialize=/dev/shm              -grid_size=20000              -mode=rt              -lb=false              -v=1              -fau              -xsect_factor 0.5              -win=32              -enlarge=2
I0919 15:26:56.137096 2378157 planar_graph.h:216] Map /dev/shm/-local-storage-liang-Downloads-Datasets-point_cdb-lakes-Asia-lakes_Asia_Point.cdb.bin is deserialized, chains: 194573 points: 10541220 edges: 10346647
I0919 15:26:56.414203 2378157 planar_graph.h:216] Map /dev/shm/-local-storage-liang-Downloads-Datasets-point_cdb-parks-Asia-parks_Asia_Point.cdb.bin is deserialized, chains: 277198 points: 12209639 edges: 11932441
I0919 15:26:56.414238 2378157 context.h:51] Bounding Box, Bottom-left: (-179.972, -10.8197), Top-right: (179.984, 81.2255)
I0919 15:26:56.414254 2378157 context.h:58] Scaled Bounding Box, Bottom-left: (-69979919611218, -68872256062147), Top-right: (69979919611217, 68872256062146)
I0919 15:26:56.414256 2378157 context.h:61] Unscaled Bounding Box, Bottom-left: (-179.972, -10.8197), Top-right: (179.984, 81.2255)
I0919 15:26:58.214828 2378157 rt_engine.cu:282] Info: Pipeline statistics
	module(s)                            :     1
	entry function(s)                    :     2
	trace call(s)                        :     1
	continuation callable call(s)        :     0
	direct callable call(s)              :     0
	basic block(s) in entry functions    :    67
	instruction(s) in entry functions    :  1011
	non-entry function(s)                :     1
	basic block(s) in non-entry functions:     1
	instruction(s) in non-entry functions:     1
	debug information                    :    no
I0919 15:26:58.220075 2378157 rt_engine.cu:282] Info: Pipeline statistics
	module(s)                            :     1
	entry function(s)                    :     2
	trace call(s)                        :     1
	continuation callable call(s)        :     0
	direct callable call(s)              :     0
	basic block(s) in entry functions    :    43
	instruction(s) in entry functions    :   831
	non-entry function(s)                :     1
	basic block(s) in non-entry functions:     1
	instruction(s) in non-entry functions:     1
	debug information                    :    no
I0919 15:26:58.220150 2378157 lsi.h:22] Queue size: 509 MB
I0919 15:26:58.225824 2378157 primitive.h:153] Window size: 32 Window count: 323333 Enlarge limit: 2 ne: 10346647 Group count: 5684944 Compress ratio: 0.450552
I0919 15:26:58.232393 2378157 rt_engine.cu:397] Building AS, num prims: 5684944, Required Temp Size: 432945792 Output Size: 212700416
I0919 15:26:58.252269 2378157 primitive.h:153] Window size: 32 Window count: 372889 Enlarge limit: 2 ne: 11932441 Group count: 6370299 Compress ratio: 0.466136
I0919 15:26:58.259369 2378157 rt_engine.cu:397] Building AS, num prims: 6370299, Required Temp Size: 485139968 Output Size: 238342528
I0919 15:26:58.277169 2378157 rt_engine.h:159] Parm size: 176
I0919 15:26:58.277187 2378157 rt_engine.cu:554] optixLaunch, [w,h,d] = 10346647,1,1
I0919 15:26:58.281316 2378157 rt_engine.h:159] Parm size: 152
I0919 15:26:58.281323 2378157 rt_engine.cu:554] optixLaunch, [w,h,d] = 10541220,1,1
I0919 15:26:58.289662 2378157 rt_engine.h:159] Parm size: 152
I0919 15:26:58.289669 2378157 rt_engine.cu:554] optixLaunch, [w,h,d] = 12209639,1,1
I0919 15:26:58.306246 2378157 rt_engine.h:159] Parm size: 152
I0919 15:26:58.306257 2378157 rt_engine.cu:554] optixLaunch, [w,h,d] = 1754,1,1
I0919 15:26:58.309211 2378157 rt_engine.h:159] Parm size: 152
I0919 15:26:58.309218 2378157 rt_engine.cu:554] optixLaunch, [w,h,d] = 2572,1,1
I0919 15:26:58.310009 2378157 lsi.h:22] Queue size: 1529 MB
I0919 15:26:58.315780 2378157 uniform_grid.h:148] Creating the uniform grid, resolution: 2048, Size: 112 MB
I0919 15:26:58.318493 2378157 uniform_grid.h:206] Total Edges in the grid: 22535290, Size: 171 MB
E0919 15:26:59.739260 2378157 run_overlay.cu:36] LSI  xsects (Answer): 37333 xsects (Result): 37411 Error rate: 0.20893 %
I0919 15:26:59.740657 2378157 run_overlay.cu:47] Checking point in polygon
I0919 15:26:59.740780 2378157 rt_engine.h:159] Parm size: 152
I0919 15:26:59.740788 2378157 rt_engine.cu:554] optixLaunch, [w,h,d] = 10541220,1,1
I0919 15:27:00.189527 2378157 run_overlay.cu:111] Map: 0 passed check
I0919 15:27:00.191956 2378157 run_overlay.cu:47] Checking point in polygon
I0919 15:27:00.192049 2378157 rt_engine.h:159] Parm size: 152
I0919 15:27:00.192056 2378157 rt_engine.cu:554] optixLaunch, [w,h,d] = 12209639,1,1
I0919 15:27:00.746863 2378157 run_overlay.cu:111] Map: 1 passed check
Timing results:
 - Read map 0: 313.729 ms

 - Read map 1: 276.922 ms

 - Create Context: 1725.79 ms

 - Create App: 0.205994 ms

 - Init: 83.1029 ms

 - Build Index: 53.8251 ms

 - Intersection edges: 4.06384 ms

 - Map 0: Locate vertices in other map: 8.38518 ms

 - Map 1: Locate vertices in other map: 13.238 ms

 - Computer output polygons: 6.72698 ms

 - Check result: 2451.33 ms

