/local/storage/liang/.clion/RayJoin/cmake-build-release-dl190/bin/polyover_exec -poly1 /local/storage/liang/Downloads/Datasets/point_cdb/lakes/Africa/lakes_Africa_Point.cdb              -poly2 /local/storage/liang/Downloads/Datasets/point_cdb/parks/Africa/parks_Africa_Point.cdb              -serialize=/dev/shm              -grid_size=20000              -mode=rt              -lb=false              -v=1              -fau              -xsect_factor 0.5              -win=32              -enlarge=2
I0919 15:26:55.170502 2378146 planar_graph.h:216] Map /dev/shm/-local-storage-liang-Downloads-Datasets-point_cdb-lakes-Africa-lakes_Africa_Point.cdb.bin is deserialized, chains: 27178 points: 1872496 edges: 1845318
I0919 15:26:55.205313 2378146 planar_graph.h:216] Map /dev/shm/-local-storage-liang-Downloads-Datasets-point_cdb-parks-Africa-parks_Africa_Point.cdb.bin is deserialized, chains: 41991 points: 1358103 edges: 1316112
I0919 15:26:55.205346 2378146 context.h:51] Bounding Box, Bottom-left: (-25.2135, -34.7852), Top-right: (63.4371, 37.3456)
I0919 15:26:55.205363 2378146 context.h:58] Scaled Bounding Box, Bottom-left: (-68816217462298, -68470241806767), Top-right: (68816217462297, 68470241806766)
I0919 15:26:55.205365 2378146 context.h:61] Unscaled Bounding Box, Bottom-left: (-25.2135, -34.7852), Top-right: (63.4371, 37.3456)
I0919 15:26:55.558552 2378146 rt_engine.cu:282] Info: Pipeline statistics
	module(s)                            :     1
	entry function(s)                    :     2
	trace call(s)                        :     1
	continuation callable call(s)        :     0
	direct callable call(s)              :     0
	basic block(s) in entry functions    :    67
	instruction(s) in entry functions    :  1011
	non-entry function(s)                :     1
	basic block(s) in non-entry functions:     1
	instruction(s) in non-entry functions:     1
	debug information                    :    no
I0919 15:26:55.563498 2378146 rt_engine.cu:282] Info: Pipeline statistics
	module(s)                            :     1
	entry function(s)                    :     2
	trace call(s)                        :     1
	continuation callable call(s)        :     0
	direct callable call(s)              :     0
	basic block(s) in entry functions    :    43
	instruction(s) in entry functions    :   831
	non-entry function(s)                :     1
	basic block(s) in non-entry functions:     1
	instruction(s) in non-entry functions:     1
	debug information                    :    no
I0919 15:26:55.563562 2378146 lsi.h:22] Queue size: 72 MB
I0919 15:26:55.564397 2378146 primitive.h:153] Window size: 32 Window count: 57667 Enlarge limit: 2 ne: 1845318 Group count: 1062078 Compress ratio: 0.424447
I0919 15:26:55.565336 2378146 rt_engine.cu:397] Building AS, num prims: 1062078, Required Temp Size: 80885888 Output Size: 39739648
I0919 15:26:55.568630 2378146 primitive.h:153] Window size: 32 Window count: 41129 Enlarge limit: 2 ne: 1316112 Group count: 700169 Compress ratio: 0.468002
I0919 15:26:55.569926 2378146 rt_engine.cu:397] Building AS, num prims: 700169, Required Temp Size: 53324288 Output Size: 26199168
I0919 15:26:55.571919 2378146 rt_engine.h:159] Parm size: 176
I0919 15:26:55.571936 2378146 rt_engine.cu:554] optixLaunch, [w,h,d] = 1845318,1,1
I0919 15:26:55.572751 2378146 rt_engine.h:159] Parm size: 152
I0919 15:26:55.572759 2378146 rt_engine.cu:554] optixLaunch, [w,h,d] = 1872496,1,1
I0919 15:26:55.574062 2378146 rt_engine.h:159] Parm size: 152
I0919 15:26:55.574069 2378146 rt_engine.cu:554] optixLaunch, [w,h,d] = 1358103,1,1
I0919 15:26:55.578704 2378146 rt_engine.h:159] Parm size: 152
I0919 15:26:55.578714 2378146 rt_engine.cu:554] optixLaunch, [w,h,d] = 296,1,1
I0919 15:26:55.580404 2378146 rt_engine.h:159] Parm size: 152
I0919 15:26:55.580411 2378146 rt_engine.cu:554] optixLaunch, [w,h,d] = 362,1,1
I0919 15:26:55.580844 2378146 lsi.h:22] Queue size: 217 MB
I0919 15:26:55.581871 2378146 uniform_grid.h:148] Creating the uniform grid, resolution: 2048, Size: 112 MB
I0919 15:26:55.582532 2378146 uniform_grid.h:206] Total Edges in the grid: 3268606, Size: 24 MB
E0919 15:26:55.621090 2378146 run_overlay.cu:36] LSI  xsects (Answer): 4765 xsects (Result): 4771 Error rate: 0.125918 %
I0919 15:26:55.621258 2378146 run_overlay.cu:47] Checking point in polygon
I0919 15:26:55.621294 2378146 rt_engine.h:159] Parm size: 152
I0919 15:26:55.621302 2378146 rt_engine.cu:554] optixLaunch, [w,h,d] = 1872496,1,1
I0919 15:26:55.700271 2378146 run_overlay.cu:111] Map: 0 passed check
I0919 15:26:55.700280 2378146 run_overlay.cu:47] Checking point in polygon
I0919 15:26:55.700384 2378146 rt_engine.h:159] Parm size: 152
I0919 15:26:55.700393 2378146 rt_engine.cu:554] optixLaunch, [w,h,d] = 1358103,1,1
I0919 15:26:55.741705 2378146 run_overlay.cu:111] Map: 1 passed check
Timing results:
 - Read map 0: 123.84 ms

 - Read map 1: 33.371 ms

 - Create Context: 278.791 ms

 - Create App: 0.151873 ms

 - Init: 79.6871 ms

 - Build Index: 7.92885 ms

 - Intersection edges: 0.830173 ms

 - Map 0: Locate vertices in other map: 1.33491 ms

 - Map 1: Locate vertices in other map: 1.07002 ms

 - Computer output polygons: 5.52297 ms

 - Check result: 165.451 ms

