/local/storage/liang/.clion/RayJoin/cmake-build-release-dl190/bin/polyover_exec -poly1 /local/storage/liang/Downloads/Datasets/point_cdb/lakes/Australia/lakes_Australia_Point.cdb              -poly2 /local/storage/liang/Downloads/Datasets/point_cdb/parks/Australia/parks_Australia_Point.cdb              -serialize=/dev/shm              -grid_size=20000              -mode=rt              -lb=false              -v=1              -fau              -xsect_factor 0.5              -win=32              -enlarge=2
I0919 15:27:01.093042 2378225 planar_graph.h:216] Map /dev/shm/-local-storage-liang-Downloads-Datasets-point_cdb-lakes-Australia-lakes_Australia_Point.cdb.bin is deserialized, chains: 16702 points: 1254743 edges: 1238041
I0919 15:27:01.109016 2378225 planar_graph.h:216] Map /dev/shm/-local-storage-liang-Downloads-Datasets-point_cdb-parks-Australia-parks_Australia_Point.cdb.bin is deserialized, chains: 22386 points: 589464 edges: 567078
I0919 15:27:01.109045 2378225 context.h:51] Bounding Box, Bottom-left: (112.971, -54.7384), Top-right: (158.947, -10.1168)
I0919 15:27:01.109061 2378225 context.h:58] Scaled Bounding Box, Bottom-left: (-67435232688127, -67350025946940), Top-right: (67435232688126, 67350025946939)
I0919 15:27:01.109063 2378225 context.h:61] Unscaled Bounding Box, Bottom-left: (112.971, -54.7384), Top-right: (158.947, -10.1168)
I0919 15:27:01.349687 2378225 rt_engine.cu:282] Info: Pipeline statistics
	module(s)                            :     1
	entry function(s)                    :     2
	trace call(s)                        :     1
	continuation callable call(s)        :     0
	direct callable call(s)              :     0
	basic block(s) in entry functions    :    67
	instruction(s) in entry functions    :  1011
	non-entry function(s)                :     1
	basic block(s) in non-entry functions:     1
	instruction(s) in non-entry functions:     1
	debug information                    :    no
I0919 15:27:01.354542 2378225 rt_engine.cu:282] Info: Pipeline statistics
	module(s)                            :     1
	entry function(s)                    :     2
	trace call(s)                        :     1
	continuation callable call(s)        :     0
	direct callable call(s)              :     0
	basic block(s) in entry functions    :    43
	instruction(s) in entry functions    :   831
	non-entry function(s)                :     1
	basic block(s) in non-entry functions:     1
	instruction(s) in non-entry functions:     1
	debug information                    :    no
I0919 15:27:01.354605 2378225 lsi.h:22] Queue size: 41 MB
I0919 15:27:01.355252 2378225 primitive.h:153] Window size: 32 Window count: 38689 Enlarge limit: 2 ne: 1238041 Group count: 789416 Compress ratio: 0.362367
I0919 15:27:01.355877 2378225 rt_engine.cu:397] Building AS, num prims: 789416, Required Temp Size: 60120832 Output Size: 29538176
I0919 15:27:01.358321 2378225 primitive.h:153] Window size: 32 Window count: 17722 Enlarge limit: 2 ne: 567078 Group count: 288832 Compress ratio: 0.490666
I0919 15:27:01.359074 2378225 rt_engine.cu:397] Building AS, num prims: 288832, Required Temp Size: 21998208 Output Size: 10809216
I0919 15:27:01.360183 2378225 rt_engine.h:159] Parm size: 176
I0919 15:27:01.360200 2378225 rt_engine.cu:554] optixLaunch, [w,h,d] = 1238041,1,1
I0919 15:27:01.360843 2378225 rt_engine.h:159] Parm size: 152
I0919 15:27:01.360852 2378225 rt_engine.cu:554] optixLaunch, [w,h,d] = 1254743,1,1
I0919 15:27:01.361639 2378225 rt_engine.h:159] Parm size: 152
I0919 15:27:01.361645 2378225 rt_engine.cu:554] optixLaunch, [w,h,d] = 589464,1,1
I0919 15:27:01.365037 2378225 rt_engine.h:159] Parm size: 152
I0919 15:27:01.365048 2378225 rt_engine.cu:554] optixLaunch, [w,h,d] = 2474,1,1
I0919 15:27:01.366981 2378225 rt_engine.h:159] Parm size: 152
I0919 15:27:01.366988 2378225 rt_engine.cu:554] optixLaunch, [w,h,d] = 3741,1,1
I0919 15:27:01.367414 2378225 lsi.h:22] Queue size: 123 MB
I0919 15:27:01.368141 2378225 uniform_grid.h:148] Creating the uniform grid, resolution: 2048, Size: 112 MB
I0919 15:27:01.368705 2378225 uniform_grid.h:206] Total Edges in the grid: 1868569, Size: 14 MB
E0919 15:27:01.396448 2378225 run_overlay.cu:36] LSI  xsects (Answer): 12618 xsects (Result): 12637 Error rate: 0.150579 %
I0919 15:27:01.396616 2378225 run_overlay.cu:47] Checking point in polygon
I0919 15:27:01.396646 2378225 rt_engine.h:159] Parm size: 152
I0919 15:27:01.396654 2378225 rt_engine.cu:554] optixLaunch, [w,h,d] = 1254743,1,1
I0919 15:27:01.430162 2378225 run_overlay.cu:111] Map: 0 passed check
I0919 15:27:01.430171 2378225 run_overlay.cu:47] Checking point in polygon
I0919 15:27:01.430186 2378225 rt_engine.h:159] Parm size: 152
I0919 15:27:01.430194 2378225 rt_engine.cu:554] optixLaunch, [w,h,d] = 589464,1,1
I0919 15:27:01.461568 2378225 run_overlay.cu:111] Map: 1 passed check
Timing results:
 - Read map 0: 109.61 ms

 - Read map 1: 14.5059 ms

 - Create Context: 171.483 ms

 - Create App: 0.209093 ms

 - Init: 74.2259 ms

 - Build Index: 5.17297 ms

 - Intersection edges: 0.696182 ms

 - Map 0: Locate vertices in other map: 0.813961 ms

 - Map 1: Locate vertices in other map: 0.731945 ms

 - Computer output polygons: 4.86398 ms

 - Check result: 98.2931 ms

