/local/storage/liang/.clion/RayJoin/cmake-build-release-dl190/bin/polyover_exec -poly1 /local/storage/liang/Downloads/Datasets/point_cdb/lakes/Europe/lakes_Europe_Point.cdb              -poly2 /local/storage/liang/Downloads/Datasets/point_cdb/parks/Europe/parks_Europe_Point.cdb              -serialize=/dev/shm              -grid_size=2048              -mode=rt              -lb=false              -v=1              -fau              -xsect_factor 0.2              -win=32              -enlarge=2
I0919 15:39:07.095561 2386815 planar_graph.h:216] Map /dev/shm/-local-storage-liang-Downloads-Datasets-point_cdb-lakes-Europe-lakes_Europe_Point.cdb.bin is deserialized, chains: 831264 points: 28687526 edges: 27856262
I0919 15:39:08.727795 2386815 planar_graph.h:216] Map /dev/shm/-local-storage-liang-Downloads-Datasets-point_cdb-parks-Europe-parks_Europe_Point.cdb.bin is deserialized, chains: 3299874 points: 69273661 edges: 65973787
I0919 15:39:08.727842 2386815 context.h:51] Bounding Box, Bottom-left: (-31.2515, 35.0264), Top-right: (68.8331, 81.3082)
I0919 15:39:08.727857 2386815 context.h:58] Scaled Bounding Box, Bottom-left: (-68990108085658, -67453827351386), Top-right: (68990108085657, 67453827351385)
I0919 15:39:08.727859 2386815 context.h:61] Unscaled Bounding Box, Bottom-left: (-31.2515, 35.0264), Top-right: (68.8331, 81.3082)
I0919 15:39:16.354120 2386815 map_overlay_rt.h:60] xsect_factor: 0.2
I0919 15:39:16.488720 2386815 rt_engine.cu:282] Info: Pipeline statistics
	module(s)                            :     1
	entry function(s)                    :     2
	trace call(s)                        :     1
	continuation callable call(s)        :     0
	direct callable call(s)              :     0
	basic block(s) in entry functions    :    67
	instruction(s) in entry functions    :  1011
	non-entry function(s)                :     1
	basic block(s) in non-entry functions:     1
	instruction(s) in non-entry functions:     1
	debug information                    :    no
I0919 15:39:16.493731 2386815 rt_engine.cu:282] Info: Pipeline statistics
	module(s)                            :     1
	entry function(s)                    :     2
	trace call(s)                        :     1
	continuation callable call(s)        :     0
	direct callable call(s)              :     0
	basic block(s) in entry functions    :    43
	instruction(s) in entry functions    :   831
	non-entry function(s)                :     1
	basic block(s) in non-entry functions:     1
	instruction(s) in non-entry functions:     1
	debug information                    :    no
I0919 15:39:16.493793 2386815 lsi.h:22] Queue size: 859 MB
I0919 15:39:16.503698 2386815 primitive.h:153] Window size: 32 Window count: 870509 Enlarge limit: 2 ne: 27856262 Group count: 15132436 Compress ratio: 0.456767
I0919 15:39:16.520789 2386815 rt_engine.cu:397] Building AS, num prims: 15132436, Required Temp Size: 1152431488 Output Size: 566171008
I0919 15:39:16.580191 2386815 primitive.h:153] Window size: 32 Window count: 2061681 Enlarge limit: 2 ne: 65973787 Group count: 33122224 Compress ratio: 0.497949
I0919 15:39:16.619570 2386815 rt_engine.cu:397] Building AS, num prims: 33122224, Required Temp Size: 2522466176 Output Size: 1239244544
I0919 15:39:16.707908 2386815 rt_engine.h:159] Parm size: 176
I0919 15:39:16.707927 2386815 rt_engine.cu:554] optixLaunch, [w,h,d] = 27856262,1,1
I0919 15:39:16.726497 2386815 rt_engine.h:159] Parm size: 152
I0919 15:39:16.726505 2386815 rt_engine.cu:554] optixLaunch, [w,h,d] = 28687526,1,1
I0919 15:39:16.752540 2386815 rt_engine.h:159] Parm size: 152
I0919 15:39:16.752547 2386815 rt_engine.cu:554] optixLaunch, [w,h,d] = 69273661,1,1
I0919 15:39:16.858493 2386815 rt_engine.h:159] Parm size: 152
I0919 15:39:16.858505 2386815 rt_engine.cu:554] optixLaunch, [w,h,d] = 51677,1,1
I0919 15:39:16.869935 2386815 rt_engine.h:159] Parm size: 152
I0919 15:39:16.869944 2386815 rt_engine.cu:554] optixLaunch, [w,h,d] = 31129,1,1
I0919 15:39:16.871659 2386815 lsi.h:22] Queue size: 859 MB
I0919 15:39:16.874747 2386815 uniform_grid.h:148] Creating the uniform grid, resolution: 2048, Size: 112 MB
I0919 15:39:16.883844 2386815 uniform_grid.h:206] Total Edges in the grid: 95698823, Size: 730 MB
E0919 15:39:18.007344 2386815 run_overlay.cu:37] LSI  xsects (Answer): 278461 xsects (Result): 279219 Error rate: 0.27221 %
I0919 15:39:18.007529 2386815 run_overlay.cu:48] Checking point in polygon
I0919 15:39:18.007812 2386815 rt_engine.h:159] Parm size: 152
I0919 15:39:18.007820 2386815 rt_engine.cu:554] optixLaunch, [w,h,d] = 28687526,1,1
I0919 15:39:19.625562 2386815 run_overlay.cu:112] Map: 0 passed check
I0919 15:39:19.629297 2386815 run_overlay.cu:48] Checking point in polygon
I0919 15:39:19.629907 2386815 rt_engine.h:159] Parm size: 152
I0919 15:39:19.629920 2386815 rt_engine.cu:554] optixLaunch, [w,h,d] = 69273661,1,1
I0919 15:39:21.826673 2386815 run_overlay.cu:112] Map: 1 passed check
Timing results:
 - Read map 0: 760.177 ms

 - Read map 1: 1630.88 ms

 - Create Context: 7623.3 ms

 - Create App: 0.73719 ms

 - Init: 144.969 ms

 - Build Index: 211.059 ms

 - Intersection edges: 18.3311 ms

 - Map 0: Locate vertices in other map: 25.8319 ms

 - Map 1: Locate vertices in other map: 86.9601 ms

 - Computer output polygons: 31.3759 ms

 - Check result: 4977.24 ms

