/local/storage/liang/.clion/RayJoin/cmake-build-release-dl190/bin/polyover_exec -poly1 /local/storage/liang/Downloads/Datasets/point_cdb/USACensusBlockGroupBoundaries/USACensusBlockGroupBoundaries_Point.cdb              -poly2 /local/storage/liang/Downloads/Datasets/point_cdb/USADetailedWaterBodies/USADetailedWaterBodies_Point.cdb              -serialize=/dev/shm              -grid_size=20000              -mode=rt              -lb=false              -v=1              -fau              -xsect_factor 0.5              -win=32              -enlarge=2
I0919 15:26:45.820623 2378068 planar_graph.h:216] Map /dev/shm/-local-storage-liang-Downloads-Datasets-point_cdb-USACensusBlockGroupBoundaries-USACensusBlockGroupBoundaries_Point.cdb.bin is deserialized, chains: 872624 points: 29345959 edges: 28473335
I0919 15:26:46.562152 2378068 planar_graph.h:216] Map /dev/shm/-local-storage-liang-Downloads-Datasets-point_cdb-USADetailedWaterBodies-USADetailedWaterBodies_Point.cdb.bin is deserialized, chains: 2442900 points: 28007655 edges: 25564755
I0919 15:26:46.562197 2378068 context.h:51] Bounding Box, Bottom-left: (-179.149, 18.9107), Top-right: (-66.9496, 71.3652)
I0919 15:26:46.562213 2378068 context.h:58] Scaled Bounding Box, Bottom-left: (-69136359329185, -67784245771247), Top-right: (69136359329184, 67784245771246)
I0919 15:26:46.562215 2378068 context.h:61] Unscaled Bounding Box, Bottom-left: (-179.149, 18.9107), Top-right: (-66.9496, 71.3652)
I0919 15:26:51.109169 2378068 rt_engine.cu:282] Info: Pipeline statistics
	module(s)                            :     1
	entry function(s)                    :     2
	trace call(s)                        :     1
	continuation callable call(s)        :     0
	direct callable call(s)              :     0
	basic block(s) in entry functions    :    67
	instruction(s) in entry functions    :  1011
	non-entry function(s)                :     1
	basic block(s) in non-entry functions:     1
	instruction(s) in non-entry functions:     1
	debug information                    :    no
I0919 15:26:51.114341 2378068 rt_engine.cu:282] Info: Pipeline statistics
	module(s)                            :     1
	entry function(s)                    :     2
	trace call(s)                        :     1
	continuation callable call(s)        :     0
	direct callable call(s)              :     0
	basic block(s) in entry functions    :    43
	instruction(s) in entry functions    :   831
	non-entry function(s)                :     1
	basic block(s) in non-entry functions:     1
	instruction(s) in non-entry functions:     1
	debug information                    :    no
I0919 15:26:51.114418 2378068 lsi.h:22] Queue size: 1236 MB
I0919 15:26:51.128607 2378068 primitive.h:153] Window size: 32 Window count: 889792 Enlarge limit: 2 ne: 28473335 Group count: 13267020 Compress ratio: 0.534055
I0919 15:26:51.143965 2378068 rt_engine.cu:397] Building AS, num prims: 13267020, Required Temp Size: 1010368512 Output Size: 496377856
I0919 15:26:51.187681 2378068 primitive.h:153] Window size: 32 Window count: 798899 Enlarge limit: 2 ne: 25564755 Group count: 13053899 Compress ratio: 0.489379
I0919 15:26:51.203764 2378068 rt_engine.cu:397] Building AS, num prims: 13053899, Required Temp Size: 994137856 Output Size: 488404096
I0919 15:26:51.233785 2378068 rt_engine.h:159] Parm size: 176
I0919 15:26:51.233803 2378068 rt_engine.cu:554] optixLaunch, [w,h,d] = 28473335,1,1
I0919 15:26:51.293450 2378068 rt_engine.h:159] Parm size: 152
I0919 15:26:51.293458 2378068 rt_engine.cu:554] optixLaunch, [w,h,d] = 29345959,1,1
I0919 15:26:51.341475 2378068 rt_engine.h:159] Parm size: 152
I0919 15:26:51.341482 2378068 rt_engine.cu:554] optixLaunch, [w,h,d] = 28007655,1,1
I0919 15:26:51.419562 2378068 rt_engine.h:159] Parm size: 152
I0919 15:26:51.419574 2378068 rt_engine.cu:554] optixLaunch, [w,h,d] = 253434,1,1
I0919 15:26:51.451054 2378068 rt_engine.h:159] Parm size: 152
I0919 15:26:51.451064 2378068 rt_engine.cu:554] optixLaunch, [w,h,d] = 139420,1,1
I0919 15:26:51.452953 2378068 lsi.h:22] Queue size: 3710 MB
I0919 15:26:51.465167 2378068 uniform_grid.h:148] Creating the uniform grid, resolution: 2048, Size: 112 MB
I0919 15:26:51.470583 2378068 uniform_grid.h:206] Total Edges in the grid: 55273774, Size: 421 MB
I0919 15:26:51.803825 2378068 run_overlay.cu:42] LSI passed check
I0919 15:26:51.803833 2378068 run_overlay.cu:47] Checking point in polygon
I0919 15:26:51.804114 2378068 rt_engine.h:159] Parm size: 152
I0919 15:26:51.804122 2378068 rt_engine.cu:554] optixLaunch, [w,h,d] = 29345959,1,1
I0919 15:26:54.237360 2378068 run_overlay.cu:111] Map: 0 passed check
I0919 15:26:54.241180 2378068 run_overlay.cu:47] Checking point in polygon
I0919 15:26:54.241436 2378068 rt_engine.h:159] Parm size: 152
I0919 15:26:54.241451 2378068 rt_engine.cu:554] optixLaunch, [w,h,d] = 28007655,1,1
I0919 15:26:54.587349 2378068 run_overlay.cu:111] Map: 1 passed check
Timing results:
 - Read map 0: 756.358 ms

 - Read map 1: 741.351 ms

 - Create Context: 4467.56 ms

 - Create App: 0.723124 ms

 - Init: 90.934 ms

 - Build Index: 112.366 ms

 - Intersection edges: 59.4201 ms

 - Map 0: Locate vertices in other map: 48.1739 ms

 - Map 1: Locate vertices in other map: 27.0789 ms

 - Computer output polygons: 83.6682 ms

 - Check result: 3151.63 ms

