/local/storage/liang/.clion/RayJoin/cmake-build-release-dl190/bin/query_exec -poly1 /local/storage/liang/Downloads/Datasets/point_cdb/dtl_cnty/dtl_cnty_Point.cdb              -poly2 /local/storage/liang/Downloads/Datasets/point_cdb/USAZIPCodeArea/USAZIPCodeArea_Point.cdb              -serialize=/dev/shm              -mode=rt              -v=1              -query=pip              -seed=1              -xsect_factor 0.1              -sample_map_id=1              -sample=map              -sample_rate=1.0              -warmup=5              -repeat=5              -enlarge=5
I0924 16:42:15.985213 690279 planar_graph.h:216] Map /dev/shm/-local-storage-liang-Downloads-Datasets-point_cdb-dtl_cnty-dtl_cnty_Point.cdb.bin is deserialized, chains: 3157 points: 1028000 edges: 1024843
I0924 16:42:16.487243 690279 planar_graph.h:216] Map /dev/shm/-local-storage-liang-Downloads-Datasets-point_cdb-USAZIPCodeArea-USAZIPCodeArea_Point.cdb.bin is deserialized, chains: 134894 points: 23894675 edges: 23759781
I0924 16:42:16.487294 690279 context.h:51] Bounding Box, Bottom-left: (-179.147, -14.5487), Top-right: (179.778, 71.3905)
I0924 16:42:16.487313 690279 context.h:58] Scaled Bounding Box, Bottom-left: (-69978809497444, -68768348336364), Top-right: (69978809497443, 68768348336363)
I0924 16:42:16.487315 690279 context.h:61] Unscaled Bounding Box, Bottom-left: (-179.147, -14.5487), Top-right: (179.778, 71.3905)
I0924 16:42:18.452750 690279 run_query.cu:348] Sampling map, sample rate: 1, seed: 1
I0924 16:42:19.365018 690279 planar_graph.h:310] Map is sampled, chains: 134894 points: 23894675 edges: 23759781
I0924 16:42:19.492770 690279 rt_engine.cu:282] Info: Pipeline statistics
	module(s)                            :     1
	entry function(s)                    :     2
	trace call(s)                        :     1
	continuation callable call(s)        :     0
	direct callable call(s)              :     0
	basic block(s) in entry functions    :    67
	instruction(s) in entry functions    :  1011
	non-entry function(s)                :     1
	basic block(s) in non-entry functions:     1
	instruction(s) in non-entry functions:     1
	debug information                    :    no
I0924 16:42:19.497766 690279 rt_engine.cu:282] Info: Pipeline statistics
	module(s)                            :     1
	entry function(s)                    :     2
	trace call(s)                        :     1
	continuation callable call(s)        :     0
	direct callable call(s)              :     0
	basic block(s) in entry functions    :    43
	instruction(s) in entry functions    :   831
	non-entry function(s)                :     1
	basic block(s) in non-entry functions:     1
	instruction(s) in non-entry functions:     1
	debug information                    :    no
I0924 16:42:19.498800 690279 primitive.h:252] Enlarge limit: 5 ne: 1024843 aabbs: 55074 Compress ratio: 0.946261 Time: 0.684 ms
I0924 16:42:19.498843 690279 rt_engine.cu:397] Building AS, num prims: 55074, Required Temp Size: 4196352 Output Size: 2063488
I0924 16:42:19.499756 690279 rt_engine.h:159] Parm size: 152
I0924 16:42:19.499776 690279 rt_engine.cu:554] optixLaunch, [w,h,d] = 23894675,1,1
I0924 16:42:19.505223 690279 rt_engine.h:159] Parm size: 152
I0924 16:42:19.505230 690279 rt_engine.cu:554] optixLaunch, [w,h,d] = 23894675,1,1
I0924 16:42:19.510663 690279 rt_engine.h:159] Parm size: 152
I0924 16:42:19.510670 690279 rt_engine.cu:554] optixLaunch, [w,h,d] = 23894675,1,1
I0924 16:42:19.516105 690279 rt_engine.h:159] Parm size: 152
I0924 16:42:19.516112 690279 rt_engine.cu:554] optixLaunch, [w,h,d] = 23894675,1,1
I0924 16:42:19.521548 690279 rt_engine.h:159] Parm size: 152
I0924 16:42:19.521555 690279 rt_engine.cu:554] optixLaunch, [w,h,d] = 23894675,1,1
I0924 16:42:19.527004 690279 rt_engine.h:159] Parm size: 152
I0924 16:42:19.527009 690279 rt_engine.cu:554] optixLaunch, [w,h,d] = 23894675,1,1
I0924 16:42:19.532442 690279 rt_engine.h:159] Parm size: 152
I0924 16:42:19.532449 690279 rt_engine.cu:554] optixLaunch, [w,h,d] = 23894675,1,1
I0924 16:42:19.537884 690279 rt_engine.h:159] Parm size: 152
I0924 16:42:19.537891 690279 rt_engine.cu:554] optixLaunch, [w,h,d] = 23894675,1,1
I0924 16:42:19.543324 690279 rt_engine.h:159] Parm size: 152
I0924 16:42:19.543331 690279 rt_engine.cu:554] optixLaunch, [w,h,d] = 23894675,1,1
I0924 16:42:19.548767 690279 rt_engine.h:159] Parm size: 152
I0924 16:42:19.548774 690279 rt_engine.cu:554] optixLaunch, [w,h,d] = 23894675,1,1
I0924 16:42:19.554435 690279 uniform_grid.h:267] Creating the uniform grid, resolution: 2048, Size: 112 MB
I0924 16:42:19.554931 690279 uniform_grid.h:323] Total Edges in the grid: 1030419, Size: 7 MB
I0924 16:42:19.555217 690279 run_query.cu:32] Checking point in polygon
I0924 16:42:20.938616 690279 run_query.cu:95] Map: 0 passed check
Timing results:
 - Read map: 91.9721 ms

 - Create Context: 0.00190735 ms

 - Generate Workloads: 3440.17 ms

 - Create App: 72.3939 ms

 - Init: 0.103951 ms

 - Adaptive Grouping: 0.705004 ms

 - Build Index: 0.671148 ms

 - Warmup: 27.3988 ms

 - Query: 5.44081 ms

 - Check: 1423.92 ms

 - Cleanup: 5.91087 ms

