/local/storage/liang/.clion/RayJoin/cmake-build-release-dl190/bin/query_exec -poly1 /local/storage/liang/Downloads/Datasets/point_cdb/dtl_cnty/dtl_cnty_Point.cdb              -poly2 /local/storage/liang/Downloads/Datasets/point_cdb/USAZIPCodeArea/USAZIPCodeArea_Point.cdb              -serialize=/dev/shm              -mode=rt              -v=1              -query=pip              -seed=1              -xsect_factor 0.1              -sample_map_id=1              -sample=map              -sample_rate=0.7              -warmup=5              -repeat=5              -enlarge=5
I0924 16:39:48.081231 689039 planar_graph.h:216] Map /dev/shm/-local-storage-liang-Downloads-Datasets-point_cdb-dtl_cnty-dtl_cnty_Point.cdb.bin is deserialized, chains: 3157 points: 1028000 edges: 1024843
I0924 16:39:48.581704 689039 planar_graph.h:216] Map /dev/shm/-local-storage-liang-Downloads-Datasets-point_cdb-USAZIPCodeArea-USAZIPCodeArea_Point.cdb.bin is deserialized, chains: 134894 points: 23894675 edges: 23759781
I0924 16:39:48.581745 689039 context.h:51] Bounding Box, Bottom-left: (-179.147, -14.5487), Top-right: (179.778, 71.3905)
I0924 16:39:48.581763 689039 context.h:58] Scaled Bounding Box, Bottom-left: (-69978809497444, -68768348336364), Top-right: (69978809497443, 68768348336363)
I0924 16:39:48.581765 689039 context.h:61] Unscaled Bounding Box, Bottom-left: (-179.147, -14.5487), Top-right: (179.778, 71.3905)
I0924 16:39:50.552783 689039 run_query.cu:348] Sampling map, sample rate: 0.7, seed: 1
I0924 16:39:51.165988 689039 planar_graph.h:310] Map is sampled, chains: 134894 points: 16709569 edges: 16574675
I0924 16:39:51.280532 689039 rt_engine.cu:282] Info: Pipeline statistics
	module(s)                            :     1
	entry function(s)                    :     2
	trace call(s)                        :     1
	continuation callable call(s)        :     0
	direct callable call(s)              :     0
	basic block(s) in entry functions    :    67
	instruction(s) in entry functions    :  1011
	non-entry function(s)                :     1
	basic block(s) in non-entry functions:     1
	instruction(s) in non-entry functions:     1
	debug information                    :    no
I0924 16:39:51.285511 689039 rt_engine.cu:282] Info: Pipeline statistics
	module(s)                            :     1
	entry function(s)                    :     2
	trace call(s)                        :     1
	continuation callable call(s)        :     0
	direct callable call(s)              :     0
	basic block(s) in entry functions    :    43
	instruction(s) in entry functions    :   831
	non-entry function(s)                :     1
	basic block(s) in non-entry functions:     1
	instruction(s) in non-entry functions:     1
	debug information                    :    no
I0924 16:39:51.286577 689039 primitive.h:252] Enlarge limit: 5 ne: 1024843 aabbs: 55074 Compress ratio: 0.946261 Time: 0.713 ms
I0924 16:39:51.286620 689039 rt_engine.cu:397] Building AS, num prims: 55074, Required Temp Size: 4196352 Output Size: 2063488
I0924 16:39:51.287504 689039 rt_engine.h:159] Parm size: 152
I0924 16:39:51.287520 689039 rt_engine.cu:554] optixLaunch, [w,h,d] = 23894675,1,1
I0924 16:39:51.292965 689039 rt_engine.h:159] Parm size: 152
I0924 16:39:51.292973 689039 rt_engine.cu:554] optixLaunch, [w,h,d] = 23894675,1,1
I0924 16:39:51.298406 689039 rt_engine.h:159] Parm size: 152
I0924 16:39:51.298413 689039 rt_engine.cu:554] optixLaunch, [w,h,d] = 23894675,1,1
I0924 16:39:51.303848 689039 rt_engine.h:159] Parm size: 152
I0924 16:39:51.303854 689039 rt_engine.cu:554] optixLaunch, [w,h,d] = 23894675,1,1
I0924 16:39:51.309285 689039 rt_engine.h:159] Parm size: 152
I0924 16:39:51.309293 689039 rt_engine.cu:554] optixLaunch, [w,h,d] = 23894675,1,1
I0924 16:39:51.314724 689039 rt_engine.h:159] Parm size: 152
I0924 16:39:51.314731 689039 rt_engine.cu:554] optixLaunch, [w,h,d] = 23894675,1,1
I0924 16:39:51.320163 689039 rt_engine.h:159] Parm size: 152
I0924 16:39:51.320169 689039 rt_engine.cu:554] optixLaunch, [w,h,d] = 23894675,1,1
I0924 16:39:51.325603 689039 rt_engine.h:159] Parm size: 152
I0924 16:39:51.325609 689039 rt_engine.cu:554] optixLaunch, [w,h,d] = 23894675,1,1
I0924 16:39:51.331043 689039 rt_engine.h:159] Parm size: 152
I0924 16:39:51.331049 689039 rt_engine.cu:554] optixLaunch, [w,h,d] = 23894675,1,1
I0924 16:39:51.336483 689039 rt_engine.h:159] Parm size: 152
I0924 16:39:51.336490 689039 rt_engine.cu:554] optixLaunch, [w,h,d] = 23894675,1,1
I0924 16:39:51.342155 689039 uniform_grid.h:267] Creating the uniform grid, resolution: 2048, Size: 112 MB
I0924 16:39:51.342653 689039 uniform_grid.h:323] Total Edges in the grid: 1030419, Size: 7 MB
I0924 16:39:51.342938 689039 run_query.cu:32] Checking point in polygon
I0924 16:39:52.732636 689039 run_query.cu:95] Map: 0 passed check
Timing results:
 - Read map: 100.476 ms

 - Create Context: 0.000953674 ms

 - Generate Workloads: 3129.63 ms

 - Create App: 74.671 ms

 - Init: 0.112057 ms

 - Adaptive Grouping: 0.732899 ms

 - Build Index: 0.646114 ms

 - Warmup: 27.37 ms

 - Query: 5.43962 ms

 - Check: 1430.38 ms

 - Cleanup: 5.90992 ms

