/local/storage/liang/.clion/RayJoin/cmake-build-release-dl190/bin/query_exec -poly1 /local/storage/liang/Downloads/Datasets/point_cdb/dtl_cnty/dtl_cnty_Point.cdb              -poly2 /local/storage/liang/Downloads/Datasets/point_cdb/USAZIPCodeArea/USAZIPCodeArea_Point.cdb              -serialize=/dev/shm              -mode=rt              -v=1              -query=pip              -seed=1              -xsect_factor 0.1              -sample_map_id=1              -sample=points              -sample_rate=0.8              -warmup=5              -repeat=5              -enlarge=1              -check=false
I0924 17:09:12.997700 703851 planar_graph.h:216] Map /dev/shm/-local-storage-liang-Downloads-Datasets-point_cdb-dtl_cnty-dtl_cnty_Point.cdb.bin is deserialized, chains: 3157 points: 1028000 edges: 1024843
I0924 17:09:13.497782 703851 planar_graph.h:216] Map /dev/shm/-local-storage-liang-Downloads-Datasets-point_cdb-USAZIPCodeArea-USAZIPCodeArea_Point.cdb.bin is deserialized, chains: 134894 points: 23894675 edges: 23759781
I0924 17:09:13.497812 703851 context.h:51] Bounding Box, Bottom-left: (-179.147, -14.5487), Top-right: (179.778, 71.3905)
I0924 17:09:13.497826 703851 context.h:58] Scaled Bounding Box, Bottom-left: (-69978809497444, -68768348336364), Top-right: (69978809497443, 68768348336363)
I0924 17:09:13.497828 703851 context.h:61] Unscaled Bounding Box, Bottom-left: (-179.147, -14.5487), Top-right: (179.778, 71.3905)
I0924 17:09:16.113313 703851 run_query.cu:394] Sampling points, sample rate: 0.8, seed: 1 Points: 19115742
I0924 17:09:16.237447 703851 rt_engine.cu:282] Info: Pipeline statistics
	module(s)                            :     1
	entry function(s)                    :     2
	trace call(s)                        :     1
	continuation callable call(s)        :     0
	direct callable call(s)              :     0
	basic block(s) in entry functions    :    67
	instruction(s) in entry functions    :  1011
	non-entry function(s)                :     1
	basic block(s) in non-entry functions:     1
	instruction(s) in non-entry functions:     1
	debug information                    :    no
I0924 17:09:16.242374 703851 rt_engine.cu:282] Info: Pipeline statistics
	module(s)                            :     1
	entry function(s)                    :     2
	trace call(s)                        :     1
	continuation callable call(s)        :     0
	direct callable call(s)              :     0
	basic block(s) in entry functions    :    43
	instruction(s) in entry functions    :   831
	non-entry function(s)                :     1
	basic block(s) in non-entry functions:     1
	instruction(s) in non-entry functions:     1
	debug information                    :    no
I0924 17:09:16.243031 703851 primitive.h:252] Enlarge limit: 1 ne: 1024843 aabbs: 1024787 Compress ratio: 5.46425e-05 Time: 0.327 ms
I0924 17:09:16.243073 703851 rt_engine.cu:397] Building AS, num prims: 1024787, Required Temp Size: 78045952 Output Size: 38344448
I0924 17:09:16.246196 703851 rt_engine.h:159] Parm size: 152
I0924 17:09:16.246212 703851 rt_engine.cu:554] optixLaunch, [w,h,d] = 19115742,1,1
I0924 17:09:16.253307 703851 rt_engine.h:159] Parm size: 152
I0924 17:09:16.253314 703851 rt_engine.cu:554] optixLaunch, [w,h,d] = 19115742,1,1
I0924 17:09:16.260402 703851 rt_engine.h:159] Parm size: 152
I0924 17:09:16.260408 703851 rt_engine.cu:554] optixLaunch, [w,h,d] = 19115742,1,1
I0924 17:09:16.267494 703851 rt_engine.h:159] Parm size: 152
I0924 17:09:16.267500 703851 rt_engine.cu:554] optixLaunch, [w,h,d] = 19115742,1,1
I0924 17:09:16.274585 703851 rt_engine.h:159] Parm size: 152
I0924 17:09:16.274592 703851 rt_engine.cu:554] optixLaunch, [w,h,d] = 19115742,1,1
I0924 17:09:16.281677 703851 rt_engine.h:159] Parm size: 152
I0924 17:09:16.281684 703851 rt_engine.cu:554] optixLaunch, [w,h,d] = 19115742,1,1
I0924 17:09:16.288767 703851 rt_engine.h:159] Parm size: 152
I0924 17:09:16.288774 703851 rt_engine.cu:554] optixLaunch, [w,h,d] = 19115742,1,1
I0924 17:09:16.295858 703851 rt_engine.h:159] Parm size: 152
I0924 17:09:16.295864 703851 rt_engine.cu:554] optixLaunch, [w,h,d] = 19115742,1,1
I0924 17:09:16.302948 703851 rt_engine.h:159] Parm size: 152
I0924 17:09:16.302955 703851 rt_engine.cu:554] optixLaunch, [w,h,d] = 19115742,1,1
I0924 17:09:16.310040 703851 rt_engine.h:159] Parm size: 152
I0924 17:09:16.310046 703851 rt_engine.cu:554] optixLaunch, [w,h,d] = 19115742,1,1
Timing results:
 - Read map: 90.894 ms

 - Create Context: 0.00190735 ms

 - Generate Workloads: 3158.61 ms

 - Create App: 86.1011 ms

 - Init: 0.0908375 ms

 - Adaptive Grouping: 0.349045 ms

 - Build Index: 2.92611 ms

 - Warmup: 35.6109 ms

 - Query: 7.09081 ms

 - Cleanup: 4.45008 ms

