/local/storage/liang/.clion/RayJoin/cmake-build-release-dl190/bin/query_exec -poly1 /local/storage/liang/Downloads/Datasets/point_cdb/dtl_cnty/dtl_cnty_Point.cdb              -poly2 /local/storage/liang/Downloads/Datasets/point_cdb/USAZIPCodeArea/USAZIPCodeArea_Point.cdb              -serialize=/dev/shm              -mode=rt              -v=1              -query=pip              -seed=1              -xsect_factor 0.1              -sample_map_id=1              -sample=map              -sample_rate=0.5              -warmup=5              -repeat=5              -enlarge=5
I0924 16:38:11.709596 688225 planar_graph.h:216] Map /dev/shm/-local-storage-liang-Downloads-Datasets-point_cdb-dtl_cnty-dtl_cnty_Point.cdb.bin is deserialized, chains: 3157 points: 1028000 edges: 1024843
I0924 16:38:12.205271 688225 planar_graph.h:216] Map /dev/shm/-local-storage-liang-Downloads-Datasets-point_cdb-USAZIPCodeArea-USAZIPCodeArea_Point.cdb.bin is deserialized, chains: 134894 points: 23894675 edges: 23759781
I0924 16:38:12.205302 688225 context.h:51] Bounding Box, Bottom-left: (-179.147, -14.5487), Top-right: (179.778, 71.3905)
I0924 16:38:12.205317 688225 context.h:58] Scaled Bounding Box, Bottom-left: (-69978809497444, -68768348336364), Top-right: (69978809497443, 68768348336363)
I0924 16:38:12.205318 688225 context.h:61] Unscaled Bounding Box, Bottom-left: (-179.147, -14.5487), Top-right: (179.778, 71.3905)
I0924 16:38:14.172458 688225 run_query.cu:348] Sampling map, sample rate: 0.5, seed: 1
I0924 16:38:14.681917 688225 planar_graph.h:310] Map is sampled, chains: 134894 points: 11986715 edges: 11851821
I0924 16:38:14.795622 688225 rt_engine.cu:282] Info: Pipeline statistics
	module(s)                            :     1
	entry function(s)                    :     2
	trace call(s)                        :     1
	continuation callable call(s)        :     0
	direct callable call(s)              :     0
	basic block(s) in entry functions    :    67
	instruction(s) in entry functions    :  1011
	non-entry function(s)                :     1
	basic block(s) in non-entry functions:     1
	instruction(s) in non-entry functions:     1
	debug information                    :    no
I0924 16:38:14.800562 688225 rt_engine.cu:282] Info: Pipeline statistics
	module(s)                            :     1
	entry function(s)                    :     2
	trace call(s)                        :     1
	continuation callable call(s)        :     0
	direct callable call(s)              :     0
	basic block(s) in entry functions    :    43
	instruction(s) in entry functions    :   831
	non-entry function(s)                :     1
	basic block(s) in non-entry functions:     1
	instruction(s) in non-entry functions:     1
	debug information                    :    no
I0924 16:38:14.801569 688225 primitive.h:252] Enlarge limit: 5 ne: 1024843 aabbs: 55074 Compress ratio: 0.946261 Time: 0.731 ms
I0924 16:38:14.801614 688225 rt_engine.cu:397] Building AS, num prims: 55074, Required Temp Size: 4196352 Output Size: 2063488
I0924 16:38:14.802537 688225 rt_engine.h:159] Parm size: 152
I0924 16:38:14.802552 688225 rt_engine.cu:554] optixLaunch, [w,h,d] = 23894675,1,1
I0924 16:38:14.807999 688225 rt_engine.h:159] Parm size: 152
I0924 16:38:14.808007 688225 rt_engine.cu:554] optixLaunch, [w,h,d] = 23894675,1,1
I0924 16:38:14.813442 688225 rt_engine.h:159] Parm size: 152
I0924 16:38:14.813449 688225 rt_engine.cu:554] optixLaunch, [w,h,d] = 23894675,1,1
I0924 16:38:14.818886 688225 rt_engine.h:159] Parm size: 152
I0924 16:38:14.818892 688225 rt_engine.cu:554] optixLaunch, [w,h,d] = 23894675,1,1
I0924 16:38:14.824324 688225 rt_engine.h:159] Parm size: 152
I0924 16:38:14.824330 688225 rt_engine.cu:554] optixLaunch, [w,h,d] = 23894675,1,1
I0924 16:38:14.829763 688225 rt_engine.h:159] Parm size: 152
I0924 16:38:14.829771 688225 rt_engine.cu:554] optixLaunch, [w,h,d] = 23894675,1,1
I0924 16:38:14.835204 688225 rt_engine.h:159] Parm size: 152
I0924 16:38:14.835211 688225 rt_engine.cu:554] optixLaunch, [w,h,d] = 23894675,1,1
I0924 16:38:14.840646 688225 rt_engine.h:159] Parm size: 152
I0924 16:38:14.840652 688225 rt_engine.cu:554] optixLaunch, [w,h,d] = 23894675,1,1
I0924 16:38:14.846086 688225 rt_engine.h:159] Parm size: 152
I0924 16:38:14.846092 688225 rt_engine.cu:554] optixLaunch, [w,h,d] = 23894675,1,1
I0924 16:38:14.851528 688225 rt_engine.h:159] Parm size: 152
I0924 16:38:14.851536 688225 rt_engine.cu:554] optixLaunch, [w,h,d] = 23894675,1,1
I0924 16:38:14.857201 688225 uniform_grid.h:267] Creating the uniform grid, resolution: 2048, Size: 112 MB
I0924 16:38:14.857703 688225 uniform_grid.h:323] Total Edges in the grid: 1030419, Size: 7 MB
I0924 16:38:14.857986 688225 run_query.cu:32] Checking point in polygon
I0924 16:38:16.238440 688225 run_query.cu:95] Map: 0 passed check
Timing results:
 - Read map: 65.4869 ms

 - Create Context: 0.00119209 ms

 - Generate Workloads: 3017.07 ms

 - Create App: 73.8759 ms

 - Init: 0.0770092 ms

 - Adaptive Grouping: 0.752211 ms

 - Build Index: 0.684977 ms

 - Warmup: 27.3769 ms

 - Query: 5.44143 ms

 - Check: 1420.86 ms

 - Cleanup: 5.89395 ms

