/local/storage/liang/.clion/RayJoin/cmake-build-release-dl190/bin/query_exec -poly1 /local/storage/liang/Downloads/Datasets/point_cdb/dtl_cnty/dtl_cnty_Point.cdb              -poly2 /local/storage/liang/Downloads/Datasets/point_cdb/USAZIPCodeArea/USAZIPCodeArea_Point.cdb              -serialize=/dev/shm              -mode=rt              -v=1              -query=pip              -seed=1              -xsect_factor 0.1              -sample_map_id=1              -sample=map              -sample_rate=0.4              -warmup=5              -repeat=5              -enlarge=5
I0924 16:37:24.295743 687815 planar_graph.h:216] Map /dev/shm/-local-storage-liang-Downloads-Datasets-point_cdb-dtl_cnty-dtl_cnty_Point.cdb.bin is deserialized, chains: 3157 points: 1028000 edges: 1024843
I0924 16:37:24.798038 687815 planar_graph.h:216] Map /dev/shm/-local-storage-liang-Downloads-Datasets-point_cdb-USAZIPCodeArea-USAZIPCodeArea_Point.cdb.bin is deserialized, chains: 134894 points: 23894675 edges: 23759781
I0924 16:37:24.798099 687815 context.h:51] Bounding Box, Bottom-left: (-179.147, -14.5487), Top-right: (179.778, 71.3905)
I0924 16:37:24.798117 687815 context.h:58] Scaled Bounding Box, Bottom-left: (-69978809497444, -68768348336364), Top-right: (69978809497443, 68768348336363)
I0924 16:37:24.798120 687815 context.h:61] Unscaled Bounding Box, Bottom-left: (-179.147, -14.5487), Top-right: (179.778, 71.3905)
I0924 16:37:26.761168 687815 run_query.cu:348] Sampling map, sample rate: 0.4, seed: 1
I0924 16:37:27.217052 687815 planar_graph.h:310] Map is sampled, chains: 134894 points: 9593613 edges: 9458719
I0924 16:37:27.326349 687815 rt_engine.cu:282] Info: Pipeline statistics
	module(s)                            :     1
	entry function(s)                    :     2
	trace call(s)                        :     1
	continuation callable call(s)        :     0
	direct callable call(s)              :     0
	basic block(s) in entry functions    :    67
	instruction(s) in entry functions    :  1011
	non-entry function(s)                :     1
	basic block(s) in non-entry functions:     1
	instruction(s) in non-entry functions:     1
	debug information                    :    no
I0924 16:37:27.331305 687815 rt_engine.cu:282] Info: Pipeline statistics
	module(s)                            :     1
	entry function(s)                    :     2
	trace call(s)                        :     1
	continuation callable call(s)        :     0
	direct callable call(s)              :     0
	basic block(s) in entry functions    :    43
	instruction(s) in entry functions    :   831
	non-entry function(s)                :     1
	basic block(s) in non-entry functions:     1
	instruction(s) in non-entry functions:     1
	debug information                    :    no
I0924 16:37:27.332306 687815 primitive.h:252] Enlarge limit: 5 ne: 1024843 aabbs: 55074 Compress ratio: 0.946261 Time: 0.711 ms
I0924 16:37:27.332374 687815 rt_engine.cu:397] Building AS, num prims: 55074, Required Temp Size: 4196352 Output Size: 2063488
I0924 16:37:27.333307 687815 rt_engine.h:159] Parm size: 152
I0924 16:37:27.333323 687815 rt_engine.cu:554] optixLaunch, [w,h,d] = 23894675,1,1
I0924 16:37:27.338793 687815 rt_engine.h:159] Parm size: 152
I0924 16:37:27.338800 687815 rt_engine.cu:554] optixLaunch, [w,h,d] = 23894675,1,1
I0924 16:37:27.344256 687815 rt_engine.h:159] Parm size: 152
I0924 16:37:27.344264 687815 rt_engine.cu:554] optixLaunch, [w,h,d] = 23894675,1,1
I0924 16:37:27.349721 687815 rt_engine.h:159] Parm size: 152
I0924 16:37:27.349728 687815 rt_engine.cu:554] optixLaunch, [w,h,d] = 23894675,1,1
I0924 16:37:27.355161 687815 rt_engine.h:159] Parm size: 152
I0924 16:37:27.355168 687815 rt_engine.cu:554] optixLaunch, [w,h,d] = 23894675,1,1
I0924 16:37:27.360605 687815 rt_engine.h:159] Parm size: 152
I0924 16:37:27.360611 687815 rt_engine.cu:554] optixLaunch, [w,h,d] = 23894675,1,1
I0924 16:37:27.366043 687815 rt_engine.h:159] Parm size: 152
I0924 16:37:27.366050 687815 rt_engine.cu:554] optixLaunch, [w,h,d] = 23894675,1,1
I0924 16:37:27.371481 687815 rt_engine.h:159] Parm size: 152
I0924 16:37:27.371488 687815 rt_engine.cu:554] optixLaunch, [w,h,d] = 23894675,1,1
I0924 16:37:27.376922 687815 rt_engine.h:159] Parm size: 152
I0924 16:37:27.376929 687815 rt_engine.cu:554] optixLaunch, [w,h,d] = 23894675,1,1
I0924 16:37:27.382386 687815 rt_engine.h:159] Parm size: 152
I0924 16:37:27.382393 687815 rt_engine.cu:554] optixLaunch, [w,h,d] = 23894675,1,1
I0924 16:37:27.388082 687815 uniform_grid.h:267] Creating the uniform grid, resolution: 2048, Size: 112 MB
I0924 16:37:27.388597 687815 uniform_grid.h:323] Total Edges in the grid: 1030419, Size: 7 MB
I0924 16:37:27.388882 687815 run_query.cu:32] Checking point in polygon
I0924 16:37:28.780647 687815 run_query.cu:95] Map: 0 passed check
Timing results:
 - Read map: 90.3299 ms

 - Create Context: 0.00500679 ms

 - Generate Workloads: 2966.14 ms

 - Create App: 69.396 ms

 - Init: 0.0910759 ms

 - Adaptive Grouping: 0.732899 ms

 - Build Index: 0.718117 ms

 - Warmup: 27.4479 ms

 - Query: 5.44877 ms

 - Check: 1432.48 ms

 - Cleanup: 5.89395 ms

