/local/storage/liang/.clion/RayJoin/cmake-build-release-dl190/bin/query_exec -poly1 /local/storage/liang/Downloads/Datasets/point_cdb/dtl_cnty/dtl_cnty_Point.cdb              -poly2 /local/storage/liang/Downloads/Datasets/point_cdb/USAZIPCodeArea/USAZIPCodeArea_Point.cdb              -serialize=/dev/shm              -mode=rt              -v=1              -query=pip              -seed=1              -xsect_factor 0.1              -sample_map_id=1              -sample=points              -sample_rate=0.7              -warmup=5              -repeat=5              -enlarge=1              -check=false
I0924 17:08:30.692317 703512 planar_graph.h:216] Map /dev/shm/-local-storage-liang-Downloads-Datasets-point_cdb-dtl_cnty-dtl_cnty_Point.cdb.bin is deserialized, chains: 3157 points: 1028000 edges: 1024843
I0924 17:08:31.190364 703512 planar_graph.h:216] Map /dev/shm/-local-storage-liang-Downloads-Datasets-point_cdb-USAZIPCodeArea-USAZIPCodeArea_Point.cdb.bin is deserialized, chains: 134894 points: 23894675 edges: 23759781
I0924 17:08:31.190397 703512 context.h:51] Bounding Box, Bottom-left: (-179.147, -14.5487), Top-right: (179.778, 71.3905)
I0924 17:08:31.190415 703512 context.h:58] Scaled Bounding Box, Bottom-left: (-69978809497444, -68768348336364), Top-right: (69978809497443, 68768348336363)
I0924 17:08:31.190418 703512 context.h:61] Unscaled Bounding Box, Bottom-left: (-179.147, -14.5487), Top-right: (179.778, 71.3905)
I0924 17:08:33.777357 703512 run_query.cu:394] Sampling points, sample rate: 0.7, seed: 1 Points: 16726273
I0924 17:08:33.891857 703512 rt_engine.cu:282] Info: Pipeline statistics
	module(s)                            :     1
	entry function(s)                    :     2
	trace call(s)                        :     1
	continuation callable call(s)        :     0
	direct callable call(s)              :     0
	basic block(s) in entry functions    :    67
	instruction(s) in entry functions    :  1011
	non-entry function(s)                :     1
	basic block(s) in non-entry functions:     1
	instruction(s) in non-entry functions:     1
	debug information                    :    no
I0924 17:08:33.896863 703512 rt_engine.cu:282] Info: Pipeline statistics
	module(s)                            :     1
	entry function(s)                    :     2
	trace call(s)                        :     1
	continuation callable call(s)        :     0
	direct callable call(s)              :     0
	basic block(s) in entry functions    :    43
	instruction(s) in entry functions    :   831
	non-entry function(s)                :     1
	basic block(s) in non-entry functions:     1
	instruction(s) in non-entry functions:     1
	debug information                    :    no
I0924 17:08:33.897521 703512 primitive.h:252] Enlarge limit: 1 ne: 1024843 aabbs: 1024787 Compress ratio: 5.46425e-05 Time: 0.377 ms
I0924 17:08:33.897563 703512 rt_engine.cu:397] Building AS, num prims: 1024787, Required Temp Size: 78045952 Output Size: 38344448
I0924 17:08:33.900823 703512 rt_engine.h:159] Parm size: 152
I0924 17:08:33.900840 703512 rt_engine.cu:554] optixLaunch, [w,h,d] = 16726273,1,1
I0924 17:08:33.907374 703512 rt_engine.h:159] Parm size: 152
I0924 17:08:33.907382 703512 rt_engine.cu:554] optixLaunch, [w,h,d] = 16726273,1,1
I0924 17:08:33.913904 703512 rt_engine.h:159] Parm size: 152
I0924 17:08:33.913911 703512 rt_engine.cu:554] optixLaunch, [w,h,d] = 16726273,1,1
I0924 17:08:33.920432 703512 rt_engine.h:159] Parm size: 152
I0924 17:08:33.920439 703512 rt_engine.cu:554] optixLaunch, [w,h,d] = 16726273,1,1
I0924 17:08:33.926960 703512 rt_engine.h:159] Parm size: 152
I0924 17:08:33.926967 703512 rt_engine.cu:554] optixLaunch, [w,h,d] = 16726273,1,1
I0924 17:08:33.933488 703512 rt_engine.h:159] Parm size: 152
I0924 17:08:33.933495 703512 rt_engine.cu:554] optixLaunch, [w,h,d] = 16726273,1,1
I0924 17:08:33.940017 703512 rt_engine.h:159] Parm size: 152
I0924 17:08:33.940023 703512 rt_engine.cu:554] optixLaunch, [w,h,d] = 16726273,1,1
I0924 17:08:33.946545 703512 rt_engine.h:159] Parm size: 152
I0924 17:08:33.946552 703512 rt_engine.cu:554] optixLaunch, [w,h,d] = 16726273,1,1
I0924 17:08:33.953075 703512 rt_engine.h:159] Parm size: 152
I0924 17:08:33.953104 703512 rt_engine.cu:554] optixLaunch, [w,h,d] = 16726273,1,1
I0924 17:08:33.959623 703512 rt_engine.h:159] Parm size: 152
I0924 17:08:33.959630 703512 rt_engine.cu:554] optixLaunch, [w,h,d] = 16726273,1,1
Timing results:
 - Read map: 93.6689 ms

 - Create Context: 0.00119209 ms

 - Generate Workloads: 3125.47 ms

 - Create App: 79.078 ms

 - Init: 0.0700951 ms

 - Adaptive Grouping: 0.396967 ms

 - Build Index: 3.08704 ms

 - Warmup: 32.7811 ms

 - Query: 6.53276 ms

 - Cleanup: 4.50611 ms

