/local/storage/liang/.clion/RayJoin/cmake-build-release-dl190/bin/query_exec -poly1 /local/storage/liang/Downloads/Datasets/point_cdb/dtl_cnty/dtl_cnty_Point.cdb              -poly2 /local/storage/liang/Downloads/Datasets/point_cdb/USAZIPCodeArea/USAZIPCodeArea_Point.cdb              -serialize=/dev/shm              -mode=rt              -v=1              -query=pip              -seed=1              -xsect_factor 0.1              -sample_map_id=1              -sample=points              -sample_rate=0.4              -warmup=5              -repeat=5              -ag=0              -check=false
I1012 17:20:15.498898 2537281 planar_graph.h:216] Map /dev/shm/-local-storage-liang-Downloads-Datasets-point_cdb-dtl_cnty-dtl_cnty_Point.cdb.bin is deserialized, chains: 3157 points: 1028000 edges: 1024843
I1012 17:20:16.016213 2537281 planar_graph.h:216] Map /dev/shm/-local-storage-liang-Downloads-Datasets-point_cdb-USAZIPCodeArea-USAZIPCodeArea_Point.cdb.bin is deserialized, chains: 134894 points: 23894675 edges: 23759781
I1012 17:20:16.016260 2537281 context.h:51] Bounding Box, Bottom-left: (-179.147, -14.5487), Top-right: (179.778, 71.3905)
I1012 17:20:16.016276 2537281 context.h:58] Scaled Bounding Box, Bottom-left: (-69978809497444, -68768348336364), Top-right: (69978809497443, 68768348336363)
I1012 17:20:16.016278 2537281 context.h:61] Unscaled Bounding Box, Bottom-left: (-179.147, -14.5487), Top-right: (179.778, 71.3905)
I1012 17:20:18.649339 2537281 run_query.cu:400] Sampling points, sample rate: 0.4, seed: 1 Points: 9557871
I1012 17:20:18.758322 2537281 rt_engine.cu:282] Info: Pipeline statistics
	module(s)                            :     1
	entry function(s)                    :     2
	trace call(s)                        :     1
	continuation callable call(s)        :     0
	direct callable call(s)              :     0
	basic block(s) in entry functions    :    67
	instruction(s) in entry functions    :  1011
	non-entry function(s)                :     1
	basic block(s) in non-entry functions:     1
	instruction(s) in non-entry functions:     1
	debug information                    :    no
I1012 17:20:18.763415 2537281 rt_engine.cu:282] Info: Pipeline statistics
	module(s)                            :     1
	entry function(s)                    :     2
	trace call(s)                        :     1
	continuation callable call(s)        :     0
	direct callable call(s)              :     0
	basic block(s) in entry functions    :    43
	instruction(s) in entry functions    :   831
	non-entry function(s)                :     1
	basic block(s) in non-entry functions:     1
	instruction(s) in non-entry functions:     1
	debug information                    :    no
I1012 17:20:18.764000 2537281 rt_engine.cu:397] Building AS, num prims: 1024843, Required Temp Size: 78050176 Output Size: 38346496
I1012 17:20:18.767153 2537281 rt_engine.h:159] Parm size: 152
I1012 17:20:18.767169 2537281 rt_engine.cu:554] optixLaunch, [w,h,d] = 9557871,1,1
I1012 17:20:18.770941 2537281 rt_engine.h:159] Parm size: 152
I1012 17:20:18.770949 2537281 rt_engine.cu:554] optixLaunch, [w,h,d] = 9557871,1,1
I1012 17:20:18.774699 2537281 rt_engine.h:159] Parm size: 152
I1012 17:20:18.774706 2537281 rt_engine.cu:554] optixLaunch, [w,h,d] = 9557871,1,1
I1012 17:20:18.778455 2537281 rt_engine.h:159] Parm size: 152
I1012 17:20:18.778461 2537281 rt_engine.cu:554] optixLaunch, [w,h,d] = 9557871,1,1
I1012 17:20:18.782212 2537281 rt_engine.h:159] Parm size: 152
I1012 17:20:18.782219 2537281 rt_engine.cu:554] optixLaunch, [w,h,d] = 9557871,1,1
I1012 17:20:18.785967 2537281 rt_engine.h:159] Parm size: 152
I1012 17:20:18.785974 2537281 rt_engine.cu:554] optixLaunch, [w,h,d] = 9557871,1,1
I1012 17:20:18.789726 2537281 rt_engine.h:159] Parm size: 152
I1012 17:20:18.789732 2537281 rt_engine.cu:554] optixLaunch, [w,h,d] = 9557871,1,1
I1012 17:20:18.793481 2537281 rt_engine.h:159] Parm size: 152
I1012 17:20:18.793488 2537281 rt_engine.cu:554] optixLaunch, [w,h,d] = 9557871,1,1
I1012 17:20:18.797237 2537281 rt_engine.h:159] Parm size: 152
I1012 17:20:18.797245 2537281 rt_engine.cu:554] optixLaunch, [w,h,d] = 9557871,1,1
I1012 17:20:18.800992 2537281 rt_engine.h:159] Parm size: 152
I1012 17:20:18.800999 2537281 rt_engine.cu:554] optixLaunch, [w,h,d] = 9557871,1,1
Timing results:
 - Read map: 94.8291 ms

 - Create Context: 0.00190735 ms

 - Generate Workloads: 3187.05 ms

 - Create App: 77.4531 ms

 - Init: 0.138998 ms

 - Adaptive Grouping: 0.228882 ms

 - Build Index: 3.03912 ms

 - Warmup: 18.903 ms

 - Query: 3.756 ms

 - Cleanup: 4.51493 ms

