/local/storage/liang/.clion/RayJoin/cmake-build-release-dl190/bin/query_exec -poly1 /local/storage/liang/Downloads/Datasets/point_cdb/dtl_cnty/dtl_cnty_Point.cdb              -poly2 /local/storage/liang/Downloads/Datasets/point_cdb/USAZIPCodeArea/USAZIPCodeArea_Point.cdb              -serialize=/dev/shm              -mode=rt              -v=1              -query=pip              -seed=1              -xsect_factor 0.1              -sample_map_id=1              -sample=map              -sample_rate=0.6              -warmup=5              -repeat=5              -enlarge=5
I0924 16:38:59.656040 688637 planar_graph.h:216] Map /dev/shm/-local-storage-liang-Downloads-Datasets-point_cdb-dtl_cnty-dtl_cnty_Point.cdb.bin is deserialized, chains: 3157 points: 1028000 edges: 1024843
I0924 16:39:00.153651 688637 planar_graph.h:216] Map /dev/shm/-local-storage-liang-Downloads-Datasets-point_cdb-USAZIPCodeArea-USAZIPCodeArea_Point.cdb.bin is deserialized, chains: 134894 points: 23894675 edges: 23759781
I0924 16:39:00.153681 688637 context.h:51] Bounding Box, Bottom-left: (-179.147, -14.5487), Top-right: (179.778, 71.3905)
I0924 16:39:00.153697 688637 context.h:58] Scaled Bounding Box, Bottom-left: (-69978809497444, -68768348336364), Top-right: (69978809497443, 68768348336363)
I0924 16:39:00.153698 688637 context.h:61] Unscaled Bounding Box, Bottom-left: (-179.147, -14.5487), Top-right: (179.778, 71.3905)
I0924 16:39:02.126350 688637 run_query.cu:348] Sampling map, sample rate: 0.6, seed: 1
I0924 16:39:02.682193 688637 planar_graph.h:310] Map is sampled, chains: 134894 points: 14342142 edges: 14207248
I0924 16:39:02.795925 688637 rt_engine.cu:282] Info: Pipeline statistics
	module(s)                            :     1
	entry function(s)                    :     2
	trace call(s)                        :     1
	continuation callable call(s)        :     0
	direct callable call(s)              :     0
	basic block(s) in entry functions    :    67
	instruction(s) in entry functions    :  1011
	non-entry function(s)                :     1
	basic block(s) in non-entry functions:     1
	instruction(s) in non-entry functions:     1
	debug information                    :    no
I0924 16:39:02.800926 688637 rt_engine.cu:282] Info: Pipeline statistics
	module(s)                            :     1
	entry function(s)                    :     2
	trace call(s)                        :     1
	continuation callable call(s)        :     0
	direct callable call(s)              :     0
	basic block(s) in entry functions    :    43
	instruction(s) in entry functions    :   831
	non-entry function(s)                :     1
	basic block(s) in non-entry functions:     1
	instruction(s) in non-entry functions:     1
	debug information                    :    no
I0924 16:39:02.801946 688637 primitive.h:252] Enlarge limit: 5 ne: 1024843 aabbs: 55074 Compress ratio: 0.946261 Time: 0.71 ms
I0924 16:39:02.801990 688637 rt_engine.cu:397] Building AS, num prims: 55074, Required Temp Size: 4196352 Output Size: 2063488
I0924 16:39:02.802911 688637 rt_engine.h:159] Parm size: 152
I0924 16:39:02.802927 688637 rt_engine.cu:554] optixLaunch, [w,h,d] = 23894675,1,1
I0924 16:39:02.808374 688637 rt_engine.h:159] Parm size: 152
I0924 16:39:02.808382 688637 rt_engine.cu:554] optixLaunch, [w,h,d] = 23894675,1,1
I0924 16:39:02.813815 688637 rt_engine.h:159] Parm size: 152
I0924 16:39:02.813822 688637 rt_engine.cu:554] optixLaunch, [w,h,d] = 23894675,1,1
I0924 16:39:02.819254 688637 rt_engine.h:159] Parm size: 152
I0924 16:39:02.819262 688637 rt_engine.cu:554] optixLaunch, [w,h,d] = 23894675,1,1
I0924 16:39:02.824693 688637 rt_engine.h:159] Parm size: 152
I0924 16:39:02.824702 688637 rt_engine.cu:554] optixLaunch, [w,h,d] = 23894675,1,1
I0924 16:39:02.830137 688637 rt_engine.h:159] Parm size: 152
I0924 16:39:02.830143 688637 rt_engine.cu:554] optixLaunch, [w,h,d] = 23894675,1,1
I0924 16:39:02.835579 688637 rt_engine.h:159] Parm size: 152
I0924 16:39:02.835587 688637 rt_engine.cu:554] optixLaunch, [w,h,d] = 23894675,1,1
I0924 16:39:02.841018 688637 rt_engine.h:159] Parm size: 152
I0924 16:39:02.841025 688637 rt_engine.cu:554] optixLaunch, [w,h,d] = 23894675,1,1
I0924 16:39:02.846459 688637 rt_engine.h:159] Parm size: 152
I0924 16:39:02.846467 688637 rt_engine.cu:554] optixLaunch, [w,h,d] = 23894675,1,1
I0924 16:39:02.851899 688637 rt_engine.h:159] Parm size: 152
I0924 16:39:02.851907 688637 rt_engine.cu:554] optixLaunch, [w,h,d] = 23894675,1,1
I0924 16:39:02.857571 688637 uniform_grid.h:267] Creating the uniform grid, resolution: 2048, Size: 112 MB
I0924 16:39:02.858055 688637 uniform_grid.h:323] Total Edges in the grid: 1030419, Size: 7 MB
I0924 16:39:02.858359 688637 run_query.cu:32] Checking point in polygon
I0924 16:39:04.239075 688637 run_query.cu:95] Map: 0 passed check
Timing results:
 - Read map: 98.124 ms

 - Create Context: 0.00596046 ms

 - Generate Workloads: 3071.14 ms

 - Create App: 73.73 ms

 - Init: 0.118971 ms

 - Adaptive Grouping: 0.730038 ms

 - Build Index: 0.684977 ms

 - Warmup: 27.375 ms

 - Query: 5.44057 ms

 - Check: 1421.13 ms

 - Cleanup: 5.91207 ms

