/local/storage/liang/.clion/RayJoin/cmake-build-release-dl190/bin/query_exec -poly1 /local/storage/liang/Downloads/Datasets/point_cdb/dtl_cnty/dtl_cnty_Point.cdb              -poly2 /local/storage/liang/Downloads/Datasets/point_cdb/USAZIPCodeArea/USAZIPCodeArea_Point.cdb              -serialize=/dev/shm              -mode=rt              -v=1              -query=pip              -seed=1              -xsect_factor 0.1              -sample_map_id=1              -sample=map              -sample_rate=0.2              -warmup=5              -repeat=5              -enlarge=5
I0924 16:35:50.584089 687053 planar_graph.h:216] Map /dev/shm/-local-storage-liang-Downloads-Datasets-point_cdb-dtl_cnty-dtl_cnty_Point.cdb.bin is deserialized, chains: 3157 points: 1028000 edges: 1024843
I0924 16:35:51.089536 687053 planar_graph.h:216] Map /dev/shm/-local-storage-liang-Downloads-Datasets-point_cdb-USAZIPCodeArea-USAZIPCodeArea_Point.cdb.bin is deserialized, chains: 134894 points: 23894675 edges: 23759781
I0924 16:35:51.089576 687053 context.h:51] Bounding Box, Bottom-left: (-179.147, -14.5487), Top-right: (179.778, 71.3905)
I0924 16:35:51.089596 687053 context.h:58] Scaled Bounding Box, Bottom-left: (-69978809497444, -68768348336364), Top-right: (69978809497443, 68768348336363)
I0924 16:35:51.089598 687053 context.h:61] Unscaled Bounding Box, Bottom-left: (-179.147, -14.5487), Top-right: (179.778, 71.3905)
I0924 16:35:53.064848 687053 run_query.cu:348] Sampling map, sample rate: 0.2, seed: 1
I0924 16:35:53.360488 687053 planar_graph.h:310] Map is sampled, chains: 134894 points: 4853912 edges: 4719018
I0924 16:35:53.461580 687053 rt_engine.cu:282] Info: Pipeline statistics
	module(s)                            :     1
	entry function(s)                    :     2
	trace call(s)                        :     1
	continuation callable call(s)        :     0
	direct callable call(s)              :     0
	basic block(s) in entry functions    :    67
	instruction(s) in entry functions    :  1011
	non-entry function(s)                :     1
	basic block(s) in non-entry functions:     1
	instruction(s) in non-entry functions:     1
	debug information                    :    no
I0924 16:35:53.466533 687053 rt_engine.cu:282] Info: Pipeline statistics
	module(s)                            :     1
	entry function(s)                    :     2
	trace call(s)                        :     1
	continuation callable call(s)        :     0
	direct callable call(s)              :     0
	basic block(s) in entry functions    :    43
	instruction(s) in entry functions    :   831
	non-entry function(s)                :     1
	basic block(s) in non-entry functions:     1
	instruction(s) in non-entry functions:     1
	debug information                    :    no
I0924 16:35:53.467479 687053 primitive.h:252] Enlarge limit: 5 ne: 1024843 aabbs: 55074 Compress ratio: 0.946261 Time: 0.661 ms
I0924 16:35:53.467521 687053 rt_engine.cu:397] Building AS, num prims: 55074, Required Temp Size: 4196352 Output Size: 2063488
I0924 16:35:53.468377 687053 rt_engine.h:159] Parm size: 152
I0924 16:35:53.468394 687053 rt_engine.cu:554] optixLaunch, [w,h,d] = 23894675,1,1
I0924 16:35:53.473278 687053 rt_engine.h:159] Parm size: 152
I0924 16:35:53.473285 687053 rt_engine.cu:554] optixLaunch, [w,h,d] = 23894675,1,1
I0924 16:35:53.478160 687053 rt_engine.h:159] Parm size: 152
I0924 16:35:53.478168 687053 rt_engine.cu:554] optixLaunch, [w,h,d] = 23894675,1,1
I0924 16:35:53.483042 687053 rt_engine.h:159] Parm size: 152
I0924 16:35:53.483048 687053 rt_engine.cu:554] optixLaunch, [w,h,d] = 23894675,1,1
I0924 16:35:53.487922 687053 rt_engine.h:159] Parm size: 152
I0924 16:35:53.487929 687053 rt_engine.cu:554] optixLaunch, [w,h,d] = 23894675,1,1
I0924 16:35:53.492805 687053 rt_engine.h:159] Parm size: 152
I0924 16:35:53.492811 687053 rt_engine.cu:554] optixLaunch, [w,h,d] = 23894675,1,1
I0924 16:35:53.497684 687053 rt_engine.h:159] Parm size: 152
I0924 16:35:53.497691 687053 rt_engine.cu:554] optixLaunch, [w,h,d] = 23894675,1,1
I0924 16:35:53.502564 687053 rt_engine.h:159] Parm size: 152
I0924 16:35:53.502571 687053 rt_engine.cu:554] optixLaunch, [w,h,d] = 23894675,1,1
I0924 16:35:53.507443 687053 rt_engine.h:159] Parm size: 152
I0924 16:35:53.507450 687053 rt_engine.cu:554] optixLaunch, [w,h,d] = 23894675,1,1
I0924 16:35:53.512321 687053 rt_engine.h:159] Parm size: 152
I0924 16:35:53.512328 687053 rt_engine.cu:554] optixLaunch, [w,h,d] = 23894675,1,1
I0924 16:35:53.517429 687053 uniform_grid.h:267] Creating the uniform grid, resolution: 2048, Size: 112 MB
I0924 16:35:53.517930 687053 uniform_grid.h:323] Total Edges in the grid: 1030419, Size: 7 MB
I0924 16:35:53.518203 687053 run_query.cu:32] Checking point in polygon
I0924 16:35:54.895272 687053 run_query.cu:95] Map: 0 passed check
Timing results:
 - Read map: 92.226 ms

 - Create Context: 0.000953674 ms

 - Generate Workloads: 2812.88 ms

 - Create App: 69.5291 ms

 - Init: 0.082016 ms

 - Adaptive Grouping: 0.680923 ms

 - Build Index: 0.617027 ms

 - Warmup: 24.5771 ms

 - Query: 4.87976 ms

 - Check: 1417.54 ms

 - Cleanup: 5.89609 ms

