/local/storage/liang/.clion/RayJoin/cmake-build-release-dl190/bin/query_exec -poly1 /local/storage/liang/Downloads/Datasets/point_cdb/dtl_cnty/dtl_cnty_Point.cdb              -poly2 /local/storage/liang/Downloads/Datasets/point_cdb/USAZIPCodeArea/USAZIPCodeArea_Point.cdb              -serialize=/dev/shm              -mode=rt              -v=1              -query=pip              -seed=1              -xsect_factor 0.1              -sample_map_id=1              -sample=points              -sample_rate=0.5              -warmup=5              -repeat=5              -enlarge=1              -check=false
I0924 17:07:07.017679 702791 planar_graph.h:216] Map /dev/shm/-local-storage-liang-Downloads-Datasets-point_cdb-dtl_cnty-dtl_cnty_Point.cdb.bin is deserialized, chains: 3157 points: 1028000 edges: 1024843
I0924 17:07:07.517976 702791 planar_graph.h:216] Map /dev/shm/-local-storage-liang-Downloads-Datasets-point_cdb-USAZIPCodeArea-USAZIPCodeArea_Point.cdb.bin is deserialized, chains: 134894 points: 23894675 edges: 23759781
I0924 17:07:07.518009 702791 context.h:51] Bounding Box, Bottom-left: (-179.147, -14.5487), Top-right: (179.778, 71.3905)
I0924 17:07:07.518023 702791 context.h:58] Scaled Bounding Box, Bottom-left: (-69978809497444, -68768348336364), Top-right: (69978809497443, 68768348336363)
I0924 17:07:07.518025 702791 context.h:61] Unscaled Bounding Box, Bottom-left: (-179.147, -14.5487), Top-right: (179.778, 71.3905)
I0924 17:07:10.089263 702791 run_query.cu:394] Sampling points, sample rate: 0.5, seed: 1 Points: 11947338
I0924 17:07:10.203663 702791 rt_engine.cu:282] Info: Pipeline statistics
	module(s)                            :     1
	entry function(s)                    :     2
	trace call(s)                        :     1
	continuation callable call(s)        :     0
	direct callable call(s)              :     0
	basic block(s) in entry functions    :    67
	instruction(s) in entry functions    :  1011
	non-entry function(s)                :     1
	basic block(s) in non-entry functions:     1
	instruction(s) in non-entry functions:     1
	debug information                    :    no
I0924 17:07:10.208709 702791 rt_engine.cu:282] Info: Pipeline statistics
	module(s)                            :     1
	entry function(s)                    :     2
	trace call(s)                        :     1
	continuation callable call(s)        :     0
	direct callable call(s)              :     0
	basic block(s) in entry functions    :    43
	instruction(s) in entry functions    :   831
	non-entry function(s)                :     1
	basic block(s) in non-entry functions:     1
	instruction(s) in non-entry functions:     1
	debug information                    :    no
I0924 17:07:10.209308 702791 primitive.h:252] Enlarge limit: 1 ne: 1024843 aabbs: 1024787 Compress ratio: 5.46425e-05 Time: 0.322 ms
I0924 17:07:10.209353 702791 rt_engine.cu:397] Building AS, num prims: 1024787, Required Temp Size: 78045952 Output Size: 38344448
I0924 17:07:10.212325 702791 rt_engine.h:159] Parm size: 152
I0924 17:07:10.212343 702791 rt_engine.cu:554] optixLaunch, [w,h,d] = 11947338,1,1
I0924 17:07:10.216621 702791 rt_engine.h:159] Parm size: 152
I0924 17:07:10.216630 702791 rt_engine.cu:554] optixLaunch, [w,h,d] = 11947338,1,1
I0924 17:07:10.220896 702791 rt_engine.h:159] Parm size: 152
I0924 17:07:10.220902 702791 rt_engine.cu:554] optixLaunch, [w,h,d] = 11947338,1,1
I0924 17:07:10.225167 702791 rt_engine.h:159] Parm size: 152
I0924 17:07:10.225175 702791 rt_engine.cu:554] optixLaunch, [w,h,d] = 11947338,1,1
I0924 17:07:10.229440 702791 rt_engine.h:159] Parm size: 152
I0924 17:07:10.229447 702791 rt_engine.cu:554] optixLaunch, [w,h,d] = 11947338,1,1
I0924 17:07:10.233711 702791 rt_engine.h:159] Parm size: 152
I0924 17:07:10.233719 702791 rt_engine.cu:554] optixLaunch, [w,h,d] = 11947338,1,1
I0924 17:07:10.237984 702791 rt_engine.h:159] Parm size: 152
I0924 17:07:10.237993 702791 rt_engine.cu:554] optixLaunch, [w,h,d] = 11947338,1,1
I0924 17:07:10.242254 702791 rt_engine.h:159] Parm size: 152
I0924 17:07:10.242260 702791 rt_engine.cu:554] optixLaunch, [w,h,d] = 11947338,1,1
I0924 17:07:10.246526 702791 rt_engine.h:159] Parm size: 152
I0924 17:07:10.246531 702791 rt_engine.cu:554] optixLaunch, [w,h,d] = 11947338,1,1
I0924 17:07:10.250795 702791 rt_engine.h:159] Parm size: 152
I0924 17:07:10.250802 702791 rt_engine.cu:554] optixLaunch, [w,h,d] = 11947338,1,1
Timing results:
 - Read map: 100.655 ms

 - Create Context: 0.00119209 ms

 - Generate Workloads: 3107.5 ms

 - Create App: 83.5209 ms

 - Init: 0.0660419 ms

 - Adaptive Grouping: 0.346899 ms

 - Build Index: 2.8441 ms

 - Warmup: 21.4779 ms

 - Query: 4.27098 ms

 - Cleanup: 4.39811 ms

