/local/storage/liang/.clion/RayJoin/cmake-build-release-dl190/bin/query_exec -poly1 /local/storage/liang/Downloads/Datasets/point_cdb/dtl_cnty/dtl_cnty_Point.cdb              -poly2 /local/storage/liang/Downloads/Datasets/point_cdb/USAZIPCodeArea/USAZIPCodeArea_Point.cdb              -serialize=/dev/shm              -mode=rt              -v=1              -query=pip              -seed=1              -xsect_factor 0.1              -sample_map_id=1              -sample=points              -sample_rate=0.6              -warmup=5              -repeat=5              -ag=0              -check=false
I1012 17:20:57.975617 2537676 planar_graph.h:216] Map /dev/shm/-local-storage-liang-Downloads-Datasets-point_cdb-dtl_cnty-dtl_cnty_Point.cdb.bin is deserialized, chains: 3157 points: 1028000 edges: 1024843
I1012 17:20:58.496296 2537676 planar_graph.h:216] Map /dev/shm/-local-storage-liang-Downloads-Datasets-point_cdb-USAZIPCodeArea-USAZIPCodeArea_Point.cdb.bin is deserialized, chains: 134894 points: 23894675 edges: 23759781
I1012 17:20:58.496330 2537676 context.h:51] Bounding Box, Bottom-left: (-179.147, -14.5487), Top-right: (179.778, 71.3905)
I1012 17:20:58.496346 2537676 context.h:58] Scaled Bounding Box, Bottom-left: (-69978809497444, -68768348336364), Top-right: (69978809497443, 68768348336363)
I1012 17:20:58.496348 2537676 context.h:61] Unscaled Bounding Box, Bottom-left: (-179.147, -14.5487), Top-right: (179.778, 71.3905)
I1012 17:21:01.149470 2537676 run_query.cu:400] Sampling points, sample rate: 0.6, seed: 1 Points: 14336806
I1012 17:21:01.262259 2537676 rt_engine.cu:282] Info: Pipeline statistics
	module(s)                            :     1
	entry function(s)                    :     2
	trace call(s)                        :     1
	continuation callable call(s)        :     0
	direct callable call(s)              :     0
	basic block(s) in entry functions    :    67
	instruction(s) in entry functions    :  1011
	non-entry function(s)                :     1
	basic block(s) in non-entry functions:     1
	instruction(s) in non-entry functions:     1
	debug information                    :    no
I1012 17:21:01.267230 2537676 rt_engine.cu:282] Info: Pipeline statistics
	module(s)                            :     1
	entry function(s)                    :     2
	trace call(s)                        :     1
	continuation callable call(s)        :     0
	direct callable call(s)              :     0
	basic block(s) in entry functions    :    43
	instruction(s) in entry functions    :   831
	non-entry function(s)                :     1
	basic block(s) in non-entry functions:     1
	instruction(s) in non-entry functions:     1
	debug information                    :    no
I1012 17:21:01.267813 2537676 rt_engine.cu:397] Building AS, num prims: 1024843, Required Temp Size: 78050176 Output Size: 38346496
I1012 17:21:01.270925 2537676 rt_engine.h:159] Parm size: 152
I1012 17:21:01.270941 2537676 rt_engine.cu:554] optixLaunch, [w,h,d] = 14336806,1,1
I1012 17:21:01.276288 2537676 rt_engine.h:159] Parm size: 152
I1012 17:21:01.276295 2537676 rt_engine.cu:554] optixLaunch, [w,h,d] = 14336806,1,1
I1012 17:21:01.281617 2537676 rt_engine.h:159] Parm size: 152
I1012 17:21:01.281625 2537676 rt_engine.cu:554] optixLaunch, [w,h,d] = 14336806,1,1
I1012 17:21:01.286945 2537676 rt_engine.h:159] Parm size: 152
I1012 17:21:01.286953 2537676 rt_engine.cu:554] optixLaunch, [w,h,d] = 14336806,1,1
I1012 17:21:01.292273 2537676 rt_engine.h:159] Parm size: 152
I1012 17:21:01.292280 2537676 rt_engine.cu:554] optixLaunch, [w,h,d] = 14336806,1,1
I1012 17:21:01.297602 2537676 rt_engine.h:159] Parm size: 152
I1012 17:21:01.297609 2537676 rt_engine.cu:554] optixLaunch, [w,h,d] = 14336806,1,1
I1012 17:21:01.302928 2537676 rt_engine.h:159] Parm size: 152
I1012 17:21:01.302937 2537676 rt_engine.cu:554] optixLaunch, [w,h,d] = 14336806,1,1
I1012 17:21:01.308255 2537676 rt_engine.h:159] Parm size: 152
I1012 17:21:01.308262 2537676 rt_engine.cu:554] optixLaunch, [w,h,d] = 14336806,1,1
I1012 17:21:01.313582 2537676 rt_engine.h:159] Parm size: 152
I1012 17:21:01.313588 2537676 rt_engine.cu:554] optixLaunch, [w,h,d] = 14336806,1,1
I1012 17:21:01.318909 2537676 rt_engine.h:159] Parm size: 152
I1012 17:21:01.318917 2537676 rt_engine.cu:554] optixLaunch, [w,h,d] = 14336806,1,1
Timing results:
 - Read map: 63.277 ms

 - Create Context: 0.00214577 ms

 - Generate Workloads: 3215.37 ms

 - Create App: 76.2129 ms

 - Init: 0.149012 ms

 - Adaptive Grouping: 0.225067 ms

 - Build Index: 2.95687 ms

 - Warmup: 26.787 ms

 - Query: 5.3268 ms

 - Cleanup: 4.44913 ms

