/local/storage/liang/.clion/RayJoin/cmake-build-release-dl190/bin/query_exec -poly1 /local/storage/liang/Downloads/Datasets/point_cdb/dtl_cnty/dtl_cnty_Point.cdb              -poly2 /local/storage/liang/Downloads/Datasets/point_cdb/USAZIPCodeArea/USAZIPCodeArea_Point.cdb              -serialize=/dev/shm              -mode=rt              -v=1              -query=pip              -seed=1              -xsect_factor 0.1              -sample_map_id=1              -sample=points              -sample_rate=0.1              -warmup=5              -repeat=5              -enlarge=1              -check=false
I0924 17:04:24.111174 701333 planar_graph.h:216] Map /dev/shm/-local-storage-liang-Downloads-Datasets-point_cdb-dtl_cnty-dtl_cnty_Point.cdb.bin is deserialized, chains: 3157 points: 1028000 edges: 1024843
I0924 17:04:24.611333 701333 planar_graph.h:216] Map /dev/shm/-local-storage-liang-Downloads-Datasets-point_cdb-USAZIPCodeArea-USAZIPCodeArea_Point.cdb.bin is deserialized, chains: 134894 points: 23894675 edges: 23759781
I0924 17:04:24.611366 701333 context.h:51] Bounding Box, Bottom-left: (-179.147, -14.5487), Top-right: (179.778, 71.3905)
I0924 17:04:24.611383 701333 context.h:58] Scaled Bounding Box, Bottom-left: (-69978809497444, -68768348336364), Top-right: (69978809497443, 68768348336363)
I0924 17:04:24.611385 701333 context.h:61] Unscaled Bounding Box, Bottom-left: (-179.147, -14.5487), Top-right: (179.778, 71.3905)
I0924 17:04:27.130781 701333 run_query.cu:394] Sampling points, sample rate: 0.1, seed: 1 Points: 2389467
I0924 17:04:27.234758 701333 rt_engine.cu:282] Info: Pipeline statistics
	module(s)                            :     1
	entry function(s)                    :     2
	trace call(s)                        :     1
	continuation callable call(s)        :     0
	direct callable call(s)              :     0
	basic block(s) in entry functions    :    67
	instruction(s) in entry functions    :  1011
	non-entry function(s)                :     1
	basic block(s) in non-entry functions:     1
	instruction(s) in non-entry functions:     1
	debug information                    :    no
I0924 17:04:27.239727 701333 rt_engine.cu:282] Info: Pipeline statistics
	module(s)                            :     1
	entry function(s)                    :     2
	trace call(s)                        :     1
	continuation callable call(s)        :     0
	direct callable call(s)              :     0
	basic block(s) in entry functions    :    43
	instruction(s) in entry functions    :   831
	non-entry function(s)                :     1
	basic block(s) in non-entry functions:     1
	instruction(s) in non-entry functions:     1
	debug information                    :    no
I0924 17:04:27.240382 701333 primitive.h:252] Enlarge limit: 1 ne: 1024843 aabbs: 1024787 Compress ratio: 5.46425e-05 Time: 0.367 ms
I0924 17:04:27.240427 701333 rt_engine.cu:397] Building AS, num prims: 1024787, Required Temp Size: 78045952 Output Size: 38344448
I0924 17:04:27.243537 701333 rt_engine.h:159] Parm size: 152
I0924 17:04:27.243556 701333 rt_engine.cu:554] optixLaunch, [w,h,d] = 2389467,1,1
I0924 17:04:27.244524 701333 rt_engine.h:159] Parm size: 152
I0924 17:04:27.244531 701333 rt_engine.cu:554] optixLaunch, [w,h,d] = 2389467,1,1
I0924 17:04:27.245486 701333 rt_engine.h:159] Parm size: 152
I0924 17:04:27.245493 701333 rt_engine.cu:554] optixLaunch, [w,h,d] = 2389467,1,1
I0924 17:04:27.246445 701333 rt_engine.h:159] Parm size: 152
I0924 17:04:27.246452 701333 rt_engine.cu:554] optixLaunch, [w,h,d] = 2389467,1,1
I0924 17:04:27.247406 701333 rt_engine.h:159] Parm size: 152
I0924 17:04:27.247412 701333 rt_engine.cu:554] optixLaunch, [w,h,d] = 2389467,1,1
I0924 17:04:27.248364 701333 rt_engine.h:159] Parm size: 152
I0924 17:04:27.248371 701333 rt_engine.cu:554] optixLaunch, [w,h,d] = 2389467,1,1
I0924 17:04:27.249325 701333 rt_engine.h:159] Parm size: 152
I0924 17:04:27.249331 701333 rt_engine.cu:554] optixLaunch, [w,h,d] = 2389467,1,1
I0924 17:04:27.250284 701333 rt_engine.h:159] Parm size: 152
I0924 17:04:27.250290 701333 rt_engine.cu:554] optixLaunch, [w,h,d] = 2389467,1,1
I0924 17:04:27.251243 701333 rt_engine.h:159] Parm size: 152
I0924 17:04:27.251250 701333 rt_engine.cu:554] optixLaunch, [w,h,d] = 2389467,1,1
I0924 17:04:27.252202 701333 rt_engine.h:159] Parm size: 152
I0924 17:04:27.252209 701333 rt_engine.cu:554] optixLaunch, [w,h,d] = 2389467,1,1
Timing results:
 - Read map: 124.587 ms

 - Create Context: 0.00190735 ms

 - Generate Workloads: 3046.81 ms

 - Create App: 81.7618 ms

 - Init: 0.041008 ms

 - Adaptive Grouping: 0.388145 ms

 - Build Index: 3.07488 ms

 - Warmup: 4.87208 ms

 - Query: 0.959396 ms

 - Cleanup: 4.48394 ms

