/local/storage/liang/.clion/RayJoin/cmake-build-release-dl190/bin/query_exec -poly1 /local/storage/liang/Downloads/Datasets/point_cdb/dtl_cnty/dtl_cnty_Point.cdb              -poly2 /local/storage/liang/Downloads/Datasets/point_cdb/USAZIPCodeArea/USAZIPCodeArea_Point.cdb              -serialize=/dev/shm              -mode=rt              -v=1              -query=pip              -seed=1              -xsect_factor 0.1              -sample_map_id=1              -sample=map              -sample_rate=0.8              -warmup=5              -repeat=5              -enlarge=5
I0924 16:40:36.935776 689444 planar_graph.h:216] Map /dev/shm/-local-storage-liang-Downloads-Datasets-point_cdb-dtl_cnty-dtl_cnty_Point.cdb.bin is deserialized, chains: 3157 points: 1028000 edges: 1024843
I0924 16:40:37.436048 689444 planar_graph.h:216] Map /dev/shm/-local-storage-liang-Downloads-Datasets-point_cdb-USAZIPCodeArea-USAZIPCodeArea_Point.cdb.bin is deserialized, chains: 134894 points: 23894675 edges: 23759781
I0924 16:40:37.436097 689444 context.h:51] Bounding Box, Bottom-left: (-179.147, -14.5487), Top-right: (179.778, 71.3905)
I0924 16:40:37.436115 689444 context.h:58] Scaled Bounding Box, Bottom-left: (-69978809497444, -68768348336364), Top-right: (69978809497443, 68768348336363)
I0924 16:40:37.436117 689444 context.h:61] Unscaled Bounding Box, Bottom-left: (-179.147, -14.5487), Top-right: (179.778, 71.3905)
I0924 16:40:39.404644 689444 run_query.cu:348] Sampling map, sample rate: 0.8, seed: 1
I0924 16:40:40.191648 689444 planar_graph.h:310] Map is sampled, chains: 134894 points: 19091878 edges: 18956984
I0924 16:40:40.325085 689444 rt_engine.cu:282] Info: Pipeline statistics
	module(s)                            :     1
	entry function(s)                    :     2
	trace call(s)                        :     1
	continuation callable call(s)        :     0
	direct callable call(s)              :     0
	basic block(s) in entry functions    :    67
	instruction(s) in entry functions    :  1011
	non-entry function(s)                :     1
	basic block(s) in non-entry functions:     1
	instruction(s) in non-entry functions:     1
	debug information                    :    no
I0924 16:40:40.330039 689444 rt_engine.cu:282] Info: Pipeline statistics
	module(s)                            :     1
	entry function(s)                    :     2
	trace call(s)                        :     1
	continuation callable call(s)        :     0
	direct callable call(s)              :     0
	basic block(s) in entry functions    :    43
	instruction(s) in entry functions    :   831
	non-entry function(s)                :     1
	basic block(s) in non-entry functions:     1
	instruction(s) in non-entry functions:     1
	debug information                    :    no
I0924 16:40:40.331017 689444 primitive.h:252] Enlarge limit: 5 ne: 1024843 aabbs: 55074 Compress ratio: 0.946261 Time: 0.637 ms
I0924 16:40:40.331058 689444 rt_engine.cu:397] Building AS, num prims: 55074, Required Temp Size: 4196352 Output Size: 2063488
I0924 16:40:40.331913 689444 rt_engine.h:159] Parm size: 152
I0924 16:40:40.331928 689444 rt_engine.cu:554] optixLaunch, [w,h,d] = 23894675,1,1
I0924 16:40:40.336890 689444 rt_engine.h:159] Parm size: 152
I0924 16:40:40.336897 689444 rt_engine.cu:554] optixLaunch, [w,h,d] = 23894675,1,1
I0924 16:40:40.341846 689444 rt_engine.h:159] Parm size: 152
I0924 16:40:40.341853 689444 rt_engine.cu:554] optixLaunch, [w,h,d] = 23894675,1,1
I0924 16:40:40.346798 689444 rt_engine.h:159] Parm size: 152
I0924 16:40:40.346804 689444 rt_engine.cu:554] optixLaunch, [w,h,d] = 23894675,1,1
I0924 16:40:40.351752 689444 rt_engine.h:159] Parm size: 152
I0924 16:40:40.351759 689444 rt_engine.cu:554] optixLaunch, [w,h,d] = 23894675,1,1
I0924 16:40:40.356709 689444 rt_engine.h:159] Parm size: 152
I0924 16:40:40.356714 689444 rt_engine.cu:554] optixLaunch, [w,h,d] = 23894675,1,1
I0924 16:40:40.361661 689444 rt_engine.h:159] Parm size: 152
I0924 16:40:40.361667 689444 rt_engine.cu:554] optixLaunch, [w,h,d] = 23894675,1,1
I0924 16:40:40.366614 689444 rt_engine.h:159] Parm size: 152
I0924 16:40:40.366621 689444 rt_engine.cu:554] optixLaunch, [w,h,d] = 23894675,1,1
I0924 16:40:40.371570 689444 rt_engine.h:159] Parm size: 152
I0924 16:40:40.371577 689444 rt_engine.cu:554] optixLaunch, [w,h,d] = 23894675,1,1
I0924 16:40:40.376523 689444 rt_engine.h:159] Parm size: 152
I0924 16:40:40.376529 689444 rt_engine.cu:554] optixLaunch, [w,h,d] = 23894675,1,1
I0924 16:40:40.381706 689444 uniform_grid.h:267] Creating the uniform grid, resolution: 2048, Size: 112 MB
I0924 16:40:40.382174 689444 uniform_grid.h:323] Total Edges in the grid: 1030419, Size: 7 MB
I0924 16:40:40.382447 689444 run_query.cu:32] Checking point in polygon
I0924 16:40:41.755367 689444 run_query.cu:95] Map: 0 passed check
Timing results:
 - Read map: 89.4499 ms

 - Create Context: 0.00214577 ms

 - Generate Workloads: 3318.6 ms

 - Create App: 75.6929 ms

 - Init: 0.0889301 ms

 - Adaptive Grouping: 0.658035 ms

 - Build Index: 0.61202 ms

 - Warmup: 24.9491 ms

 - Query: 4.95358 ms

 - Check: 1413.79 ms

 - Cleanup: 5.90897 ms

