/local/storage/liang/.clion/RayJoin/cmake-build-release-dl190/bin/query_exec -poly1 /local/storage/liang/Downloads/Datasets/point_cdb/dtl_cnty/dtl_cnty_Point.cdb              -poly2 /local/storage/liang/Downloads/Datasets/point_cdb/USAZIPCodeArea/USAZIPCodeArea_Point.cdb              -serialize=/dev/shm              -mode=rt              -v=1              -query=pip              -seed=1              -xsect_factor 0.1              -sample_map_id=1              -sample=points              -sample_rate=0.3              -warmup=5              -repeat=5              -enlarge=1              -check=false
I0924 17:05:44.784147 702038 planar_graph.h:216] Map /dev/shm/-local-storage-liang-Downloads-Datasets-point_cdb-dtl_cnty-dtl_cnty_Point.cdb.bin is deserialized, chains: 3157 points: 1028000 edges: 1024843
I0924 17:05:45.285962 702038 planar_graph.h:216] Map /dev/shm/-local-storage-liang-Downloads-Datasets-point_cdb-USAZIPCodeArea-USAZIPCodeArea_Point.cdb.bin is deserialized, chains: 134894 points: 23894675 edges: 23759781
I0924 17:05:45.285997 702038 context.h:51] Bounding Box, Bottom-left: (-179.147, -14.5487), Top-right: (179.778, 71.3905)
I0924 17:05:45.286011 702038 context.h:58] Scaled Bounding Box, Bottom-left: (-69978809497444, -68768348336364), Top-right: (69978809497443, 68768348336363)
I0924 17:05:45.286013 702038 context.h:61] Unscaled Bounding Box, Bottom-left: (-179.147, -14.5487), Top-right: (179.778, 71.3905)
I0924 17:05:47.818514 702038 run_query.cu:394] Sampling points, sample rate: 0.3, seed: 1 Points: 7168403
I0924 17:05:47.926860 702038 rt_engine.cu:282] Info: Pipeline statistics
	module(s)                            :     1
	entry function(s)                    :     2
	trace call(s)                        :     1
	continuation callable call(s)        :     0
	direct callable call(s)              :     0
	basic block(s) in entry functions    :    67
	instruction(s) in entry functions    :  1011
	non-entry function(s)                :     1
	basic block(s) in non-entry functions:     1
	instruction(s) in non-entry functions:     1
	debug information                    :    no
I0924 17:05:47.931810 702038 rt_engine.cu:282] Info: Pipeline statistics
	module(s)                            :     1
	entry function(s)                    :     2
	trace call(s)                        :     1
	continuation callable call(s)        :     0
	direct callable call(s)              :     0
	basic block(s) in entry functions    :    43
	instruction(s) in entry functions    :   831
	non-entry function(s)                :     1
	basic block(s) in non-entry functions:     1
	instruction(s) in non-entry functions:     1
	debug information                    :    no
I0924 17:05:47.932451 702038 primitive.h:252] Enlarge limit: 1 ne: 1024843 aabbs: 1024787 Compress ratio: 5.46425e-05 Time: 0.374 ms
I0924 17:05:47.932495 702038 rt_engine.cu:397] Building AS, num prims: 1024787, Required Temp Size: 78045952 Output Size: 38344448
I0924 17:05:47.935621 702038 rt_engine.h:159] Parm size: 152
I0924 17:05:47.935638 702038 rt_engine.cu:554] optixLaunch, [w,h,d] = 7168403,1,1
I0924 17:05:47.938475 702038 rt_engine.h:159] Parm size: 152
I0924 17:05:47.938483 702038 rt_engine.cu:554] optixLaunch, [w,h,d] = 7168403,1,1
I0924 17:05:47.941310 702038 rt_engine.h:159] Parm size: 152
I0924 17:05:47.941316 702038 rt_engine.cu:554] optixLaunch, [w,h,d] = 7168403,1,1
I0924 17:05:47.944144 702038 rt_engine.h:159] Parm size: 152
I0924 17:05:47.944151 702038 rt_engine.cu:554] optixLaunch, [w,h,d] = 7168403,1,1
I0924 17:05:47.946976 702038 rt_engine.h:159] Parm size: 152
I0924 17:05:47.946982 702038 rt_engine.cu:554] optixLaunch, [w,h,d] = 7168403,1,1
I0924 17:05:47.949810 702038 rt_engine.h:159] Parm size: 152
I0924 17:05:47.949816 702038 rt_engine.cu:554] optixLaunch, [w,h,d] = 7168403,1,1
I0924 17:05:47.952642 702038 rt_engine.h:159] Parm size: 152
I0924 17:05:47.952649 702038 rt_engine.cu:554] optixLaunch, [w,h,d] = 7168403,1,1
I0924 17:05:47.955475 702038 rt_engine.h:159] Parm size: 152
I0924 17:05:47.955482 702038 rt_engine.cu:554] optixLaunch, [w,h,d] = 7168403,1,1
I0924 17:05:47.958308 702038 rt_engine.h:159] Parm size: 152
I0924 17:05:47.958315 702038 rt_engine.cu:554] optixLaunch, [w,h,d] = 7168403,1,1
I0924 17:05:47.961141 702038 rt_engine.h:159] Parm size: 152
I0924 17:05:47.961148 702038 rt_engine.cu:554] optixLaunch, [w,h,d] = 7168403,1,1
Timing results:
 - Read map: 96.272 ms

 - Create Context: 0.000953674 ms

 - Generate Workloads: 3065.9 ms

 - Create App: 81.7771 ms

 - Init: 0.0560284 ms

 - Adaptive Grouping: 0.394821 ms

 - Build Index: 3.04413 ms

 - Warmup: 14.257 ms

 - Query: 2.83298 ms

 - Cleanup: 4.4961 ms

