/local/storage/liang/.clion/RayJoin/cmake-build-release-dl190/bin/query_exec -poly1 /local/storage/liang/Downloads/Datasets/point_cdb/lakes/Europe/lakes_Europe_Point.cdb              -poly2 /local/storage/liang/Downloads/Datasets/point_cdb/parks/Europe/parks_Europe_Point.cdb              -serialize=/dev/shm              -mode=rt              -v=1              -query=pip              -seed=1              -xsect_factor 0.1              -sample_map_id=1              -sample=points              -sample_rate=0.3              -warmup=5              -repeat=5              -enlarge=1              -check=false
I0924 17:06:00.329159 702222 planar_graph.h:216] Map /dev/shm/-local-storage-liang-Downloads-Datasets-point_cdb-lakes-Europe-lakes_Europe_Point.cdb.bin is deserialized, chains: 831264 points: 28687526 edges: 27856262
I0924 17:06:01.932629 702222 planar_graph.h:216] Map /dev/shm/-local-storage-liang-Downloads-Datasets-point_cdb-parks-Europe-parks_Europe_Point.cdb.bin is deserialized, chains: 3299874 points: 69273661 edges: 65973787
I0924 17:06:01.932663 702222 context.h:51] Bounding Box, Bottom-left: (-31.2515, 35.0264), Top-right: (68.8331, 81.3082)
I0924 17:06:01.932680 702222 context.h:58] Scaled Bounding Box, Bottom-left: (-68990108085658, -67453827351386), Top-right: (68990108085657, 67453827351385)
I0924 17:06:01.932682 702222 context.h:61] Unscaled Bounding Box, Bottom-left: (-31.2515, 35.0264), Top-right: (68.8331, 81.3082)
I0924 17:06:11.383774 702222 run_query.cu:394] Sampling points, sample rate: 0.3, seed: 1 Points: 20782100
I0924 17:06:11.546900 702222 rt_engine.cu:282] Info: Pipeline statistics
	module(s)                            :     1
	entry function(s)                    :     2
	trace call(s)                        :     1
	continuation callable call(s)        :     0
	direct callable call(s)              :     0
	basic block(s) in entry functions    :    67
	instruction(s) in entry functions    :  1011
	non-entry function(s)                :     1
	basic block(s) in non-entry functions:     1
	instruction(s) in non-entry functions:     1
	debug information                    :    no
I0924 17:06:11.551909 702222 rt_engine.cu:282] Info: Pipeline statistics
	module(s)                            :     1
	entry function(s)                    :     2
	trace call(s)                        :     1
	continuation callable call(s)        :     0
	direct callable call(s)              :     0
	basic block(s) in entry functions    :    43
	instruction(s) in entry functions    :   831
	non-entry function(s)                :     1
	basic block(s) in non-entry functions:     1
	instruction(s) in non-entry functions:     1
	debug information                    :    no
I0924 17:06:11.557741 702222 primitive.h:252] Enlarge limit: 1 ne: 27856262 aabbs: 27849772 Compress ratio: 0.000232982 Time: 5.083 ms
I0924 17:06:11.557801 702222 rt_engine.cu:397] Building AS, num prims: 27849772, Required Temp Size: 2120936192 Output Size: 1041979904
I0924 17:06:11.630041 702222 rt_engine.h:159] Parm size: 152
I0924 17:06:11.630060 702222 rt_engine.cu:554] optixLaunch, [w,h,d] = 20782100,1,1
I0924 17:06:11.672504 702222 rt_engine.h:159] Parm size: 152
I0924 17:06:11.672511 702222 rt_engine.cu:554] optixLaunch, [w,h,d] = 20782100,1,1
I0924 17:06:11.714210 702222 rt_engine.h:159] Parm size: 152
I0924 17:06:11.714216 702222 rt_engine.cu:554] optixLaunch, [w,h,d] = 20782100,1,1
I0924 17:06:11.755887 702222 rt_engine.h:159] Parm size: 152
I0924 17:06:11.755893 702222 rt_engine.cu:554] optixLaunch, [w,h,d] = 20782100,1,1
I0924 17:06:11.797609 702222 rt_engine.h:159] Parm size: 152
I0924 17:06:11.797616 702222 rt_engine.cu:554] optixLaunch, [w,h,d] = 20782100,1,1
I0924 17:06:11.839541 702222 rt_engine.h:159] Parm size: 152
I0924 17:06:11.839547 702222 rt_engine.cu:554] optixLaunch, [w,h,d] = 20782100,1,1
I0924 17:06:11.881526 702222 rt_engine.h:159] Parm size: 152
I0924 17:06:11.881532 702222 rt_engine.cu:554] optixLaunch, [w,h,d] = 20782100,1,1
I0924 17:06:11.923566 702222 rt_engine.h:159] Parm size: 152
I0924 17:06:11.923573 702222 rt_engine.cu:554] optixLaunch, [w,h,d] = 20782100,1,1
I0924 17:06:11.965607 702222 rt_engine.h:159] Parm size: 152
I0924 17:06:11.965613 702222 rt_engine.cu:554] optixLaunch, [w,h,d] = 20782100,1,1
I0924 17:06:12.007614 702222 rt_engine.h:159] Parm size: 152
I0924 17:06:12.007622 702222 rt_engine.cu:554] optixLaunch, [w,h,d] = 20782100,1,1
Timing results:
 - Read map: 714.795 ms

 - Create Context: 0.000953674 ms

 - Generate Workloads: 11132.2 ms

 - Create App: 91.0449 ms

 - Init: 0.0720024 ms

 - Adaptive Grouping: 5.10597 ms

 - Build Index: 72.0391 ms

 - Warmup: 209.642 ms

 - Query: 42.0256 ms

 - Cleanup: 12.027 ms

