/local/storage/liang/.clion/RayJoin/cmake-build-release-dl190/bin/query_exec -poly1 /local/storage/liang/Downloads/Datasets/point_cdb/lakes/Africa/lakes_Africa_Point.cdb              -poly2 /local/storage/liang/Downloads/Datasets/point_cdb/parks/Africa/parks_Africa_Point.cdb              -serialize=/dev/shm              -mode=rt              -v=1              -query=pip              -seed=1              -xsect_factor 0.1              -sample_map_id=1              -sample=points              -sample_rate=1.0              -warmup=5              -repeat=5              -ag=0              -check=false
I1012 17:22:36.744637 2538528 planar_graph.h:216] Map /dev/shm/-local-storage-liang-Downloads-Datasets-point_cdb-lakes-Africa-lakes_Africa_Point.cdb.bin is deserialized, chains: 27178 points: 1872496 edges: 1845318
I1012 17:22:36.776801 2538528 planar_graph.h:216] Map /dev/shm/-local-storage-liang-Downloads-Datasets-point_cdb-parks-Africa-parks_Africa_Point.cdb.bin is deserialized, chains: 41991 points: 1358103 edges: 1316112
I1012 17:22:36.776844 2538528 context.h:51] Bounding Box, Bottom-left: (-25.2135, -34.7852), Top-right: (63.4371, 37.3456)
I1012 17:22:36.776859 2538528 context.h:58] Scaled Bounding Box, Bottom-left: (-68816217462298, -68470241806767), Top-right: (68816217462297, 68470241806766)
I1012 17:22:36.776861 2538528 context.h:61] Unscaled Bounding Box, Bottom-left: (-25.2135, -34.7852), Top-right: (63.4371, 37.3456)
I1012 17:22:37.069748 2538528 run_query.cu:400] Sampling points, sample rate: 1, seed: 1 Points: 1358103
I1012 17:22:37.147351 2538528 rt_engine.cu:282] Info: Pipeline statistics
	module(s)                            :     1
	entry function(s)                    :     2
	trace call(s)                        :     1
	continuation callable call(s)        :     0
	direct callable call(s)              :     0
	basic block(s) in entry functions    :    67
	instruction(s) in entry functions    :  1011
	non-entry function(s)                :     1
	basic block(s) in non-entry functions:     1
	instruction(s) in non-entry functions:     1
	debug information                    :    no
I1012 17:22:37.152523 2538528 rt_engine.cu:282] Info: Pipeline statistics
	module(s)                            :     1
	entry function(s)                    :     2
	trace call(s)                        :     1
	continuation callable call(s)        :     0
	direct callable call(s)              :     0
	basic block(s) in entry functions    :    43
	instruction(s) in entry functions    :   831
	non-entry function(s)                :     1
	basic block(s) in non-entry functions:     1
	instruction(s) in non-entry functions:     1
	debug information                    :    no
I1012 17:22:37.153275 2538528 rt_engine.cu:397] Building AS, num prims: 1845318, Required Temp Size: 140534656 Output Size: 69043968
I1012 17:22:37.158641 2538528 rt_engine.h:159] Parm size: 152
I1012 17:22:37.158658 2538528 rt_engine.cu:554] optixLaunch, [w,h,d] = 1358103,1,1
I1012 17:22:37.159638 2538528 rt_engine.h:159] Parm size: 152
I1012 17:22:37.159646 2538528 rt_engine.cu:554] optixLaunch, [w,h,d] = 1358103,1,1
I1012 17:22:37.160589 2538528 rt_engine.h:159] Parm size: 152
I1012 17:22:37.160595 2538528 rt_engine.cu:554] optixLaunch, [w,h,d] = 1358103,1,1
I1012 17:22:37.161525 2538528 rt_engine.h:159] Parm size: 152
I1012 17:22:37.161531 2538528 rt_engine.cu:554] optixLaunch, [w,h,d] = 1358103,1,1
I1012 17:22:37.162459 2538528 rt_engine.h:159] Parm size: 152
I1012 17:22:37.162467 2538528 rt_engine.cu:554] optixLaunch, [w,h,d] = 1358103,1,1
I1012 17:22:37.163396 2538528 rt_engine.h:159] Parm size: 152
I1012 17:22:37.163403 2538528 rt_engine.cu:554] optixLaunch, [w,h,d] = 1358103,1,1
I1012 17:22:37.164332 2538528 rt_engine.h:159] Parm size: 152
I1012 17:22:37.164338 2538528 rt_engine.cu:554] optixLaunch, [w,h,d] = 1358103,1,1
I1012 17:22:37.165267 2538528 rt_engine.h:159] Parm size: 152
I1012 17:22:37.165274 2538528 rt_engine.cu:554] optixLaunch, [w,h,d] = 1358103,1,1
I1012 17:22:37.166203 2538528 rt_engine.h:159] Parm size: 152
I1012 17:22:37.166210 2538528 rt_engine.cu:554] optixLaunch, [w,h,d] = 1358103,1,1
I1012 17:22:37.167140 2538528 rt_engine.h:159] Parm size: 152
I1012 17:22:37.167146 2538528 rt_engine.cu:554] optixLaunch, [w,h,d] = 1358103,1,1
Timing results:
 - Read map: 116.423 ms

 - Create Context: 0.00190735 ms

 - Generate Workloads: 328.142 ms

 - Create App: 79.7112 ms

 - Init: 0.156879 ms

 - Adaptive Grouping: 0.365019 ms

 - Build Index: 5.33295 ms

 - Warmup: 4.80103 ms

 - Query: 0.935793 ms

 - Cleanup: 6.30116 ms

