/local/storage/liang/.clion/RayJoin/cmake-build-release-dl190/bin/query_exec -poly1 /local/storage/liang/Downloads/Datasets/point_cdb/lakes/Australia/lakes_Australia_Point.cdb              -poly2 /local/storage/liang/Downloads/Datasets/point_cdb/parks/Australia/parks_Australia_Point.cdb              -serialize=/dev/shm              -mode=rt              -v=1              -query=pip              -seed=1              -xsect_factor 0.1              -sample_map_id=1              -sample=map              -sample_rate=0.7              -warmup=5              -repeat=5              -enlarge=5
I0924 16:40:05.519488 689213 planar_graph.h:216] Map /dev/shm/-local-storage-liang-Downloads-Datasets-point_cdb-lakes-Australia-lakes_Australia_Point.cdb.bin is deserialized, chains: 16702 points: 1254743 edges: 1238041
I0924 16:40:05.533496 689213 planar_graph.h:216] Map /dev/shm/-local-storage-liang-Downloads-Datasets-point_cdb-parks-Australia-parks_Australia_Point.cdb.bin is deserialized, chains: 22386 points: 589464 edges: 567078
I0924 16:40:05.533521 689213 context.h:51] Bounding Box, Bottom-left: (112.971, -54.7384), Top-right: (158.947, -10.1168)
I0924 16:40:05.533540 689213 context.h:58] Scaled Bounding Box, Bottom-left: (-67435232688127, -67350025946940), Top-right: (67435232688126, 67350025946939)
I0924 16:40:05.533541 689213 context.h:61] Unscaled Bounding Box, Bottom-left: (112.971, -54.7384), Top-right: (158.947, -10.1168)
I0924 16:40:05.685313 689213 run_query.cu:348] Sampling map, sample rate: 0.7, seed: 1
I0924 16:40:05.699400 689213 planar_graph.h:310] Map is sampled, chains: 22386 points: 414553 edges: 392167
I0924 16:40:05.768023 689213 rt_engine.cu:282] Info: Pipeline statistics
	module(s)                            :     1
	entry function(s)                    :     2
	trace call(s)                        :     1
	continuation callable call(s)        :     0
	direct callable call(s)              :     0
	basic block(s) in entry functions    :    67
	instruction(s) in entry functions    :  1011
	non-entry function(s)                :     1
	basic block(s) in non-entry functions:     1
	instruction(s) in non-entry functions:     1
	debug information                    :    no
I0924 16:40:05.772984 689213 rt_engine.cu:282] Info: Pipeline statistics
	module(s)                            :     1
	entry function(s)                    :     2
	trace call(s)                        :     1
	continuation callable call(s)        :     0
	direct callable call(s)              :     0
	basic block(s) in entry functions    :    43
	instruction(s) in entry functions    :   831
	non-entry function(s)                :     1
	basic block(s) in non-entry functions:     1
	instruction(s) in non-entry functions:     1
	debug information                    :    no
I0924 16:40:05.773978 689213 primitive.h:252] Enlarge limit: 5 ne: 1238041 aabbs: 91856 Compress ratio: 0.925805 Time: 0.758 ms
I0924 16:40:05.774021 689213 rt_engine.cu:397] Building AS, num prims: 91856, Required Temp Size: 6997248 Output Size: 3439488
I0924 16:40:05.774844 689213 rt_engine.h:159] Parm size: 152
I0924 16:40:05.774859 689213 rt_engine.cu:554] optixLaunch, [w,h,d] = 589464,1,1
I0924 16:40:05.775986 689213 rt_engine.h:159] Parm size: 152
I0924 16:40:05.775995 689213 rt_engine.cu:554] optixLaunch, [w,h,d] = 589464,1,1
I0924 16:40:05.777107 689213 rt_engine.h:159] Parm size: 152
I0924 16:40:05.777113 689213 rt_engine.cu:554] optixLaunch, [w,h,d] = 589464,1,1
I0924 16:40:05.778223 689213 rt_engine.h:159] Parm size: 152
I0924 16:40:05.778230 689213 rt_engine.cu:554] optixLaunch, [w,h,d] = 589464,1,1
I0924 16:40:05.779345 689213 rt_engine.h:159] Parm size: 152
I0924 16:40:05.779351 689213 rt_engine.cu:554] optixLaunch, [w,h,d] = 589464,1,1
I0924 16:40:05.780469 689213 rt_engine.h:159] Parm size: 152
I0924 16:40:05.780475 689213 rt_engine.cu:554] optixLaunch, [w,h,d] = 589464,1,1
I0924 16:40:05.781584 689213 rt_engine.h:159] Parm size: 152
I0924 16:40:05.781590 689213 rt_engine.cu:554] optixLaunch, [w,h,d] = 589464,1,1
I0924 16:40:05.782711 689213 rt_engine.h:159] Parm size: 152
I0924 16:40:05.782716 689213 rt_engine.cu:554] optixLaunch, [w,h,d] = 589464,1,1
I0924 16:40:05.783840 689213 rt_engine.h:159] Parm size: 152
I0924 16:40:05.783847 689213 rt_engine.cu:554] optixLaunch, [w,h,d] = 589464,1,1
I0924 16:40:05.784963 689213 rt_engine.h:159] Parm size: 152
I0924 16:40:05.784969 689213 rt_engine.cu:554] optixLaunch, [w,h,d] = 589464,1,1
I0924 16:40:05.786417 689213 uniform_grid.h:267] Creating the uniform grid, resolution: 2048, Size: 112 MB
I0924 16:40:05.786949 689213 uniform_grid.h:323] Total Edges in the grid: 1262892, Size: 9 MB
I0924 16:40:05.787322 689213 run_query.cu:32] Checking point in polygon
I0924 16:40:05.819747 689213 run_query.cu:95] Map: 0 passed check
Timing results:
 - Read map: 101.364 ms

 - Create Context: 0.00190735 ms

 - Generate Workloads: 181.246 ms

 - Create App: 72.2289 ms

 - Init: 0.0350475 ms

 - Adaptive Grouping: 0.77796 ms

 - Build Index: 0.809193 ms

 - Warmup: 5.65577 ms

 - Query: 1.12324 ms

 - Check: 36.7229 ms

 - Cleanup: 5.03397 ms

