/local/storage/liang/.clion/RayJoin/cmake-build-release-dl190/bin/query_exec -poly1 /local/storage/liang/Downloads/Datasets/point_cdb/lakes/Asia/lakes_Asia_Point.cdb              -poly2 /local/storage/liang/Downloads/Datasets/point_cdb/parks/Asia/parks_Asia_Point.cdb              -serialize=/dev/shm              -mode=rt              -v=1              -query=pip              -seed=1              -xsect_factor 0.1              -sample_map_id=1              -sample=map              -sample_rate=0.3              -warmup=5              -repeat=5              -enlarge=5
I0924 16:36:50.601707 687564 planar_graph.h:216] Map /dev/shm/-local-storage-liang-Downloads-Datasets-point_cdb-lakes-Asia-lakes_Asia_Point.cdb.bin is deserialized, chains: 194573 points: 10541220 edges: 10346647
I0924 16:36:50.867319 687564 planar_graph.h:216] Map /dev/shm/-local-storage-liang-Downloads-Datasets-point_cdb-parks-Asia-parks_Asia_Point.cdb.bin is deserialized, chains: 277198 points: 12209639 edges: 11932441
I0924 16:36:50.867347 687564 context.h:51] Bounding Box, Bottom-left: (-179.972, -10.8197), Top-right: (179.984, 81.2255)
I0924 16:36:50.867362 687564 context.h:58] Scaled Bounding Box, Bottom-left: (-69979919611218, -68872256062147), Top-right: (69979919611217, 68872256062146)
I0924 16:36:50.867364 687564 context.h:61] Unscaled Bounding Box, Bottom-left: (-179.972, -10.8197), Top-right: (179.984, 81.2255)
I0924 16:36:52.558699 687564 run_query.cu:348] Sampling map, sample rate: 0.3, seed: 1
I0924 16:36:52.734565 687564 planar_graph.h:310] Map is sampled, chains: 277198 points: 3896029 edges: 3618831
I0924 16:36:52.822700 687564 rt_engine.cu:282] Info: Pipeline statistics
	module(s)                            :     1
	entry function(s)                    :     2
	trace call(s)                        :     1
	continuation callable call(s)        :     0
	direct callable call(s)              :     0
	basic block(s) in entry functions    :    67
	instruction(s) in entry functions    :  1011
	non-entry function(s)                :     1
	basic block(s) in non-entry functions:     1
	instruction(s) in non-entry functions:     1
	debug information                    :    no
I0924 16:36:52.827601 687564 rt_engine.cu:282] Info: Pipeline statistics
	module(s)                            :     1
	entry function(s)                    :     2
	trace call(s)                        :     1
	continuation callable call(s)        :     0
	direct callable call(s)              :     0
	basic block(s) in entry functions    :    43
	instruction(s) in entry functions    :   831
	non-entry function(s)                :     1
	basic block(s) in non-entry functions:     1
	instruction(s) in non-entry functions:     1
	debug information                    :    no
I0924 16:36:52.833475 687564 primitive.h:252] Enlarge limit: 5 ne: 10346647 aabbs: 762458 Compress ratio: 0.926309 Time: 5.559 ms
I0924 16:36:52.833516 687564 rt_engine.cu:397] Building AS, num prims: 762458, Required Temp Size: 58067968 Output Size: 28529536
I0924 16:36:52.836308 687564 rt_engine.h:159] Parm size: 152
I0924 16:36:52.836324 687564 rt_engine.cu:554] optixLaunch, [w,h,d] = 12209639,1,1
I0924 16:36:52.858656 687564 rt_engine.h:159] Parm size: 152
I0924 16:36:52.858664 687564 rt_engine.cu:554] optixLaunch, [w,h,d] = 12209639,1,1
I0924 16:36:52.880977 687564 rt_engine.h:159] Parm size: 152
I0924 16:36:52.880985 687564 rt_engine.cu:554] optixLaunch, [w,h,d] = 12209639,1,1
I0924 16:36:52.903296 687564 rt_engine.h:159] Parm size: 152
I0924 16:36:52.903304 687564 rt_engine.cu:554] optixLaunch, [w,h,d] = 12209639,1,1
I0924 16:36:52.925608 687564 rt_engine.h:159] Parm size: 152
I0924 16:36:52.925614 687564 rt_engine.cu:554] optixLaunch, [w,h,d] = 12209639,1,1
I0924 16:36:52.947273 687564 rt_engine.h:159] Parm size: 152
I0924 16:36:52.947280 687564 rt_engine.cu:554] optixLaunch, [w,h,d] = 12209639,1,1
I0924 16:36:52.967209 687564 rt_engine.h:159] Parm size: 152
I0924 16:36:52.967216 687564 rt_engine.cu:554] optixLaunch, [w,h,d] = 12209639,1,1
I0924 16:36:52.987143 687564 rt_engine.h:159] Parm size: 152
I0924 16:36:52.987149 687564 rt_engine.cu:554] optixLaunch, [w,h,d] = 12209639,1,1
I0924 16:36:53.007079 687564 rt_engine.h:159] Parm size: 152
I0924 16:36:53.007086 687564 rt_engine.cu:554] optixLaunch, [w,h,d] = 12209639,1,1
I0924 16:36:53.027014 687564 rt_engine.h:159] Parm size: 152
I0924 16:36:53.027020 687564 rt_engine.cu:554] optixLaunch, [w,h,d] = 12209639,1,1
I0924 16:36:53.047291 687564 uniform_grid.h:267] Creating the uniform grid, resolution: 2048, Size: 112 MB
I0924 16:36:53.048647 687564 uniform_grid.h:323] Total Edges in the grid: 10480169, Size: 79 MB
I0924 16:36:53.050194 687564 run_query.cu:32] Checking point in polygon
I0924 16:36:53.599462 687564 run_query.cu:95] Map: 0 passed check
Timing results:
 - Read map: 299.551 ms

 - Create Context: 0.00190735 ms

 - Generate Workloads: 2152.66 ms

 - Create App: 73.2439 ms

 - Init: 0.0751019 ms

 - Adaptive Grouping: 5.57995 ms

 - Build Index: 2.65694 ms

 - Warmup: 111.062 ms

 - Query: 19.9366 ms

 - Check: 574.573 ms

 - Cleanup: 8.33797 ms

