/local/storage/liang/.clion/RayJoin/cmake-build-release-dl190/bin/query_exec -poly1 /local/storage/liang/Downloads/Datasets/point_cdb/lakes/North_America/lakes_North_America_Point.cdb              -poly2 /local/storage/liang/Downloads/Datasets/point_cdb/parks/North_America/parks_North_America_Point.cdb              -serialize=/dev/shm              -mode=rt              -v=1              -query=pip              -seed=1              -xsect_factor 0.1              -sample_map_id=1              -sample=map              -sample_rate=0.2              -warmup=5              -repeat=5              -enlarge=5
I0924 16:36:24.787958 687305 planar_graph.h:216] Map /dev/shm/-local-storage-liang-Downloads-Datasets-point_cdb-lakes-North_America-lakes_North_America_Point.cdb.bin is deserialized, chains: 1910184 points: 69273661 edges: 67363477
I0924 16:36:25.380906 687305 planar_graph.h:216] Map /dev/shm/-local-storage-liang-Downloads-Datasets-point_cdb-parks-North_America-parks_North_America_Point.cdb.bin is deserialized, chains: 603325 points: 27465008 edges: 26861683
I0924 16:36:25.380937 687305 context.h:51] Bounding Box, Bottom-left: (-178.058, 7.22476), Top-right: (-45.5202, 71.2885)
I0924 16:36:25.380955 687305 context.h:58] Scaled Bounding Box, Bottom-left: (-69322661498935, -68238415890814), Top-right: (69322661498934, 68238415890813)
I0924 16:36:25.380957 687305 context.h:61] Unscaled Bounding Box, Bottom-left: (-178.058, 7.22476), Top-right: (-45.5202, 71.2885)
I0924 16:36:32.987962 687305 run_query.cu:348] Sampling map, sample rate: 0.2, seed: 1
I0924 16:36:33.304037 687305 planar_graph.h:310] Map is sampled, chains: 603325 points: 6116033 edges: 5512708
I0924 16:36:33.414494 687305 rt_engine.cu:282] Info: Pipeline statistics
	module(s)                            :     1
	entry function(s)                    :     2
	trace call(s)                        :     1
	continuation callable call(s)        :     0
	direct callable call(s)              :     0
	basic block(s) in entry functions    :    67
	instruction(s) in entry functions    :  1011
	non-entry function(s)                :     1
	basic block(s) in non-entry functions:     1
	instruction(s) in non-entry functions:     1
	debug information                    :    no
I0924 16:36:33.419489 687305 rt_engine.cu:282] Info: Pipeline statistics
	module(s)                            :     1
	entry function(s)                    :     2
	trace call(s)                        :     1
	continuation callable call(s)        :     0
	direct callable call(s)              :     0
	basic block(s) in entry functions    :    43
	instruction(s) in entry functions    :   831
	non-entry function(s)                :     1
	basic block(s) in non-entry functions:     1
	instruction(s) in non-entry functions:     1
	debug information                    :    no
I0924 16:36:33.451870 687305 primitive.h:252] Enlarge limit: 5 ne: 67363477 aabbs: 4933878 Compress ratio: 0.926757 Time: 31.644 ms
I0924 16:36:33.451916 687305 rt_engine.cu:397] Building AS, num prims: 4933878, Required Temp Size: 375747712 Output Size: 184600064
I0924 16:36:33.465304 687305 rt_engine.h:159] Parm size: 152
I0924 16:36:33.465322 687305 rt_engine.cu:554] optixLaunch, [w,h,d] = 27465008,1,1
I0924 16:36:33.535457 687305 rt_engine.h:159] Parm size: 152
I0924 16:36:33.535465 687305 rt_engine.cu:554] optixLaunch, [w,h,d] = 27465008,1,1
I0924 16:36:33.603932 687305 rt_engine.h:159] Parm size: 152
I0924 16:36:33.603938 687305 rt_engine.cu:554] optixLaunch, [w,h,d] = 27465008,1,1
I0924 16:36:33.672417 687305 rt_engine.h:159] Parm size: 152
I0924 16:36:33.672425 687305 rt_engine.cu:554] optixLaunch, [w,h,d] = 27465008,1,1
I0924 16:36:33.740903 687305 rt_engine.h:159] Parm size: 152
I0924 16:36:33.740911 687305 rt_engine.cu:554] optixLaunch, [w,h,d] = 27465008,1,1
I0924 16:36:33.809451 687305 rt_engine.h:159] Parm size: 152
I0924 16:36:33.809458 687305 rt_engine.cu:554] optixLaunch, [w,h,d] = 27465008,1,1
I0924 16:36:33.878404 687305 rt_engine.h:159] Parm size: 152
I0924 16:36:33.878410 687305 rt_engine.cu:554] optixLaunch, [w,h,d] = 27465008,1,1
I0924 16:36:33.947386 687305 rt_engine.h:159] Parm size: 152
I0924 16:36:33.947391 687305 rt_engine.cu:554] optixLaunch, [w,h,d] = 27465008,1,1
I0924 16:36:34.016373 687305 rt_engine.h:159] Parm size: 152
I0924 16:36:34.016379 687305 rt_engine.cu:554] optixLaunch, [w,h,d] = 27465008,1,1
I0924 16:36:34.085351 687305 rt_engine.h:159] Parm size: 152
I0924 16:36:34.085357 687305 rt_engine.cu:554] optixLaunch, [w,h,d] = 27465008,1,1
I0924 16:36:34.154783 687305 uniform_grid.h:267] Creating the uniform grid, resolution: 2048, Size: 112 MB
I0924 16:36:34.161495 687305 uniform_grid.h:323] Total Edges in the grid: 67924324, Size: 518 MB
I0924 16:36:34.175143 687305 run_query.cu:32] Checking point in polygon
I0924 16:36:35.373214 687305 run_query.cu:95] Map: 0 passed check
Timing results:
 - Read map: 1593.33 ms

 - Create Context: 0.00190735 ms

 - Generate Workloads: 8554.55 ms

 - Create App: 77.4469 ms

 - Init: 0.0770092 ms

 - Adaptive Grouping: 31.666 ms

 - Build Index: 13.1121 ms

 - Warmup: 344.32 ms

 - Query: 68.9696 ms

 - Check: 1262.28 ms

 - Cleanup: 10.5581 ms

