/local/storage/liang/.clion/RayJoin/cmake-build-release-dl190/bin/query_exec -poly1 /local/storage/liang/Downloads/Datasets/point_cdb/lakes/Europe/lakes_Europe_Point.cdb              -poly2 /local/storage/liang/Downloads/Datasets/point_cdb/parks/Europe/parks_Europe_Point.cdb              -serialize=/dev/shm              -mode=rt              -v=1              -query=pip              -seed=1              -xsect_factor 0.1              -sample_map_id=1              -sample=points              -sample_rate=0.9              -warmup=5              -repeat=5              -enlarge=1              -check=false
I0924 17:10:12.047250 704382 planar_graph.h:216] Map /dev/shm/-local-storage-liang-Downloads-Datasets-point_cdb-lakes-Europe-lakes_Europe_Point.cdb.bin is deserialized, chains: 831264 points: 28687526 edges: 27856262
I0924 17:10:13.658568 704382 planar_graph.h:216] Map /dev/shm/-local-storage-liang-Downloads-Datasets-point_cdb-parks-Europe-parks_Europe_Point.cdb.bin is deserialized, chains: 3299874 points: 69273661 edges: 65973787
I0924 17:10:13.658600 704382 context.h:51] Bounding Box, Bottom-left: (-31.2515, 35.0264), Top-right: (68.8331, 81.3082)
I0924 17:10:13.658619 704382 context.h:58] Scaled Bounding Box, Bottom-left: (-68990108085658, -67453827351386), Top-right: (68990108085657, 67453827351385)
I0924 17:10:13.658622 704382 context.h:61] Unscaled Bounding Box, Bottom-left: (-31.2515, 35.0264), Top-right: (68.8331, 81.3082)
I0924 17:10:23.365710 704382 run_query.cu:394] Sampling points, sample rate: 0.9, seed: 1 Points: 62346296
I0924 17:10:23.552577 704382 rt_engine.cu:282] Info: Pipeline statistics
	module(s)                            :     1
	entry function(s)                    :     2
	trace call(s)                        :     1
	continuation callable call(s)        :     0
	direct callable call(s)              :     0
	basic block(s) in entry functions    :    67
	instruction(s) in entry functions    :  1011
	non-entry function(s)                :     1
	basic block(s) in non-entry functions:     1
	instruction(s) in non-entry functions:     1
	debug information                    :    no
I0924 17:10:23.557574 704382 rt_engine.cu:282] Info: Pipeline statistics
	module(s)                            :     1
	entry function(s)                    :     2
	trace call(s)                        :     1
	continuation callable call(s)        :     0
	direct callable call(s)              :     0
	basic block(s) in entry functions    :    43
	instruction(s) in entry functions    :   831
	non-entry function(s)                :     1
	basic block(s) in non-entry functions:     1
	instruction(s) in non-entry functions:     1
	debug information                    :    no
I0924 17:10:23.563525 704382 primitive.h:252] Enlarge limit: 1 ne: 27856262 aabbs: 27849772 Compress ratio: 0.000232982 Time: 5.126 ms
I0924 17:10:23.563570 704382 rt_engine.cu:397] Building AS, num prims: 27849772, Required Temp Size: 2120936192 Output Size: 1041979904
I0924 17:10:23.636298 704382 rt_engine.h:159] Parm size: 152
I0924 17:10:23.636317 704382 rt_engine.cu:554] optixLaunch, [w,h,d] = 62346296,1,1
I0924 17:10:23.757469 704382 rt_engine.h:159] Parm size: 152
I0924 17:10:23.757475 704382 rt_engine.cu:554] optixLaunch, [w,h,d] = 62346296,1,1
I0924 17:10:23.878522 704382 rt_engine.h:159] Parm size: 152
I0924 17:10:23.878530 704382 rt_engine.cu:554] optixLaunch, [w,h,d] = 62346296,1,1
I0924 17:10:23.999677 704382 rt_engine.h:159] Parm size: 152
I0924 17:10:23.999683 704382 rt_engine.cu:554] optixLaunch, [w,h,d] = 62346296,1,1
I0924 17:10:24.120806 704382 rt_engine.h:159] Parm size: 152
I0924 17:10:24.120813 704382 rt_engine.cu:554] optixLaunch, [w,h,d] = 62346296,1,1
I0924 17:10:24.241828 704382 rt_engine.h:159] Parm size: 152
I0924 17:10:24.241834 704382 rt_engine.cu:554] optixLaunch, [w,h,d] = 62346296,1,1
I0924 17:10:24.362882 704382 rt_engine.h:159] Parm size: 152
I0924 17:10:24.362890 704382 rt_engine.cu:554] optixLaunch, [w,h,d] = 62346296,1,1
I0924 17:10:24.483909 704382 rt_engine.h:159] Parm size: 152
I0924 17:10:24.483916 704382 rt_engine.cu:554] optixLaunch, [w,h,d] = 62346296,1,1
I0924 17:10:24.604841 704382 rt_engine.h:159] Parm size: 152
I0924 17:10:24.604847 704382 rt_engine.cu:554] optixLaunch, [w,h,d] = 62346296,1,1
I0924 17:10:24.725602 704382 rt_engine.h:159] Parm size: 152
I0924 17:10:24.725608 704382 rt_engine.cu:554] optixLaunch, [w,h,d] = 62346296,1,1
Timing results:
 - Read map: 682.499 ms

 - Create Context: 0.00405312 ms

 - Generate Workloads: 11429.1 ms

 - Create App: 80.507 ms

 - Init: 0.118971 ms

 - Adaptive Grouping: 5.14913 ms

 - Build Index: 72.1219 ms

 - Warmup: 605.875 ms

 - Query: 120.95 ms

 - Cleanup: 12.078 ms

