/local/storage/liang/.clion/RayJoin/cmake-build-release-dl190/bin/query_exec -poly1 /local/storage/liang/Downloads/Datasets/point_cdb/lakes/Africa/lakes_Africa_Point.cdb              -poly2 /local/storage/liang/Downloads/Datasets/point_cdb/parks/Africa/parks_Africa_Point.cdb              -serialize=/dev/shm              -mode=rt              -v=1              -query=pip              -seed=1              -xsect_factor 0.1              -sample_map_id=1              -sample=map              -sample_rate=0.2              -warmup=5              -repeat=5              -enlarge=5
I0924 16:36:02.990057 687139 planar_graph.h:216] Map /dev/shm/-local-storage-liang-Downloads-Datasets-point_cdb-lakes-Africa-lakes_Africa_Point.cdb.bin is deserialized, chains: 27178 points: 1872496 edges: 1845318
I0924 16:36:03.021309 687139 planar_graph.h:216] Map /dev/shm/-local-storage-liang-Downloads-Datasets-point_cdb-parks-Africa-parks_Africa_Point.cdb.bin is deserialized, chains: 41991 points: 1358103 edges: 1316112
I0924 16:36:03.021342 687139 context.h:51] Bounding Box, Bottom-left: (-25.2135, -34.7852), Top-right: (63.4371, 37.3456)
I0924 16:36:03.021358 687139 context.h:58] Scaled Bounding Box, Bottom-left: (-68816217462298, -68470241806767), Top-right: (68816217462297, 68470241806766)
I0924 16:36:03.021360 687139 context.h:61] Unscaled Bounding Box, Bottom-left: (-25.2135, -34.7852), Top-right: (63.4371, 37.3456)
I0924 16:36:03.279683 687139 run_query.cu:348] Sampling map, sample rate: 0.2, seed: 1
I0924 16:36:03.295500 687139 planar_graph.h:310] Map is sampled, chains: 41991 points: 317643 edges: 275652
I0924 16:36:03.366467 687139 rt_engine.cu:282] Info: Pipeline statistics
	module(s)                            :     1
	entry function(s)                    :     2
	trace call(s)                        :     1
	continuation callable call(s)        :     0
	direct callable call(s)              :     0
	basic block(s) in entry functions    :    67
	instruction(s) in entry functions    :  1011
	non-entry function(s)                :     1
	basic block(s) in non-entry functions:     1
	instruction(s) in non-entry functions:     1
	debug information                    :    no
I0924 16:36:03.371412 687139 rt_engine.cu:282] Info: Pipeline statistics
	module(s)                            :     1
	entry function(s)                    :     2
	trace call(s)                        :     1
	continuation callable call(s)        :     0
	direct callable call(s)              :     0
	basic block(s) in entry functions    :    43
	instruction(s) in entry functions    :   831
	non-entry function(s)                :     1
	basic block(s) in non-entry functions:     1
	instruction(s) in non-entry functions:     1
	debug information                    :    no
I0924 16:36:03.372702 687139 primitive.h:252] Enlarge limit: 5 ne: 1845318 aabbs: 118595 Compress ratio: 0.935732 Time: 1.066 ms
I0924 16:36:03.372745 687139 rt_engine.cu:397] Building AS, num prims: 118595, Required Temp Size: 9033728 Output Size: 4440064
I0924 16:36:03.373596 687139 rt_engine.h:159] Parm size: 152
I0924 16:36:03.373610 687139 rt_engine.cu:554] optixLaunch, [w,h,d] = 1358103,1,1
I0924 16:36:03.375310 687139 rt_engine.h:159] Parm size: 152
I0924 16:36:03.375317 687139 rt_engine.cu:554] optixLaunch, [w,h,d] = 1358103,1,1
I0924 16:36:03.377007 687139 rt_engine.h:159] Parm size: 152
I0924 16:36:03.377014 687139 rt_engine.cu:554] optixLaunch, [w,h,d] = 1358103,1,1
I0924 16:36:03.378695 687139 rt_engine.h:159] Parm size: 152
I0924 16:36:03.378701 687139 rt_engine.cu:554] optixLaunch, [w,h,d] = 1358103,1,1
I0924 16:36:03.380386 687139 rt_engine.h:159] Parm size: 152
I0924 16:36:03.380393 687139 rt_engine.cu:554] optixLaunch, [w,h,d] = 1358103,1,1
I0924 16:36:03.382077 687139 rt_engine.h:159] Parm size: 152
I0924 16:36:03.382084 687139 rt_engine.cu:554] optixLaunch, [w,h,d] = 1358103,1,1
I0924 16:36:03.383772 687139 rt_engine.h:159] Parm size: 152
I0924 16:36:03.383792 687139 rt_engine.cu:554] optixLaunch, [w,h,d] = 1358103,1,1
I0924 16:36:03.385478 687139 rt_engine.h:159] Parm size: 152
I0924 16:36:03.385484 687139 rt_engine.cu:554] optixLaunch, [w,h,d] = 1358103,1,1
I0924 16:36:03.387178 687139 rt_engine.h:159] Parm size: 152
I0924 16:36:03.387185 687139 rt_engine.cu:554] optixLaunch, [w,h,d] = 1358103,1,1
I0924 16:36:03.388870 687139 rt_engine.h:159] Parm size: 152
I0924 16:36:03.388876 687139 rt_engine.cu:554] optixLaunch, [w,h,d] = 1358103,1,1
I0924 16:36:03.390880 687139 uniform_grid.h:267] Creating the uniform grid, resolution: 2048, Size: 112 MB
I0924 16:36:03.391413 687139 uniform_grid.h:323] Total Edges in the grid: 1899687, Size: 14 MB
I0924 16:36:03.391830 687139 run_query.cu:32] Checking point in polygon
I0924 16:36:03.436853 687139 run_query.cu:95] Map: 0 passed check
Timing results:
 - Read map: 117.632 ms

 - Create Context: 0.000953674 ms

 - Generate Workloads: 307.986 ms

 - Create App: 73.302 ms

 - Init: 0.0469685 ms

 - Adaptive Grouping: 1.086 ms

 - Build Index: 0.825882 ms

 - Warmup: 8.51917 ms

 - Query: 1.69678 ms

 - Check: 50.6041 ms

 - Cleanup: 5.27287 ms

