/local/storage/liang/.clion/RayJoin/cmake-build-release-dl190/bin/query_exec -poly1 /local/storage/liang/Downloads/Datasets/point_cdb/lakes/Australia/lakes_Australia_Point.cdb              -poly2 /local/storage/liang/Downloads/Datasets/point_cdb/parks/Australia/parks_Australia_Point.cdb              -serialize=/dev/shm              -mode=rt              -v=1              -query=pip              -seed=1              -xsect_factor 0.1              -sample_map_id=1              -sample=points              -sample_rate=0.6              -warmup=5              -repeat=5              -ag=0              -check=false
I1012 17:21:13.116741 2537829 planar_graph.h:216] Map /dev/shm/-local-storage-liang-Downloads-Datasets-point_cdb-lakes-Australia-lakes_Australia_Point.cdb.bin is deserialized, chains: 16702 points: 1254743 edges: 1238041
I1012 17:21:13.130843 2537829 planar_graph.h:216] Map /dev/shm/-local-storage-liang-Downloads-Datasets-point_cdb-parks-Australia-parks_Australia_Point.cdb.bin is deserialized, chains: 22386 points: 589464 edges: 567078
I1012 17:21:13.130873 2537829 context.h:51] Bounding Box, Bottom-left: (112.971, -54.7384), Top-right: (158.947, -10.1168)
I1012 17:21:13.130890 2537829 context.h:58] Scaled Bounding Box, Bottom-left: (-67435232688127, -67350025946940), Top-right: (67435232688126, 67350025946939)
I1012 17:21:13.130892 2537829 context.h:61] Unscaled Bounding Box, Bottom-left: (112.971, -54.7384), Top-right: (158.947, -10.1168)
I1012 17:21:13.298502 2537829 run_query.cu:400] Sampling points, sample rate: 0.6, seed: 1 Points: 353678
I1012 17:21:13.375674 2537829 rt_engine.cu:282] Info: Pipeline statistics
	module(s)                            :     1
	entry function(s)                    :     2
	trace call(s)                        :     1
	continuation callable call(s)        :     0
	direct callable call(s)              :     0
	basic block(s) in entry functions    :    67
	instruction(s) in entry functions    :  1011
	non-entry function(s)                :     1
	basic block(s) in non-entry functions:     1
	instruction(s) in non-entry functions:     1
	debug information                    :    no
I1012 17:21:13.380618 2537829 rt_engine.cu:282] Info: Pipeline statistics
	module(s)                            :     1
	entry function(s)                    :     2
	trace call(s)                        :     1
	continuation callable call(s)        :     0
	direct callable call(s)              :     0
	basic block(s) in entry functions    :    43
	instruction(s) in entry functions    :   831
	non-entry function(s)                :     1
	basic block(s) in non-entry functions:     1
	instruction(s) in non-entry functions:     1
	debug information                    :    no
I1012 17:21:13.381165 2537829 rt_engine.cu:397] Building AS, num prims: 1238041, Required Temp Size: 94286720 Output Size: 46323200
I1012 17:21:13.384686 2537829 rt_engine.h:159] Parm size: 152
I1012 17:21:13.384703 2537829 rt_engine.cu:554] optixLaunch, [w,h,d] = 353678,1,1
I1012 17:21:13.385113 2537829 rt_engine.h:159] Parm size: 152
I1012 17:21:13.385120 2537829 rt_engine.cu:554] optixLaunch, [w,h,d] = 353678,1,1
I1012 17:21:13.385514 2537829 rt_engine.h:159] Parm size: 152
I1012 17:21:13.385520 2537829 rt_engine.cu:554] optixLaunch, [w,h,d] = 353678,1,1
I1012 17:21:13.385907 2537829 rt_engine.h:159] Parm size: 152
I1012 17:21:13.385915 2537829 rt_engine.cu:554] optixLaunch, [w,h,d] = 353678,1,1
I1012 17:21:13.386299 2537829 rt_engine.h:159] Parm size: 152
I1012 17:21:13.386307 2537829 rt_engine.cu:554] optixLaunch, [w,h,d] = 353678,1,1
I1012 17:21:13.386691 2537829 rt_engine.h:159] Parm size: 152
I1012 17:21:13.386698 2537829 rt_engine.cu:554] optixLaunch, [w,h,d] = 353678,1,1
I1012 17:21:13.387084 2537829 rt_engine.h:159] Parm size: 152
I1012 17:21:13.387091 2537829 rt_engine.cu:554] optixLaunch, [w,h,d] = 353678,1,1
I1012 17:21:13.387477 2537829 rt_engine.h:159] Parm size: 152
I1012 17:21:13.387483 2537829 rt_engine.cu:554] optixLaunch, [w,h,d] = 353678,1,1
I1012 17:21:13.387869 2537829 rt_engine.h:159] Parm size: 152
I1012 17:21:13.387876 2537829 rt_engine.cu:554] optixLaunch, [w,h,d] = 353678,1,1
I1012 17:21:13.388262 2537829 rt_engine.h:159] Parm size: 152
I1012 17:21:13.388268 2537829 rt_engine.cu:554] optixLaunch, [w,h,d] = 353678,1,1
Timing results:
 - Read map: 94.331 ms

 - Create Context: 0.000953674 ms

 - Generate Workloads: 182.574 ms

 - Create App: 81.2728 ms

 - Init: 0.09799 ms

 - Adaptive Grouping: 0.255108 ms

 - Build Index: 3.49689 ms

 - Warmup: 2.04706 ms

 - Query: 0.392389 ms

 - Cleanup: 3.48616 ms

