/local/storage/liang/.clion/RayJoin/cmake-build-release-dl190/bin/query_exec -poly1 /local/storage/liang/Downloads/Datasets/point_cdb/lakes/Africa/lakes_Africa_Point.cdb              -poly2 /local/storage/liang/Downloads/Datasets/point_cdb/parks/Africa/parks_Africa_Point.cdb              -serialize=/dev/shm              -mode=rt              -v=1              -query=pip              -seed=1              -xsect_factor 0.1              -sample_map_id=1              -sample=points              -sample_rate=0.9              -warmup=5              -repeat=5              -enlarge=1              -check=false
I0924 17:10:07.381722 704341 planar_graph.h:216] Map /dev/shm/-local-storage-liang-Downloads-Datasets-point_cdb-lakes-Africa-lakes_Africa_Point.cdb.bin is deserialized, chains: 27178 points: 1872496 edges: 1845318
I0924 17:10:07.413002 704341 planar_graph.h:216] Map /dev/shm/-local-storage-liang-Downloads-Datasets-point_cdb-parks-Africa-parks_Africa_Point.cdb.bin is deserialized, chains: 41991 points: 1358103 edges: 1316112
I0924 17:10:07.413031 704341 context.h:51] Bounding Box, Bottom-left: (-25.2135, -34.7852), Top-right: (63.4371, 37.3456)
I0924 17:10:07.413050 704341 context.h:58] Scaled Bounding Box, Bottom-left: (-68816217462298, -68470241806767), Top-right: (68816217462297, 68470241806766)
I0924 17:10:07.413053 704341 context.h:61] Unscaled Bounding Box, Bottom-left: (-25.2135, -34.7852), Top-right: (63.4371, 37.3456)
I0924 17:10:07.690970 704341 run_query.cu:394] Sampling points, sample rate: 0.9, seed: 1 Points: 1222292
I0924 17:10:07.773169 704341 rt_engine.cu:282] Info: Pipeline statistics
	module(s)                            :     1
	entry function(s)                    :     2
	trace call(s)                        :     1
	continuation callable call(s)        :     0
	direct callable call(s)              :     0
	basic block(s) in entry functions    :    67
	instruction(s) in entry functions    :  1011
	non-entry function(s)                :     1
	basic block(s) in non-entry functions:     1
	instruction(s) in non-entry functions:     1
	debug information                    :    no
I0924 17:10:07.778061 704341 rt_engine.cu:282] Info: Pipeline statistics
	module(s)                            :     1
	entry function(s)                    :     2
	trace call(s)                        :     1
	continuation callable call(s)        :     0
	direct callable call(s)              :     0
	basic block(s) in entry functions    :    43
	instruction(s) in entry functions    :   831
	non-entry function(s)                :     1
	basic block(s) in non-entry functions:     1
	instruction(s) in non-entry functions:     1
	debug information                    :    no
I0924 17:10:07.778844 704341 primitive.h:252] Enlarge limit: 1 ne: 1845318 aabbs: 1844852 Compress ratio: 0.000252531 Time: 0.517 ms
I0924 17:10:07.778887 704341 rt_engine.cu:397] Building AS, num prims: 1844852, Required Temp Size: 140498944 Output Size: 69026560
I0924 17:10:07.784157 704341 rt_engine.h:159] Parm size: 152
I0924 17:10:07.784173 704341 rt_engine.cu:554] optixLaunch, [w,h,d] = 1222292,1,1
I0924 17:10:07.785048 704341 rt_engine.h:159] Parm size: 152
I0924 17:10:07.785054 704341 rt_engine.cu:554] optixLaunch, [w,h,d] = 1222292,1,1
I0924 17:10:07.785895 704341 rt_engine.h:159] Parm size: 152
I0924 17:10:07.785902 704341 rt_engine.cu:554] optixLaunch, [w,h,d] = 1222292,1,1
I0924 17:10:07.786742 704341 rt_engine.h:159] Parm size: 152
I0924 17:10:07.786749 704341 rt_engine.cu:554] optixLaunch, [w,h,d] = 1222292,1,1
I0924 17:10:07.787590 704341 rt_engine.h:159] Parm size: 152
I0924 17:10:07.787596 704341 rt_engine.cu:554] optixLaunch, [w,h,d] = 1222292,1,1
I0924 17:10:07.788435 704341 rt_engine.h:159] Parm size: 152
I0924 17:10:07.788442 704341 rt_engine.cu:554] optixLaunch, [w,h,d] = 1222292,1,1
I0924 17:10:07.789281 704341 rt_engine.h:159] Parm size: 152
I0924 17:10:07.789287 704341 rt_engine.cu:554] optixLaunch, [w,h,d] = 1222292,1,1
I0924 17:10:07.790127 704341 rt_engine.h:159] Parm size: 152
I0924 17:10:07.790132 704341 rt_engine.cu:554] optixLaunch, [w,h,d] = 1222292,1,1
I0924 17:10:07.790971 704341 rt_engine.h:159] Parm size: 152
I0924 17:10:07.790977 704341 rt_engine.cu:554] optixLaunch, [w,h,d] = 1222292,1,1
I0924 17:10:07.791817 704341 rt_engine.h:159] Parm size: 152
I0924 17:10:07.791823 704341 rt_engine.cu:554] optixLaunch, [w,h,d] = 1222292,1,1
Timing results:
 - Read map: 129.258 ms

 - Create Context: 0.000953674 ms

 - Generate Workloads: 311.935 ms

 - Create App: 84.393 ms

 - Init: 0.0379086 ms

 - Adaptive Grouping: 0.543118 ms

 - Build Index: 5.24712 ms

 - Warmup: 4.3149 ms

 - Query: 0.845385 ms

 - Cleanup: 6.28996 ms

