/local/storage/liang/.clion/RayJoin/cmake-build-release-dl190/bin/query_exec -poly1 /local/storage/liang/Downloads/Datasets/point_cdb/lakes/Asia/lakes_Asia_Point.cdb              -poly2 /local/storage/liang/Downloads/Datasets/point_cdb/parks/Asia/parks_Asia_Point.cdb              -serialize=/dev/shm              -mode=rt              -v=1              -query=pip              -seed=1              -xsect_factor 0.1              -sample_map_id=1              -sample=points              -sample_rate=0.5              -warmup=5              -repeat=5              -enlarge=1              -check=false
I0924 17:07:18.889441 702902 planar_graph.h:216] Map /dev/shm/-local-storage-liang-Downloads-Datasets-point_cdb-lakes-Asia-lakes_Asia_Point.cdb.bin is deserialized, chains: 194573 points: 10541220 edges: 10346647
I0924 17:07:19.155251 702902 planar_graph.h:216] Map /dev/shm/-local-storage-liang-Downloads-Datasets-point_cdb-parks-Asia-parks_Asia_Point.cdb.bin is deserialized, chains: 277198 points: 12209639 edges: 11932441
I0924 17:07:19.155274 702902 context.h:51] Bounding Box, Bottom-left: (-179.972, -10.8197), Top-right: (179.984, 81.2255)
I0924 17:07:19.155288 702902 context.h:58] Scaled Bounding Box, Bottom-left: (-69979919611218, -68872256062147), Top-right: (69979919611217, 68872256062146)
I0924 17:07:19.155290 702902 context.h:61] Unscaled Bounding Box, Bottom-left: (-179.972, -10.8197), Top-right: (179.984, 81.2255)
I0924 17:07:21.131115 702902 run_query.cu:394] Sampling points, sample rate: 0.5, seed: 1 Points: 6104819
I0924 17:07:21.227556 702902 rt_engine.cu:282] Info: Pipeline statistics
	module(s)                            :     1
	entry function(s)                    :     2
	trace call(s)                        :     1
	continuation callable call(s)        :     0
	direct callable call(s)              :     0
	basic block(s) in entry functions    :    67
	instruction(s) in entry functions    :  1011
	non-entry function(s)                :     1
	basic block(s) in non-entry functions:     1
	instruction(s) in non-entry functions:     1
	debug information                    :    no
I0924 17:07:21.232518 702902 rt_engine.cu:282] Info: Pipeline statistics
	module(s)                            :     1
	entry function(s)                    :     2
	trace call(s)                        :     1
	continuation callable call(s)        :     0
	direct callable call(s)              :     0
	basic block(s) in entry functions    :    43
	instruction(s) in entry functions    :   831
	non-entry function(s)                :     1
	basic block(s) in non-entry functions:     1
	instruction(s) in non-entry functions:     1
	debug information                    :    no
I0924 17:07:21.234799 702902 primitive.h:252] Enlarge limit: 1 ne: 10346647 aabbs: 10344032 Compress ratio: 0.000252739 Time: 2.022 ms
I0924 17:07:21.234841 702902 rt_engine.cu:397] Building AS, num prims: 10344032, Required Temp Size: 787764480 Output Size: 387016576
I0924 17:07:21.261072 702902 rt_engine.h:159] Parm size: 152
I0924 17:07:21.261090 702902 rt_engine.cu:554] optixLaunch, [w,h,d] = 6104819,1,1
I0924 17:07:21.269896 702902 rt_engine.h:159] Parm size: 152
I0924 17:07:21.269904 702902 rt_engine.cu:554] optixLaunch, [w,h,d] = 6104819,1,1
I0924 17:07:21.278366 702902 rt_engine.h:159] Parm size: 152
I0924 17:07:21.278373 702902 rt_engine.cu:554] optixLaunch, [w,h,d] = 6104819,1,1
I0924 17:07:21.286834 702902 rt_engine.h:159] Parm size: 152
I0924 17:07:21.286840 702902 rt_engine.cu:554] optixLaunch, [w,h,d] = 6104819,1,1
I0924 17:07:21.295295 702902 rt_engine.h:159] Parm size: 152
I0924 17:07:21.295302 702902 rt_engine.cu:554] optixLaunch, [w,h,d] = 6104819,1,1
I0924 17:07:21.303763 702902 rt_engine.h:159] Parm size: 152
I0924 17:07:21.303771 702902 rt_engine.cu:554] optixLaunch, [w,h,d] = 6104819,1,1
I0924 17:07:21.312225 702902 rt_engine.h:159] Parm size: 152
I0924 17:07:21.312233 702902 rt_engine.cu:554] optixLaunch, [w,h,d] = 6104819,1,1
I0924 17:07:21.320719 702902 rt_engine.h:159] Parm size: 152
I0924 17:07:21.320726 702902 rt_engine.cu:554] optixLaunch, [w,h,d] = 6104819,1,1
I0924 17:07:21.329183 702902 rt_engine.h:159] Parm size: 152
I0924 17:07:21.329190 702902 rt_engine.cu:554] optixLaunch, [w,h,d] = 6104819,1,1
I0924 17:07:21.337646 702902 rt_engine.h:159] Parm size: 152
I0924 17:07:21.337653 702902 rt_engine.cu:554] optixLaunch, [w,h,d] = 6104819,1,1
Timing results:
 - Read map: 271.008 ms

 - Create Context: 0.000953674 ms

 - Generate Workloads: 2260.45 ms

 - Create App: 82.6199 ms

 - Init: 0.0600815 ms

 - Adaptive Grouping: 2.04301 ms

 - Build Index: 26.1559 ms

 - Warmup: 42.7551 ms

 - Query: 8.46958 ms

 - Cleanup: 7.54189 ms

