/local/storage/liang/.clion/RayJoin/cmake-build-release-dl190/bin/query_exec -poly1 /local/storage/liang/Downloads/Datasets/point_cdb/lakes/South_America/lakes_South_America_Point.cdb              -poly2 /local/storage/liang/Downloads/Datasets/point_cdb/parks/South_America/parks_South_America_Point.cdb              -serialize=/dev/shm              -mode=rt              -v=1              -query=pip              -seed=1              -xsect_factor 0.1              -sample_map_id=1              -sample=map              -sample_rate=0.2              -warmup=5              -repeat=5              -enlarge=5
I0924 16:36:36.342077 687427 planar_graph.h:216] Map /dev/shm/-local-storage-liang-Downloads-Datasets-point_cdb-lakes-South_America-lakes_South_America_Point.cdb.bin is deserialized, chains: 43757 points: 2418375 edges: 2374618
I0924 16:36:36.415194 687427 planar_graph.h:216] Map /dev/shm/-local-storage-liang-Downloads-Datasets-point_cdb-parks-South_America-parks_South_America_Point.cdb.bin is deserialized, chains: 85371 points: 3264379 edges: 3179008
I0924 16:36:36.415220 687427 context.h:51] Bounding Box, Bottom-left: (-92.6829, -55.9828), Top-right: (-34.788, 12.5803)
I0924 16:36:36.415239 687427 context.h:58] Scaled Bounding Box, Bottom-left: (-68019003758318, -68374252432450), Top-right: (68019003758317, 68374252432449)
I0924 16:36:36.415241 687427 context.h:61] Unscaled Bounding Box, Bottom-left: (-92.6829, -55.9828), Top-right: (-34.788, 12.5803)
I0924 16:36:36.861091 687427 run_query.cu:348] Sampling map, sample rate: 0.2, seed: 1
I0924 16:36:36.900861 687427 planar_graph.h:310] Map is sampled, chains: 85371 points: 758493 edges: 673122
I0924 16:36:36.969731 687427 rt_engine.cu:282] Info: Pipeline statistics
	module(s)                            :     1
	entry function(s)                    :     2
	trace call(s)                        :     1
	continuation callable call(s)        :     0
	direct callable call(s)              :     0
	basic block(s) in entry functions    :    67
	instruction(s) in entry functions    :  1011
	non-entry function(s)                :     1
	basic block(s) in non-entry functions:     1
	instruction(s) in non-entry functions:     1
	debug information                    :    no
I0924 16:36:36.974584 687427 rt_engine.cu:282] Info: Pipeline statistics
	module(s)                            :     1
	entry function(s)                    :     2
	trace call(s)                        :     1
	continuation callable call(s)        :     0
	direct callable call(s)              :     0
	basic block(s) in entry functions    :    43
	instruction(s) in entry functions    :   831
	non-entry function(s)                :     1
	basic block(s) in non-entry functions:     1
	instruction(s) in non-entry functions:     1
	debug information                    :    no
I0924 16:36:36.976114 687427 primitive.h:252] Enlarge limit: 5 ne: 2374618 aabbs: 158882 Compress ratio: 0.933092 Time: 1.29 ms
I0924 16:36:36.976156 687427 rt_engine.cu:397] Building AS, num prims: 158882, Required Temp Size: 12102016 Output Size: 5947392
I0924 16:36:36.977063 687427 rt_engine.h:159] Parm size: 152
I0924 16:36:36.977079 687427 rt_engine.cu:554] optixLaunch, [w,h,d] = 3264379,1,1
I0924 16:36:36.982196 687427 rt_engine.h:159] Parm size: 152
I0924 16:36:36.982203 687427 rt_engine.cu:554] optixLaunch, [w,h,d] = 3264379,1,1
I0924 16:36:36.987301 687427 rt_engine.h:159] Parm size: 152
I0924 16:36:36.987308 687427 rt_engine.cu:554] optixLaunch, [w,h,d] = 3264379,1,1
I0924 16:36:36.992408 687427 rt_engine.h:159] Parm size: 152
I0924 16:36:36.992413 687427 rt_engine.cu:554] optixLaunch, [w,h,d] = 3264379,1,1
I0924 16:36:36.997514 687427 rt_engine.h:159] Parm size: 152
I0924 16:36:36.997519 687427 rt_engine.cu:554] optixLaunch, [w,h,d] = 3264379,1,1
I0924 16:36:37.002620 687427 rt_engine.h:159] Parm size: 152
I0924 16:36:37.002627 687427 rt_engine.cu:554] optixLaunch, [w,h,d] = 3264379,1,1
I0924 16:36:37.007725 687427 rt_engine.h:159] Parm size: 152
I0924 16:36:37.007730 687427 rt_engine.cu:554] optixLaunch, [w,h,d] = 3264379,1,1
I0924 16:36:37.012837 687427 rt_engine.h:159] Parm size: 152
I0924 16:36:37.012843 687427 rt_engine.cu:554] optixLaunch, [w,h,d] = 3264379,1,1
I0924 16:36:37.017947 687427 rt_engine.h:159] Parm size: 152
I0924 16:36:37.017954 687427 rt_engine.cu:554] optixLaunch, [w,h,d] = 3264379,1,1
I0924 16:36:37.023056 687427 rt_engine.h:159] Parm size: 152
I0924 16:36:37.023063 687427 rt_engine.cu:554] optixLaunch, [w,h,d] = 3264379,1,1
I0924 16:36:37.028489 687427 uniform_grid.h:267] Creating the uniform grid, resolution: 2048, Size: 112 MB
I0924 16:36:37.029080 687427 uniform_grid.h:323] Total Edges in the grid: 2475567, Size: 18 MB
I0924 16:36:37.029747 687427 run_query.cu:32] Checking point in polygon
I0924 16:36:37.127635 687427 run_query.cu:95] Map: 0 passed check
Timing results:
 - Read map: 130.728 ms

 - Create Context: 0.000953674 ms

 - Generate Workloads: 564.633 ms

 - Create App: 67.8079 ms

 - Init: 0.0638962 ms

 - Adaptive Grouping: 1.31106 ms

 - Build Index: 0.863075 ms

 - Warmup: 25.605 ms

 - Query: 5.1084 ms

 - Check: 106.997 ms

 - Cleanup: 5.50389 ms

