/local/storage/liang/.clion/RayJoin/cmake-build-release-dl190/bin/query_exec -poly1 /local/storage/liang/Downloads/Datasets/point_cdb/lakes/Australia/lakes_Australia_Point.cdb              -poly2 /local/storage/liang/Downloads/Datasets/point_cdb/parks/Australia/parks_Australia_Point.cdb              -serialize=/dev/shm              -mode=rt              -v=1              -query=pip              -seed=1              -xsect_factor 0.1              -sample_map_id=1              -sample=points              -sample_rate=1.0              -warmup=5              -repeat=5              -ag=0              -check=false
I1012 17:22:40.536548 2538559 planar_graph.h:216] Map /dev/shm/-local-storage-liang-Downloads-Datasets-point_cdb-lakes-Australia-lakes_Australia_Point.cdb.bin is deserialized, chains: 16702 points: 1254743 edges: 1238041
I1012 17:22:40.551051 2538559 planar_graph.h:216] Map /dev/shm/-local-storage-liang-Downloads-Datasets-point_cdb-parks-Australia-parks_Australia_Point.cdb.bin is deserialized, chains: 22386 points: 589464 edges: 567078
I1012 17:22:40.551092 2538559 context.h:51] Bounding Box, Bottom-left: (112.971, -54.7384), Top-right: (158.947, -10.1168)
I1012 17:22:40.551110 2538559 context.h:58] Scaled Bounding Box, Bottom-left: (-67435232688127, -67350025946940), Top-right: (67435232688126, 67350025946939)
I1012 17:22:40.551111 2538559 context.h:61] Unscaled Bounding Box, Bottom-left: (112.971, -54.7384), Top-right: (158.947, -10.1168)
I1012 17:22:40.721658 2538559 run_query.cu:400] Sampling points, sample rate: 1, seed: 1 Points: 589464
I1012 17:22:40.802302 2538559 rt_engine.cu:282] Info: Pipeline statistics
	module(s)                            :     1
	entry function(s)                    :     2
	trace call(s)                        :     1
	continuation callable call(s)        :     0
	direct callable call(s)              :     0
	basic block(s) in entry functions    :    67
	instruction(s) in entry functions    :  1011
	non-entry function(s)                :     1
	basic block(s) in non-entry functions:     1
	instruction(s) in non-entry functions:     1
	debug information                    :    no
I1012 17:22:40.807330 2538559 rt_engine.cu:282] Info: Pipeline statistics
	module(s)                            :     1
	entry function(s)                    :     2
	trace call(s)                        :     1
	continuation callable call(s)        :     0
	direct callable call(s)              :     0
	basic block(s) in entry functions    :    43
	instruction(s) in entry functions    :   831
	non-entry function(s)                :     1
	basic block(s) in non-entry functions:     1
	instruction(s) in non-entry functions:     1
	debug information                    :    no
I1012 17:22:40.807912 2538559 rt_engine.cu:397] Building AS, num prims: 1238041, Required Temp Size: 94286720 Output Size: 46323200
I1012 17:22:40.811414 2538559 rt_engine.h:159] Parm size: 152
I1012 17:22:40.811430 2538559 rt_engine.cu:554] optixLaunch, [w,h,d] = 589464,1,1
I1012 17:22:40.812079 2538559 rt_engine.h:159] Parm size: 152
I1012 17:22:40.812086 2538559 rt_engine.cu:554] optixLaunch, [w,h,d] = 589464,1,1
I1012 17:22:40.812691 2538559 rt_engine.h:159] Parm size: 152
I1012 17:22:40.812698 2538559 rt_engine.cu:554] optixLaunch, [w,h,d] = 589464,1,1
I1012 17:22:40.813302 2538559 rt_engine.h:159] Parm size: 152
I1012 17:22:40.813311 2538559 rt_engine.cu:554] optixLaunch, [w,h,d] = 589464,1,1
I1012 17:22:40.813916 2538559 rt_engine.h:159] Parm size: 152
I1012 17:22:40.813923 2538559 rt_engine.cu:554] optixLaunch, [w,h,d] = 589464,1,1
I1012 17:22:40.814528 2538559 rt_engine.h:159] Parm size: 152
I1012 17:22:40.814535 2538559 rt_engine.cu:554] optixLaunch, [w,h,d] = 589464,1,1
I1012 17:22:40.815140 2538559 rt_engine.h:159] Parm size: 152
I1012 17:22:40.815146 2538559 rt_engine.cu:554] optixLaunch, [w,h,d] = 589464,1,1
I1012 17:22:40.815750 2538559 rt_engine.h:159] Parm size: 152
I1012 17:22:40.815757 2538559 rt_engine.cu:554] optixLaunch, [w,h,d] = 589464,1,1
I1012 17:22:40.816359 2538559 rt_engine.h:159] Parm size: 152
I1012 17:22:40.816366 2538559 rt_engine.cu:554] optixLaunch, [w,h,d] = 589464,1,1
I1012 17:22:40.816967 2538559 rt_engine.h:159] Parm size: 152
I1012 17:22:40.816974 2538559 rt_engine.cu:554] optixLaunch, [w,h,d] = 589464,1,1
Timing results:
 - Read map: 99.3171 ms

 - Create Context: 0.00190735 ms

 - Generate Workloads: 186.202 ms

 - Create App: 84.543 ms

 - Init: 0.109911 ms

 - Adaptive Grouping: 0.267029 ms

 - Build Index: 3.47996 ms

 - Warmup: 3.15404 ms

 - Query: 0.609827 ms

 - Cleanup: 4.54187 ms

