/local/storage/liang/.clion/RayJoin/cmake-build-release-dl190/bin/query_exec -poly1 /local/storage/liang/Downloads/Datasets/point_cdb/lakes/Africa/lakes_Africa_Point.cdb              -poly2 /local/storage/liang/Downloads/Datasets/point_cdb/parks/Africa/parks_Africa_Point.cdb              -serialize=/dev/shm              -mode=rt              -v=1              -query=pip              -seed=1              -xsect_factor 0.1              -sample_map_id=1              -sample=map              -sample_rate=0.9              -warmup=5              -repeat=5              -enlarge=5
I0924 16:41:39.729831 689955 planar_graph.h:216] Map /dev/shm/-local-storage-liang-Downloads-Datasets-point_cdb-lakes-Africa-lakes_Africa_Point.cdb.bin is deserialized, chains: 27178 points: 1872496 edges: 1845318
I0924 16:41:39.761211 689955 planar_graph.h:216] Map /dev/shm/-local-storage-liang-Downloads-Datasets-point_cdb-parks-Africa-parks_Africa_Point.cdb.bin is deserialized, chains: 41991 points: 1358103 edges: 1316112
I0924 16:41:39.761263 689955 context.h:51] Bounding Box, Bottom-left: (-25.2135, -34.7852), Top-right: (63.4371, 37.3456)
I0924 16:41:39.761277 689955 context.h:58] Scaled Bounding Box, Bottom-left: (-68816217462298, -68470241806767), Top-right: (68816217462297, 68470241806766)
I0924 16:41:39.761279 689955 context.h:61] Unscaled Bounding Box, Bottom-left: (-25.2135, -34.7852), Top-right: (63.4371, 37.3456)
I0924 16:41:40.019728 689955 run_query.cu:348] Sampling map, sample rate: 0.9, seed: 1
I0924 16:41:40.063678 689955 planar_graph.h:310] Map is sampled, chains: 41991 points: 1211889 edges: 1169898
I0924 16:41:40.119796 689955 rt_engine.cu:282] Info: Pipeline statistics
	module(s)                            :     1
	entry function(s)                    :     2
	trace call(s)                        :     1
	continuation callable call(s)        :     0
	direct callable call(s)              :     0
	basic block(s) in entry functions    :    67
	instruction(s) in entry functions    :  1011
	non-entry function(s)                :     1
	basic block(s) in non-entry functions:     1
	instruction(s) in non-entry functions:     1
	debug information                    :    no
I0924 16:41:40.124864 689955 rt_engine.cu:282] Info: Pipeline statistics
	module(s)                            :     1
	entry function(s)                    :     2
	trace call(s)                        :     1
	continuation callable call(s)        :     0
	direct callable call(s)              :     0
	basic block(s) in entry functions    :    43
	instruction(s) in entry functions    :   831
	non-entry function(s)                :     1
	basic block(s) in non-entry functions:     1
	instruction(s) in non-entry functions:     1
	debug information                    :    no
I0924 16:41:40.126154 689955 primitive.h:252] Enlarge limit: 5 ne: 1845318 aabbs: 118595 Compress ratio: 0.935732 Time: 1.054 ms
I0924 16:41:40.126222 689955 rt_engine.cu:397] Building AS, num prims: 118595, Required Temp Size: 9033728 Output Size: 4440064
I0924 16:41:40.127066 689955 rt_engine.h:159] Parm size: 152
I0924 16:41:40.127081 689955 rt_engine.cu:554] optixLaunch, [w,h,d] = 1358103,1,1
I0924 16:41:40.128782 689955 rt_engine.h:159] Parm size: 152
I0924 16:41:40.128790 689955 rt_engine.cu:554] optixLaunch, [w,h,d] = 1358103,1,1
I0924 16:41:40.130506 689955 rt_engine.h:159] Parm size: 152
I0924 16:41:40.130513 689955 rt_engine.cu:554] optixLaunch, [w,h,d] = 1358103,1,1
I0924 16:41:40.132222 689955 rt_engine.h:159] Parm size: 152
I0924 16:41:40.132229 689955 rt_engine.cu:554] optixLaunch, [w,h,d] = 1358103,1,1
I0924 16:41:40.133914 689955 rt_engine.h:159] Parm size: 152
I0924 16:41:40.133921 689955 rt_engine.cu:554] optixLaunch, [w,h,d] = 1358103,1,1
I0924 16:41:40.135609 689955 rt_engine.h:159] Parm size: 152
I0924 16:41:40.135617 689955 rt_engine.cu:554] optixLaunch, [w,h,d] = 1358103,1,1
I0924 16:41:40.137302 689955 rt_engine.h:159] Parm size: 152
I0924 16:41:40.137310 689955 rt_engine.cu:554] optixLaunch, [w,h,d] = 1358103,1,1
I0924 16:41:40.138993 689955 rt_engine.h:159] Parm size: 152
I0924 16:41:40.138999 689955 rt_engine.cu:554] optixLaunch, [w,h,d] = 1358103,1,1
I0924 16:41:40.140687 689955 rt_engine.h:159] Parm size: 152
I0924 16:41:40.140693 689955 rt_engine.cu:554] optixLaunch, [w,h,d] = 1358103,1,1
I0924 16:41:40.142378 689955 rt_engine.h:159] Parm size: 152
I0924 16:41:40.142385 689955 rt_engine.cu:554] optixLaunch, [w,h,d] = 1358103,1,1
I0924 16:41:40.144402 689955 uniform_grid.h:267] Creating the uniform grid, resolution: 2048, Size: 112 MB
I0924 16:41:40.144946 689955 uniform_grid.h:323] Total Edges in the grid: 1899687, Size: 14 MB
I0924 16:41:40.145368 689955 run_query.cu:32] Checking point in polygon
I0924 16:41:40.189867 689955 run_query.cu:95] Map: 0 passed check
Timing results:
 - Read map: 110.323 ms

 - Create Context: 0.000953674 ms

 - Generate Workloads: 337.967 ms

 - Create App: 57.0271 ms

 - Init: 0.0400543 ms

 - Adaptive Grouping: 1.07694 ms

 - Build Index: 0.840902 ms

 - Warmup: 8.58212 ms

 - Query: 1.69239 ms

 - Check: 50.096 ms

 - Cleanup: 5.27 ms

