/local/storage/liang/.clion/RayJoin/cmake-build-release-dl190/bin/query_exec -poly1 /local/storage/liang/Downloads/Datasets/point_cdb/lakes/Africa/lakes_Africa_Point.cdb              -poly2 /local/storage/liang/Downloads/Datasets/point_cdb/parks/Africa/parks_Africa_Point.cdb              -serialize=/dev/shm              -mode=rt              -v=1              -query=pip              -seed=1              -xsect_factor 0.1              -sample_map_id=1              -sample=map              -sample_rate=0.8              -warmup=5              -repeat=5              -enlarge=5
I0924 16:40:50.219333 689557 planar_graph.h:216] Map /dev/shm/-local-storage-liang-Downloads-Datasets-point_cdb-lakes-Africa-lakes_Africa_Point.cdb.bin is deserialized, chains: 27178 points: 1872496 edges: 1845318
I0924 16:40:50.251031 689557 planar_graph.h:216] Map /dev/shm/-local-storage-liang-Downloads-Datasets-point_cdb-parks-Africa-parks_Africa_Point.cdb.bin is deserialized, chains: 41991 points: 1358103 edges: 1316112
I0924 16:40:50.251066 689557 context.h:51] Bounding Box, Bottom-left: (-25.2135, -34.7852), Top-right: (63.4371, 37.3456)
I0924 16:40:50.251082 689557 context.h:58] Scaled Bounding Box, Bottom-left: (-68816217462298, -68470241806767), Top-right: (68816217462297, 68470241806766)
I0924 16:40:50.251085 689557 context.h:61] Unscaled Bounding Box, Bottom-left: (-25.2135, -34.7852), Top-right: (63.4371, 37.3456)
I0924 16:40:50.509506 689557 run_query.cu:348] Sampling map, sample rate: 0.8, seed: 1
I0924 16:40:50.550542 689557 planar_graph.h:310] Map is sampled, chains: 41991 points: 1083924 edges: 1041933
I0924 16:40:50.624614 689557 rt_engine.cu:282] Info: Pipeline statistics
	module(s)                            :     1
	entry function(s)                    :     2
	trace call(s)                        :     1
	continuation callable call(s)        :     0
	direct callable call(s)              :     0
	basic block(s) in entry functions    :    67
	instruction(s) in entry functions    :  1011
	non-entry function(s)                :     1
	basic block(s) in non-entry functions:     1
	instruction(s) in non-entry functions:     1
	debug information                    :    no
I0924 16:40:50.629546 689557 rt_engine.cu:282] Info: Pipeline statistics
	module(s)                            :     1
	entry function(s)                    :     2
	trace call(s)                        :     1
	continuation callable call(s)        :     0
	direct callable call(s)              :     0
	basic block(s) in entry functions    :    43
	instruction(s) in entry functions    :   831
	non-entry function(s)                :     1
	basic block(s) in non-entry functions:     1
	instruction(s) in non-entry functions:     1
	debug information                    :    no
I0924 16:40:50.630806 689557 primitive.h:252] Enlarge limit: 5 ne: 1845318 aabbs: 118595 Compress ratio: 0.935732 Time: 1.032 ms
I0924 16:40:50.630849 689557 rt_engine.cu:397] Building AS, num prims: 118595, Required Temp Size: 9033728 Output Size: 4440064
I0924 16:40:50.631661 689557 rt_engine.h:159] Parm size: 152
I0924 16:40:50.631676 689557 rt_engine.cu:554] optixLaunch, [w,h,d] = 1358103,1,1
I0924 16:40:50.633376 689557 rt_engine.h:159] Parm size: 152
I0924 16:40:50.633384 689557 rt_engine.cu:554] optixLaunch, [w,h,d] = 1358103,1,1
I0924 16:40:50.635071 689557 rt_engine.h:159] Parm size: 152
I0924 16:40:50.635078 689557 rt_engine.cu:554] optixLaunch, [w,h,d] = 1358103,1,1
I0924 16:40:50.636765 689557 rt_engine.h:159] Parm size: 152
I0924 16:40:50.636772 689557 rt_engine.cu:554] optixLaunch, [w,h,d] = 1358103,1,1
I0924 16:40:50.638456 689557 rt_engine.h:159] Parm size: 152
I0924 16:40:50.638463 689557 rt_engine.cu:554] optixLaunch, [w,h,d] = 1358103,1,1
I0924 16:40:50.640151 689557 rt_engine.h:159] Parm size: 152
I0924 16:40:50.640156 689557 rt_engine.cu:554] optixLaunch, [w,h,d] = 1358103,1,1
I0924 16:40:50.641839 689557 rt_engine.h:159] Parm size: 152
I0924 16:40:50.641845 689557 rt_engine.cu:554] optixLaunch, [w,h,d] = 1358103,1,1
I0924 16:40:50.643532 689557 rt_engine.h:159] Parm size: 152
I0924 16:40:50.643538 689557 rt_engine.cu:554] optixLaunch, [w,h,d] = 1358103,1,1
I0924 16:40:50.645226 689557 rt_engine.h:159] Parm size: 152
I0924 16:40:50.645233 689557 rt_engine.cu:554] optixLaunch, [w,h,d] = 1358103,1,1
I0924 16:40:50.646916 689557 rt_engine.h:159] Parm size: 152
I0924 16:40:50.646922 689557 rt_engine.cu:554] optixLaunch, [w,h,d] = 1358103,1,1
I0924 16:40:50.648934 689557 uniform_grid.h:267] Creating the uniform grid, resolution: 2048, Size: 112 MB
I0924 16:40:50.649467 689557 uniform_grid.h:323] Total Edges in the grid: 1899687, Size: 14 MB
I0924 16:40:50.649880 689557 run_query.cu:32] Checking point in polygon
I0924 16:40:50.694016 689557 run_query.cu:95] Map: 0 passed check
Timing results:
 - Read map: 122 ms

 - Create Context: 0.00190735 ms

 - Generate Workloads: 335.51 ms

 - Create App: 74.703 ms

 - Init: 0.0510216 ms

 - Adaptive Grouping: 1.0519 ms

 - Build Index: 0.788212 ms

 - Warmup: 8.52489 ms

 - Query: 1.6922 ms

 - Check: 49.7561 ms

 - Cleanup: 5.26905 ms

