/local/storage/liang/.clion/RayJoin/cmake-build-release-dl190/bin/query_exec -poly1 /local/storage/liang/Downloads/Datasets/point_cdb/lakes/South_America/lakes_South_America_Point.cdb              -poly2 /local/storage/liang/Downloads/Datasets/point_cdb/parks/South_America/parks_South_America_Point.cdb              -serialize=/dev/shm              -mode=rt              -v=1              -query=pip              -seed=1              -xsect_factor 0.1              -sample_map_id=1              -sample=map              -sample_rate=0.5              -warmup=5              -repeat=5              -enlarge=5
I0924 16:38:58.675598 688617 planar_graph.h:216] Map /dev/shm/-local-storage-liang-Downloads-Datasets-point_cdb-lakes-South_America-lakes_South_America_Point.cdb.bin is deserialized, chains: 43757 points: 2418375 edges: 2374618
I0924 16:38:58.748450 688617 planar_graph.h:216] Map /dev/shm/-local-storage-liang-Downloads-Datasets-point_cdb-parks-South_America-parks_South_America_Point.cdb.bin is deserialized, chains: 85371 points: 3264379 edges: 3179008
I0924 16:38:58.748481 688617 context.h:51] Bounding Box, Bottom-left: (-92.6829, -55.9828), Top-right: (-34.788, 12.5803)
I0924 16:38:58.748494 688617 context.h:58] Scaled Bounding Box, Bottom-left: (-68019003758318, -68374252432450), Top-right: (68019003758317, 68374252432449)
I0924 16:38:58.748497 688617 context.h:61] Unscaled Bounding Box, Bottom-left: (-92.6829, -55.9828), Top-right: (-34.788, 12.5803)
I0924 16:38:59.195860 688617 run_query.cu:348] Sampling map, sample rate: 0.5, seed: 1
I0924 16:38:59.261245 688617 planar_graph.h:310] Map is sampled, chains: 85371 points: 1676983 edges: 1591612
I0924 16:38:59.314110 688617 rt_engine.cu:282] Info: Pipeline statistics
	module(s)                            :     1
	entry function(s)                    :     2
	trace call(s)                        :     1
	continuation callable call(s)        :     0
	direct callable call(s)              :     0
	basic block(s) in entry functions    :    67
	instruction(s) in entry functions    :  1011
	non-entry function(s)                :     1
	basic block(s) in non-entry functions:     1
	instruction(s) in non-entry functions:     1
	debug information                    :    no
I0924 16:38:59.318908 688617 rt_engine.cu:282] Info: Pipeline statistics
	module(s)                            :     1
	entry function(s)                    :     2
	trace call(s)                        :     1
	continuation callable call(s)        :     0
	direct callable call(s)              :     0
	basic block(s) in entry functions    :    43
	instruction(s) in entry functions    :   831
	non-entry function(s)                :     1
	basic block(s) in non-entry functions:     1
	instruction(s) in non-entry functions:     1
	debug information                    :    no
I0924 16:38:59.320421 688617 primitive.h:252] Enlarge limit: 5 ne: 2374618 aabbs: 158882 Compress ratio: 0.933092 Time: 1.285 ms
I0924 16:38:59.320463 688617 rt_engine.cu:397] Building AS, num prims: 158882, Required Temp Size: 12102016 Output Size: 5947392
I0924 16:38:59.321388 688617 rt_engine.h:159] Parm size: 152
I0924 16:38:59.321403 688617 rt_engine.cu:554] optixLaunch, [w,h,d] = 3264379,1,1
I0924 16:38:59.326485 688617 rt_engine.h:159] Parm size: 152
I0924 16:38:59.326493 688617 rt_engine.cu:554] optixLaunch, [w,h,d] = 3264379,1,1
I0924 16:38:59.331560 688617 rt_engine.h:159] Parm size: 152
I0924 16:38:59.331568 688617 rt_engine.cu:554] optixLaunch, [w,h,d] = 3264379,1,1
I0924 16:38:59.336629 688617 rt_engine.h:159] Parm size: 152
I0924 16:38:59.336637 688617 rt_engine.cu:554] optixLaunch, [w,h,d] = 3264379,1,1
I0924 16:38:59.341699 688617 rt_engine.h:159] Parm size: 152
I0924 16:38:59.341706 688617 rt_engine.cu:554] optixLaunch, [w,h,d] = 3264379,1,1
I0924 16:38:59.346776 688617 rt_engine.h:159] Parm size: 152
I0924 16:38:59.346781 688617 rt_engine.cu:554] optixLaunch, [w,h,d] = 3264379,1,1
I0924 16:38:59.351847 688617 rt_engine.h:159] Parm size: 152
I0924 16:38:59.351855 688617 rt_engine.cu:554] optixLaunch, [w,h,d] = 3264379,1,1
I0924 16:38:59.356920 688617 rt_engine.h:159] Parm size: 152
I0924 16:38:59.356926 688617 rt_engine.cu:554] optixLaunch, [w,h,d] = 3264379,1,1
I0924 16:38:59.361991 688617 rt_engine.h:159] Parm size: 152
I0924 16:38:59.361999 688617 rt_engine.cu:554] optixLaunch, [w,h,d] = 3264379,1,1
I0924 16:38:59.367060 688617 rt_engine.h:159] Parm size: 152
I0924 16:38:59.367067 688617 rt_engine.cu:554] optixLaunch, [w,h,d] = 3264379,1,1
I0924 16:38:59.372452 688617 uniform_grid.h:267] Creating the uniform grid, resolution: 2048, Size: 112 MB
I0924 16:38:59.373039 688617 uniform_grid.h:323] Total Edges in the grid: 2475567, Size: 18 MB
I0924 16:38:59.373710 688617 run_query.cu:32] Checking point in polygon
I0924 16:38:59.464620 688617 run_query.cu:95] Map: 0 passed check
Timing results:
 - Read map: 114.913 ms

 - Create Context: 0.000953674 ms

 - Generate Workloads: 592.627 ms

 - Create App: 50.647 ms

 - Init: 0.0500679 ms

 - Adaptive Grouping: 1.30606 ms

 - Build Index: 0.878811 ms

 - Warmup: 25.435 ms

 - Query: 5.07264 ms

 - Check: 99.972 ms

 - Cleanup: 5.50985 ms

