/local/storage/liang/.clion/RayJoin/cmake-build-release-dl190/bin/query_exec -poly1 /local/storage/liang/Downloads/Datasets/point_cdb/lakes/South_America/lakes_South_America_Point.cdb              -poly2 /local/storage/liang/Downloads/Datasets/point_cdb/parks/South_America/parks_South_America_Point.cdb              -serialize=/dev/shm              -mode=rt              -v=1              -query=pip              -seed=1              -xsect_factor 0.1              -sample_map_id=1              -sample=points              -sample_rate=0.8              -warmup=5              -repeat=5              -ag=0              -check=false
I1012 17:22:23.869302 2538429 planar_graph.h:216] Map /dev/shm/-local-storage-liang-Downloads-Datasets-point_cdb-lakes-South_America-lakes_South_America_Point.cdb.bin is deserialized, chains: 43757 points: 2418375 edges: 2374618
I1012 17:22:23.945011 2538429 planar_graph.h:216] Map /dev/shm/-local-storage-liang-Downloads-Datasets-point_cdb-parks-South_America-parks_South_America_Point.cdb.bin is deserialized, chains: 85371 points: 3264379 edges: 3179008
I1012 17:22:23.945056 2538429 context.h:51] Bounding Box, Bottom-left: (-92.6829, -55.9828), Top-right: (-34.788, 12.5803)
I1012 17:22:23.945075 2538429 context.h:58] Scaled Bounding Box, Bottom-left: (-68019003758318, -68374252432450), Top-right: (68019003758317, 68374252432449)
I1012 17:22:23.945077 2538429 context.h:61] Unscaled Bounding Box, Bottom-left: (-92.6829, -55.9828), Top-right: (-34.788, 12.5803)
I1012 17:22:24.476078 2538429 run_query.cu:400] Sampling points, sample rate: 0.8, seed: 1 Points: 2611503
I1012 17:22:24.535928 2538429 rt_engine.cu:282] Info: Pipeline statistics
	module(s)                            :     1
	entry function(s)                    :     2
	trace call(s)                        :     1
	continuation callable call(s)        :     0
	direct callable call(s)              :     0
	basic block(s) in entry functions    :    67
	instruction(s) in entry functions    :  1011
	non-entry function(s)                :     1
	basic block(s) in non-entry functions:     1
	instruction(s) in non-entry functions:     1
	debug information                    :    no
I1012 17:22:24.540865 2538429 rt_engine.cu:282] Info: Pipeline statistics
	module(s)                            :     1
	entry function(s)                    :     2
	trace call(s)                        :     1
	continuation callable call(s)        :     0
	direct callable call(s)              :     0
	basic block(s) in entry functions    :    43
	instruction(s) in entry functions    :   831
	non-entry function(s)                :     1
	basic block(s) in non-entry functions:     1
	instruction(s) in non-entry functions:     1
	debug information                    :    no
I1012 17:22:24.541711 2538429 rt_engine.cu:397] Building AS, num prims: 2374618, Required Temp Size: 180843904 Output Size: 88847232
I1012 17:22:24.548218 2538429 rt_engine.h:159] Parm size: 152
I1012 17:22:24.548249 2538429 rt_engine.cu:554] optixLaunch, [w,h,d] = 2611503,1,1
I1012 17:22:24.551034 2538429 rt_engine.h:159] Parm size: 152
I1012 17:22:24.551041 2538429 rt_engine.cu:554] optixLaunch, [w,h,d] = 2611503,1,1
I1012 17:22:24.553759 2538429 rt_engine.h:159] Parm size: 152
I1012 17:22:24.553767 2538429 rt_engine.cu:554] optixLaunch, [w,h,d] = 2611503,1,1
I1012 17:22:24.556483 2538429 rt_engine.h:159] Parm size: 152
I1012 17:22:24.556489 2538429 rt_engine.cu:554] optixLaunch, [w,h,d] = 2611503,1,1
I1012 17:22:24.559203 2538429 rt_engine.h:159] Parm size: 152
I1012 17:22:24.559211 2538429 rt_engine.cu:554] optixLaunch, [w,h,d] = 2611503,1,1
I1012 17:22:24.561926 2538429 rt_engine.h:159] Parm size: 152
I1012 17:22:24.561933 2538429 rt_engine.cu:554] optixLaunch, [w,h,d] = 2611503,1,1
I1012 17:22:24.564647 2538429 rt_engine.h:159] Parm size: 152
I1012 17:22:24.564654 2538429 rt_engine.cu:554] optixLaunch, [w,h,d] = 2611503,1,1
I1012 17:22:24.567370 2538429 rt_engine.h:159] Parm size: 152
I1012 17:22:24.567377 2538429 rt_engine.cu:554] optixLaunch, [w,h,d] = 2611503,1,1
I1012 17:22:24.570091 2538429 rt_engine.h:159] Parm size: 152
I1012 17:22:24.570098 2538429 rt_engine.cu:554] optixLaunch, [w,h,d] = 2611503,1,1
I1012 17:22:24.572813 2538429 rt_engine.h:159] Parm size: 152
I1012 17:22:24.572820 2538429 rt_engine.cu:554] optixLaunch, [w,h,d] = 2611503,1,1
Timing results:
 - Read map: 133.593 ms

 - Create Context: 0.000953674 ms

 - Generate Workloads: 613.874 ms

 - Create App: 57.6811 ms

 - Init: 0.139952 ms

 - Adaptive Grouping: 0.478029 ms

 - Build Index: 6.4559 ms

 - Warmup: 13.7661 ms

 - Query: 2.72198 ms

 - Cleanup: 6.28114 ms

