/local/storage/liang/.clion/RayJoin/cmake-build-release-dl190/bin/query_exec -poly1 /local/storage/liang/Downloads/Datasets/point_cdb/lakes/South_America/lakes_South_America_Point.cdb              -poly2 /local/storage/liang/Downloads/Datasets/point_cdb/parks/South_America/parks_South_America_Point.cdb              -serialize=/dev/shm              -mode=rt              -v=1              -query=pip              -seed=1              -xsect_factor 0.1              -sample_map_id=1              -sample=points              -sample_rate=0.7              -warmup=5              -repeat=5              -enlarge=1              -check=false
I0924 17:09:12.120254 703840 planar_graph.h:216] Map /dev/shm/-local-storage-liang-Downloads-Datasets-point_cdb-lakes-South_America-lakes_South_America_Point.cdb.bin is deserialized, chains: 43757 points: 2418375 edges: 2374618
I0924 17:09:12.194752 703840 planar_graph.h:216] Map /dev/shm/-local-storage-liang-Downloads-Datasets-point_cdb-parks-South_America-parks_South_America_Point.cdb.bin is deserialized, chains: 85371 points: 3264379 edges: 3179008
I0924 17:09:12.194782 703840 context.h:51] Bounding Box, Bottom-left: (-92.6829, -55.9828), Top-right: (-34.788, 12.5803)
I0924 17:09:12.194797 703840 context.h:58] Scaled Bounding Box, Bottom-left: (-68019003758318, -68374252432450), Top-right: (68019003758317, 68374252432449)
I0924 17:09:12.194799 703840 context.h:61] Unscaled Bounding Box, Bottom-left: (-92.6829, -55.9828), Top-right: (-34.788, 12.5803)
I0924 17:09:12.701597 703840 run_query.cu:394] Sampling points, sample rate: 0.7, seed: 1 Points: 2285065
I0924 17:09:12.784812 703840 rt_engine.cu:282] Info: Pipeline statistics
	module(s)                            :     1
	entry function(s)                    :     2
	trace call(s)                        :     1
	continuation callable call(s)        :     0
	direct callable call(s)              :     0
	basic block(s) in entry functions    :    67
	instruction(s) in entry functions    :  1011
	non-entry function(s)                :     1
	basic block(s) in non-entry functions:     1
	instruction(s) in non-entry functions:     1
	debug information                    :    no
I0924 17:09:12.789610 703840 rt_engine.cu:282] Info: Pipeline statistics
	module(s)                            :     1
	entry function(s)                    :     2
	trace call(s)                        :     1
	continuation callable call(s)        :     0
	direct callable call(s)              :     0
	basic block(s) in entry functions    :    43
	instruction(s) in entry functions    :   831
	non-entry function(s)                :     1
	basic block(s) in non-entry functions:     1
	instruction(s) in non-entry functions:     1
	debug information                    :    no
I0924 17:09:12.790449 703840 primitive.h:252] Enlarge limit: 1 ne: 2374618 aabbs: 2373613 Compress ratio: 0.000423226 Time: 0.583 ms
I0924 17:09:12.790496 703840 rt_engine.cu:397] Building AS, num prims: 2373613, Required Temp Size: 180767488 Output Size: 88809600
I0924 17:09:12.796993 703840 rt_engine.h:159] Parm size: 152
I0924 17:09:12.797010 703840 rt_engine.cu:554] optixLaunch, [w,h,d] = 2285065,1,1
I0924 17:09:12.799475 703840 rt_engine.h:159] Parm size: 152
I0924 17:09:12.799482 703840 rt_engine.cu:554] optixLaunch, [w,h,d] = 2285065,1,1
I0924 17:09:12.801874 703840 rt_engine.h:159] Parm size: 152
I0924 17:09:12.801882 703840 rt_engine.cu:554] optixLaunch, [w,h,d] = 2285065,1,1
I0924 17:09:12.804272 703840 rt_engine.h:159] Parm size: 152
I0924 17:09:12.804278 703840 rt_engine.cu:554] optixLaunch, [w,h,d] = 2285065,1,1
I0924 17:09:12.806670 703840 rt_engine.h:159] Parm size: 152
I0924 17:09:12.806677 703840 rt_engine.cu:554] optixLaunch, [w,h,d] = 2285065,1,1
I0924 17:09:12.809069 703840 rt_engine.h:159] Parm size: 152
I0924 17:09:12.809077 703840 rt_engine.cu:554] optixLaunch, [w,h,d] = 2285065,1,1
I0924 17:09:12.811466 703840 rt_engine.h:159] Parm size: 152
I0924 17:09:12.811472 703840 rt_engine.cu:554] optixLaunch, [w,h,d] = 2285065,1,1
I0924 17:09:12.813863 703840 rt_engine.h:159] Parm size: 152
I0924 17:09:12.813869 703840 rt_engine.cu:554] optixLaunch, [w,h,d] = 2285065,1,1
I0924 17:09:12.816262 703840 rt_engine.h:159] Parm size: 152
I0924 17:09:12.816268 703840 rt_engine.cu:554] optixLaunch, [w,h,d] = 2285065,1,1
I0924 17:09:12.818660 703840 rt_engine.h:159] Parm size: 152
I0924 17:09:12.818666 703840 rt_engine.cu:554] optixLaunch, [w,h,d] = 2285065,1,1
Timing results:
 - Read map: 128.213 ms

 - Create Context: 0.00190735 ms

 - Generate Workloads: 587.129 ms

 - Create App: 82.2432 ms

 - Init: 0.0398159 ms

 - Adaptive Grouping: 0.604153 ms

 - Build Index: 6.46591 ms

 - Warmup: 12.121 ms

 - Query: 2.3984 ms

 - Cleanup: 5.71799 ms

