/local/storage/liang/.clion/RayJoin/cmake-build-release-dl190/bin/query_exec -poly1 /local/storage/liang/Downloads/Datasets/point_cdb/lakes/Australia/lakes_Australia_Point.cdb              -poly2 /local/storage/liang/Downloads/Datasets/point_cdb/parks/Australia/parks_Australia_Point.cdb              -serialize=/dev/shm              -mode=rt              -v=1              -query=pip              -seed=1              -xsect_factor 0.1              -sample_map_id=1              -sample=map              -sample_rate=0.3              -warmup=5              -repeat=5              -enlarge=5
I0924 16:36:53.950592 687575 planar_graph.h:216] Map /dev/shm/-local-storage-liang-Downloads-Datasets-point_cdb-lakes-Australia-lakes_Australia_Point.cdb.bin is deserialized, chains: 16702 points: 1254743 edges: 1238041
I0924 16:36:53.964532 687575 planar_graph.h:216] Map /dev/shm/-local-storage-liang-Downloads-Datasets-point_cdb-parks-Australia-parks_Australia_Point.cdb.bin is deserialized, chains: 22386 points: 589464 edges: 567078
I0924 16:36:53.964560 687575 context.h:51] Bounding Box, Bottom-left: (112.971, -54.7384), Top-right: (158.947, -10.1168)
I0924 16:36:53.964576 687575 context.h:58] Scaled Bounding Box, Bottom-left: (-67435232688127, -67350025946940), Top-right: (67435232688126, 67350025946939)
I0924 16:36:53.964577 687575 context.h:61] Unscaled Bounding Box, Bottom-left: (112.971, -54.7384), Top-right: (158.947, -10.1168)
I0924 16:36:54.117275 687575 run_query.cu:348] Sampling map, sample rate: 0.3, seed: 1
I0924 16:36:54.125645 687575 planar_graph.h:310] Map is sampled, chains: 22386 points: 196979 edges: 174593
I0924 16:36:54.175261 687575 rt_engine.cu:282] Info: Pipeline statistics
	module(s)                            :     1
	entry function(s)                    :     2
	trace call(s)                        :     1
	continuation callable call(s)        :     0
	direct callable call(s)              :     0
	basic block(s) in entry functions    :    67
	instruction(s) in entry functions    :  1011
	non-entry function(s)                :     1
	basic block(s) in non-entry functions:     1
	instruction(s) in non-entry functions:     1
	debug information                    :    no
I0924 16:36:54.180124 687575 rt_engine.cu:282] Info: Pipeline statistics
	module(s)                            :     1
	entry function(s)                    :     2
	trace call(s)                        :     1
	continuation callable call(s)        :     0
	direct callable call(s)              :     0
	basic block(s) in entry functions    :    43
	instruction(s) in entry functions    :   831
	non-entry function(s)                :     1
	basic block(s) in non-entry functions:     1
	instruction(s) in non-entry functions:     1
	debug information                    :    no
I0924 16:36:54.181128 687575 primitive.h:252] Enlarge limit: 5 ne: 1238041 aabbs: 91856 Compress ratio: 0.925805 Time: 0.77 ms
I0924 16:36:54.181172 687575 rt_engine.cu:397] Building AS, num prims: 91856, Required Temp Size: 6997248 Output Size: 3439488
I0924 16:36:54.182001 687575 rt_engine.h:159] Parm size: 152
I0924 16:36:54.182016 687575 rt_engine.cu:554] optixLaunch, [w,h,d] = 589464,1,1
I0924 16:36:54.183154 687575 rt_engine.h:159] Parm size: 152
I0924 16:36:54.183161 687575 rt_engine.cu:554] optixLaunch, [w,h,d] = 589464,1,1
I0924 16:36:54.184286 687575 rt_engine.h:159] Parm size: 152
I0924 16:36:54.184293 687575 rt_engine.cu:554] optixLaunch, [w,h,d] = 589464,1,1
I0924 16:36:54.185426 687575 rt_engine.h:159] Parm size: 152
I0924 16:36:54.185433 687575 rt_engine.cu:554] optixLaunch, [w,h,d] = 589464,1,1
I0924 16:36:54.186551 687575 rt_engine.h:159] Parm size: 152
I0924 16:36:54.186558 687575 rt_engine.cu:554] optixLaunch, [w,h,d] = 589464,1,1
I0924 16:36:54.187685 687575 rt_engine.h:159] Parm size: 152
I0924 16:36:54.187691 687575 rt_engine.cu:554] optixLaunch, [w,h,d] = 589464,1,1
I0924 16:36:54.188820 687575 rt_engine.h:159] Parm size: 152
I0924 16:36:54.188827 687575 rt_engine.cu:554] optixLaunch, [w,h,d] = 589464,1,1
I0924 16:36:54.189960 687575 rt_engine.h:159] Parm size: 152
I0924 16:36:54.189966 687575 rt_engine.cu:554] optixLaunch, [w,h,d] = 589464,1,1
I0924 16:36:54.191087 687575 rt_engine.h:159] Parm size: 152
I0924 16:36:54.191092 687575 rt_engine.cu:554] optixLaunch, [w,h,d] = 589464,1,1
I0924 16:36:54.192215 687575 rt_engine.h:159] Parm size: 152
I0924 16:36:54.192222 687575 rt_engine.cu:554] optixLaunch, [w,h,d] = 589464,1,1
I0924 16:36:54.193681 687575 uniform_grid.h:267] Creating the uniform grid, resolution: 2048, Size: 112 MB
I0924 16:36:54.194216 687575 uniform_grid.h:323] Total Edges in the grid: 1262892, Size: 9 MB
I0924 16:36:54.194587 687575 run_query.cu:32] Checking point in polygon
I0924 16:36:54.227372 687575 run_query.cu:95] Map: 0 passed check
Timing results:
 - Read map: 101.911 ms

 - Create Context: 0.000953674 ms

 - Generate Workloads: 176.239 ms

 - Create App: 53.257 ms

 - Init: 0.0522137 ms

 - Adaptive Grouping: 0.79298 ms

 - Build Index: 0.813007 ms

 - Warmup: 5.71489 ms

 - Query: 1.13201 ms

 - Check: 37.0688 ms

 - Cleanup: 5.03302 ms

