/local/storage/liang/.clion/RayJoin/cmake-build-release-dl190/bin/query_exec -poly1 /local/storage/liang/Downloads/Datasets/point_cdb/lakes/Africa/lakes_Africa_Point.cdb              -poly2 /local/storage/liang/Downloads/Datasets/point_cdb/parks/Africa/parks_Africa_Point.cdb              -serialize=/dev/shm              -mode=rt              -v=1              -query=pip              -seed=1              -xsect_factor 0.1              -sample_map_id=1              -sample=map              -sample_rate=0.7              -warmup=5              -repeat=5              -enlarge=5
I0924 16:40:01.121115 689139 planar_graph.h:216] Map /dev/shm/-local-storage-liang-Downloads-Datasets-point_cdb-lakes-Africa-lakes_Africa_Point.cdb.bin is deserialized, chains: 27178 points: 1872496 edges: 1845318
I0924 16:40:01.152549 689139 planar_graph.h:216] Map /dev/shm/-local-storage-liang-Downloads-Datasets-point_cdb-parks-Africa-parks_Africa_Point.cdb.bin is deserialized, chains: 41991 points: 1358103 edges: 1316112
I0924 16:40:01.152582 689139 context.h:51] Bounding Box, Bottom-left: (-25.2135, -34.7852), Top-right: (63.4371, 37.3456)
I0924 16:40:01.152601 689139 context.h:58] Scaled Bounding Box, Bottom-left: (-68816217462298, -68470241806767), Top-right: (68816217462297, 68470241806766)
I0924 16:40:01.152603 689139 context.h:61] Unscaled Bounding Box, Bottom-left: (-25.2135, -34.7852), Top-right: (63.4371, 37.3456)
I0924 16:40:01.410212 689139 run_query.cu:348] Sampling map, sample rate: 0.7, seed: 1
I0924 16:40:01.441329 689139 planar_graph.h:310] Map is sampled, chains: 41991 points: 950604 edges: 908613
I0924 16:40:01.515470 689139 rt_engine.cu:282] Info: Pipeline statistics
	module(s)                            :     1
	entry function(s)                    :     2
	trace call(s)                        :     1
	continuation callable call(s)        :     0
	direct callable call(s)              :     0
	basic block(s) in entry functions    :    67
	instruction(s) in entry functions    :  1011
	non-entry function(s)                :     1
	basic block(s) in non-entry functions:     1
	instruction(s) in non-entry functions:     1
	debug information                    :    no
I0924 16:40:01.520454 689139 rt_engine.cu:282] Info: Pipeline statistics
	module(s)                            :     1
	entry function(s)                    :     2
	trace call(s)                        :     1
	continuation callable call(s)        :     0
	direct callable call(s)              :     0
	basic block(s) in entry functions    :    43
	instruction(s) in entry functions    :   831
	non-entry function(s)                :     1
	basic block(s) in non-entry functions:     1
	instruction(s) in non-entry functions:     1
	debug information                    :    no
I0924 16:40:01.521716 689139 primitive.h:252] Enlarge limit: 5 ne: 1845318 aabbs: 118595 Compress ratio: 0.935732 Time: 1.036 ms
I0924 16:40:01.521759 689139 rt_engine.cu:397] Building AS, num prims: 118595, Required Temp Size: 9033728 Output Size: 4440064
I0924 16:40:01.522591 689139 rt_engine.h:159] Parm size: 152
I0924 16:40:01.522608 689139 rt_engine.cu:554] optixLaunch, [w,h,d] = 1358103,1,1
I0924 16:40:01.524307 689139 rt_engine.h:159] Parm size: 152
I0924 16:40:01.524314 689139 rt_engine.cu:554] optixLaunch, [w,h,d] = 1358103,1,1
I0924 16:40:01.526001 689139 rt_engine.h:159] Parm size: 152
I0924 16:40:01.526008 689139 rt_engine.cu:554] optixLaunch, [w,h,d] = 1358103,1,1
I0924 16:40:01.527695 689139 rt_engine.h:159] Parm size: 152
I0924 16:40:01.527701 689139 rt_engine.cu:554] optixLaunch, [w,h,d] = 1358103,1,1
I0924 16:40:01.529386 689139 rt_engine.h:159] Parm size: 152
I0924 16:40:01.529393 689139 rt_engine.cu:554] optixLaunch, [w,h,d] = 1358103,1,1
I0924 16:40:01.531082 689139 rt_engine.h:159] Parm size: 152
I0924 16:40:01.531090 689139 rt_engine.cu:554] optixLaunch, [w,h,d] = 1358103,1,1
I0924 16:40:01.532776 689139 rt_engine.h:159] Parm size: 152
I0924 16:40:01.532783 689139 rt_engine.cu:554] optixLaunch, [w,h,d] = 1358103,1,1
I0924 16:40:01.534466 689139 rt_engine.h:159] Parm size: 152
I0924 16:40:01.534473 689139 rt_engine.cu:554] optixLaunch, [w,h,d] = 1358103,1,1
I0924 16:40:01.536156 689139 rt_engine.h:159] Parm size: 152
I0924 16:40:01.536163 689139 rt_engine.cu:554] optixLaunch, [w,h,d] = 1358103,1,1
I0924 16:40:01.537847 689139 rt_engine.h:159] Parm size: 152
I0924 16:40:01.537853 689139 rt_engine.cu:554] optixLaunch, [w,h,d] = 1358103,1,1
I0924 16:40:01.539866 689139 uniform_grid.h:267] Creating the uniform grid, resolution: 2048, Size: 112 MB
I0924 16:40:01.540408 689139 uniform_grid.h:323] Total Edges in the grid: 1899687, Size: 14 MB
I0924 16:40:01.540808 689139 run_query.cu:32] Checking point in polygon
I0924 16:40:01.584700 689139 run_query.cu:95] Map: 0 passed check
Timing results:
 - Read map: 115.296 ms

 - Create Context: 0.000953674 ms

 - Generate Workloads: 323.302 ms

 - Create App: 75.9981 ms

 - Init: 0.0360012 ms

 - Adaptive Grouping: 1.05596 ms

 - Build Index: 0.807047 ms

 - Warmup: 8.52799 ms

 - Query: 1.6912 ms

 - Check: 49.4239 ms

 - Cleanup: 5.27501 ms

