/local/storage/liang/.clion/RayJoin/cmake-build-release-dl190/bin/query_exec -poly1 /local/storage/liang/Downloads/Datasets/point_cdb/lakes/Australia/lakes_Australia_Point.cdb              -poly2 /local/storage/liang/Downloads/Datasets/point_cdb/parks/Australia/parks_Australia_Point.cdb              -serialize=/dev/shm              -mode=rt              -v=1              -query=pip              -seed=1              -xsect_factor 0.1              -sample_map_id=1              -sample=points              -sample_rate=0.7              -warmup=5              -repeat=5              -enlarge=1              -check=false
I0924 17:08:45.527032 703671 planar_graph.h:216] Map /dev/shm/-local-storage-liang-Downloads-Datasets-point_cdb-lakes-Australia-lakes_Australia_Point.cdb.bin is deserialized, chains: 16702 points: 1254743 edges: 1238041
I0924 17:08:45.541013 703671 planar_graph.h:216] Map /dev/shm/-local-storage-liang-Downloads-Datasets-point_cdb-parks-Australia-parks_Australia_Point.cdb.bin is deserialized, chains: 22386 points: 589464 edges: 567078
I0924 17:08:45.541038 703671 context.h:51] Bounding Box, Bottom-left: (112.971, -54.7384), Top-right: (158.947, -10.1168)
I0924 17:08:45.541055 703671 context.h:58] Scaled Bounding Box, Bottom-left: (-67435232688127, -67350025946940), Top-right: (67435232688126, 67350025946939)
I0924 17:08:45.541056 703671 context.h:61] Unscaled Bounding Box, Bottom-left: (112.971, -54.7384), Top-right: (158.947, -10.1168)
I0924 17:08:45.700860 703671 run_query.cu:394] Sampling points, sample rate: 0.7, seed: 1 Points: 412624
I0924 17:08:45.781131 703671 rt_engine.cu:282] Info: Pipeline statistics
	module(s)                            :     1
	entry function(s)                    :     2
	trace call(s)                        :     1
	continuation callable call(s)        :     0
	direct callable call(s)              :     0
	basic block(s) in entry functions    :    67
	instruction(s) in entry functions    :  1011
	non-entry function(s)                :     1
	basic block(s) in non-entry functions:     1
	instruction(s) in non-entry functions:     1
	debug information                    :    no
I0924 17:08:45.786013 703671 rt_engine.cu:282] Info: Pipeline statistics
	module(s)                            :     1
	entry function(s)                    :     2
	trace call(s)                        :     1
	continuation callable call(s)        :     0
	direct callable call(s)              :     0
	basic block(s) in entry functions    :    43
	instruction(s) in entry functions    :   831
	non-entry function(s)                :     1
	basic block(s) in non-entry functions:     1
	instruction(s) in non-entry functions:     1
	debug information                    :    no
I0924 17:08:45.786605 703671 primitive.h:252] Enlarge limit: 1 ne: 1238041 aabbs: 1237894 Compress ratio: 0.000118736 Time: 0.396 ms
I0924 17:08:45.786651 703671 rt_engine.cu:397] Building AS, num prims: 1237894, Required Temp Size: 94275456 Output Size: 46317696
I0924 17:08:45.790117 703671 rt_engine.h:159] Parm size: 152
I0924 17:08:45.790132 703671 rt_engine.cu:554] optixLaunch, [w,h,d] = 412624,1,1
I0924 17:08:45.790614 703671 rt_engine.h:159] Parm size: 152
I0924 17:08:45.790621 703671 rt_engine.cu:554] optixLaunch, [w,h,d] = 412624,1,1
I0924 17:08:45.791081 703671 rt_engine.h:159] Parm size: 152
I0924 17:08:45.791087 703671 rt_engine.cu:554] optixLaunch, [w,h,d] = 412624,1,1
I0924 17:08:45.791541 703671 rt_engine.h:159] Parm size: 152
I0924 17:08:45.791548 703671 rt_engine.cu:554] optixLaunch, [w,h,d] = 412624,1,1
I0924 17:08:45.792002 703671 rt_engine.h:159] Parm size: 152
I0924 17:08:45.792011 703671 rt_engine.cu:554] optixLaunch, [w,h,d] = 412624,1,1
I0924 17:08:45.792466 703671 rt_engine.h:159] Parm size: 152
I0924 17:08:45.792474 703671 rt_engine.cu:554] optixLaunch, [w,h,d] = 412624,1,1
I0924 17:08:45.792928 703671 rt_engine.h:159] Parm size: 152
I0924 17:08:45.792934 703671 rt_engine.cu:554] optixLaunch, [w,h,d] = 412624,1,1
I0924 17:08:45.793386 703671 rt_engine.h:159] Parm size: 152
I0924 17:08:45.793393 703671 rt_engine.cu:554] optixLaunch, [w,h,d] = 412624,1,1
I0924 17:08:45.793844 703671 rt_engine.h:159] Parm size: 152
I0924 17:08:45.793851 703671 rt_engine.cu:554] optixLaunch, [w,h,d] = 412624,1,1
I0924 17:08:45.794306 703671 rt_engine.h:159] Parm size: 152
I0924 17:08:45.794312 703671 rt_engine.cu:554] optixLaunch, [w,h,d] = 412624,1,1
Timing results:
 - Read map: 101.959 ms

 - Create Context: 0.00190735 ms

 - Generate Workloads: 174.66 ms

 - Create App: 84.2898 ms

 - Init: 0.00309944 ms

 - Adaptive Grouping: 0.418901 ms

 - Build Index: 3.4492 ms

 - Warmup: 2.38395 ms

 - Query: 0.460386 ms

 - Cleanup: 3.47304 ms

