/local/storage/liang/.clion/RayJoin/cmake-build-release-dl190/bin/query_exec -poly1 /local/storage/liang/Downloads/Datasets/point_cdb/lakes/Asia/lakes_Asia_Point.cdb              -poly2 /local/storage/liang/Downloads/Datasets/point_cdb/parks/Asia/parks_Asia_Point.cdb              -serialize=/dev/shm              -mode=rt              -v=1              -query=pip              -seed=1              -xsect_factor 0.1              -sample_map_id=1              -sample=map              -sample_rate=0.4              -warmup=5              -repeat=5              -enlarge=5
I0924 16:37:37.747040 687951 planar_graph.h:216] Map /dev/shm/-local-storage-liang-Downloads-Datasets-point_cdb-lakes-Asia-lakes_Asia_Point.cdb.bin is deserialized, chains: 194573 points: 10541220 edges: 10346647
I0924 16:37:38.013918 687951 planar_graph.h:216] Map /dev/shm/-local-storage-liang-Downloads-Datasets-point_cdb-parks-Asia-parks_Asia_Point.cdb.bin is deserialized, chains: 277198 points: 12209639 edges: 11932441
I0924 16:37:38.013945 687951 context.h:51] Bounding Box, Bottom-left: (-179.972, -10.8197), Top-right: (179.984, 81.2255)
I0924 16:37:38.013962 687951 context.h:58] Scaled Bounding Box, Bottom-left: (-69979919611218, -68872256062147), Top-right: (69979919611217, 68872256062146)
I0924 16:37:38.013964 687951 context.h:61] Unscaled Bounding Box, Bottom-left: (-179.972, -10.8197), Top-right: (179.984, 81.2255)
I0924 16:37:39.700367 687951 run_query.cu:348] Sampling map, sample rate: 0.4, seed: 1
I0924 16:37:39.929322 687951 planar_graph.h:310] Map is sampled, chains: 277198 points: 5055651 edges: 4778453
I0924 16:37:40.023051 687951 rt_engine.cu:282] Info: Pipeline statistics
	module(s)                            :     1
	entry function(s)                    :     2
	trace call(s)                        :     1
	continuation callable call(s)        :     0
	direct callable call(s)              :     0
	basic block(s) in entry functions    :    67
	instruction(s) in entry functions    :  1011
	non-entry function(s)                :     1
	basic block(s) in non-entry functions:     1
	instruction(s) in non-entry functions:     1
	debug information                    :    no
I0924 16:37:40.027937 687951 rt_engine.cu:282] Info: Pipeline statistics
	module(s)                            :     1
	entry function(s)                    :     2
	trace call(s)                        :     1
	continuation callable call(s)        :     0
	direct callable call(s)              :     0
	basic block(s) in entry functions    :    43
	instruction(s) in entry functions    :   831
	non-entry function(s)                :     1
	basic block(s) in non-entry functions:     1
	instruction(s) in non-entry functions:     1
	debug information                    :    no
I0924 16:37:40.033766 687951 primitive.h:252] Enlarge limit: 5 ne: 10346647 aabbs: 762458 Compress ratio: 0.926309 Time: 5.563 ms
I0924 16:37:40.033807 687951 rt_engine.cu:397] Building AS, num prims: 762458, Required Temp Size: 58067968 Output Size: 28529536
I0924 16:37:40.036582 687951 rt_engine.h:159] Parm size: 152
I0924 16:37:40.036599 687951 rt_engine.cu:554] optixLaunch, [w,h,d] = 12209639,1,1
I0924 16:37:40.058921 687951 rt_engine.h:159] Parm size: 152
I0924 16:37:40.058929 687951 rt_engine.cu:554] optixLaunch, [w,h,d] = 12209639,1,1
I0924 16:37:40.081236 687951 rt_engine.h:159] Parm size: 152
I0924 16:37:40.081243 687951 rt_engine.cu:554] optixLaunch, [w,h,d] = 12209639,1,1
I0924 16:37:40.103562 687951 rt_engine.h:159] Parm size: 152
I0924 16:37:40.103569 687951 rt_engine.cu:554] optixLaunch, [w,h,d] = 12209639,1,1
I0924 16:37:40.125861 687951 rt_engine.h:159] Parm size: 152
I0924 16:37:40.125869 687951 rt_engine.cu:554] optixLaunch, [w,h,d] = 12209639,1,1
I0924 16:37:40.145903 687951 rt_engine.h:159] Parm size: 152
I0924 16:37:40.145910 687951 rt_engine.cu:554] optixLaunch, [w,h,d] = 12209639,1,1
I0924 16:37:40.165858 687951 rt_engine.h:159] Parm size: 152
I0924 16:37:40.165865 687951 rt_engine.cu:554] optixLaunch, [w,h,d] = 12209639,1,1
I0924 16:37:40.185801 687951 rt_engine.h:159] Parm size: 152
I0924 16:37:40.185806 687951 rt_engine.cu:554] optixLaunch, [w,h,d] = 12209639,1,1
I0924 16:37:40.205734 687951 rt_engine.h:159] Parm size: 152
I0924 16:37:40.205740 687951 rt_engine.cu:554] optixLaunch, [w,h,d] = 12209639,1,1
I0924 16:37:40.225653 687951 rt_engine.h:159] Parm size: 152
I0924 16:37:40.225661 687951 rt_engine.cu:554] optixLaunch, [w,h,d] = 12209639,1,1
I0924 16:37:40.245911 687951 uniform_grid.h:267] Creating the uniform grid, resolution: 2048, Size: 112 MB
I0924 16:37:40.247257 687951 uniform_grid.h:323] Total Edges in the grid: 10480169, Size: 79 MB
I0924 16:37:40.248816 687951 run_query.cu:32] Checking point in polygon
I0924 16:37:40.796454 687951 run_query.cu:95] Map: 0 passed check
Timing results:
 - Read map: 316.47 ms

 - Create Context: 0.00214577 ms

 - Generate Workloads: 2206.01 ms

 - Create App: 74.877 ms

 - Init: 0.0770092 ms

 - Adaptive Grouping: 5.58305 ms

 - Build Index: 2.64502 ms

 - Warmup: 109.414 ms

 - Query: 19.9374 ms

 - Check: 573.122 ms

 - Cleanup: 8.3499 ms

