/local/storage/liang/.clion/RayJoin/cmake-build-release-dl190/bin/query_exec -poly1 /local/storage/liang/Downloads/Datasets/point_cdb/lakes/South_America/lakes_South_America_Point.cdb              -poly2 /local/storage/liang/Downloads/Datasets/point_cdb/parks/South_America/parks_South_America_Point.cdb              -serialize=/dev/shm              -mode=rt              -v=1              -query=pip              -seed=1              -xsect_factor 0.1              -sample_map_id=1              -sample=points              -sample_rate=0.2              -warmup=5              -repeat=5              -ag=0              -check=false
I1012 17:20:14.624034 2537270 planar_graph.h:216] Map /dev/shm/-local-storage-liang-Downloads-Datasets-point_cdb-lakes-South_America-lakes_South_America_Point.cdb.bin is deserialized, chains: 43757 points: 2418375 edges: 2374618
I1012 17:20:14.700026 2537270 planar_graph.h:216] Map /dev/shm/-local-storage-liang-Downloads-Datasets-point_cdb-parks-South_America-parks_South_America_Point.cdb.bin is deserialized, chains: 85371 points: 3264379 edges: 3179008
I1012 17:20:14.700066 2537270 context.h:51] Bounding Box, Bottom-left: (-92.6829, -55.9828), Top-right: (-34.788, 12.5803)
I1012 17:20:14.700083 2537270 context.h:58] Scaled Bounding Box, Bottom-left: (-68019003758318, -68374252432450), Top-right: (68019003758317, 68374252432449)
I1012 17:20:14.700084 2537270 context.h:61] Unscaled Bounding Box, Bottom-left: (-92.6829, -55.9828), Top-right: (-34.788, 12.5803)
I1012 17:20:15.220505 2537270 run_query.cu:400] Sampling points, sample rate: 0.2, seed: 1 Points: 652875
I1012 17:20:15.293499 2537270 rt_engine.cu:282] Info: Pipeline statistics
	module(s)                            :     1
	entry function(s)                    :     2
	trace call(s)                        :     1
	continuation callable call(s)        :     0
	direct callable call(s)              :     0
	basic block(s) in entry functions    :    67
	instruction(s) in entry functions    :  1011
	non-entry function(s)                :     1
	basic block(s) in non-entry functions:     1
	instruction(s) in non-entry functions:     1
	debug information                    :    no
I1012 17:20:15.298424 2537270 rt_engine.cu:282] Info: Pipeline statistics
	module(s)                            :     1
	entry function(s)                    :     2
	trace call(s)                        :     1
	continuation callable call(s)        :     0
	direct callable call(s)              :     0
	basic block(s) in entry functions    :    43
	instruction(s) in entry functions    :   831
	non-entry function(s)                :     1
	basic block(s) in non-entry functions:     1
	instruction(s) in non-entry functions:     1
	debug information                    :    no
I1012 17:20:15.299206 2537270 rt_engine.cu:397] Building AS, num prims: 2374618, Required Temp Size: 180843904 Output Size: 88847232
I1012 17:20:15.305768 2537270 rt_engine.h:159] Parm size: 152
I1012 17:20:15.305784 2537270 rt_engine.cu:554] optixLaunch, [w,h,d] = 652875,1,1
I1012 17:20:15.306562 2537270 rt_engine.h:159] Parm size: 152
I1012 17:20:15.306569 2537270 rt_engine.cu:554] optixLaunch, [w,h,d] = 652875,1,1
I1012 17:20:15.307314 2537270 rt_engine.h:159] Parm size: 152
I1012 17:20:15.307322 2537270 rt_engine.cu:554] optixLaunch, [w,h,d] = 652875,1,1
I1012 17:20:15.308043 2537270 rt_engine.h:159] Parm size: 152
I1012 17:20:15.308049 2537270 rt_engine.cu:554] optixLaunch, [w,h,d] = 652875,1,1
I1012 17:20:15.308770 2537270 rt_engine.h:159] Parm size: 152
I1012 17:20:15.308777 2537270 rt_engine.cu:554] optixLaunch, [w,h,d] = 652875,1,1
I1012 17:20:15.309497 2537270 rt_engine.h:159] Parm size: 152
I1012 17:20:15.309504 2537270 rt_engine.cu:554] optixLaunch, [w,h,d] = 652875,1,1
I1012 17:20:15.310223 2537270 rt_engine.h:159] Parm size: 152
I1012 17:20:15.310230 2537270 rt_engine.cu:554] optixLaunch, [w,h,d] = 652875,1,1
I1012 17:20:15.310950 2537270 rt_engine.h:159] Parm size: 152
I1012 17:20:15.310956 2537270 rt_engine.cu:554] optixLaunch, [w,h,d] = 652875,1,1
I1012 17:20:15.311678 2537270 rt_engine.h:159] Parm size: 152
I1012 17:20:15.311686 2537270 rt_engine.cu:554] optixLaunch, [w,h,d] = 652875,1,1
I1012 17:20:15.312404 2537270 rt_engine.h:159] Parm size: 152
I1012 17:20:15.312412 2537270 rt_engine.cu:554] optixLaunch, [w,h,d] = 652875,1,1
Timing results:
 - Read map: 136.334 ms

 - Create Context: 0.00190735 ms

 - Generate Workloads: 601.062 ms

 - Create App: 73.2679 ms

 - Init: 0.12517 ms

 - Adaptive Grouping: 0.45085 ms

 - Build Index: 6.5341 ms

 - Warmup: 3.77202 ms

 - Query: 0.726604 ms

 - Cleanup: 6.27184 ms

