/local/storage/liang/.clion/RayJoin/cmake-build-release-dl190/bin/query_exec -poly1 /local/storage/liang/Downloads/Datasets/point_cdb/lakes/Europe/lakes_Europe_Point.cdb              -poly2 /local/storage/liang/Downloads/Datasets/point_cdb/parks/Europe/parks_Europe_Point.cdb              -serialize=/dev/shm              -mode=rt              -v=1              -query=pip              -seed=1              -xsect_factor 0.1              -sample_map_id=1              -sample=map              -sample_rate=0.4              -warmup=5              -repeat=5              -enlarge=5
I0924 16:37:42.260010 687986 planar_graph.h:216] Map /dev/shm/-local-storage-liang-Downloads-Datasets-point_cdb-lakes-Europe-lakes_Europe_Point.cdb.bin is deserialized, chains: 831264 points: 28687526 edges: 27856262
I0924 16:37:43.863813 687986 planar_graph.h:216] Map /dev/shm/-local-storage-liang-Downloads-Datasets-point_cdb-parks-Europe-parks_Europe_Point.cdb.bin is deserialized, chains: 3299874 points: 69273661 edges: 65973787
I0924 16:37:43.863850 687986 context.h:51] Bounding Box, Bottom-left: (-31.2515, 35.0264), Top-right: (68.8331, 81.3082)
I0924 16:37:43.863869 687986 context.h:58] Scaled Bounding Box, Bottom-left: (-68990108085658, -67453827351386), Top-right: (68990108085657, 67453827351385)
I0924 16:37:43.863871 687986 context.h:61] Unscaled Bounding Box, Bottom-left: (-31.2515, 35.0264), Top-right: (68.8331, 81.3082)
I0924 16:37:51.515451 687986 run_query.cu:348] Sampling map, sample rate: 0.4, seed: 1
I0924 16:37:52.540983 687986 planar_graph.h:310] Map is sampled, chains: 3299874 points: 29841522 edges: 26541648
I0924 16:37:52.718801 687986 rt_engine.cu:282] Info: Pipeline statistics
	module(s)                            :     1
	entry function(s)                    :     2
	trace call(s)                        :     1
	continuation callable call(s)        :     0
	direct callable call(s)              :     0
	basic block(s) in entry functions    :    67
	instruction(s) in entry functions    :  1011
	non-entry function(s)                :     1
	basic block(s) in non-entry functions:     1
	instruction(s) in non-entry functions:     1
	debug information                    :    no
I0924 16:37:52.723908 687986 rt_engine.cu:282] Info: Pipeline statistics
	module(s)                            :     1
	entry function(s)                    :     2
	trace call(s)                        :     1
	continuation callable call(s)        :     0
	direct callable call(s)              :     0
	basic block(s) in entry functions    :    43
	instruction(s) in entry functions    :   831
	non-entry function(s)                :     1
	basic block(s) in non-entry functions:     1
	instruction(s) in non-entry functions:     1
	debug information                    :    no
I0924 16:37:52.739440 687986 primitive.h:252] Enlarge limit: 5 ne: 27856262 aabbs: 2149052 Compress ratio: 0.922852 Time: 14.744 ms
I0924 16:37:52.739501 687986 rt_engine.cu:397] Building AS, num prims: 2149052, Required Temp Size: 163665536 Output Size: 80407936
I0924 16:37:52.746722 687986 rt_engine.h:159] Parm size: 152
I0924 16:37:52.746739 687986 rt_engine.cu:554] optixLaunch, [w,h,d] = 69273661,1,1
I0924 16:37:52.919751 687986 rt_engine.h:159] Parm size: 152
I0924 16:37:52.919759 687986 rt_engine.cu:554] optixLaunch, [w,h,d] = 69273661,1,1
I0924 16:37:53.075359 687986 rt_engine.h:159] Parm size: 152
I0924 16:37:53.075366 687986 rt_engine.cu:554] optixLaunch, [w,h,d] = 69273661,1,1
I0924 16:37:53.230677 687986 rt_engine.h:159] Parm size: 152
I0924 16:37:53.230684 687986 rt_engine.cu:554] optixLaunch, [w,h,d] = 69273661,1,1
I0924 16:37:53.385979 687986 rt_engine.h:159] Parm size: 152
I0924 16:37:53.385986 687986 rt_engine.cu:554] optixLaunch, [w,h,d] = 69273661,1,1
I0924 16:37:53.541391 687986 rt_engine.h:159] Parm size: 152
I0924 16:37:53.541397 687986 rt_engine.cu:554] optixLaunch, [w,h,d] = 69273661,1,1
I0924 16:37:53.697819 687986 rt_engine.h:159] Parm size: 152
I0924 16:37:53.697825 687986 rt_engine.cu:554] optixLaunch, [w,h,d] = 69273661,1,1
I0924 16:37:53.854238 687986 rt_engine.h:159] Parm size: 152
I0924 16:37:53.854245 687986 rt_engine.cu:554] optixLaunch, [w,h,d] = 69273661,1,1
I0924 16:37:54.010658 687986 rt_engine.h:159] Parm size: 152
I0924 16:37:54.010665 687986 rt_engine.cu:554] optixLaunch, [w,h,d] = 69273661,1,1
I0924 16:37:54.167091 687986 rt_engine.h:159] Parm size: 152
I0924 16:37:54.167097 687986 rt_engine.cu:554] optixLaunch, [w,h,d] = 69273661,1,1
I0924 16:37:54.323675 687986 uniform_grid.h:267] Creating the uniform grid, resolution: 2048, Size: 112 MB
I0924 16:37:54.326697 687986 uniform_grid.h:323] Total Edges in the grid: 28278230, Size: 215 MB
I0924 16:37:54.331941 687986 run_query.cu:32] Checking point in polygon
I0924 16:37:56.494246 687986 run_query.cu:95] Map: 0 passed check
Timing results:
 - Read map: 708.59 ms

 - Create Context: 0.00214577 ms

 - Generate Workloads: 10382 ms

 - Create App: 82.3431 ms

 - Init: 0.134945 ms

 - Adaptive Grouping: 14.766 ms

 - Build Index: 6.56796 ms

 - Warmup: 795.046 ms

 - Query: 156.426 ms

 - Check: 2263.9 ms

 - Cleanup: 11.673 ms

