/local/storage/liang/.clion/RayJoin/cmake-build-release-dl190/bin/query_exec -poly1 /local/storage/liang/Downloads/Datasets/point_cdb/lakes/North_America/lakes_North_America_Point.cdb              -poly2 /local/storage/liang/Downloads/Datasets/point_cdb/parks/North_America/parks_North_America_Point.cdb              -serialize=/dev/shm              -mode=rt              -v=1              -query=pip              -seed=1              -xsect_factor 0.1              -sample_map_id=1              -sample=map              -sample_rate=0.6              -warmup=5              -repeat=5              -enlarge=5
I0924 16:39:35.209812 688890 planar_graph.h:216] Map /dev/shm/-local-storage-liang-Downloads-Datasets-point_cdb-lakes-North_America-lakes_North_America_Point.cdb.bin is deserialized, chains: 1910184 points: 69273661 edges: 67363477
I0924 16:39:35.803611 688890 planar_graph.h:216] Map /dev/shm/-local-storage-liang-Downloads-Datasets-point_cdb-parks-North_America-parks_North_America_Point.cdb.bin is deserialized, chains: 603325 points: 27465008 edges: 26861683
I0924 16:39:35.803645 688890 context.h:51] Bounding Box, Bottom-left: (-178.058, 7.22476), Top-right: (-45.5202, 71.2885)
I0924 16:39:35.803663 688890 context.h:58] Scaled Bounding Box, Bottom-left: (-69322661498935, -68238415890814), Top-right: (69322661498934, 68238415890813)
I0924 16:39:35.803665 688890 context.h:61] Unscaled Bounding Box, Bottom-left: (-178.058, 7.22476), Top-right: (-45.5202, 71.2885)
I0924 16:39:43.428809 688890 run_query.cu:348] Sampling map, sample rate: 0.6, seed: 1
I0924 16:39:44.007861 688890 planar_graph.h:310] Map is sampled, chains: 603325 points: 16612451 edges: 16009126
I0924 16:39:44.128990 688890 rt_engine.cu:282] Info: Pipeline statistics
	module(s)                            :     1
	entry function(s)                    :     2
	trace call(s)                        :     1
	continuation callable call(s)        :     0
	direct callable call(s)              :     0
	basic block(s) in entry functions    :    67
	instruction(s) in entry functions    :  1011
	non-entry function(s)                :     1
	basic block(s) in non-entry functions:     1
	instruction(s) in non-entry functions:     1
	debug information                    :    no
I0924 16:39:44.133929 688890 rt_engine.cu:282] Info: Pipeline statistics
	module(s)                            :     1
	entry function(s)                    :     2
	trace call(s)                        :     1
	continuation callable call(s)        :     0
	direct callable call(s)              :     0
	basic block(s) in entry functions    :    43
	instruction(s) in entry functions    :   831
	non-entry function(s)                :     1
	basic block(s) in non-entry functions:     1
	instruction(s) in non-entry functions:     1
	debug information                    :    no
I0924 16:39:44.169934 688890 primitive.h:252] Enlarge limit: 5 ne: 67363477 aabbs: 4933878 Compress ratio: 0.926757 Time: 35.252 ms
I0924 16:39:44.169981 688890 rt_engine.cu:397] Building AS, num prims: 4933878, Required Temp Size: 375747712 Output Size: 184600064
I0924 16:39:44.184023 688890 rt_engine.h:159] Parm size: 152
I0924 16:39:44.184041 688890 rt_engine.cu:554] optixLaunch, [w,h,d] = 27465008,1,1
I0924 16:39:44.260425 688890 rt_engine.h:159] Parm size: 152
I0924 16:39:44.260432 688890 rt_engine.cu:554] optixLaunch, [w,h,d] = 27465008,1,1
I0924 16:39:44.331802 688890 rt_engine.h:159] Parm size: 152
I0924 16:39:44.331809 688890 rt_engine.cu:554] optixLaunch, [w,h,d] = 27465008,1,1
I0924 16:39:44.400355 688890 rt_engine.h:159] Parm size: 152
I0924 16:39:44.400362 688890 rt_engine.cu:554] optixLaunch, [w,h,d] = 27465008,1,1
I0924 16:39:44.468881 688890 rt_engine.h:159] Parm size: 152
I0924 16:39:44.468890 688890 rt_engine.cu:554] optixLaunch, [w,h,d] = 27465008,1,1
I0924 16:39:44.537423 688890 rt_engine.h:159] Parm size: 152
I0924 16:39:44.537431 688890 rt_engine.cu:554] optixLaunch, [w,h,d] = 27465008,1,1
I0924 16:39:44.605983 688890 rt_engine.h:159] Parm size: 152
I0924 16:39:44.605989 688890 rt_engine.cu:554] optixLaunch, [w,h,d] = 27465008,1,1
I0924 16:39:44.674513 688890 rt_engine.h:159] Parm size: 152
I0924 16:39:44.674520 688890 rt_engine.cu:554] optixLaunch, [w,h,d] = 27465008,1,1
I0924 16:39:44.743067 688890 rt_engine.h:159] Parm size: 152
I0924 16:39:44.743072 688890 rt_engine.cu:554] optixLaunch, [w,h,d] = 27465008,1,1
I0924 16:39:44.811618 688890 rt_engine.h:159] Parm size: 152
I0924 16:39:44.811625 688890 rt_engine.cu:554] optixLaunch, [w,h,d] = 27465008,1,1
I0924 16:39:44.880681 688890 uniform_grid.h:267] Creating the uniform grid, resolution: 2048, Size: 112 MB
I0924 16:39:44.887358 688890 uniform_grid.h:323] Total Edges in the grid: 67924324, Size: 518 MB
I0924 16:39:44.900843 688890 run_query.cu:32] Checking point in polygon
I0924 16:39:46.095018 688890 run_query.cu:95] Map: 0 passed check
Timing results:
 - Read map: 1600.43 ms

 - Create Context: 0.000953674 ms

 - Generate Workloads: 8843.12 ms

 - Create App: 81.4712 ms

 - Init: 0.0779629 ms

 - Adaptive Grouping: 35.275 ms

 - Build Index: 13.767 ms

 - Warmup: 353.571 ms

 - Query: 68.543 ms

 - Check: 1257.92 ms

 - Cleanup: 11.719 ms

