/local/storage/liang/.clion/RayJoin/cmake-build-release-dl190/bin/query_exec -poly1 /local/storage/liang/Downloads/Datasets/point_cdb/lakes/Asia/lakes_Asia_Point.cdb              -poly2 /local/storage/liang/Downloads/Datasets/point_cdb/parks/Asia/parks_Asia_Point.cdb              -serialize=/dev/shm              -mode=rt              -v=1              -query=pip              -seed=1              -xsect_factor 0.1              -sample_map_id=1              -sample=map              -sample_rate=0.6              -warmup=5              -repeat=5              -enlarge=5
I0924 16:39:13.426898 688730 planar_graph.h:216] Map /dev/shm/-local-storage-liang-Downloads-Datasets-point_cdb-lakes-Asia-lakes_Asia_Point.cdb.bin is deserialized, chains: 194573 points: 10541220 edges: 10346647
I0924 16:39:13.693634 688730 planar_graph.h:216] Map /dev/shm/-local-storage-liang-Downloads-Datasets-point_cdb-parks-Asia-parks_Asia_Point.cdb.bin is deserialized, chains: 277198 points: 12209639 edges: 11932441
I0924 16:39:13.693658 688730 context.h:51] Bounding Box, Bottom-left: (-179.972, -10.8197), Top-right: (179.984, 81.2255)
I0924 16:39:13.693675 688730 context.h:58] Scaled Bounding Box, Bottom-left: (-69979919611218, -68872256062147), Top-right: (69979919611217, 68872256062146)
I0924 16:39:13.693677 688730 context.h:61] Unscaled Bounding Box, Bottom-left: (-179.972, -10.8197), Top-right: (179.984, 81.2255)
I0924 16:39:15.386148 688730 run_query.cu:348] Sampling map, sample rate: 0.6, seed: 1
I0924 16:39:15.669342 688730 planar_graph.h:310] Map is sampled, chains: 277198 points: 7395867 edges: 7118669
I0924 16:39:15.763832 688730 rt_engine.cu:282] Info: Pipeline statistics
	module(s)                            :     1
	entry function(s)                    :     2
	trace call(s)                        :     1
	continuation callable call(s)        :     0
	direct callable call(s)              :     0
	basic block(s) in entry functions    :    67
	instruction(s) in entry functions    :  1011
	non-entry function(s)                :     1
	basic block(s) in non-entry functions:     1
	instruction(s) in non-entry functions:     1
	debug information                    :    no
I0924 16:39:15.768752 688730 rt_engine.cu:282] Info: Pipeline statistics
	module(s)                            :     1
	entry function(s)                    :     2
	trace call(s)                        :     1
	continuation callable call(s)        :     0
	direct callable call(s)              :     0
	basic block(s) in entry functions    :    43
	instruction(s) in entry functions    :   831
	non-entry function(s)                :     1
	basic block(s) in non-entry functions:     1
	instruction(s) in non-entry functions:     1
	debug information                    :    no
I0924 16:39:15.774597 688730 primitive.h:252] Enlarge limit: 5 ne: 10346647 aabbs: 762458 Compress ratio: 0.926309 Time: 5.573 ms
I0924 16:39:15.774642 688730 rt_engine.cu:397] Building AS, num prims: 762458, Required Temp Size: 58067968 Output Size: 28529536
I0924 16:39:15.777438 688730 rt_engine.h:159] Parm size: 152
I0924 16:39:15.777453 688730 rt_engine.cu:554] optixLaunch, [w,h,d] = 12209639,1,1
I0924 16:39:15.799795 688730 rt_engine.h:159] Parm size: 152
I0924 16:39:15.799803 688730 rt_engine.cu:554] optixLaunch, [w,h,d] = 12209639,1,1
I0924 16:39:15.822122 688730 rt_engine.h:159] Parm size: 152
I0924 16:39:15.822129 688730 rt_engine.cu:554] optixLaunch, [w,h,d] = 12209639,1,1
I0924 16:39:15.844434 688730 rt_engine.h:159] Parm size: 152
I0924 16:39:15.844441 688730 rt_engine.cu:554] optixLaunch, [w,h,d] = 12209639,1,1
I0924 16:39:15.866775 688730 rt_engine.h:159] Parm size: 152
I0924 16:39:15.866782 688730 rt_engine.cu:554] optixLaunch, [w,h,d] = 12209639,1,1
I0924 16:39:15.889112 688730 rt_engine.h:159] Parm size: 152
I0924 16:39:15.889119 688730 rt_engine.cu:554] optixLaunch, [w,h,d] = 12209639,1,1
I0924 16:39:15.909844 688730 rt_engine.h:159] Parm size: 152
I0924 16:39:15.909850 688730 rt_engine.cu:554] optixLaunch, [w,h,d] = 12209639,1,1
I0924 16:39:15.929816 688730 rt_engine.h:159] Parm size: 152
I0924 16:39:15.929821 688730 rt_engine.cu:554] optixLaunch, [w,h,d] = 12209639,1,1
I0924 16:39:15.949788 688730 rt_engine.h:159] Parm size: 152
I0924 16:39:15.949795 688730 rt_engine.cu:554] optixLaunch, [w,h,d] = 12209639,1,1
I0924 16:39:15.969732 688730 rt_engine.h:159] Parm size: 152
I0924 16:39:15.969739 688730 rt_engine.cu:554] optixLaunch, [w,h,d] = 12209639,1,1
I0924 16:39:15.989975 688730 uniform_grid.h:267] Creating the uniform grid, resolution: 2048, Size: 112 MB
I0924 16:39:15.991320 688730 uniform_grid.h:323] Total Edges in the grid: 10480169, Size: 79 MB
I0924 16:39:15.992856 688730 run_query.cu:32] Checking point in polygon
I0924 16:39:16.545369 688730 run_query.cu:95] Map: 0 passed check
Timing results:
 - Read map: 298.236 ms

 - Create Context: 0.00214577 ms

 - Generate Workloads: 2266.21 ms

 - Create App: 75.6538 ms

 - Init: 0.0741482 ms

 - Adaptive Grouping: 5.59402 ms

 - Build Index: 2.66695 ms

 - Warmup: 111.768 ms

 - Query: 20.1104 ms

 - Check: 577.784 ms

 - Cleanup: 8.33797 ms

