/local/storage/liang/.clion/RayJoin/cmake-build-release-dl190/bin/query_exec -poly1 /local/storage/liang/Downloads/Datasets/point_cdb/lakes/Africa/lakes_Africa_Point.cdb              -poly2 /local/storage/liang/Downloads/Datasets/point_cdb/parks/Africa/parks_Africa_Point.cdb              -serialize=/dev/shm              -mode=rt              -v=1              -query=pip              -seed=1              -xsect_factor 0.1              -sample_map_id=1              -sample=map              -sample_rate=1.0              -warmup=5              -repeat=5              -enlarge=5
I0924 16:42:29.470356 690372 planar_graph.h:216] Map /dev/shm/-local-storage-liang-Downloads-Datasets-point_cdb-lakes-Africa-lakes_Africa_Point.cdb.bin is deserialized, chains: 27178 points: 1872496 edges: 1845318
I0924 16:42:29.501552 690372 planar_graph.h:216] Map /dev/shm/-local-storage-liang-Downloads-Datasets-point_cdb-parks-Africa-parks_Africa_Point.cdb.bin is deserialized, chains: 41991 points: 1358103 edges: 1316112
I0924 16:42:29.501587 690372 context.h:51] Bounding Box, Bottom-left: (-25.2135, -34.7852), Top-right: (63.4371, 37.3456)
I0924 16:42:29.501605 690372 context.h:58] Scaled Bounding Box, Bottom-left: (-68816217462298, -68470241806767), Top-right: (68816217462297, 68470241806766)
I0924 16:42:29.501607 690372 context.h:61] Unscaled Bounding Box, Bottom-left: (-25.2135, -34.7852), Top-right: (63.4371, 37.3456)
I0924 16:42:29.761579 690372 run_query.cu:348] Sampling map, sample rate: 1, seed: 1
I0924 16:42:29.808670 690372 planar_graph.h:310] Map is sampled, chains: 41991 points: 1358103 edges: 1316112
I0924 16:42:29.885547 690372 rt_engine.cu:282] Info: Pipeline statistics
	module(s)                            :     1
	entry function(s)                    :     2
	trace call(s)                        :     1
	continuation callable call(s)        :     0
	direct callable call(s)              :     0
	basic block(s) in entry functions    :    67
	instruction(s) in entry functions    :  1011
	non-entry function(s)                :     1
	basic block(s) in non-entry functions:     1
	instruction(s) in non-entry functions:     1
	debug information                    :    no
I0924 16:42:29.890494 690372 rt_engine.cu:282] Info: Pipeline statistics
	module(s)                            :     1
	entry function(s)                    :     2
	trace call(s)                        :     1
	continuation callable call(s)        :     0
	direct callable call(s)              :     0
	basic block(s) in entry functions    :    43
	instruction(s) in entry functions    :   831
	non-entry function(s)                :     1
	basic block(s) in non-entry functions:     1
	instruction(s) in non-entry functions:     1
	debug information                    :    no
I0924 16:42:29.891844 690372 primitive.h:252] Enlarge limit: 5 ne: 1845318 aabbs: 118595 Compress ratio: 0.935732 Time: 1.075 ms
I0924 16:42:29.891889 690372 rt_engine.cu:397] Building AS, num prims: 118595, Required Temp Size: 9033728 Output Size: 4440064
I0924 16:42:29.892762 690372 rt_engine.h:159] Parm size: 152
I0924 16:42:29.892777 690372 rt_engine.cu:554] optixLaunch, [w,h,d] = 1358103,1,1
I0924 16:42:29.894476 690372 rt_engine.h:159] Parm size: 152
I0924 16:42:29.894483 690372 rt_engine.cu:554] optixLaunch, [w,h,d] = 1358103,1,1
I0924 16:42:29.896169 690372 rt_engine.h:159] Parm size: 152
I0924 16:42:29.896176 690372 rt_engine.cu:554] optixLaunch, [w,h,d] = 1358103,1,1
I0924 16:42:29.897861 690372 rt_engine.h:159] Parm size: 152
I0924 16:42:29.897867 690372 rt_engine.cu:554] optixLaunch, [w,h,d] = 1358103,1,1
I0924 16:42:29.899552 690372 rt_engine.h:159] Parm size: 152
I0924 16:42:29.899559 690372 rt_engine.cu:554] optixLaunch, [w,h,d] = 1358103,1,1
I0924 16:42:29.901244 690372 rt_engine.h:159] Parm size: 152
I0924 16:42:29.901250 690372 rt_engine.cu:554] optixLaunch, [w,h,d] = 1358103,1,1
I0924 16:42:29.902935 690372 rt_engine.h:159] Parm size: 152
I0924 16:42:29.902942 690372 rt_engine.cu:554] optixLaunch, [w,h,d] = 1358103,1,1
I0924 16:42:29.904628 690372 rt_engine.h:159] Parm size: 152
I0924 16:42:29.904633 690372 rt_engine.cu:554] optixLaunch, [w,h,d] = 1358103,1,1
I0924 16:42:29.906317 690372 rt_engine.h:159] Parm size: 152
I0924 16:42:29.906323 690372 rt_engine.cu:554] optixLaunch, [w,h,d] = 1358103,1,1
I0924 16:42:29.908011 690372 rt_engine.h:159] Parm size: 152
I0924 16:42:29.908017 690372 rt_engine.cu:554] optixLaunch, [w,h,d] = 1358103,1,1
I0924 16:42:29.910030 690372 uniform_grid.h:267] Creating the uniform grid, resolution: 2048, Size: 112 MB
I0924 16:42:29.910566 690372 uniform_grid.h:323] Total Edges in the grid: 1899687, Size: 14 MB
I0924 16:42:29.910964 690372 run_query.cu:32] Checking point in polygon
I0924 16:42:29.955246 690372 run_query.cu:95] Map: 0 passed check
Timing results:
 - Read map: 114.367 ms

 - Create Context: 0.00596046 ms

 - Generate Workloads: 342.435 ms

 - Create App: 77.692 ms

 - Init: 0.0369549 ms

 - Adaptive Grouping: 1.09696 ms

 - Build Index: 0.851154 ms

 - Warmup: 8.51798 ms

 - Query: 1.69239 ms

 - Check: 49.8009 ms

 - Cleanup: 5.27406 ms

