/local/storage/liang/.clion/RayJoin/cmake-build-release-dl190/bin/query_exec -poly1 /local/storage/liang/Downloads/Datasets/point_cdb/lakes/North_America/lakes_North_America_Point.cdb              -poly2 /local/storage/liang/Downloads/Datasets/point_cdb/parks/North_America/parks_North_America_Point.cdb              -serialize=/dev/shm              -mode=rt              -v=1              -query=pip              -seed=1              -xsect_factor 0.1              -sample_map_id=1              -sample=points              -sample_rate=0.5              -warmup=5              -repeat=5              -enlarge=1              -check=false
I0924 17:07:37.148085 703059 planar_graph.h:216] Map /dev/shm/-local-storage-liang-Downloads-Datasets-point_cdb-lakes-North_America-lakes_North_America_Point.cdb.bin is deserialized, chains: 1910184 points: 69273661 edges: 67363477
I0924 17:07:37.740691 703059 planar_graph.h:216] Map /dev/shm/-local-storage-liang-Downloads-Datasets-point_cdb-parks-North_America-parks_North_America_Point.cdb.bin is deserialized, chains: 603325 points: 27465008 edges: 26861683
I0924 17:07:37.740756 703059 context.h:51] Bounding Box, Bottom-left: (-178.058, 7.22476), Top-right: (-45.5202, 71.2885)
I0924 17:07:37.740772 703059 context.h:58] Scaled Bounding Box, Bottom-left: (-69322661498935, -68238415890814), Top-right: (69322661498934, 68238415890813)
I0924 17:07:37.740774 703059 context.h:61] Unscaled Bounding Box, Bottom-left: (-178.058, 7.22476), Top-right: (-45.5202, 71.2885)
I0924 17:07:46.071982 703059 run_query.cu:394] Sampling points, sample rate: 0.5, seed: 1 Points: 13732504
I0924 17:07:46.195366 703059 rt_engine.cu:282] Info: Pipeline statistics
	module(s)                            :     1
	entry function(s)                    :     2
	trace call(s)                        :     1
	continuation callable call(s)        :     0
	direct callable call(s)              :     0
	basic block(s) in entry functions    :    67
	instruction(s) in entry functions    :  1011
	non-entry function(s)                :     1
	basic block(s) in non-entry functions:     1
	instruction(s) in non-entry functions:     1
	debug information                    :    no
I0924 17:07:46.200366 703059 rt_engine.cu:282] Info: Pipeline statistics
	module(s)                            :     1
	entry function(s)                    :     2
	trace call(s)                        :     1
	continuation callable call(s)        :     0
	direct callable call(s)              :     0
	basic block(s) in entry functions    :    43
	instruction(s) in entry functions    :   831
	non-entry function(s)                :     1
	basic block(s) in non-entry functions:     1
	instruction(s) in non-entry functions:     1
	debug information                    :    no
I0924 17:07:46.212496 703059 primitive.h:252] Enlarge limit: 1 ne: 67363477 aabbs: 67348028 Compress ratio: 0.000229338 Time: 11.348 ms
I0924 17:07:46.212567 703059 rt_engine.cu:397] Building AS, num prims: 67348028, Required Temp Size: 5128975104 Output Size: 2519776000
I0924 17:07:46.380832 703059 rt_engine.h:159] Parm size: 152
I0924 17:07:46.380875 703059 rt_engine.cu:554] optixLaunch, [w,h,d] = 13732504,1,1
I0924 17:07:46.413944 703059 rt_engine.h:159] Parm size: 152
I0924 17:07:46.413950 703059 rt_engine.cu:554] optixLaunch, [w,h,d] = 13732504,1,1
I0924 17:07:46.445776 703059 rt_engine.h:159] Parm size: 152
I0924 17:07:46.445783 703059 rt_engine.cu:554] optixLaunch, [w,h,d] = 13732504,1,1
I0924 17:07:46.477203 703059 rt_engine.h:159] Parm size: 152
I0924 17:07:46.477210 703059 rt_engine.cu:554] optixLaunch, [w,h,d] = 13732504,1,1
I0924 17:07:46.508657 703059 rt_engine.h:159] Parm size: 152
I0924 17:07:46.508664 703059 rt_engine.cu:554] optixLaunch, [w,h,d] = 13732504,1,1
I0924 17:07:46.540163 703059 rt_engine.h:159] Parm size: 152
I0924 17:07:46.540169 703059 rt_engine.cu:554] optixLaunch, [w,h,d] = 13732504,1,1
I0924 17:07:46.571668 703059 rt_engine.h:159] Parm size: 152
I0924 17:07:46.571674 703059 rt_engine.cu:554] optixLaunch, [w,h,d] = 13732504,1,1
I0924 17:07:46.603169 703059 rt_engine.h:159] Parm size: 152
I0924 17:07:46.603176 703059 rt_engine.cu:554] optixLaunch, [w,h,d] = 13732504,1,1
I0924 17:07:46.634653 703059 rt_engine.h:159] Parm size: 152
I0924 17:07:46.634660 703059 rt_engine.cu:554] optixLaunch, [w,h,d] = 13732504,1,1
I0924 17:07:46.666147 703059 rt_engine.h:159] Parm size: 152
I0924 17:07:46.666154 703059 rt_engine.cu:554] optixLaunch, [w,h,d] = 13732504,1,1
Timing results:
 - Read map: 1610.99 ms

 - Create Context: 0.00214577 ms

 - Generate Workloads: 8961.96 ms

 - Create App: 90.838 ms

 - Init: 0.0660419 ms

 - Adaptive Grouping: 11.3709 ms

 - Build Index: 168.142 ms

 - Warmup: 159.438 ms

 - Query: 31.491 ms

 - Cleanup: 12.3429 ms

