/local/storage/liang/.clion/RayJoin/cmake-build-release-dl190/bin/query_exec -poly1 /local/storage/liang/Downloads/Datasets/point_cdb/lakes/South_America/lakes_South_America_Point.cdb              -poly2 /local/storage/liang/Downloads/Datasets/point_cdb/parks/South_America/parks_South_America_Point.cdb              -serialize=/dev/shm              -mode=rt              -v=1              -query=pip              -seed=1              -xsect_factor 0.1              -sample_map_id=1              -sample=points              -sample_rate=0.9              -warmup=5              -repeat=5              -enlarge=1              -check=false
I0924 17:10:38.163136 704596 planar_graph.h:216] Map /dev/shm/-local-storage-liang-Downloads-Datasets-point_cdb-lakes-South_America-lakes_South_America_Point.cdb.bin is deserialized, chains: 43757 points: 2418375 edges: 2374618
I0924 17:10:38.236626 704596 planar_graph.h:216] Map /dev/shm/-local-storage-liang-Downloads-Datasets-point_cdb-parks-South_America-parks_South_America_Point.cdb.bin is deserialized, chains: 85371 points: 3264379 edges: 3179008
I0924 17:10:38.236653 704596 context.h:51] Bounding Box, Bottom-left: (-92.6829, -55.9828), Top-right: (-34.788, 12.5803)
I0924 17:10:38.236671 704596 context.h:58] Scaled Bounding Box, Bottom-left: (-68019003758318, -68374252432450), Top-right: (68019003758317, 68374252432449)
I0924 17:10:38.236673 704596 context.h:61] Unscaled Bounding Box, Bottom-left: (-92.6829, -55.9828), Top-right: (-34.788, 12.5803)
I0924 17:10:38.744910 704596 run_query.cu:394] Sampling points, sample rate: 0.9, seed: 1 Points: 2937941
I0924 17:10:38.817271 704596 rt_engine.cu:282] Info: Pipeline statistics
	module(s)                            :     1
	entry function(s)                    :     2
	trace call(s)                        :     1
	continuation callable call(s)        :     0
	direct callable call(s)              :     0
	basic block(s) in entry functions    :    67
	instruction(s) in entry functions    :  1011
	non-entry function(s)                :     1
	basic block(s) in non-entry functions:     1
	instruction(s) in non-entry functions:     1
	debug information                    :    no
I0924 17:10:38.822150 704596 rt_engine.cu:282] Info: Pipeline statistics
	module(s)                            :     1
	entry function(s)                    :     2
	trace call(s)                        :     1
	continuation callable call(s)        :     0
	direct callable call(s)              :     0
	basic block(s) in entry functions    :    43
	instruction(s) in entry functions    :   831
	non-entry function(s)                :     1
	basic block(s) in non-entry functions:     1
	instruction(s) in non-entry functions:     1
	debug information                    :    no
I0924 17:10:38.822983 704596 primitive.h:252] Enlarge limit: 1 ne: 2374618 aabbs: 2373613 Compress ratio: 0.000423226 Time: 0.599 ms
I0924 17:10:38.823030 704596 rt_engine.cu:397] Building AS, num prims: 2373613, Required Temp Size: 180767488 Output Size: 88809600
I0924 17:10:38.829499 704596 rt_engine.h:159] Parm size: 152
I0924 17:10:38.829516 704596 rt_engine.cu:554] optixLaunch, [w,h,d] = 2937941,1,1
I0924 17:10:38.832698 704596 rt_engine.h:159] Parm size: 152
I0924 17:10:38.832705 704596 rt_engine.cu:554] optixLaunch, [w,h,d] = 2937941,1,1
I0924 17:10:38.835808 704596 rt_engine.h:159] Parm size: 152
I0924 17:10:38.835815 704596 rt_engine.cu:554] optixLaunch, [w,h,d] = 2937941,1,1
I0924 17:10:38.838920 704596 rt_engine.h:159] Parm size: 152
I0924 17:10:38.838927 704596 rt_engine.cu:554] optixLaunch, [w,h,d] = 2937941,1,1
I0924 17:10:38.842026 704596 rt_engine.h:159] Parm size: 152
I0924 17:10:38.842033 704596 rt_engine.cu:554] optixLaunch, [w,h,d] = 2937941,1,1
I0924 17:10:38.845137 704596 rt_engine.h:159] Parm size: 152
I0924 17:10:38.845144 704596 rt_engine.cu:554] optixLaunch, [w,h,d] = 2937941,1,1
I0924 17:10:38.848244 704596 rt_engine.h:159] Parm size: 152
I0924 17:10:38.848251 704596 rt_engine.cu:554] optixLaunch, [w,h,d] = 2937941,1,1
I0924 17:10:38.851354 704596 rt_engine.h:159] Parm size: 152
I0924 17:10:38.851361 704596 rt_engine.cu:554] optixLaunch, [w,h,d] = 2937941,1,1
I0924 17:10:38.854461 704596 rt_engine.h:159] Parm size: 152
I0924 17:10:38.854468 704596 rt_engine.cu:554] optixLaunch, [w,h,d] = 2937941,1,1
I0924 17:10:38.857571 704596 rt_engine.h:159] Parm size: 152
I0924 17:10:38.857578 704596 rt_engine.cu:554] optixLaunch, [w,h,d] = 2937941,1,1
Timing results:
 - Read map: 126.278 ms

 - Create Context: 0.000953674 ms

 - Generate Workloads: 588.174 ms

 - Create App: 70.7998 ms

 - Init: 0.0531673 ms

 - Adaptive Grouping: 0.619888 ms

 - Build Index: 6.43015 ms

 - Warmup: 15.6879 ms

 - Query: 3.10779 ms

 - Cleanup: 5.71609 ms

