/local/storage/liang/.clion/RayJoin/cmake-build-release-dl190/bin/query_exec -poly1 /local/storage/liang/Downloads/Datasets/point_cdb/lakes/Europe/lakes_Europe_Point.cdb              -poly2 /local/storage/liang/Downloads/Datasets/point_cdb/parks/Europe/parks_Europe_Point.cdb              -serialize=/dev/shm              -mode=rt              -v=1              -query=pip              -seed=1              -xsect_factor 0.1              -sample_map_id=1              -sample=points              -sample_rate=0.5              -warmup=5              -repeat=5              -enlarge=1              -check=false
I0924 17:07:22.647549 702934 planar_graph.h:216] Map /dev/shm/-local-storage-liang-Downloads-Datasets-point_cdb-lakes-Europe-lakes_Europe_Point.cdb.bin is deserialized, chains: 831264 points: 28687526 edges: 27856262
I0924 17:07:24.251497 702934 planar_graph.h:216] Map /dev/shm/-local-storage-liang-Downloads-Datasets-point_cdb-parks-Europe-parks_Europe_Point.cdb.bin is deserialized, chains: 3299874 points: 69273661 edges: 65973787
I0924 17:07:24.251533 702934 context.h:51] Bounding Box, Bottom-left: (-31.2515, 35.0264), Top-right: (68.8331, 81.3082)
I0924 17:07:24.251549 702934 context.h:58] Scaled Bounding Box, Bottom-left: (-68990108085658, -67453827351386), Top-right: (68990108085657, 67453827351385)
I0924 17:07:24.251550 702934 context.h:61] Unscaled Bounding Box, Bottom-left: (-31.2515, 35.0264), Top-right: (68.8331, 81.3082)
I0924 17:07:33.783483 702934 run_query.cu:394] Sampling points, sample rate: 0.5, seed: 1 Points: 34636832
I0924 17:07:33.959941 702934 rt_engine.cu:282] Info: Pipeline statistics
	module(s)                            :     1
	entry function(s)                    :     2
	trace call(s)                        :     1
	continuation callable call(s)        :     0
	direct callable call(s)              :     0
	basic block(s) in entry functions    :    67
	instruction(s) in entry functions    :  1011
	non-entry function(s)                :     1
	basic block(s) in non-entry functions:     1
	instruction(s) in non-entry functions:     1
	debug information                    :    no
I0924 17:07:33.964895 702934 rt_engine.cu:282] Info: Pipeline statistics
	module(s)                            :     1
	entry function(s)                    :     2
	trace call(s)                        :     1
	continuation callable call(s)        :     0
	direct callable call(s)              :     0
	basic block(s) in entry functions    :    43
	instruction(s) in entry functions    :   831
	non-entry function(s)                :     1
	basic block(s) in non-entry functions:     1
	instruction(s) in non-entry functions:     1
	debug information                    :    no
I0924 17:07:33.970717 702934 primitive.h:252] Enlarge limit: 1 ne: 27856262 aabbs: 27849772 Compress ratio: 0.000232982 Time: 5.075 ms
I0924 17:07:33.970763 702934 rt_engine.cu:397] Building AS, num prims: 27849772, Required Temp Size: 2120936192 Output Size: 1041979904
I0924 17:07:34.044095 702934 rt_engine.h:159] Parm size: 152
I0924 17:07:34.044112 702934 rt_engine.cu:554] optixLaunch, [w,h,d] = 34636832,1,1
I0924 17:07:34.112751 702934 rt_engine.h:159] Parm size: 152
I0924 17:07:34.112759 702934 rt_engine.cu:554] optixLaunch, [w,h,d] = 34636832,1,1
I0924 17:07:34.180682 702934 rt_engine.h:159] Parm size: 152
I0924 17:07:34.180689 702934 rt_engine.cu:554] optixLaunch, [w,h,d] = 34636832,1,1
I0924 17:07:34.248996 702934 rt_engine.h:159] Parm size: 152
I0924 17:07:34.249003 702934 rt_engine.cu:554] optixLaunch, [w,h,d] = 34636832,1,1
I0924 17:07:34.317312 702934 rt_engine.h:159] Parm size: 152
I0924 17:07:34.317319 702934 rt_engine.cu:554] optixLaunch, [w,h,d] = 34636832,1,1
I0924 17:07:34.385702 702934 rt_engine.h:159] Parm size: 152
I0924 17:07:34.385708 702934 rt_engine.cu:554] optixLaunch, [w,h,d] = 34636832,1,1
I0924 17:07:34.454072 702934 rt_engine.h:159] Parm size: 152
I0924 17:07:34.454079 702934 rt_engine.cu:554] optixLaunch, [w,h,d] = 34636832,1,1
I0924 17:07:34.522467 702934 rt_engine.h:159] Parm size: 152
I0924 17:07:34.522475 702934 rt_engine.cu:554] optixLaunch, [w,h,d] = 34636832,1,1
I0924 17:07:34.590842 702934 rt_engine.h:159] Parm size: 152
I0924 17:07:34.590849 702934 rt_engine.cu:554] optixLaunch, [w,h,d] = 34636832,1,1
I0924 17:07:34.659176 702934 rt_engine.h:159] Parm size: 152
I0924 17:07:34.659183 702934 rt_engine.cu:554] optixLaunch, [w,h,d] = 34636832,1,1
Timing results:
 - Read map: 677 ms

 - Create Context: 0.000953674 ms

 - Generate Workloads: 11225.1 ms

 - Create App: 92.7141 ms

 - Init: 0.0870228 ms

 - Adaptive Grouping: 5.09691 ms

 - Build Index: 72.9871 ms

 - Warmup: 341.817 ms

 - Query: 68.3554 ms

 - Cleanup: 12.0449 ms

