/local/storage/liang/.clion/RayJoin/cmake-build-release-dl190/bin/query_exec -poly1 /local/storage/liang/Downloads/Datasets/point_cdb/lakes/South_America/lakes_South_America_Point.cdb              -poly2 /local/storage/liang/Downloads/Datasets/point_cdb/parks/South_America/parks_South_America_Point.cdb              -serialize=/dev/shm              -mode=rt              -v=1              -query=pip              -seed=1              -xsect_factor 0.1              -sample_map_id=1              -sample=map              -sample_rate=1.0              -warmup=5              -repeat=5              -enlarge=5
I0924 16:43:05.539274 690687 planar_graph.h:216] Map /dev/shm/-local-storage-liang-Downloads-Datasets-point_cdb-lakes-South_America-lakes_South_America_Point.cdb.bin is deserialized, chains: 43757 points: 2418375 edges: 2374618
I0924 16:43:05.613570 690687 planar_graph.h:216] Map /dev/shm/-local-storage-liang-Downloads-Datasets-point_cdb-parks-South_America-parks_South_America_Point.cdb.bin is deserialized, chains: 85371 points: 3264379 edges: 3179008
I0924 16:43:05.613600 690687 context.h:51] Bounding Box, Bottom-left: (-92.6829, -55.9828), Top-right: (-34.788, 12.5803)
I0924 16:43:05.613618 690687 context.h:58] Scaled Bounding Box, Bottom-left: (-68019003758318, -68374252432450), Top-right: (68019003758317, 68374252432449)
I0924 16:43:05.613620 690687 context.h:61] Unscaled Bounding Box, Bottom-left: (-92.6829, -55.9828), Top-right: (-34.788, 12.5803)
I0924 16:43:06.065292 690687 run_query.cu:348] Sampling map, sample rate: 1, seed: 1
I0924 16:43:06.182122 690687 planar_graph.h:310] Map is sampled, chains: 85371 points: 3264379 edges: 3179008
I0924 16:43:06.256911 690687 rt_engine.cu:282] Info: Pipeline statistics
	module(s)                            :     1
	entry function(s)                    :     2
	trace call(s)                        :     1
	continuation callable call(s)        :     0
	direct callable call(s)              :     0
	basic block(s) in entry functions    :    67
	instruction(s) in entry functions    :  1011
	non-entry function(s)                :     1
	basic block(s) in non-entry functions:     1
	instruction(s) in non-entry functions:     1
	debug information                    :    no
I0924 16:43:06.261762 690687 rt_engine.cu:282] Info: Pipeline statistics
	module(s)                            :     1
	entry function(s)                    :     2
	trace call(s)                        :     1
	continuation callable call(s)        :     0
	direct callable call(s)              :     0
	basic block(s) in entry functions    :    43
	instruction(s) in entry functions    :   831
	non-entry function(s)                :     1
	basic block(s) in non-entry functions:     1
	instruction(s) in non-entry functions:     1
	debug information                    :    no
I0924 16:43:06.263307 690687 primitive.h:252] Enlarge limit: 5 ne: 2374618 aabbs: 158882 Compress ratio: 0.933092 Time: 1.303 ms
I0924 16:43:06.263351 690687 rt_engine.cu:397] Building AS, num prims: 158882, Required Temp Size: 12102016 Output Size: 5947392
I0924 16:43:06.264274 690687 rt_engine.h:159] Parm size: 152
I0924 16:43:06.264290 690687 rt_engine.cu:554] optixLaunch, [w,h,d] = 3264379,1,1
I0924 16:43:06.269371 690687 rt_engine.h:159] Parm size: 152
I0924 16:43:06.269377 690687 rt_engine.cu:554] optixLaunch, [w,h,d] = 3264379,1,1
I0924 16:43:06.274439 690687 rt_engine.h:159] Parm size: 152
I0924 16:43:06.274446 690687 rt_engine.cu:554] optixLaunch, [w,h,d] = 3264379,1,1
I0924 16:43:06.279510 690687 rt_engine.h:159] Parm size: 152
I0924 16:43:06.279516 690687 rt_engine.cu:554] optixLaunch, [w,h,d] = 3264379,1,1
I0924 16:43:06.284577 690687 rt_engine.h:159] Parm size: 152
I0924 16:43:06.284583 690687 rt_engine.cu:554] optixLaunch, [w,h,d] = 3264379,1,1
I0924 16:43:06.289645 690687 rt_engine.h:159] Parm size: 152
I0924 16:43:06.289651 690687 rt_engine.cu:554] optixLaunch, [w,h,d] = 3264379,1,1
I0924 16:43:06.294716 690687 rt_engine.h:159] Parm size: 152
I0924 16:43:06.294723 690687 rt_engine.cu:554] optixLaunch, [w,h,d] = 3264379,1,1
I0924 16:43:06.299796 690687 rt_engine.h:159] Parm size: 152
I0924 16:43:06.299803 690687 rt_engine.cu:554] optixLaunch, [w,h,d] = 3264379,1,1
I0924 16:43:06.304865 690687 rt_engine.h:159] Parm size: 152
I0924 16:43:06.304872 690687 rt_engine.cu:554] optixLaunch, [w,h,d] = 3264379,1,1
I0924 16:43:06.309937 690687 rt_engine.h:159] Parm size: 152
I0924 16:43:06.309942 690687 rt_engine.cu:554] optixLaunch, [w,h,d] = 3264379,1,1
I0924 16:43:06.315327 690687 uniform_grid.h:267] Creating the uniform grid, resolution: 2048, Size: 112 MB
I0924 16:43:06.315915 690687 uniform_grid.h:323] Total Edges in the grid: 2475567, Size: 18 MB
I0924 16:43:06.316587 690687 run_query.cu:32] Checking point in polygon
I0924 16:43:06.411615 690687 run_query.cu:95] Map: 0 passed check
Timing results:
 - Read map: 131.494 ms

 - Create Context: 0.00190735 ms

 - Generate Workloads: 652.031 ms

 - Create App: 70.4269 ms

 - Init: 0.038147 ms

 - Adaptive Grouping: 1.32585 ms

 - Build Index: 0.878096 ms

 - Warmup: 25.418 ms

 - Query: 5.07259 ms

 - Check: 104.069 ms

 - Cleanup: 5.50795 ms

