/local/storage/liang/.clion/RayJoin/cmake-build-release-dl190/bin/query_exec -poly1 /local/storage/liang/Downloads/Datasets/point_cdb/lakes/North_America/lakes_North_America_Point.cdb              -poly2 /local/storage/liang/Downloads/Datasets/point_cdb/parks/North_America/parks_North_America_Point.cdb              -serialize=/dev/shm              -mode=rt              -v=1              -query=pip              -seed=1              -xsect_factor 0.1              -sample_map_id=1              -sample=points              -sample_rate=0.4              -warmup=5              -repeat=5              -enlarge=1              -check=false
I0924 17:06:55.644968 702652 planar_graph.h:216] Map /dev/shm/-local-storage-liang-Downloads-Datasets-point_cdb-lakes-North_America-lakes_North_America_Point.cdb.bin is deserialized, chains: 1910184 points: 69273661 edges: 67363477
I0924 17:06:56.241343 702652 planar_graph.h:216] Map /dev/shm/-local-storage-liang-Downloads-Datasets-point_cdb-parks-North_America-parks_North_America_Point.cdb.bin is deserialized, chains: 603325 points: 27465008 edges: 26861683
I0924 17:06:56.241374 702652 context.h:51] Bounding Box, Bottom-left: (-178.058, 7.22476), Top-right: (-45.5202, 71.2885)
I0924 17:06:56.241390 702652 context.h:58] Scaled Bounding Box, Bottom-left: (-69322661498935, -68238415890814), Top-right: (69322661498934, 68238415890813)
I0924 17:06:56.241392 702652 context.h:61] Unscaled Bounding Box, Bottom-left: (-178.058, 7.22476), Top-right: (-45.5202, 71.2885)
I0924 17:07:04.549265 702652 run_query.cu:394] Sampling points, sample rate: 0.4, seed: 1 Points: 10986003
I0924 17:07:04.670220 702652 rt_engine.cu:282] Info: Pipeline statistics
	module(s)                            :     1
	entry function(s)                    :     2
	trace call(s)                        :     1
	continuation callable call(s)        :     0
	direct callable call(s)              :     0
	basic block(s) in entry functions    :    67
	instruction(s) in entry functions    :  1011
	non-entry function(s)                :     1
	basic block(s) in non-entry functions:     1
	instruction(s) in non-entry functions:     1
	debug information                    :    no
I0924 17:07:04.675159 702652 rt_engine.cu:282] Info: Pipeline statistics
	module(s)                            :     1
	entry function(s)                    :     2
	trace call(s)                        :     1
	continuation callable call(s)        :     0
	direct callable call(s)              :     0
	basic block(s) in entry functions    :    43
	instruction(s) in entry functions    :   831
	non-entry function(s)                :     1
	basic block(s) in non-entry functions:     1
	instruction(s) in non-entry functions:     1
	debug information                    :    no
I0924 17:07:04.688009 702652 primitive.h:252] Enlarge limit: 1 ne: 67363477 aabbs: 67348028 Compress ratio: 0.000229338 Time: 12.047 ms
I0924 17:07:04.688058 702652 rt_engine.cu:397] Building AS, num prims: 67348028, Required Temp Size: 5128975104 Output Size: 2519776000
I0924 17:07:04.859139 702652 rt_engine.h:159] Parm size: 152
I0924 17:07:04.859158 702652 rt_engine.cu:554] optixLaunch, [w,h,d] = 10986003,1,1
I0924 17:07:04.886023 702652 rt_engine.h:159] Parm size: 152
I0924 17:07:04.886030 702652 rt_engine.cu:554] optixLaunch, [w,h,d] = 10986003,1,1
I0924 17:07:04.912153 702652 rt_engine.h:159] Parm size: 152
I0924 17:07:04.912160 702652 rt_engine.cu:554] optixLaunch, [w,h,d] = 10986003,1,1
I0924 17:07:04.937647 702652 rt_engine.h:159] Parm size: 152
I0924 17:07:04.937654 702652 rt_engine.cu:554] optixLaunch, [w,h,d] = 10986003,1,1
I0924 17:07:04.963141 702652 rt_engine.h:159] Parm size: 152
I0924 17:07:04.963148 702652 rt_engine.cu:554] optixLaunch, [w,h,d] = 10986003,1,1
I0924 17:07:04.988651 702652 rt_engine.h:159] Parm size: 152
I0924 17:07:04.988657 702652 rt_engine.cu:554] optixLaunch, [w,h,d] = 10986003,1,1
I0924 17:07:05.014168 702652 rt_engine.h:159] Parm size: 152
I0924 17:07:05.014173 702652 rt_engine.cu:554] optixLaunch, [w,h,d] = 10986003,1,1
I0924 17:07:05.039697 702652 rt_engine.h:159] Parm size: 152
I0924 17:07:05.039705 702652 rt_engine.cu:554] optixLaunch, [w,h,d] = 10986003,1,1
I0924 17:07:05.065214 702652 rt_engine.h:159] Parm size: 152
I0924 17:07:05.065222 702652 rt_engine.cu:554] optixLaunch, [w,h,d] = 10986003,1,1
I0924 17:07:05.090740 702652 rt_engine.h:159] Parm size: 152
I0924 17:07:05.090749 702652 rt_engine.cu:554] optixLaunch, [w,h,d] = 10986003,1,1
Timing results:
 - Read map: 1610.83 ms

 - Create Context: 0.000953674 ms

 - Generate Workloads: 8940.14 ms

 - Create App: 90.5659 ms

 - Init: 0.0619888 ms

 - Adaptive Grouping: 12.0721 ms

 - Build Index: 170.961 ms

 - Warmup: 129.604 ms

 - Query: 25.5222 ms

 - Cleanup: 12.356 ms

