/local/storage/liang/.clion/RayJoin/cmake-build-release-dl190/bin/query_exec -poly1 /local/storage/liang/Downloads/Datasets/point_cdb/lakes/Africa/lakes_Africa_Point.cdb              -poly2 /local/storage/liang/Downloads/Datasets/point_cdb/parks/Africa/parks_Africa_Point.cdb              -serialize=/dev/shm              -mode=rt              -v=1              -query=pip              -seed=1              -xsect_factor 0.1              -sample_map_id=1              -sample=map              -sample_rate=0.5              -warmup=5              -repeat=5              -enlarge=5
I0924 16:38:24.439793 688314 planar_graph.h:216] Map /dev/shm/-local-storage-liang-Downloads-Datasets-point_cdb-lakes-Africa-lakes_Africa_Point.cdb.bin is deserialized, chains: 27178 points: 1872496 edges: 1845318
I0924 16:38:24.472375 688314 planar_graph.h:216] Map /dev/shm/-local-storage-liang-Downloads-Datasets-point_cdb-parks-Africa-parks_Africa_Point.cdb.bin is deserialized, chains: 41991 points: 1358103 edges: 1316112
I0924 16:38:24.472402 688314 context.h:51] Bounding Box, Bottom-left: (-25.2135, -34.7852), Top-right: (63.4371, 37.3456)
I0924 16:38:24.472419 688314 context.h:58] Scaled Bounding Box, Bottom-left: (-68816217462298, -68470241806767), Top-right: (68816217462297, 68470241806766)
I0924 16:38:24.472421 688314 context.h:61] Unscaled Bounding Box, Bottom-left: (-25.2135, -34.7852), Top-right: (63.4371, 37.3456)
I0924 16:38:24.731881 688314 run_query.cu:348] Sampling map, sample rate: 0.5, seed: 1
I0924 16:38:24.758111 688314 planar_graph.h:310] Map is sampled, chains: 41991 points: 698969 edges: 656978
I0924 16:38:24.831570 688314 rt_engine.cu:282] Info: Pipeline statistics
	module(s)                            :     1
	entry function(s)                    :     2
	trace call(s)                        :     1
	continuation callable call(s)        :     0
	direct callable call(s)              :     0
	basic block(s) in entry functions    :    67
	instruction(s) in entry functions    :  1011
	non-entry function(s)                :     1
	basic block(s) in non-entry functions:     1
	instruction(s) in non-entry functions:     1
	debug information                    :    no
I0924 16:38:24.836493 688314 rt_engine.cu:282] Info: Pipeline statistics
	module(s)                            :     1
	entry function(s)                    :     2
	trace call(s)                        :     1
	continuation callable call(s)        :     0
	direct callable call(s)              :     0
	basic block(s) in entry functions    :    43
	instruction(s) in entry functions    :   831
	non-entry function(s)                :     1
	basic block(s) in non-entry functions:     1
	instruction(s) in non-entry functions:     1
	debug information                    :    no
I0924 16:38:24.837742 688314 primitive.h:252] Enlarge limit: 5 ne: 1845318 aabbs: 118595 Compress ratio: 0.935732 Time: 1.024 ms
I0924 16:38:24.837785 688314 rt_engine.cu:397] Building AS, num prims: 118595, Required Temp Size: 9033728 Output Size: 4440064
I0924 16:38:24.838616 688314 rt_engine.h:159] Parm size: 152
I0924 16:38:24.838631 688314 rt_engine.cu:554] optixLaunch, [w,h,d] = 1358103,1,1
I0924 16:38:24.840330 688314 rt_engine.h:159] Parm size: 152
I0924 16:38:24.840337 688314 rt_engine.cu:554] optixLaunch, [w,h,d] = 1358103,1,1
I0924 16:38:24.842025 688314 rt_engine.h:159] Parm size: 152
I0924 16:38:24.842032 688314 rt_engine.cu:554] optixLaunch, [w,h,d] = 1358103,1,1
I0924 16:38:24.843719 688314 rt_engine.h:159] Parm size: 152
I0924 16:38:24.843726 688314 rt_engine.cu:554] optixLaunch, [w,h,d] = 1358103,1,1
I0924 16:38:24.845412 688314 rt_engine.h:159] Parm size: 152
I0924 16:38:24.845418 688314 rt_engine.cu:554] optixLaunch, [w,h,d] = 1358103,1,1
I0924 16:38:24.847103 688314 rt_engine.h:159] Parm size: 152
I0924 16:38:24.847110 688314 rt_engine.cu:554] optixLaunch, [w,h,d] = 1358103,1,1
I0924 16:38:24.848796 688314 rt_engine.h:159] Parm size: 152
I0924 16:38:24.848802 688314 rt_engine.cu:554] optixLaunch, [w,h,d] = 1358103,1,1
I0924 16:38:24.850487 688314 rt_engine.h:159] Parm size: 152
I0924 16:38:24.850493 688314 rt_engine.cu:554] optixLaunch, [w,h,d] = 1358103,1,1
I0924 16:38:24.852182 688314 rt_engine.h:159] Parm size: 152
I0924 16:38:24.852190 688314 rt_engine.cu:554] optixLaunch, [w,h,d] = 1358103,1,1
I0924 16:38:24.853873 688314 rt_engine.h:159] Parm size: 152
I0924 16:38:24.853880 688314 rt_engine.cu:554] optixLaunch, [w,h,d] = 1358103,1,1
I0924 16:38:24.855891 688314 uniform_grid.h:267] Creating the uniform grid, resolution: 2048, Size: 112 MB
I0924 16:38:24.856428 688314 uniform_grid.h:323] Total Edges in the grid: 1899687, Size: 14 MB
I0924 16:38:24.856825 688314 run_query.cu:32] Checking point in polygon
I0924 16:38:24.901268 688314 run_query.cu:95] Map: 0 passed check
Timing results:
 - Read map: 121.352 ms

 - Create Context: 0.000953674 ms

 - Generate Workloads: 321.462 ms

 - Create App: 75.248 ms

 - Init: 0.0350475 ms

 - Adaptive Grouping: 1.04499 ms

 - Build Index: 0.804901 ms

 - Warmup: 8.52609 ms

 - Query: 1.69239 ms

 - Check: 49.9501 ms

 - Cleanup: 5.27 ms

