/local/storage/liang/.clion/RayJoin/cmake-build-release-dl190/bin/query_exec -poly1 /local/storage/liang/Downloads/Datasets/point_cdb/lakes/Africa/lakes_Africa_Point.cdb              -poly2 /local/storage/liang/Downloads/Datasets/point_cdb/parks/Africa/parks_Africa_Point.cdb              -serialize=/dev/shm              -mode=rt              -v=1              -query=pip              -seed=1              -xsect_factor 0.1              -sample_map_id=1              -sample=points              -sample_rate=0.6              -warmup=5              -repeat=5              -enlarge=1              -check=false
I0924 17:07:59.875433 703238 planar_graph.h:216] Map /dev/shm/-local-storage-liang-Downloads-Datasets-point_cdb-lakes-Africa-lakes_Africa_Point.cdb.bin is deserialized, chains: 27178 points: 1872496 edges: 1845318
I0924 17:07:59.907424 703238 planar_graph.h:216] Map /dev/shm/-local-storage-liang-Downloads-Datasets-point_cdb-parks-Africa-parks_Africa_Point.cdb.bin is deserialized, chains: 41991 points: 1358103 edges: 1316112
I0924 17:07:59.907464 703238 context.h:51] Bounding Box, Bottom-left: (-25.2135, -34.7852), Top-right: (63.4371, 37.3456)
I0924 17:07:59.907481 703238 context.h:58] Scaled Bounding Box, Bottom-left: (-68816217462298, -68470241806767), Top-right: (68816217462297, 68470241806766)
I0924 17:07:59.907483 703238 context.h:61] Unscaled Bounding Box, Bottom-left: (-25.2135, -34.7852), Top-right: (63.4371, 37.3456)
I0924 17:08:00.188192 703238 run_query.cu:394] Sampling points, sample rate: 0.6, seed: 1 Points: 814861
I0924 17:08:00.251693 703238 rt_engine.cu:282] Info: Pipeline statistics
	module(s)                            :     1
	entry function(s)                    :     2
	trace call(s)                        :     1
	continuation callable call(s)        :     0
	direct callable call(s)              :     0
	basic block(s) in entry functions    :    67
	instruction(s) in entry functions    :  1011
	non-entry function(s)                :     1
	basic block(s) in non-entry functions:     1
	instruction(s) in non-entry functions:     1
	debug information                    :    no
I0924 17:08:00.256726 703238 rt_engine.cu:282] Info: Pipeline statistics
	module(s)                            :     1
	entry function(s)                    :     2
	trace call(s)                        :     1
	continuation callable call(s)        :     0
	direct callable call(s)              :     0
	basic block(s) in entry functions    :    43
	instruction(s) in entry functions    :   831
	non-entry function(s)                :     1
	basic block(s) in non-entry functions:     1
	instruction(s) in non-entry functions:     1
	debug information                    :    no
I0924 17:08:00.257457 703238 primitive.h:252] Enlarge limit: 1 ne: 1845318 aabbs: 1844852 Compress ratio: 0.000252531 Time: 0.481 ms
I0924 17:08:00.257515 703238 rt_engine.cu:397] Building AS, num prims: 1844852, Required Temp Size: 140498944 Output Size: 69026560
I0924 17:08:00.262800 703238 rt_engine.h:159] Parm size: 152
I0924 17:08:00.262820 703238 rt_engine.cu:554] optixLaunch, [w,h,d] = 814861,1,1
I0924 17:08:00.263422 703238 rt_engine.h:159] Parm size: 152
I0924 17:08:00.263429 703238 rt_engine.cu:554] optixLaunch, [w,h,d] = 814861,1,1
I0924 17:08:00.264011 703238 rt_engine.h:159] Parm size: 152
I0924 17:08:00.264019 703238 rt_engine.cu:554] optixLaunch, [w,h,d] = 814861,1,1
I0924 17:08:00.264591 703238 rt_engine.h:159] Parm size: 152
I0924 17:08:00.264597 703238 rt_engine.cu:554] optixLaunch, [w,h,d] = 814861,1,1
I0924 17:08:00.265170 703238 rt_engine.h:159] Parm size: 152
I0924 17:08:00.265177 703238 rt_engine.cu:554] optixLaunch, [w,h,d] = 814861,1,1
I0924 17:08:00.265749 703238 rt_engine.h:159] Parm size: 152
I0924 17:08:00.265779 703238 rt_engine.cu:554] optixLaunch, [w,h,d] = 814861,1,1
I0924 17:08:00.266353 703238 rt_engine.h:159] Parm size: 152
I0924 17:08:00.266360 703238 rt_engine.cu:554] optixLaunch, [w,h,d] = 814861,1,1
I0924 17:08:00.266934 703238 rt_engine.h:159] Parm size: 152
I0924 17:08:00.266942 703238 rt_engine.cu:554] optixLaunch, [w,h,d] = 814861,1,1
I0924 17:08:00.267513 703238 rt_engine.h:159] Parm size: 152
I0924 17:08:00.267520 703238 rt_engine.cu:554] optixLaunch, [w,h,d] = 814861,1,1
I0924 17:08:00.268095 703238 rt_engine.h:159] Parm size: 152
I0924 17:08:00.268101 703238 rt_engine.cu:554] optixLaunch, [w,h,d] = 814861,1,1
Timing results:
 - Read map: 113.735 ms

 - Create Context: 0.000953674 ms

 - Generate Workloads: 314.914 ms

 - Create App: 66.3409 ms

 - Init: 0.0360012 ms

 - Adaptive Grouping: 0.504017 ms

 - Build Index: 5.27716 ms

 - Warmup: 2.98786 ms

 - Query: 0.585032 ms

 - Cleanup: 6.21986 ms

