/local/storage/liang/.clion/RayJoin/cmake-build-release-dl190/bin/query_exec -poly1 /local/storage/liang/Downloads/Datasets/point_cdb/lakes/Australia/lakes_Australia_Point.cdb              -poly2 /local/storage/liang/Downloads/Datasets/point_cdb/parks/Australia/parks_Australia_Point.cdb              -serialize=/dev/shm              -mode=rt              -v=1              -query=pip              -seed=1              -xsect_factor 0.1              -sample_map_id=1              -sample=points              -sample_rate=0.9              -warmup=5              -repeat=5              -enlarge=1              -check=false
I0924 17:10:11.045367 704369 planar_graph.h:216] Map /dev/shm/-local-storage-liang-Downloads-Datasets-point_cdb-lakes-Australia-lakes_Australia_Point.cdb.bin is deserialized, chains: 16702 points: 1254743 edges: 1238041
I0924 17:10:11.059448 704369 planar_graph.h:216] Map /dev/shm/-local-storage-liang-Downloads-Datasets-point_cdb-parks-Australia-parks_Australia_Point.cdb.bin is deserialized, chains: 22386 points: 589464 edges: 567078
I0924 17:10:11.059476 704369 context.h:51] Bounding Box, Bottom-left: (112.971, -54.7384), Top-right: (158.947, -10.1168)
I0924 17:10:11.059494 704369 context.h:58] Scaled Bounding Box, Bottom-left: (-67435232688127, -67350025946940), Top-right: (67435232688126, 67350025946939)
I0924 17:10:11.059495 704369 context.h:61] Unscaled Bounding Box, Bottom-left: (112.971, -54.7384), Top-right: (158.947, -10.1168)
I0924 17:10:11.221175 704369 run_query.cu:394] Sampling points, sample rate: 0.9, seed: 1 Points: 530517
I0924 17:10:11.301874 704369 rt_engine.cu:282] Info: Pipeline statistics
	module(s)                            :     1
	entry function(s)                    :     2
	trace call(s)                        :     1
	continuation callable call(s)        :     0
	direct callable call(s)              :     0
	basic block(s) in entry functions    :    67
	instruction(s) in entry functions    :  1011
	non-entry function(s)                :     1
	basic block(s) in non-entry functions:     1
	instruction(s) in non-entry functions:     1
	debug information                    :    no
I0924 17:10:11.306777 704369 rt_engine.cu:282] Info: Pipeline statistics
	module(s)                            :     1
	entry function(s)                    :     2
	trace call(s)                        :     1
	continuation callable call(s)        :     0
	direct callable call(s)              :     0
	basic block(s) in entry functions    :    43
	instruction(s) in entry functions    :   831
	non-entry function(s)                :     1
	basic block(s) in non-entry functions:     1
	instruction(s) in non-entry functions:     1
	debug information                    :    no
I0924 17:10:11.307408 704369 primitive.h:252] Enlarge limit: 1 ne: 1238041 aabbs: 1237894 Compress ratio: 0.000118736 Time: 0.397 ms
I0924 17:10:11.307451 704369 rt_engine.cu:397] Building AS, num prims: 1237894, Required Temp Size: 94275456 Output Size: 46317696
I0924 17:10:11.310971 704369 rt_engine.h:159] Parm size: 152
I0924 17:10:11.310988 704369 rt_engine.cu:554] optixLaunch, [w,h,d] = 530517,1,1
I0924 17:10:11.311565 704369 rt_engine.h:159] Parm size: 152
I0924 17:10:11.311571 704369 rt_engine.cu:554] optixLaunch, [w,h,d] = 530517,1,1
I0924 17:10:11.312124 704369 rt_engine.h:159] Parm size: 152
I0924 17:10:11.312130 704369 rt_engine.cu:554] optixLaunch, [w,h,d] = 530517,1,1
I0924 17:10:11.312676 704369 rt_engine.h:159] Parm size: 152
I0924 17:10:11.312683 704369 rt_engine.cu:554] optixLaunch, [w,h,d] = 530517,1,1
I0924 17:10:11.313231 704369 rt_engine.h:159] Parm size: 152
I0924 17:10:11.313242 704369 rt_engine.cu:554] optixLaunch, [w,h,d] = 530517,1,1
I0924 17:10:11.313792 704369 rt_engine.h:159] Parm size: 152
I0924 17:10:11.313799 704369 rt_engine.cu:554] optixLaunch, [w,h,d] = 530517,1,1
I0924 17:10:11.314347 704369 rt_engine.h:159] Parm size: 152
I0924 17:10:11.314354 704369 rt_engine.cu:554] optixLaunch, [w,h,d] = 530517,1,1
I0924 17:10:11.314903 704369 rt_engine.h:159] Parm size: 152
I0924 17:10:11.314911 704369 rt_engine.cu:554] optixLaunch, [w,h,d] = 530517,1,1
I0924 17:10:11.315459 704369 rt_engine.h:159] Parm size: 152
I0924 17:10:11.315467 704369 rt_engine.cu:554] optixLaunch, [w,h,d] = 530517,1,1
I0924 17:10:11.316015 704369 rt_engine.h:159] Parm size: 152
I0924 17:10:11.316022 704369 rt_engine.cu:554] optixLaunch, [w,h,d] = 530517,1,1
Timing results:
 - Read map: 98.2659 ms

 - Create Context: 0.00214577 ms

 - Generate Workloads: 176.77 ms

 - Create App: 84.5969 ms

 - Init: 0.0391006 ms

 - Adaptive Grouping: 0.417948 ms

 - Build Index: 3.50094 ms

 - Warmup: 2.85697 ms

 - Query: 0.555801 ms

 - Cleanup: 4.55403 ms

