/local/storage/liang/.clion/RayJoin/cmake-build-release-dl190/bin/query_exec -poly1 /local/storage/liang/Downloads/Datasets/point_cdb/lakes/Australia/lakes_Australia_Point.cdb              -poly2 /local/storage/liang/Downloads/Datasets/point_cdb/parks/Australia/parks_Australia_Point.cdb              -serialize=/dev/shm              -mode=rt              -v=1              -query=pip              -seed=1              -xsect_factor 0.1              -sample_map_id=1              -sample=map              -sample_rate=0.1              -warmup=5              -repeat=5              -enlarge=5
I0924 16:35:20.739886 686742 planar_graph.h:216] Map /dev/shm/-local-storage-liang-Downloads-Datasets-point_cdb-lakes-Australia-lakes_Australia_Point.cdb.bin is deserialized, chains: 16702 points: 1254743 edges: 1238041
I0924 16:35:20.753791 686742 planar_graph.h:216] Map /dev/shm/-local-storage-liang-Downloads-Datasets-point_cdb-parks-Australia-parks_Australia_Point.cdb.bin is deserialized, chains: 22386 points: 589464 edges: 567078
I0924 16:35:20.753819 686742 context.h:51] Bounding Box, Bottom-left: (112.971, -54.7384), Top-right: (158.947, -10.1168)
I0924 16:35:20.753834 686742 context.h:58] Scaled Bounding Box, Bottom-left: (-67435232688127, -67350025946940), Top-right: (67435232688126, 67350025946939)
I0924 16:35:20.753836 686742 context.h:61] Unscaled Bounding Box, Bottom-left: (112.971, -54.7384), Top-right: (158.947, -10.1168)
I0924 16:35:20.906019 686742 run_query.cu:348] Sampling map, sample rate: 0.1, seed: 1
I0924 16:35:20.911470 686742 planar_graph.h:310] Map is sampled, chains: 22386 points: 97829 edges: 75443
I0924 16:35:20.960229 686742 rt_engine.cu:282] Info: Pipeline statistics
	module(s)                            :     1
	entry function(s)                    :     2
	trace call(s)                        :     1
	continuation callable call(s)        :     0
	direct callable call(s)              :     0
	basic block(s) in entry functions    :    67
	instruction(s) in entry functions    :  1011
	non-entry function(s)                :     1
	basic block(s) in non-entry functions:     1
	instruction(s) in non-entry functions:     1
	debug information                    :    no
I0924 16:35:20.965196 686742 rt_engine.cu:282] Info: Pipeline statistics
	module(s)                            :     1
	entry function(s)                    :     2
	trace call(s)                        :     1
	continuation callable call(s)        :     0
	direct callable call(s)              :     0
	basic block(s) in entry functions    :    43
	instruction(s) in entry functions    :   831
	non-entry function(s)                :     1
	basic block(s) in non-entry functions:     1
	instruction(s) in non-entry functions:     1
	debug information                    :    no
I0924 16:35:20.966178 686742 primitive.h:252] Enlarge limit: 5 ne: 1238041 aabbs: 91856 Compress ratio: 0.925805 Time: 0.765 ms
I0924 16:35:20.966223 686742 rt_engine.cu:397] Building AS, num prims: 91856, Required Temp Size: 6997248 Output Size: 3439488
I0924 16:35:20.967005 686742 rt_engine.h:159] Parm size: 152
I0924 16:35:20.967020 686742 rt_engine.cu:554] optixLaunch, [w,h,d] = 589464,1,1
I0924 16:35:20.968151 686742 rt_engine.h:159] Parm size: 152
I0924 16:35:20.968158 686742 rt_engine.cu:554] optixLaunch, [w,h,d] = 589464,1,1
I0924 16:35:20.969281 686742 rt_engine.h:159] Parm size: 152
I0924 16:35:20.969288 686742 rt_engine.cu:554] optixLaunch, [w,h,d] = 589464,1,1
I0924 16:35:20.970398 686742 rt_engine.h:159] Parm size: 152
I0924 16:35:20.970405 686742 rt_engine.cu:554] optixLaunch, [w,h,d] = 589464,1,1
I0924 16:35:20.971515 686742 rt_engine.h:159] Parm size: 152
I0924 16:35:20.971522 686742 rt_engine.cu:554] optixLaunch, [w,h,d] = 589464,1,1
I0924 16:35:20.972638 686742 rt_engine.h:159] Parm size: 152
I0924 16:35:20.972645 686742 rt_engine.cu:554] optixLaunch, [w,h,d] = 589464,1,1
I0924 16:35:20.973760 686742 rt_engine.h:159] Parm size: 152
I0924 16:35:20.973767 686742 rt_engine.cu:554] optixLaunch, [w,h,d] = 589464,1,1
I0924 16:35:20.974879 686742 rt_engine.h:159] Parm size: 152
I0924 16:35:20.974884 686742 rt_engine.cu:554] optixLaunch, [w,h,d] = 589464,1,1
I0924 16:35:20.976006 686742 rt_engine.h:159] Parm size: 152
I0924 16:35:20.976012 686742 rt_engine.cu:554] optixLaunch, [w,h,d] = 589464,1,1
I0924 16:35:20.977125 686742 rt_engine.h:159] Parm size: 152
I0924 16:35:20.977131 686742 rt_engine.cu:554] optixLaunch, [w,h,d] = 589464,1,1
I0924 16:35:20.978595 686742 uniform_grid.h:267] Creating the uniform grid, resolution: 2048, Size: 112 MB
I0924 16:35:20.979120 686742 uniform_grid.h:323] Total Edges in the grid: 1262892, Size: 9 MB
I0924 16:35:20.979481 686742 run_query.cu:32] Checking point in polygon
I0924 16:35:21.012270 686742 run_query.cu:95] Map: 0 passed check
Timing results:
 - Read map: 96.972 ms

 - Create Context: 0.000953674 ms

 - Generate Workloads: 172.651 ms

 - Create App: 52.609 ms

 - Init: 0.0369549 ms

 - Adaptive Grouping: 0.786066 ms

 - Build Index: 0.766993 ms

 - Warmup: 5.66602 ms

 - Query: 1.12257 ms

 - Check: 37.0431 ms

 - Cleanup: 5.01204 ms

