/local/storage/liang/.clion/RayJoin/cmake-build-release-dl190/bin/query_exec -poly1 /local/storage/liang/Downloads/Datasets/point_cdb/lakes/South_America/lakes_South_America_Point.cdb              -poly2 /local/storage/liang/Downloads/Datasets/point_cdb/parks/South_America/parks_South_America_Point.cdb              -serialize=/dev/shm              -mode=rt              -v=1              -query=pip              -seed=1              -xsect_factor 0.1              -sample_map_id=1              -sample=map              -sample_rate=0.4              -warmup=5              -repeat=5              -enlarge=5
I0924 16:38:10.743381 688214 planar_graph.h:216] Map /dev/shm/-local-storage-liang-Downloads-Datasets-point_cdb-lakes-South_America-lakes_South_America_Point.cdb.bin is deserialized, chains: 43757 points: 2418375 edges: 2374618
I0924 16:38:10.817090 688214 planar_graph.h:216] Map /dev/shm/-local-storage-liang-Downloads-Datasets-point_cdb-parks-South_America-parks_South_America_Point.cdb.bin is deserialized, chains: 85371 points: 3264379 edges: 3179008
I0924 16:38:10.817126 688214 context.h:51] Bounding Box, Bottom-left: (-92.6829, -55.9828), Top-right: (-34.788, 12.5803)
I0924 16:38:10.817140 688214 context.h:58] Scaled Bounding Box, Bottom-left: (-68019003758318, -68374252432450), Top-right: (68019003758317, 68374252432449)
I0924 16:38:10.817142 688214 context.h:61] Unscaled Bounding Box, Bottom-left: (-92.6829, -55.9828), Top-right: (-34.788, 12.5803)
I0924 16:38:11.265451 688214 run_query.cu:348] Sampling map, sample rate: 0.4, seed: 1
I0924 16:38:11.324231 688214 planar_graph.h:310] Map is sampled, chains: 85371 points: 1360869 edges: 1275498
I0924 16:38:11.394343 688214 rt_engine.cu:282] Info: Pipeline statistics
	module(s)                            :     1
	entry function(s)                    :     2
	trace call(s)                        :     1
	continuation callable call(s)        :     0
	direct callable call(s)              :     0
	basic block(s) in entry functions    :    67
	instruction(s) in entry functions    :  1011
	non-entry function(s)                :     1
	basic block(s) in non-entry functions:     1
	instruction(s) in non-entry functions:     1
	debug information                    :    no
I0924 16:38:11.399153 688214 rt_engine.cu:282] Info: Pipeline statistics
	module(s)                            :     1
	entry function(s)                    :     2
	trace call(s)                        :     1
	continuation callable call(s)        :     0
	direct callable call(s)              :     0
	basic block(s) in entry functions    :    43
	instruction(s) in entry functions    :   831
	non-entry function(s)                :     1
	basic block(s) in non-entry functions:     1
	instruction(s) in non-entry functions:     1
	debug information                    :    no
I0924 16:38:11.400696 688214 primitive.h:252] Enlarge limit: 5 ne: 2374618 aabbs: 158882 Compress ratio: 0.933092 Time: 1.284 ms
I0924 16:38:11.400738 688214 rt_engine.cu:397] Building AS, num prims: 158882, Required Temp Size: 12102016 Output Size: 5947392
I0924 16:38:11.401660 688214 rt_engine.h:159] Parm size: 152
I0924 16:38:11.401675 688214 rt_engine.cu:554] optixLaunch, [w,h,d] = 3264379,1,1
I0924 16:38:11.406787 688214 rt_engine.h:159] Parm size: 152
I0924 16:38:11.406795 688214 rt_engine.cu:554] optixLaunch, [w,h,d] = 3264379,1,1
I0924 16:38:11.411893 688214 rt_engine.h:159] Parm size: 152
I0924 16:38:11.411900 688214 rt_engine.cu:554] optixLaunch, [w,h,d] = 3264379,1,1
I0924 16:38:11.417002 688214 rt_engine.h:159] Parm size: 152
I0924 16:38:11.417009 688214 rt_engine.cu:554] optixLaunch, [w,h,d] = 3264379,1,1
I0924 16:38:11.422109 688214 rt_engine.h:159] Parm size: 152
I0924 16:38:11.422116 688214 rt_engine.cu:554] optixLaunch, [w,h,d] = 3264379,1,1
I0924 16:38:11.427218 688214 rt_engine.h:159] Parm size: 152
I0924 16:38:11.427225 688214 rt_engine.cu:554] optixLaunch, [w,h,d] = 3264379,1,1
I0924 16:38:11.432328 688214 rt_engine.h:159] Parm size: 152
I0924 16:38:11.432335 688214 rt_engine.cu:554] optixLaunch, [w,h,d] = 3264379,1,1
I0924 16:38:11.437441 688214 rt_engine.h:159] Parm size: 152
I0924 16:38:11.437448 688214 rt_engine.cu:554] optixLaunch, [w,h,d] = 3264379,1,1
I0924 16:38:11.442548 688214 rt_engine.h:159] Parm size: 152
I0924 16:38:11.442553 688214 rt_engine.cu:554] optixLaunch, [w,h,d] = 3264379,1,1
I0924 16:38:11.447651 688214 rt_engine.h:159] Parm size: 152
I0924 16:38:11.447657 688214 rt_engine.cu:554] optixLaunch, [w,h,d] = 3264379,1,1
I0924 16:38:11.453074 688214 uniform_grid.h:267] Creating the uniform grid, resolution: 2048, Size: 112 MB
I0924 16:38:11.453656 688214 uniform_grid.h:323] Total Edges in the grid: 2475567, Size: 18 MB
I0924 16:38:11.454317 688214 run_query.cu:32] Checking point in polygon
I0924 16:38:11.551108 688214 run_query.cu:95] Map: 0 passed check
Timing results:
 - Read map: 132.075 ms

 - Create Context: 0.00119209 ms

 - Generate Workloads: 587.77 ms

 - Create App: 67.9748 ms

 - Init: 0.0391006 ms

 - Adaptive Grouping: 1.30391 ms

 - Build Index: 0.876188 ms

 - Warmup: 25.6069 ms

 - Query: 5.10702 ms

 - Check: 105.853 ms

 - Cleanup: 5.50818 ms

