/local/storage/liang/.clion/RayJoin/cmake-build-release-dl190/bin/query_exec -poly1 /local/storage/liang/Downloads/Datasets/point_cdb/lakes/Asia/lakes_Asia_Point.cdb              -poly2 /local/storage/liang/Downloads/Datasets/point_cdb/parks/Asia/parks_Asia_Point.cdb              -serialize=/dev/shm              -mode=rt              -v=1              -query=pip              -seed=1              -xsect_factor 0.1              -sample_map_id=1              -sample=points              -sample_rate=0.1              -warmup=5              -repeat=5              -enlarge=1              -check=false
I0924 17:04:35.665647 701479 planar_graph.h:216] Map /dev/shm/-local-storage-liang-Downloads-Datasets-point_cdb-lakes-Asia-lakes_Asia_Point.cdb.bin is deserialized, chains: 194573 points: 10541220 edges: 10346647
I0924 17:04:35.937371 701479 planar_graph.h:216] Map /dev/shm/-local-storage-liang-Downloads-Datasets-point_cdb-parks-Asia-parks_Asia_Point.cdb.bin is deserialized, chains: 277198 points: 12209639 edges: 11932441
I0924 17:04:35.937400 701479 context.h:51] Bounding Box, Bottom-left: (-179.972, -10.8197), Top-right: (179.984, 81.2255)
I0924 17:04:35.937418 701479 context.h:58] Scaled Bounding Box, Bottom-left: (-69979919611218, -68872256062147), Top-right: (69979919611217, 68872256062146)
I0924 17:04:35.937420 701479 context.h:61] Unscaled Bounding Box, Bottom-left: (-179.972, -10.8197), Top-right: (179.984, 81.2255)
I0924 17:04:37.885829 701479 run_query.cu:394] Sampling points, sample rate: 0.1, seed: 1 Points: 1220963
I0924 17:04:37.973465 701479 rt_engine.cu:282] Info: Pipeline statistics
	module(s)                            :     1
	entry function(s)                    :     2
	trace call(s)                        :     1
	continuation callable call(s)        :     0
	direct callable call(s)              :     0
	basic block(s) in entry functions    :    67
	instruction(s) in entry functions    :  1011
	non-entry function(s)                :     1
	basic block(s) in non-entry functions:     1
	instruction(s) in non-entry functions:     1
	debug information                    :    no
I0924 17:04:37.978324 701479 rt_engine.cu:282] Info: Pipeline statistics
	module(s)                            :     1
	entry function(s)                    :     2
	trace call(s)                        :     1
	continuation callable call(s)        :     0
	direct callable call(s)              :     0
	basic block(s) in entry functions    :    43
	instruction(s) in entry functions    :   831
	non-entry function(s)                :     1
	basic block(s) in non-entry functions:     1
	instruction(s) in non-entry functions:     1
	debug information                    :    no
I0924 17:04:37.980602 701479 primitive.h:252] Enlarge limit: 1 ne: 10346647 aabbs: 10344032 Compress ratio: 0.000252739 Time: 1.992 ms
I0924 17:04:37.980646 701479 rt_engine.cu:397] Building AS, num prims: 10344032, Required Temp Size: 787764480 Output Size: 387016576
I0924 17:04:38.006896 701479 rt_engine.h:159] Parm size: 152
I0924 17:04:38.006913 701479 rt_engine.cu:554] optixLaunch, [w,h,d] = 1220963,1,1
I0924 17:04:38.008817 701479 rt_engine.h:159] Parm size: 152
I0924 17:04:38.008826 701479 rt_engine.cu:554] optixLaunch, [w,h,d] = 1220963,1,1
I0924 17:04:38.010717 701479 rt_engine.h:159] Parm size: 152
I0924 17:04:38.010725 701479 rt_engine.cu:554] optixLaunch, [w,h,d] = 1220963,1,1
I0924 17:04:38.012620 701479 rt_engine.h:159] Parm size: 152
I0924 17:04:38.012627 701479 rt_engine.cu:554] optixLaunch, [w,h,d] = 1220963,1,1
I0924 17:04:38.014438 701479 rt_engine.h:159] Parm size: 152
I0924 17:04:38.014446 701479 rt_engine.cu:554] optixLaunch, [w,h,d] = 1220963,1,1
I0924 17:04:38.016232 701479 rt_engine.h:159] Parm size: 152
I0924 17:04:38.016239 701479 rt_engine.cu:554] optixLaunch, [w,h,d] = 1220963,1,1
I0924 17:04:38.018028 701479 rt_engine.h:159] Parm size: 152
I0924 17:04:38.018036 701479 rt_engine.cu:554] optixLaunch, [w,h,d] = 1220963,1,1
I0924 17:04:38.019832 701479 rt_engine.h:159] Parm size: 152
I0924 17:04:38.019840 701479 rt_engine.cu:554] optixLaunch, [w,h,d] = 1220963,1,1
I0924 17:04:38.021632 701479 rt_engine.h:159] Parm size: 152
I0924 17:04:38.021641 701479 rt_engine.cu:554] optixLaunch, [w,h,d] = 1220963,1,1
I0924 17:04:38.023433 701479 rt_engine.h:159] Parm size: 152
I0924 17:04:38.023440 701479 rt_engine.cu:554] optixLaunch, [w,h,d] = 1220963,1,1
Timing results:
 - Read map: 301.645 ms

 - Create Context: 0.000953674 ms

 - Generate Workloads: 2234.16 ms

 - Create App: 78.557 ms

 - Init: 0.0429153 ms

 - Adaptive Grouping: 2.01488 ms

 - Build Index: 26.2241 ms

 - Warmup: 9.377 ms

 - Query: 1.79877 ms

 - Cleanup: 7.54905 ms

