/local/storage/liang/.clion/RayJoin/cmake-build-release-dl190/bin/query_exec -poly1 /local/storage/liang/Downloads/Datasets/point_cdb/lakes/Europe/lakes_Europe_Point.cdb              -poly2 /local/storage/liang/Downloads/Datasets/point_cdb/parks/Europe/parks_Europe_Point.cdb              -serialize=/dev/shm              -mode=rt              -v=1              -query=pip              -seed=1              -xsect_factor 0.1              -sample_map_id=1              -sample=points              -sample_rate=0.1              -warmup=5              -repeat=5              -enlarge=1              -check=false
I0924 17:04:39.351171 701503 planar_graph.h:216] Map /dev/shm/-local-storage-liang-Downloads-Datasets-point_cdb-lakes-Europe-lakes_Europe_Point.cdb.bin is deserialized, chains: 831264 points: 28687526 edges: 27856262
I0924 17:04:40.958345 701503 planar_graph.h:216] Map /dev/shm/-local-storage-liang-Downloads-Datasets-point_cdb-parks-Europe-parks_Europe_Point.cdb.bin is deserialized, chains: 3299874 points: 69273661 edges: 65973787
I0924 17:04:40.958380 701503 context.h:51] Bounding Box, Bottom-left: (-31.2515, 35.0264), Top-right: (68.8331, 81.3082)
I0924 17:04:40.958400 701503 context.h:58] Scaled Bounding Box, Bottom-left: (-68990108085658, -67453827351386), Top-right: (68990108085657, 67453827351385)
I0924 17:04:40.958401 701503 context.h:61] Unscaled Bounding Box, Bottom-left: (-31.2515, 35.0264), Top-right: (68.8331, 81.3082)
I0924 17:04:50.346429 701503 run_query.cu:394] Sampling points, sample rate: 0.1, seed: 1 Points: 6927366
I0924 17:04:50.498171 701503 rt_engine.cu:282] Info: Pipeline statistics
	module(s)                            :     1
	entry function(s)                    :     2
	trace call(s)                        :     1
	continuation callable call(s)        :     0
	direct callable call(s)              :     0
	basic block(s) in entry functions    :    67
	instruction(s) in entry functions    :  1011
	non-entry function(s)                :     1
	basic block(s) in non-entry functions:     1
	instruction(s) in non-entry functions:     1
	debug information                    :    no
I0924 17:04:50.503072 701503 rt_engine.cu:282] Info: Pipeline statistics
	module(s)                            :     1
	entry function(s)                    :     2
	trace call(s)                        :     1
	continuation callable call(s)        :     0
	direct callable call(s)              :     0
	basic block(s) in entry functions    :    43
	instruction(s) in entry functions    :   831
	non-entry function(s)                :     1
	basic block(s) in non-entry functions:     1
	instruction(s) in non-entry functions:     1
	debug information                    :    no
I0924 17:04:50.508900 701503 primitive.h:252] Enlarge limit: 1 ne: 27856262 aabbs: 27849772 Compress ratio: 0.000232982 Time: 5.084 ms
I0924 17:04:50.508947 701503 rt_engine.cu:397] Building AS, num prims: 27849772, Required Temp Size: 2120936192 Output Size: 1041979904
I0924 17:04:50.582259 701503 rt_engine.h:159] Parm size: 152
I0924 17:04:50.582278 701503 rt_engine.cu:554] optixLaunch, [w,h,d] = 6927366,1,1
I0924 17:04:50.596827 701503 rt_engine.h:159] Parm size: 152
I0924 17:04:50.596833 701503 rt_engine.cu:554] optixLaunch, [w,h,d] = 6927366,1,1
I0924 17:04:50.610728 701503 rt_engine.h:159] Parm size: 152
I0924 17:04:50.610735 701503 rt_engine.cu:554] optixLaunch, [w,h,d] = 6927366,1,1
I0924 17:04:50.624516 701503 rt_engine.h:159] Parm size: 152
I0924 17:04:50.624523 701503 rt_engine.cu:554] optixLaunch, [w,h,d] = 6927366,1,1
I0924 17:04:50.638293 701503 rt_engine.h:159] Parm size: 152
I0924 17:04:50.638299 701503 rt_engine.cu:554] optixLaunch, [w,h,d] = 6927366,1,1
I0924 17:04:50.652091 701503 rt_engine.h:159] Parm size: 152
I0924 17:04:50.652096 701503 rt_engine.cu:554] optixLaunch, [w,h,d] = 6927366,1,1
I0924 17:04:50.665935 701503 rt_engine.h:159] Parm size: 152
I0924 17:04:50.665942 701503 rt_engine.cu:554] optixLaunch, [w,h,d] = 6927366,1,1
I0924 17:04:50.679800 701503 rt_engine.h:159] Parm size: 152
I0924 17:04:50.679806 701503 rt_engine.cu:554] optixLaunch, [w,h,d] = 6927366,1,1
I0924 17:04:50.693675 701503 rt_engine.h:159] Parm size: 152
I0924 17:04:50.693681 701503 rt_engine.cu:554] optixLaunch, [w,h,d] = 6927366,1,1
I0924 17:04:50.707572 701503 rt_engine.h:159] Parm size: 152
I0924 17:04:50.707579 701503 rt_engine.cu:554] optixLaunch, [w,h,d] = 6927366,1,1
Timing results:
 - Read map: 706.018 ms

 - Create Context: 0.00214577 ms

 - Generate Workloads: 11061.3 ms

 - Create App: 91.0919 ms

 - Init: 0.0631809 ms

 - Adaptive Grouping: 5.10693 ms

 - Build Index: 73.231 ms

 - Warmup: 69.9019 ms

 - Query: 13.8758 ms

 - Cleanup: 10.9699 ms

