/local/storage/liang/.clion/RayJoin/cmake-build-release-dl190/bin/query_exec -poly1 /local/storage/liang/Downloads/Datasets/point_cdb/lakes/Asia/lakes_Asia_Point.cdb              -poly2 /local/storage/liang/Downloads/Datasets/point_cdb/parks/Asia/parks_Asia_Point.cdb              -serialize=/dev/shm              -mode=rt              -v=1              -query=pip              -seed=1              -xsect_factor 0.1              -sample_map_id=1              -sample=points              -sample_rate=0.2              -warmup=5              -repeat=5              -ag=0              -check=false
I1012 17:19:45.782184 2536987 planar_graph.h:216] Map /dev/shm/-local-storage-liang-Downloads-Datasets-point_cdb-lakes-Asia-lakes_Asia_Point.cdb.bin is deserialized, chains: 194573 points: 10541220 edges: 10346647
I1012 17:19:46.058727 2536987 planar_graph.h:216] Map /dev/shm/-local-storage-liang-Downloads-Datasets-point_cdb-parks-Asia-parks_Asia_Point.cdb.bin is deserialized, chains: 277198 points: 12209639 edges: 11932441
I1012 17:19:46.058775 2536987 context.h:51] Bounding Box, Bottom-left: (-179.972, -10.8197), Top-right: (179.984, 81.2255)
I1012 17:19:46.058791 2536987 context.h:58] Scaled Bounding Box, Bottom-left: (-69979919611218, -68872256062147), Top-right: (69979919611217, 68872256062146)
I1012 17:19:46.058794 2536987 context.h:61] Unscaled Bounding Box, Bottom-left: (-179.972, -10.8197), Top-right: (179.984, 81.2255)
I1012 17:19:48.086208 2536987 run_query.cu:400] Sampling points, sample rate: 0.2, seed: 1 Points: 2441927
I1012 17:19:48.177901 2536987 rt_engine.cu:282] Info: Pipeline statistics
	module(s)                            :     1
	entry function(s)                    :     2
	trace call(s)                        :     1
	continuation callable call(s)        :     0
	direct callable call(s)              :     0
	basic block(s) in entry functions    :    67
	instruction(s) in entry functions    :  1011
	non-entry function(s)                :     1
	basic block(s) in non-entry functions:     1
	instruction(s) in non-entry functions:     1
	debug information                    :    no
I1012 17:19:48.182950 2536987 rt_engine.cu:282] Info: Pipeline statistics
	module(s)                            :     1
	entry function(s)                    :     2
	trace call(s)                        :     1
	continuation callable call(s)        :     0
	direct callable call(s)              :     0
	basic block(s) in entry functions    :    43
	instruction(s) in entry functions    :   831
	non-entry function(s)                :     1
	basic block(s) in non-entry functions:     1
	instruction(s) in non-entry functions:     1
	debug information                    :    no
I1012 17:19:48.185282 2536987 rt_engine.cu:397] Building AS, num prims: 10346647, Required Temp Size: 787963904 Output Size: 387114496
I1012 17:19:48.211577 2536987 rt_engine.h:159] Parm size: 152
I1012 17:19:48.211608 2536987 rt_engine.cu:554] optixLaunch, [w,h,d] = 2441927,1,1
I1012 17:19:48.215234 2536987 rt_engine.h:159] Parm size: 152
I1012 17:19:48.215241 2536987 rt_engine.cu:554] optixLaunch, [w,h,d] = 2441927,1,1
I1012 17:19:48.218791 2536987 rt_engine.h:159] Parm size: 152
I1012 17:19:48.218797 2536987 rt_engine.cu:554] optixLaunch, [w,h,d] = 2441927,1,1
I1012 17:19:48.222215 2536987 rt_engine.h:159] Parm size: 152
I1012 17:19:48.222222 2536987 rt_engine.cu:554] optixLaunch, [w,h,d] = 2441927,1,1
I1012 17:19:48.225639 2536987 rt_engine.h:159] Parm size: 152
I1012 17:19:48.225647 2536987 rt_engine.cu:554] optixLaunch, [w,h,d] = 2441927,1,1
I1012 17:19:48.229064 2536987 rt_engine.h:159] Parm size: 152
I1012 17:19:48.229072 2536987 rt_engine.cu:554] optixLaunch, [w,h,d] = 2441927,1,1
I1012 17:19:48.232484 2536987 rt_engine.h:159] Parm size: 152
I1012 17:19:48.232491 2536987 rt_engine.cu:554] optixLaunch, [w,h,d] = 2441927,1,1
I1012 17:19:48.235908 2536987 rt_engine.h:159] Parm size: 152
I1012 17:19:48.235915 2536987 rt_engine.cu:554] optixLaunch, [w,h,d] = 2441927,1,1
I1012 17:19:48.239329 2536987 rt_engine.h:159] Parm size: 152
I1012 17:19:48.239336 2536987 rt_engine.cu:554] optixLaunch, [w,h,d] = 2441927,1,1
I1012 17:19:48.242753 2536987 rt_engine.h:159] Parm size: 152
I1012 17:19:48.242760 2536987 rt_engine.cu:554] optixLaunch, [w,h,d] = 2441927,1,1
Timing results:
 - Read map: 280.263 ms

 - Create Context: 0.000953674 ms

 - Generate Workloads: 2321.71 ms

 - Create App: 79.0389 ms

 - Init: 0.236988 ms

 - Adaptive Grouping: 1.88112 ms

 - Build Index: 26.2489 ms

 - Warmup: 17.5421 ms

 - Query: 3.42259 ms

 - Cleanup: 6.49595 ms

