/local/storage/liang/.clion/RayJoin/cmake-build-release-dl190/bin/query_exec -poly1 /local/storage/liang/Downloads/Datasets/point_cdb/lakes/Europe/lakes_Europe_Point.cdb              -poly2 /local/storage/liang/Downloads/Datasets/point_cdb/parks/Europe/parks_Europe_Point.cdb              -serialize=/dev/shm              -mode=rt              -v=1              -query=pip              -seed=1              -xsect_factor 0.1              -sample_map_id=1              -sample=map              -sample_rate=0.2              -warmup=5              -repeat=5              -enlarge=5
I0924 16:36:08.207883 687224 planar_graph.h:216] Map /dev/shm/-local-storage-liang-Downloads-Datasets-point_cdb-lakes-Europe-lakes_Europe_Point.cdb.bin is deserialized, chains: 831264 points: 28687526 edges: 27856262
I0924 16:36:09.811434 687224 planar_graph.h:216] Map /dev/shm/-local-storage-liang-Downloads-Datasets-point_cdb-parks-Europe-parks_Europe_Point.cdb.bin is deserialized, chains: 3299874 points: 69273661 edges: 65973787
I0924 16:36:09.811467 687224 context.h:51] Bounding Box, Bottom-left: (-31.2515, 35.0264), Top-right: (68.8331, 81.3082)
I0924 16:36:09.811486 687224 context.h:58] Scaled Bounding Box, Bottom-left: (-68990108085658, -67453827351386), Top-right: (68990108085657, 67453827351385)
I0924 16:36:09.811487 687224 context.h:61] Unscaled Bounding Box, Bottom-left: (-31.2515, 35.0264), Top-right: (68.8331, 81.3082)
I0924 16:36:17.469617 687224 run_query.cu:348] Sampling map, sample rate: 0.2, seed: 1
I0924 16:36:18.305222 687224 planar_graph.h:310] Map is sampled, chains: 3299874 points: 17925848 edges: 14625974
I0924 16:36:18.482515 687224 rt_engine.cu:282] Info: Pipeline statistics
	module(s)                            :     1
	entry function(s)                    :     2
	trace call(s)                        :     1
	continuation callable call(s)        :     0
	direct callable call(s)              :     0
	basic block(s) in entry functions    :    67
	instruction(s) in entry functions    :  1011
	non-entry function(s)                :     1
	basic block(s) in non-entry functions:     1
	instruction(s) in non-entry functions:     1
	debug information                    :    no
I0924 16:36:18.487483 687224 rt_engine.cu:282] Info: Pipeline statistics
	module(s)                            :     1
	entry function(s)                    :     2
	trace call(s)                        :     1
	continuation callable call(s)        :     0
	direct callable call(s)              :     0
	basic block(s) in entry functions    :    43
	instruction(s) in entry functions    :   831
	non-entry function(s)                :     1
	basic block(s) in non-entry functions:     1
	instruction(s) in non-entry functions:     1
	debug information                    :    no
I0924 16:36:18.503072 687224 primitive.h:252] Enlarge limit: 5 ne: 27856262 aabbs: 2149052 Compress ratio: 0.922852 Time: 14.731 ms
I0924 16:36:18.503118 687224 rt_engine.cu:397] Building AS, num prims: 2149052, Required Temp Size: 163665536 Output Size: 80407936
I0924 16:36:18.510319 687224 rt_engine.h:159] Parm size: 152
I0924 16:36:18.510336 687224 rt_engine.cu:554] optixLaunch, [w,h,d] = 69273661,1,1
I0924 16:36:18.683333 687224 rt_engine.h:159] Parm size: 152
I0924 16:36:18.683341 687224 rt_engine.cu:554] optixLaunch, [w,h,d] = 69273661,1,1
I0924 16:36:18.845582 687224 rt_engine.h:159] Parm size: 152
I0924 16:36:18.845587 687224 rt_engine.cu:554] optixLaunch, [w,h,d] = 69273661,1,1
I0924 16:36:19.000910 687224 rt_engine.h:159] Parm size: 152
I0924 16:36:19.000917 687224 rt_engine.cu:554] optixLaunch, [w,h,d] = 69273661,1,1
I0924 16:36:19.156224 687224 rt_engine.h:159] Parm size: 152
I0924 16:36:19.156230 687224 rt_engine.cu:554] optixLaunch, [w,h,d] = 69273661,1,1
I0924 16:36:19.312618 687224 rt_engine.h:159] Parm size: 152
I0924 16:36:19.312625 687224 rt_engine.cu:554] optixLaunch, [w,h,d] = 69273661,1,1
I0924 16:36:19.469033 687224 rt_engine.h:159] Parm size: 152
I0924 16:36:19.469040 687224 rt_engine.cu:554] optixLaunch, [w,h,d] = 69273661,1,1
I0924 16:36:19.625448 687224 rt_engine.h:159] Parm size: 152
I0924 16:36:19.625454 687224 rt_engine.cu:554] optixLaunch, [w,h,d] = 69273661,1,1
I0924 16:36:19.781873 687224 rt_engine.h:159] Parm size: 152
I0924 16:36:19.781879 687224 rt_engine.cu:554] optixLaunch, [w,h,d] = 69273661,1,1
I0924 16:36:19.938302 687224 rt_engine.h:159] Parm size: 152
I0924 16:36:19.938308 687224 rt_engine.cu:554] optixLaunch, [w,h,d] = 69273661,1,1
I0924 16:36:20.094872 687224 uniform_grid.h:267] Creating the uniform grid, resolution: 2048, Size: 112 MB
I0924 16:36:20.097913 687224 uniform_grid.h:323] Total Edges in the grid: 28278230, Size: 215 MB
I0924 16:36:20.103144 687224 run_query.cu:32] Checking point in polygon
I0924 16:36:22.297595 687224 run_query.cu:95] Map: 0 passed check
Timing results:
 - Read map: 702.94 ms

 - Create Context: 0.00119209 ms

 - Generate Workloads: 10197.3 ms

 - Create App: 82.783 ms

 - Init: 0.138044 ms

 - Adaptive Grouping: 14.7541 ms

 - Build Index: 6.53601 ms

 - Warmup: 802.674 ms

 - Query: 156.423 ms

 - Check: 2296.29 ms

 - Cleanup: 11.673 ms

