/local/storage/liang/.clion/RayJoin/cmake-build-release-dl190/bin/query_exec -poly1 /local/storage/liang/Downloads/Datasets/point_cdb/lakes/North_America/lakes_North_America_Point.cdb              -poly2 /local/storage/liang/Downloads/Datasets/point_cdb/parks/North_America/parks_North_America_Point.cdb              -serialize=/dev/shm              -mode=rt              -v=1              -query=pip              -seed=1              -xsect_factor 0.1              -sample_map_id=1              -sample=map              -sample_rate=0.7              -warmup=5              -repeat=5              -enlarge=5
I0924 16:40:23.904390 689308 planar_graph.h:216] Map /dev/shm/-local-storage-liang-Downloads-Datasets-point_cdb-lakes-North_America-lakes_North_America_Point.cdb.bin is deserialized, chains: 1910184 points: 69273661 edges: 67363477
I0924 16:40:24.502522 689308 planar_graph.h:216] Map /dev/shm/-local-storage-liang-Downloads-Datasets-point_cdb-parks-North_America-parks_North_America_Point.cdb.bin is deserialized, chains: 603325 points: 27465008 edges: 26861683
I0924 16:40:24.502568 689308 context.h:51] Bounding Box, Bottom-left: (-178.058, 7.22476), Top-right: (-45.5202, 71.2885)
I0924 16:40:24.502583 689308 context.h:58] Scaled Bounding Box, Bottom-left: (-69322661498935, -68238415890814), Top-right: (69322661498934, 68238415890813)
I0924 16:40:24.502585 689308 context.h:61] Unscaled Bounding Box, Bottom-left: (-178.058, 7.22476), Top-right: (-45.5202, 71.2885)
I0924 16:40:32.118964 689308 run_query.cu:348] Sampling map, sample rate: 0.7, seed: 1
I0924 16:40:32.867370 689308 planar_graph.h:310] Map is sampled, chains: 603325 points: 19239451 edges: 18636126
I0924 16:40:33.000255 689308 rt_engine.cu:282] Info: Pipeline statistics
	module(s)                            :     1
	entry function(s)                    :     2
	trace call(s)                        :     1
	continuation callable call(s)        :     0
	direct callable call(s)              :     0
	basic block(s) in entry functions    :    67
	instruction(s) in entry functions    :  1011
	non-entry function(s)                :     1
	basic block(s) in non-entry functions:     1
	instruction(s) in non-entry functions:     1
	debug information                    :    no
I0924 16:40:33.005266 689308 rt_engine.cu:282] Info: Pipeline statistics
	module(s)                            :     1
	entry function(s)                    :     2
	trace call(s)                        :     1
	continuation callable call(s)        :     0
	direct callable call(s)              :     0
	basic block(s) in entry functions    :    43
	instruction(s) in entry functions    :   831
	non-entry function(s)                :     1
	basic block(s) in non-entry functions:     1
	instruction(s) in non-entry functions:     1
	debug information                    :    no
I0924 16:40:33.037719 689308 primitive.h:252] Enlarge limit: 5 ne: 67363477 aabbs: 4933878 Compress ratio: 0.926757 Time: 31.679 ms
I0924 16:40:33.037766 689308 rt_engine.cu:397] Building AS, num prims: 4933878, Required Temp Size: 375747712 Output Size: 184600064
I0924 16:40:33.051246 689308 rt_engine.h:159] Parm size: 152
I0924 16:40:33.051265 689308 rt_engine.cu:554] optixLaunch, [w,h,d] = 27465008,1,1
I0924 16:40:33.121248 689308 rt_engine.h:159] Parm size: 152
I0924 16:40:33.121254 689308 rt_engine.cu:554] optixLaunch, [w,h,d] = 27465008,1,1
I0924 16:40:33.189798 689308 rt_engine.h:159] Parm size: 152
I0924 16:40:33.189805 689308 rt_engine.cu:554] optixLaunch, [w,h,d] = 27465008,1,1
I0924 16:40:33.258306 689308 rt_engine.h:159] Parm size: 152
I0924 16:40:33.258311 689308 rt_engine.cu:554] optixLaunch, [w,h,d] = 27465008,1,1
I0924 16:40:33.326838 689308 rt_engine.h:159] Parm size: 152
I0924 16:40:33.326845 689308 rt_engine.cu:554] optixLaunch, [w,h,d] = 27465008,1,1
I0924 16:40:33.395364 689308 rt_engine.h:159] Parm size: 152
I0924 16:40:33.395371 689308 rt_engine.cu:554] optixLaunch, [w,h,d] = 27465008,1,1
I0924 16:40:33.464144 689308 rt_engine.h:159] Parm size: 152
I0924 16:40:33.464150 689308 rt_engine.cu:554] optixLaunch, [w,h,d] = 27465008,1,1
I0924 16:40:33.532663 689308 rt_engine.h:159] Parm size: 152
I0924 16:40:33.532670 689308 rt_engine.cu:554] optixLaunch, [w,h,d] = 27465008,1,1
I0924 16:40:33.601220 689308 rt_engine.h:159] Parm size: 152
I0924 16:40:33.601227 689308 rt_engine.cu:554] optixLaunch, [w,h,d] = 27465008,1,1
I0924 16:40:33.669752 689308 rt_engine.h:159] Parm size: 152
I0924 16:40:33.669759 689308 rt_engine.cu:554] optixLaunch, [w,h,d] = 27465008,1,1
I0924 16:40:33.738770 689308 uniform_grid.h:267] Creating the uniform grid, resolution: 2048, Size: 112 MB
I0924 16:40:33.745433 689308 uniform_grid.h:323] Total Edges in the grid: 67924324, Size: 518 MB
I0924 16:40:33.759163 689308 run_query.cu:32] Checking point in polygon
I0924 16:40:34.960292 689308 run_query.cu:95] Map: 0 passed check
Timing results:
 - Read map: 1605.58 ms

 - Create Context: 0.000953674 ms

 - Generate Workloads: 9022.21 ms

 - Create App: 79.1512 ms

 - Init: 0.0829697 ms

 - Adaptive Grouping: 31.702 ms

 - Build Index: 13.206 ms

 - Warmup: 344.29 ms

 - Query: 68.584 ms

 - Check: 1265.65 ms

 - Cleanup: 12.7831 ms

