/local/storage/liang/.clion/RayJoin/cmake-build-release-dl190/bin/query_exec -poly1 /local/storage/liang/Downloads/Datasets/point_cdb/lakes/Australia/lakes_Australia_Point.cdb              -poly2 /local/storage/liang/Downloads/Datasets/point_cdb/parks/Australia/parks_Australia_Point.cdb              -serialize=/dev/shm              -mode=rt              -v=1              -query=pip              -seed=1              -xsect_factor 0.1              -sample_map_id=1              -sample=map              -sample_rate=0.9              -warmup=5              -repeat=5              -enlarge=5
I0924 16:41:44.181218 689978 planar_graph.h:216] Map /dev/shm/-local-storage-liang-Downloads-Datasets-point_cdb-lakes-Australia-lakes_Australia_Point.cdb.bin is deserialized, chains: 16702 points: 1254743 edges: 1238041
I0924 16:41:44.195262 689978 planar_graph.h:216] Map /dev/shm/-local-storage-liang-Downloads-Datasets-point_cdb-parks-Australia-parks_Australia_Point.cdb.bin is deserialized, chains: 22386 points: 589464 edges: 567078
I0924 16:41:44.195292 689978 context.h:51] Bounding Box, Bottom-left: (112.971, -54.7384), Top-right: (158.947, -10.1168)
I0924 16:41:44.195309 689978 context.h:58] Scaled Bounding Box, Bottom-left: (-67435232688127, -67350025946940), Top-right: (67435232688126, 67350025946939)
I0924 16:41:44.195312 689978 context.h:61] Unscaled Bounding Box, Bottom-left: (112.971, -54.7384), Top-right: (158.947, -10.1168)
I0924 16:41:44.347007 689978 run_query.cu:348] Sampling map, sample rate: 0.9, seed: 1
I0924 16:41:44.367252 689978 planar_graph.h:310] Map is sampled, chains: 22386 points: 526373 edges: 503987
I0924 16:41:44.436580 689978 rt_engine.cu:282] Info: Pipeline statistics
	module(s)                            :     1
	entry function(s)                    :     2
	trace call(s)                        :     1
	continuation callable call(s)        :     0
	direct callable call(s)              :     0
	basic block(s) in entry functions    :    67
	instruction(s) in entry functions    :  1011
	non-entry function(s)                :     1
	basic block(s) in non-entry functions:     1
	instruction(s) in non-entry functions:     1
	debug information                    :    no
I0924 16:41:44.441536 689978 rt_engine.cu:282] Info: Pipeline statistics
	module(s)                            :     1
	entry function(s)                    :     2
	trace call(s)                        :     1
	continuation callable call(s)        :     0
	direct callable call(s)              :     0
	basic block(s) in entry functions    :    43
	instruction(s) in entry functions    :   831
	non-entry function(s)                :     1
	basic block(s) in non-entry functions:     1
	instruction(s) in non-entry functions:     1
	debug information                    :    no
I0924 16:41:44.442502 689978 primitive.h:252] Enlarge limit: 5 ne: 1238041 aabbs: 91856 Compress ratio: 0.925805 Time: 0.74 ms
I0924 16:41:44.442543 689978 rt_engine.cu:397] Building AS, num prims: 91856, Required Temp Size: 6997248 Output Size: 3439488
I0924 16:41:44.443390 689978 rt_engine.h:159] Parm size: 152
I0924 16:41:44.443405 689978 rt_engine.cu:554] optixLaunch, [w,h,d] = 589464,1,1
I0924 16:41:44.444535 689978 rt_engine.h:159] Parm size: 152
I0924 16:41:44.444542 689978 rt_engine.cu:554] optixLaunch, [w,h,d] = 589464,1,1
I0924 16:41:44.445667 689978 rt_engine.h:159] Parm size: 152
I0924 16:41:44.445674 689978 rt_engine.cu:554] optixLaunch, [w,h,d] = 589464,1,1
I0924 16:41:44.446784 689978 rt_engine.h:159] Parm size: 152
I0924 16:41:44.446789 689978 rt_engine.cu:554] optixLaunch, [w,h,d] = 589464,1,1
I0924 16:41:44.447911 689978 rt_engine.h:159] Parm size: 152
I0924 16:41:44.447918 689978 rt_engine.cu:554] optixLaunch, [w,h,d] = 589464,1,1
I0924 16:41:44.449048 689978 rt_engine.h:159] Parm size: 152
I0924 16:41:44.449054 689978 rt_engine.cu:554] optixLaunch, [w,h,d] = 589464,1,1
I0924 16:41:44.450165 689978 rt_engine.h:159] Parm size: 152
I0924 16:41:44.450172 689978 rt_engine.cu:554] optixLaunch, [w,h,d] = 589464,1,1
I0924 16:41:44.451285 689978 rt_engine.h:159] Parm size: 152
I0924 16:41:44.451293 689978 rt_engine.cu:554] optixLaunch, [w,h,d] = 589464,1,1
I0924 16:41:44.452409 689978 rt_engine.h:159] Parm size: 152
I0924 16:41:44.452415 689978 rt_engine.cu:554] optixLaunch, [w,h,d] = 589464,1,1
I0924 16:41:44.453529 689978 rt_engine.h:159] Parm size: 152
I0924 16:41:44.453536 689978 rt_engine.cu:554] optixLaunch, [w,h,d] = 589464,1,1
I0924 16:41:44.454975 689978 uniform_grid.h:267] Creating the uniform grid, resolution: 2048, Size: 112 MB
I0924 16:41:44.455502 689978 uniform_grid.h:323] Total Edges in the grid: 1262892, Size: 9 MB
I0924 16:41:44.455869 689978 run_query.cu:32] Checking point in polygon
I0924 16:41:44.488502 689978 run_query.cu:95] Map: 0 passed check
Timing results:
 - Read map: 103.213 ms

 - Create Context: 0.00190735 ms

 - Generate Workloads: 187.874 ms

 - Create App: 72.403 ms

 - Init: 0.0491142 ms

 - Adaptive Grouping: 0.758886 ms

 - Build Index: 0.830889 ms

 - Warmup: 5.68914 ms

 - Query: 1.1198 ms

 - Check: 36.891 ms

 - Cleanup: 5.04708 ms

