/local/storage/liang/.clion/RayJoin/cmake-build-release-dl190/bin/query_exec -poly1 /local/storage/liang/Downloads/Datasets/point_cdb/lakes/Africa/lakes_Africa_Point.cdb              -poly2 /local/storage/liang/Downloads/Datasets/point_cdb/parks/Africa/parks_Africa_Point.cdb              -serialize=/dev/shm              -mode=rt              -v=1              -query=pip              -seed=1              -xsect_factor 0.1              -sample_map_id=1              -sample=points              -sample_rate=0.7              -warmup=5              -repeat=5              -enlarge=1              -check=false
I0924 17:08:41.976869 703597 planar_graph.h:216] Map /dev/shm/-local-storage-liang-Downloads-Datasets-point_cdb-lakes-Africa-lakes_Africa_Point.cdb.bin is deserialized, chains: 27178 points: 1872496 edges: 1845318
I0924 17:08:42.007946 703597 planar_graph.h:216] Map /dev/shm/-local-storage-liang-Downloads-Datasets-point_cdb-parks-Africa-parks_Africa_Point.cdb.bin is deserialized, chains: 41991 points: 1358103 edges: 1316112
I0924 17:08:42.007974 703597 context.h:51] Bounding Box, Bottom-left: (-25.2135, -34.7852), Top-right: (63.4371, 37.3456)
I0924 17:08:42.007990 703597 context.h:58] Scaled Bounding Box, Bottom-left: (-68816217462298, -68470241806767), Top-right: (68816217462297, 68470241806766)
I0924 17:08:42.007992 703597 context.h:61] Unscaled Bounding Box, Bottom-left: (-25.2135, -34.7852), Top-right: (63.4371, 37.3456)
I0924 17:08:42.284435 703597 run_query.cu:394] Sampling points, sample rate: 0.7, seed: 1 Points: 950672
I0924 17:08:42.346246 703597 rt_engine.cu:282] Info: Pipeline statistics
	module(s)                            :     1
	entry function(s)                    :     2
	trace call(s)                        :     1
	continuation callable call(s)        :     0
	direct callable call(s)              :     0
	basic block(s) in entry functions    :    67
	instruction(s) in entry functions    :  1011
	non-entry function(s)                :     1
	basic block(s) in non-entry functions:     1
	instruction(s) in non-entry functions:     1
	debug information                    :    no
I0924 17:08:42.351141 703597 rt_engine.cu:282] Info: Pipeline statistics
	module(s)                            :     1
	entry function(s)                    :     2
	trace call(s)                        :     1
	continuation callable call(s)        :     0
	direct callable call(s)              :     0
	basic block(s) in entry functions    :    43
	instruction(s) in entry functions    :   831
	non-entry function(s)                :     1
	basic block(s) in non-entry functions:     1
	instruction(s) in non-entry functions:     1
	debug information                    :    no
I0924 17:08:42.351891 703597 primitive.h:252] Enlarge limit: 1 ne: 1845318 aabbs: 1844852 Compress ratio: 0.000252531 Time: 0.515 ms
I0924 17:08:42.351935 703597 rt_engine.cu:397] Building AS, num prims: 1844852, Required Temp Size: 140498944 Output Size: 69026560
I0924 17:08:42.357303 703597 rt_engine.h:159] Parm size: 152
I0924 17:08:42.357319 703597 rt_engine.cu:554] optixLaunch, [w,h,d] = 950672,1,1
I0924 17:08:42.358016 703597 rt_engine.h:159] Parm size: 152
I0924 17:08:42.358021 703597 rt_engine.cu:554] optixLaunch, [w,h,d] = 950672,1,1
I0924 17:08:42.358693 703597 rt_engine.h:159] Parm size: 152
I0924 17:08:42.358700 703597 rt_engine.cu:554] optixLaunch, [w,h,d] = 950672,1,1
I0924 17:08:42.359364 703597 rt_engine.h:159] Parm size: 152
I0924 17:08:42.359370 703597 rt_engine.cu:554] optixLaunch, [w,h,d] = 950672,1,1
I0924 17:08:42.360035 703597 rt_engine.h:159] Parm size: 152
I0924 17:08:42.360042 703597 rt_engine.cu:554] optixLaunch, [w,h,d] = 950672,1,1
I0924 17:08:42.360706 703597 rt_engine.h:159] Parm size: 152
I0924 17:08:42.360713 703597 rt_engine.cu:554] optixLaunch, [w,h,d] = 950672,1,1
I0924 17:08:42.361377 703597 rt_engine.h:159] Parm size: 152
I0924 17:08:42.361383 703597 rt_engine.cu:554] optixLaunch, [w,h,d] = 950672,1,1
I0924 17:08:42.362047 703597 rt_engine.h:159] Parm size: 152
I0924 17:08:42.362054 703597 rt_engine.cu:554] optixLaunch, [w,h,d] = 950672,1,1
I0924 17:08:42.362720 703597 rt_engine.h:159] Parm size: 152
I0924 17:08:42.362725 703597 rt_engine.cu:554] optixLaunch, [w,h,d] = 950672,1,1
I0924 17:08:42.363389 703597 rt_engine.h:159] Parm size: 152
I0924 17:08:42.363396 703597 rt_engine.cu:554] optixLaunch, [w,h,d] = 950672,1,1
Timing results:
 - Read map: 88.568 ms

 - Create Context: 0.000953674 ms

 - Generate Workloads: 309.892 ms

 - Create App: 64.3461 ms

 - Init: 0.0400543 ms

 - Adaptive Grouping: 0.537872 ms

 - Build Index: 5.34916 ms

 - Warmup: 3.43895 ms

 - Query: 0.670385 ms

 - Cleanup: 6.29807 ms

