/local/storage/liang/.clion/RayJoin/cmake-build-release-dl190/bin/query_exec -poly1 /local/storage/liang/Downloads/Datasets/point_cdb/lakes/Europe/lakes_Europe_Point.cdb              -poly2 /local/storage/liang/Downloads/Datasets/point_cdb/parks/Europe/parks_Europe_Point.cdb              -serialize=/dev/shm              -mode=rt              -v=1              -query=pip              -seed=1              -xsect_factor 0.1              -sample_map_id=1              -sample=points              -sample_rate=0.6              -warmup=5              -repeat=5              -ag=0              -check=false
I1012 17:21:14.171460 2537840 planar_graph.h:216] Map /dev/shm/-local-storage-liang-Downloads-Datasets-point_cdb-lakes-Europe-lakes_Europe_Point.cdb.bin is deserialized, chains: 831264 points: 28687526 edges: 27856262
I1012 17:21:15.799264 2537840 planar_graph.h:216] Map /dev/shm/-local-storage-liang-Downloads-Datasets-point_cdb-parks-Europe-parks_Europe_Point.cdb.bin is deserialized, chains: 3299874 points: 69273661 edges: 65973787
I1012 17:21:15.799295 2537840 context.h:51] Bounding Box, Bottom-left: (-31.2515, 35.0264), Top-right: (68.8331, 81.3082)
I1012 17:21:15.799310 2537840 context.h:58] Scaled Bounding Box, Bottom-left: (-68990108085658, -67453827351386), Top-right: (68990108085657, 67453827351385)
I1012 17:21:15.799312 2537840 context.h:61] Unscaled Bounding Box, Bottom-left: (-31.2515, 35.0264), Top-right: (68.8331, 81.3082)
I1012 17:21:25.604324 2537840 run_query.cu:400] Sampling points, sample rate: 0.6, seed: 1 Points: 41564200
I1012 17:21:25.790635 2537840 rt_engine.cu:282] Info: Pipeline statistics
	module(s)                            :     1
	entry function(s)                    :     2
	trace call(s)                        :     1
	continuation callable call(s)        :     0
	direct callable call(s)              :     0
	basic block(s) in entry functions    :    67
	instruction(s) in entry functions    :  1011
	non-entry function(s)                :     1
	basic block(s) in non-entry functions:     1
	instruction(s) in non-entry functions:     1
	debug information                    :    no
I1012 17:21:25.795775 2537840 rt_engine.cu:282] Info: Pipeline statistics
	module(s)                            :     1
	entry function(s)                    :     2
	trace call(s)                        :     1
	continuation callable call(s)        :     0
	direct callable call(s)              :     0
	basic block(s) in entry functions    :    43
	instruction(s) in entry functions    :   831
	non-entry function(s)                :     1
	basic block(s) in non-entry functions:     1
	instruction(s) in non-entry functions:     1
	debug information                    :    no
I1012 17:21:25.802011 2537840 rt_engine.cu:397] Building AS, num prims: 27856262, Required Temp Size: 2121430528 Output Size: 1042222848
I1012 17:21:25.875401 2537840 rt_engine.h:159] Parm size: 152
I1012 17:21:25.875419 2537840 rt_engine.cu:554] optixLaunch, [w,h,d] = 41564200,1,1
I1012 17:21:25.956640 2537840 rt_engine.h:159] Parm size: 152
I1012 17:21:25.956646 2537840 rt_engine.cu:554] optixLaunch, [w,h,d] = 41564200,1,1
I1012 17:21:26.037449 2537840 rt_engine.h:159] Parm size: 152
I1012 17:21:26.037459 2537840 rt_engine.cu:554] optixLaunch, [w,h,d] = 41564200,1,1
I1012 17:21:26.118453 2537840 rt_engine.h:159] Parm size: 152
I1012 17:21:26.118458 2537840 rt_engine.cu:554] optixLaunch, [w,h,d] = 41564200,1,1
I1012 17:21:26.199503 2537840 rt_engine.h:159] Parm size: 152
I1012 17:21:26.199510 2537840 rt_engine.cu:554] optixLaunch, [w,h,d] = 41564200,1,1
I1012 17:21:26.280539 2537840 rt_engine.h:159] Parm size: 152
I1012 17:21:26.280545 2537840 rt_engine.cu:554] optixLaunch, [w,h,d] = 41564200,1,1
I1012 17:21:26.361588 2537840 rt_engine.h:159] Parm size: 152
I1012 17:21:26.361594 2537840 rt_engine.cu:554] optixLaunch, [w,h,d] = 41564200,1,1
I1012 17:21:26.442613 2537840 rt_engine.h:159] Parm size: 152
I1012 17:21:26.442620 2537840 rt_engine.cu:554] optixLaunch, [w,h,d] = 41564200,1,1
I1012 17:21:26.523658 2537840 rt_engine.h:159] Parm size: 152
I1012 17:21:26.523665 2537840 rt_engine.cu:554] optixLaunch, [w,h,d] = 41564200,1,1
I1012 17:21:26.604715 2537840 rt_engine.h:159] Parm size: 152
I1012 17:21:26.604722 2537840 rt_engine.cu:554] optixLaunch, [w,h,d] = 41564200,1,1
Timing results:
 - Read map: 732.332 ms

 - Create Context: 0.000953674 ms

 - Generate Workloads: 11536.1 ms

 - Create App: 88.7721 ms

 - Init: 0.526905 ms

 - Adaptive Grouping: 4.98509 ms

 - Build Index: 72.9728 ms

 - Warmup: 405.39 ms

 - Query: 81.0458 ms

 - Cleanup: 12.0759 ms

