/local/storage/liang/.clion/RayJoin/cmake-build-release-dl190/bin/query_exec -poly1 /local/storage/liang/Downloads/Datasets/point_cdb/lakes/Asia/lakes_Asia_Point.cdb              -poly2 /local/storage/liang/Downloads/Datasets/point_cdb/parks/Asia/parks_Asia_Point.cdb              -serialize=/dev/shm              -mode=rt              -v=1              -query=pip              -seed=1              -xsect_factor 0.1              -sample_map_id=1              -sample=points              -sample_rate=0.6              -warmup=5              -repeat=5              -ag=0              -check=false
I1012 17:21:10.209600 2537771 planar_graph.h:216] Map /dev/shm/-local-storage-liang-Downloads-Datasets-point_cdb-lakes-Asia-lakes_Asia_Point.cdb.bin is deserialized, chains: 194573 points: 10541220 edges: 10346647
I1012 17:21:10.485935 2537771 planar_graph.h:216] Map /dev/shm/-local-storage-liang-Downloads-Datasets-point_cdb-parks-Asia-parks_Asia_Point.cdb.bin is deserialized, chains: 277198 points: 12209639 edges: 11932441
I1012 17:21:10.485981 2537771 context.h:51] Bounding Box, Bottom-left: (-179.972, -10.8197), Top-right: (179.984, 81.2255)
I1012 17:21:10.485997 2537771 context.h:58] Scaled Bounding Box, Bottom-left: (-69979919611218, -68872256062147), Top-right: (69979919611217, 68872256062146)
I1012 17:21:10.485999 2537771 context.h:61] Unscaled Bounding Box, Bottom-left: (-179.972, -10.8197), Top-right: (179.984, 81.2255)
I1012 17:21:12.541177 2537771 run_query.cu:400] Sampling points, sample rate: 0.6, seed: 1 Points: 7325783
I1012 17:21:12.638823 2537771 rt_engine.cu:282] Info: Pipeline statistics
	module(s)                            :     1
	entry function(s)                    :     2
	trace call(s)                        :     1
	continuation callable call(s)        :     0
	direct callable call(s)              :     0
	basic block(s) in entry functions    :    67
	instruction(s) in entry functions    :  1011
	non-entry function(s)                :     1
	basic block(s) in non-entry functions:     1
	instruction(s) in non-entry functions:     1
	debug information                    :    no
I1012 17:21:12.643895 2537771 rt_engine.cu:282] Info: Pipeline statistics
	module(s)                            :     1
	entry function(s)                    :     2
	trace call(s)                        :     1
	continuation callable call(s)        :     0
	direct callable call(s)              :     0
	basic block(s) in entry functions    :    43
	instruction(s) in entry functions    :   831
	non-entry function(s)                :     1
	basic block(s) in non-entry functions:     1
	instruction(s) in non-entry functions:     1
	debug information                    :    no
I1012 17:21:12.646216 2537771 rt_engine.cu:397] Building AS, num prims: 10346647, Required Temp Size: 787963904 Output Size: 387114496
I1012 17:21:12.672287 2537771 rt_engine.h:159] Parm size: 152
I1012 17:21:12.672319 2537771 rt_engine.cu:554] optixLaunch, [w,h,d] = 7325783,1,1
I1012 17:21:12.682765 2537771 rt_engine.h:159] Parm size: 152
I1012 17:21:12.682771 2537771 rt_engine.cu:554] optixLaunch, [w,h,d] = 7325783,1,1
I1012 17:21:12.692868 2537771 rt_engine.h:159] Parm size: 152
I1012 17:21:12.692876 2537771 rt_engine.cu:554] optixLaunch, [w,h,d] = 7325783,1,1
I1012 17:21:12.702971 2537771 rt_engine.h:159] Parm size: 152
I1012 17:21:12.702980 2537771 rt_engine.cu:554] optixLaunch, [w,h,d] = 7325783,1,1
I1012 17:21:12.713080 2537771 rt_engine.h:159] Parm size: 152
I1012 17:21:12.713088 2537771 rt_engine.cu:554] optixLaunch, [w,h,d] = 7325783,1,1
I1012 17:21:12.723186 2537771 rt_engine.h:159] Parm size: 152
I1012 17:21:12.723192 2537771 rt_engine.cu:554] optixLaunch, [w,h,d] = 7325783,1,1
I1012 17:21:12.733285 2537771 rt_engine.h:159] Parm size: 152
I1012 17:21:12.733294 2537771 rt_engine.cu:554] optixLaunch, [w,h,d] = 7325783,1,1
I1012 17:21:12.743389 2537771 rt_engine.h:159] Parm size: 152
I1012 17:21:12.743396 2537771 rt_engine.cu:554] optixLaunch, [w,h,d] = 7325783,1,1
I1012 17:21:12.753495 2537771 rt_engine.h:159] Parm size: 152
I1012 17:21:12.753502 2537771 rt_engine.cu:554] optixLaunch, [w,h,d] = 7325783,1,1
I1012 17:21:12.763602 2537771 rt_engine.h:159] Parm size: 152
I1012 17:21:12.763608 2537771 rt_engine.cu:554] optixLaunch, [w,h,d] = 7325783,1,1
Timing results:
 - Read map: 277.103 ms

 - Create Context: 0.000953674 ms

 - Generate Workloads: 2354.39 ms

 - Create App: 79.8919 ms

 - Init: 0.242949 ms

 - Adaptive Grouping: 1.86396 ms

 - Build Index: 25.9781 ms

 - Warmup: 50.976 ms

 - Query: 10.104 ms

 - Cleanup: 7.54905 ms

