/local/storage/liang/.clion/RayJoin/cmake-build-release-dl190/bin/query_exec -poly1 /local/storage/liang/Downloads/Datasets/point_cdb/lakes/South_America/lakes_South_America_Point.cdb              -poly2 /local/storage/liang/Downloads/Datasets/point_cdb/parks/South_America/parks_South_America_Point.cdb              -serialize=/dev/shm              -mode=rt              -v=1              -query=pip              -seed=1              -xsect_factor 0.1              -sample_map_id=1              -sample=map              -sample_rate=0.6              -warmup=5              -repeat=5              -enlarge=5
I0924 16:39:47.063524 689028 planar_graph.h:216] Map /dev/shm/-local-storage-liang-Downloads-Datasets-point_cdb-lakes-South_America-lakes_South_America_Point.cdb.bin is deserialized, chains: 43757 points: 2418375 edges: 2374618
I0924 16:39:47.136956 689028 planar_graph.h:216] Map /dev/shm/-local-storage-liang-Downloads-Datasets-point_cdb-parks-South_America-parks_South_America_Point.cdb.bin is deserialized, chains: 85371 points: 3264379 edges: 3179008
I0924 16:39:47.136986 689028 context.h:51] Bounding Box, Bottom-left: (-92.6829, -55.9828), Top-right: (-34.788, 12.5803)
I0924 16:39:47.137002 689028 context.h:58] Scaled Bounding Box, Bottom-left: (-68019003758318, -68374252432450), Top-right: (68019003758317, 68374252432449)
I0924 16:39:47.137004 689028 context.h:61] Unscaled Bounding Box, Bottom-left: (-92.6829, -55.9828), Top-right: (-34.788, 12.5803)
I0924 16:39:47.585565 689028 run_query.cu:348] Sampling map, sample rate: 0.6, seed: 1
I0924 16:39:47.657889 689028 planar_graph.h:310] Map is sampled, chains: 85371 points: 1979799 edges: 1894428
I0924 16:39:47.731338 689028 rt_engine.cu:282] Info: Pipeline statistics
	module(s)                            :     1
	entry function(s)                    :     2
	trace call(s)                        :     1
	continuation callable call(s)        :     0
	direct callable call(s)              :     0
	basic block(s) in entry functions    :    67
	instruction(s) in entry functions    :  1011
	non-entry function(s)                :     1
	basic block(s) in non-entry functions:     1
	instruction(s) in non-entry functions:     1
	debug information                    :    no
I0924 16:39:47.736160 689028 rt_engine.cu:282] Info: Pipeline statistics
	module(s)                            :     1
	entry function(s)                    :     2
	trace call(s)                        :     1
	continuation callable call(s)        :     0
	direct callable call(s)              :     0
	basic block(s) in entry functions    :    43
	instruction(s) in entry functions    :   831
	non-entry function(s)                :     1
	basic block(s) in non-entry functions:     1
	instruction(s) in non-entry functions:     1
	debug information                    :    no
I0924 16:39:47.737730 689028 primitive.h:252] Enlarge limit: 5 ne: 2374618 aabbs: 158882 Compress ratio: 0.933092 Time: 1.303 ms
I0924 16:39:47.737772 689028 rt_engine.cu:397] Building AS, num prims: 158882, Required Temp Size: 12102016 Output Size: 5947392
I0924 16:39:47.738701 689028 rt_engine.h:159] Parm size: 152
I0924 16:39:47.738718 689028 rt_engine.cu:554] optixLaunch, [w,h,d] = 3264379,1,1
I0924 16:39:47.743798 689028 rt_engine.h:159] Parm size: 152
I0924 16:39:47.743806 689028 rt_engine.cu:554] optixLaunch, [w,h,d] = 3264379,1,1
I0924 16:39:47.748878 689028 rt_engine.h:159] Parm size: 152
I0924 16:39:47.748884 689028 rt_engine.cu:554] optixLaunch, [w,h,d] = 3264379,1,1
I0924 16:39:47.753944 689028 rt_engine.h:159] Parm size: 152
I0924 16:39:47.753950 689028 rt_engine.cu:554] optixLaunch, [w,h,d] = 3264379,1,1
I0924 16:39:47.759012 689028 rt_engine.h:159] Parm size: 152
I0924 16:39:47.759019 689028 rt_engine.cu:554] optixLaunch, [w,h,d] = 3264379,1,1
I0924 16:39:47.764082 689028 rt_engine.h:159] Parm size: 152
I0924 16:39:47.764089 689028 rt_engine.cu:554] optixLaunch, [w,h,d] = 3264379,1,1
I0924 16:39:47.769155 689028 rt_engine.h:159] Parm size: 152
I0924 16:39:47.769161 689028 rt_engine.cu:554] optixLaunch, [w,h,d] = 3264379,1,1
I0924 16:39:47.774231 689028 rt_engine.h:159] Parm size: 152
I0924 16:39:47.774237 689028 rt_engine.cu:554] optixLaunch, [w,h,d] = 3264379,1,1
I0924 16:39:47.779307 689028 rt_engine.h:159] Parm size: 152
I0924 16:39:47.779314 689028 rt_engine.cu:554] optixLaunch, [w,h,d] = 3264379,1,1
I0924 16:39:47.784377 689028 rt_engine.h:159] Parm size: 152
I0924 16:39:47.784384 689028 rt_engine.cu:554] optixLaunch, [w,h,d] = 3264379,1,1
I0924 16:39:47.789768 689028 uniform_grid.h:267] Creating the uniform grid, resolution: 2048, Size: 112 MB
I0924 16:39:47.790376 689028 uniform_grid.h:323] Total Edges in the grid: 2475567, Size: 18 MB
I0924 16:39:47.791050 689028 run_query.cu:32] Checking point in polygon
I0924 16:39:47.887580 689028 run_query.cu:95] Map: 0 passed check
Timing results:
 - Read map: 130.855 ms

 - Create Context: 0.000953674 ms

 - Generate Workloads: 601.317 ms

 - Create App: 71.3201 ms

 - Init: 0.0400543 ms

 - Adaptive Grouping: 1.32298 ms

 - Build Index: 0.885963 ms

 - Warmup: 25.429 ms

 - Query: 5.07321 ms

 - Check: 105.64 ms

 - Cleanup: 5.50604 ms

