/local/storage/liang/.clion/RayJoin/cmake-build-release-dl190/bin/query_exec -poly1 /local/storage/liang/Downloads/Datasets/point_cdb/lakes/Europe/lakes_Europe_Point.cdb              -poly2 /local/storage/liang/Downloads/Datasets/point_cdb/parks/Europe/parks_Europe_Point.cdb              -serialize=/dev/shm              -mode=rt              -v=1              -query=pip              -seed=1              -xsect_factor 0.1              -sample_map_id=1              -sample=map              -sample_rate=0.7              -warmup=5              -repeat=5              -enlarge=5
I0924 16:40:06.551524 689224 planar_graph.h:216] Map /dev/shm/-local-storage-liang-Downloads-Datasets-point_cdb-lakes-Europe-lakes_Europe_Point.cdb.bin is deserialized, chains: 831264 points: 28687526 edges: 27856262
I0924 16:40:08.154701 689224 planar_graph.h:216] Map /dev/shm/-local-storage-liang-Downloads-Datasets-point_cdb-parks-Europe-parks_Europe_Point.cdb.bin is deserialized, chains: 3299874 points: 69273661 edges: 65973787
I0924 16:40:08.154734 689224 context.h:51] Bounding Box, Bottom-left: (-31.2515, 35.0264), Top-right: (68.8331, 81.3082)
I0924 16:40:08.154749 689224 context.h:58] Scaled Bounding Box, Bottom-left: (-68990108085658, -67453827351386), Top-right: (68990108085657, 67453827351385)
I0924 16:40:08.154752 689224 context.h:61] Unscaled Bounding Box, Bottom-left: (-31.2515, 35.0264), Top-right: (68.8331, 81.3082)
I0924 16:40:15.837956 689224 run_query.cu:348] Sampling map, sample rate: 0.7, seed: 1
I0924 16:40:17.416752 689224 planar_graph.h:310] Map is sampled, chains: 3299874 points: 48675312 edges: 45375438
I0924 16:40:17.624307 689224 rt_engine.cu:282] Info: Pipeline statistics
	module(s)                            :     1
	entry function(s)                    :     2
	trace call(s)                        :     1
	continuation callable call(s)        :     0
	direct callable call(s)              :     0
	basic block(s) in entry functions    :    67
	instruction(s) in entry functions    :  1011
	non-entry function(s)                :     1
	basic block(s) in non-entry functions:     1
	instruction(s) in non-entry functions:     1
	debug information                    :    no
I0924 16:40:17.629238 689224 rt_engine.cu:282] Info: Pipeline statistics
	module(s)                            :     1
	entry function(s)                    :     2
	trace call(s)                        :     1
	continuation callable call(s)        :     0
	direct callable call(s)              :     0
	basic block(s) in entry functions    :    43
	instruction(s) in entry functions    :   831
	non-entry function(s)                :     1
	basic block(s) in non-entry functions:     1
	instruction(s) in non-entry functions:     1
	debug information                    :    no
I0924 16:40:17.644798 689224 primitive.h:252] Enlarge limit: 5 ne: 27856262 aabbs: 2149052 Compress ratio: 0.922852 Time: 14.732 ms
I0924 16:40:17.644845 689224 rt_engine.cu:397] Building AS, num prims: 2149052, Required Temp Size: 163665536 Output Size: 80407936
I0924 16:40:17.652156 689224 rt_engine.h:159] Parm size: 152
I0924 16:40:17.652174 689224 rt_engine.cu:554] optixLaunch, [w,h,d] = 69273661,1,1
I0924 16:40:17.825191 689224 rt_engine.h:159] Parm size: 152
I0924 16:40:17.825198 689224 rt_engine.cu:554] optixLaunch, [w,h,d] = 69273661,1,1
I0924 16:40:17.985908 689224 rt_engine.h:159] Parm size: 152
I0924 16:40:17.985913 689224 rt_engine.cu:554] optixLaunch, [w,h,d] = 69273661,1,1
I0924 16:40:18.141373 689224 rt_engine.h:159] Parm size: 152
I0924 16:40:18.141381 689224 rt_engine.cu:554] optixLaunch, [w,h,d] = 69273661,1,1
I0924 16:40:18.296805 689224 rt_engine.h:159] Parm size: 152
I0924 16:40:18.296813 689224 rt_engine.cu:554] optixLaunch, [w,h,d] = 69273661,1,1
I0924 16:40:18.452245 689224 rt_engine.h:159] Parm size: 152
I0924 16:40:18.452251 689224 rt_engine.cu:554] optixLaunch, [w,h,d] = 69273661,1,1
I0924 16:40:18.607683 689224 rt_engine.h:159] Parm size: 152
I0924 16:40:18.607689 689224 rt_engine.cu:554] optixLaunch, [w,h,d] = 69273661,1,1
I0924 16:40:18.763119 689224 rt_engine.h:159] Parm size: 152
I0924 16:40:18.763126 689224 rt_engine.cu:554] optixLaunch, [w,h,d] = 69273661,1,1
I0924 16:40:18.918562 689224 rt_engine.h:159] Parm size: 152
I0924 16:40:18.918570 689224 rt_engine.cu:554] optixLaunch, [w,h,d] = 69273661,1,1
I0924 16:40:19.074028 689224 rt_engine.h:159] Parm size: 152
I0924 16:40:19.074033 689224 rt_engine.cu:554] optixLaunch, [w,h,d] = 69273661,1,1
I0924 16:40:19.229853 689224 uniform_grid.h:267] Creating the uniform grid, resolution: 2048, Size: 112 MB
I0924 16:40:19.232848 689224 uniform_grid.h:323] Total Edges in the grid: 28278230, Size: 215 MB
I0924 16:40:19.238117 689224 run_query.cu:32] Checking point in polygon
I0924 16:40:21.404072 689224 run_query.cu:95] Map: 0 passed check
Timing results:
 - Read map: 678.941 ms

 - Create Context: 0.000953674 ms

 - Generate Workloads: 10993.7 ms

 - Create App: 84.5242 ms

 - Init: 0.131845 ms

 - Adaptive Grouping: 14.7562 ms

 - Build Index: 6.64496 ms

 - Warmup: 800.466 ms

 - Query: 155.492 ms

 - Check: 2267.98 ms

 - Cleanup: 11.6811 ms

