/local/storage/liang/.clion/RayJoin/cmake-build-release-dl190/bin/query_exec -poly1 /local/storage/liang/Downloads/Datasets/point_cdb/lakes/South_America/lakes_South_America_Point.cdb              -poly2 /local/storage/liang/Downloads/Datasets/point_cdb/parks/South_America/parks_South_America_Point.cdb              -serialize=/dev/shm              -mode=rt              -v=1              -query=pip              -seed=1              -xsect_factor 0.1              -sample_map_id=1              -sample=map              -sample_rate=0.1              -warmup=5              -repeat=5              -enlarge=5
I0924 16:35:49.624724 687041 planar_graph.h:216] Map /dev/shm/-local-storage-liang-Downloads-Datasets-point_cdb-lakes-South_America-lakes_South_America_Point.cdb.bin is deserialized, chains: 43757 points: 2418375 edges: 2374618
I0924 16:35:49.697887 687041 planar_graph.h:216] Map /dev/shm/-local-storage-liang-Downloads-Datasets-point_cdb-parks-South_America-parks_South_America_Point.cdb.bin is deserialized, chains: 85371 points: 3264379 edges: 3179008
I0924 16:35:49.697938 687041 context.h:51] Bounding Box, Bottom-left: (-92.6829, -55.9828), Top-right: (-34.788, 12.5803)
I0924 16:35:49.697957 687041 context.h:58] Scaled Bounding Box, Bottom-left: (-68019003758318, -68374252432450), Top-right: (68019003758317, 68374252432449)
I0924 16:35:49.697958 687041 context.h:61] Unscaled Bounding Box, Bottom-left: (-92.6829, -55.9828), Top-right: (-34.788, 12.5803)
I0924 16:35:50.144511 687041 run_query.cu:348] Sampling map, sample rate: 0.1, seed: 1
I0924 16:35:50.174067 687041 planar_graph.h:310] Map is sampled, chains: 85371 points: 473522 edges: 388151
I0924 16:35:50.241022 687041 rt_engine.cu:282] Info: Pipeline statistics
	module(s)                            :     1
	entry function(s)                    :     2
	trace call(s)                        :     1
	continuation callable call(s)        :     0
	direct callable call(s)              :     0
	basic block(s) in entry functions    :    67
	instruction(s) in entry functions    :  1011
	non-entry function(s)                :     1
	basic block(s) in non-entry functions:     1
	instruction(s) in non-entry functions:     1
	debug information                    :    no
I0924 16:35:50.245945 687041 rt_engine.cu:282] Info: Pipeline statistics
	module(s)                            :     1
	entry function(s)                    :     2
	trace call(s)                        :     1
	continuation callable call(s)        :     0
	direct callable call(s)              :     0
	basic block(s) in entry functions    :    43
	instruction(s) in entry functions    :   831
	non-entry function(s)                :     1
	basic block(s) in non-entry functions:     1
	instruction(s) in non-entry functions:     1
	debug information                    :    no
I0924 16:35:50.247449 687041 primitive.h:252] Enlarge limit: 5 ne: 2374618 aabbs: 158882 Compress ratio: 0.933092 Time: 1.293 ms
I0924 16:35:50.247493 687041 rt_engine.cu:397] Building AS, num prims: 158882, Required Temp Size: 12102016 Output Size: 5947392
I0924 16:35:50.248436 687041 rt_engine.h:159] Parm size: 152
I0924 16:35:50.248453 687041 rt_engine.cu:554] optixLaunch, [w,h,d] = 3264379,1,1
I0924 16:35:50.253551 687041 rt_engine.h:159] Parm size: 152
I0924 16:35:50.253557 687041 rt_engine.cu:554] optixLaunch, [w,h,d] = 3264379,1,1
I0924 16:35:50.258656 687041 rt_engine.h:159] Parm size: 152
I0924 16:35:50.258662 687041 rt_engine.cu:554] optixLaunch, [w,h,d] = 3264379,1,1
I0924 16:35:50.263734 687041 rt_engine.h:159] Parm size: 152
I0924 16:35:50.263741 687041 rt_engine.cu:554] optixLaunch, [w,h,d] = 3264379,1,1
I0924 16:35:50.268800 687041 rt_engine.h:159] Parm size: 152
I0924 16:35:50.268805 687041 rt_engine.cu:554] optixLaunch, [w,h,d] = 3264379,1,1
I0924 16:35:50.273871 687041 rt_engine.h:159] Parm size: 152
I0924 16:35:50.273878 687041 rt_engine.cu:554] optixLaunch, [w,h,d] = 3264379,1,1
I0924 16:35:50.278955 687041 rt_engine.h:159] Parm size: 152
I0924 16:35:50.278961 687041 rt_engine.cu:554] optixLaunch, [w,h,d] = 3264379,1,1
I0924 16:35:50.284022 687041 rt_engine.h:159] Parm size: 152
I0924 16:35:50.284029 687041 rt_engine.cu:554] optixLaunch, [w,h,d] = 3264379,1,1
I0924 16:35:50.289106 687041 rt_engine.h:159] Parm size: 152
I0924 16:35:50.289113 687041 rt_engine.cu:554] optixLaunch, [w,h,d] = 3264379,1,1
I0924 16:35:50.294174 687041 rt_engine.h:159] Parm size: 152
I0924 16:35:50.294180 687041 rt_engine.cu:554] optixLaunch, [w,h,d] = 3264379,1,1
I0924 16:35:50.299569 687041 uniform_grid.h:267] Creating the uniform grid, resolution: 2048, Size: 112 MB
I0924 16:35:50.300189 687041 uniform_grid.h:323] Total Edges in the grid: 2475567, Size: 18 MB
I0924 16:35:50.300854 687041 run_query.cu:32] Checking point in polygon
I0924 16:35:50.399329 687041 run_query.cu:95] Map: 0 passed check
Timing results:
 - Read map: 127.193 ms

 - Create Context: 0.000953674 ms

 - Generate Workloads: 554.59 ms

 - Create App: 66.586 ms

 - Init: 0.038147 ms

 - Adaptive Grouping: 1.31488 ms

 - Build Index: 0.896931 ms

 - Warmup: 25.485 ms

 - Query: 5.07503 ms

 - Check: 107.615 ms

 - Cleanup: 5.48601 ms

