/local/storage/liang/.clion/RayJoin/cmake-build-release-dl190/bin/query_exec -poly1 /local/storage/liang/Downloads/Datasets/point_cdb/lakes/Australia/lakes_Australia_Point.cdb              -poly2 /local/storage/liang/Downloads/Datasets/point_cdb/parks/Australia/parks_Australia_Point.cdb              -serialize=/dev/shm              -mode=rt              -v=1              -query=pip              -seed=1              -xsect_factor 0.1              -sample_map_id=1              -sample=points              -sample_rate=0.5              -warmup=5              -repeat=5              -enlarge=1              -check=false
I0924 17:07:21.678155 702923 planar_graph.h:216] Map /dev/shm/-local-storage-liang-Downloads-Datasets-point_cdb-lakes-Australia-lakes_Australia_Point.cdb.bin is deserialized, chains: 16702 points: 1254743 edges: 1238041
I0924 17:07:21.692153 702923 planar_graph.h:216] Map /dev/shm/-local-storage-liang-Downloads-Datasets-point_cdb-parks-Australia-parks_Australia_Point.cdb.bin is deserialized, chains: 22386 points: 589464 edges: 567078
I0924 17:07:21.692178 702923 context.h:51] Bounding Box, Bottom-left: (112.971, -54.7384), Top-right: (158.947, -10.1168)
I0924 17:07:21.692194 702923 context.h:58] Scaled Bounding Box, Bottom-left: (-67435232688127, -67350025946940), Top-right: (67435232688126, 67350025946939)
I0924 17:07:21.692196 702923 context.h:61] Unscaled Bounding Box, Bottom-left: (112.971, -54.7384), Top-right: (158.947, -10.1168)
I0924 17:07:21.851119 702923 run_query.cu:394] Sampling points, sample rate: 0.5, seed: 1 Points: 294732
I0924 17:07:21.909257 702923 rt_engine.cu:282] Info: Pipeline statistics
	module(s)                            :     1
	entry function(s)                    :     2
	trace call(s)                        :     1
	continuation callable call(s)        :     0
	direct callable call(s)              :     0
	basic block(s) in entry functions    :    67
	instruction(s) in entry functions    :  1011
	non-entry function(s)                :     1
	basic block(s) in non-entry functions:     1
	instruction(s) in non-entry functions:     1
	debug information                    :    no
I0924 17:07:21.914180 702923 rt_engine.cu:282] Info: Pipeline statistics
	module(s)                            :     1
	entry function(s)                    :     2
	trace call(s)                        :     1
	continuation callable call(s)        :     0
	direct callable call(s)              :     0
	basic block(s) in entry functions    :    43
	instruction(s) in entry functions    :   831
	non-entry function(s)                :     1
	basic block(s) in non-entry functions:     1
	instruction(s) in non-entry functions:     1
	debug information                    :    no
I0924 17:07:21.914773 702923 primitive.h:252] Enlarge limit: 1 ne: 1238041 aabbs: 1237894 Compress ratio: 0.000118736 Time: 0.394 ms
I0924 17:07:21.914819 702923 rt_engine.cu:397] Building AS, num prims: 1237894, Required Temp Size: 94275456 Output Size: 46317696
I0924 17:07:21.918387 702923 rt_engine.h:159] Parm size: 152
I0924 17:07:21.918403 702923 rt_engine.cu:554] optixLaunch, [w,h,d] = 294732,1,1
I0924 17:07:21.918773 702923 rt_engine.h:159] Parm size: 152
I0924 17:07:21.918781 702923 rt_engine.cu:554] optixLaunch, [w,h,d] = 294732,1,1
I0924 17:07:21.919134 702923 rt_engine.h:159] Parm size: 152
I0924 17:07:21.919140 702923 rt_engine.cu:554] optixLaunch, [w,h,d] = 294732,1,1
I0924 17:07:21.919487 702923 rt_engine.h:159] Parm size: 152
I0924 17:07:21.919493 702923 rt_engine.cu:554] optixLaunch, [w,h,d] = 294732,1,1
I0924 17:07:21.919839 702923 rt_engine.h:159] Parm size: 152
I0924 17:07:21.919847 702923 rt_engine.cu:554] optixLaunch, [w,h,d] = 294732,1,1
I0924 17:07:21.920217 702923 rt_engine.h:159] Parm size: 152
I0924 17:07:21.920222 702923 rt_engine.cu:554] optixLaunch, [w,h,d] = 294732,1,1
I0924 17:07:21.920568 702923 rt_engine.h:159] Parm size: 152
I0924 17:07:21.920574 702923 rt_engine.cu:554] optixLaunch, [w,h,d] = 294732,1,1
I0924 17:07:21.920919 702923 rt_engine.h:159] Parm size: 152
I0924 17:07:21.920925 702923 rt_engine.cu:554] optixLaunch, [w,h,d] = 294732,1,1
I0924 17:07:21.921269 702923 rt_engine.h:159] Parm size: 152
I0924 17:07:21.921276 702923 rt_engine.cu:554] optixLaunch, [w,h,d] = 294732,1,1
I0924 17:07:21.921618 702923 rt_engine.h:159] Parm size: 152
I0924 17:07:21.921625 702923 rt_engine.cu:554] optixLaunch, [w,h,d] = 294732,1,1
Timing results:
 - Read map: 97.9409 ms

 - Create Context: 0.000953674 ms

 - Generate Workloads: 173.724 ms

 - Create App: 62.268 ms

 - Init: 0.00405312 ms

 - Adaptive Grouping: 0.429153 ms

 - Build Index: 3.55387 ms

 - Warmup: 1.86205 ms

 - Query: 0.350618 ms

 - Cleanup: 3.47996 ms

