/local/storage/liang/.clion/RayJoin/cmake-build-release-dl190/bin/query_exec -poly1 /local/storage/liang/Downloads/Datasets/point_cdb/lakes/Asia/lakes_Asia_Point.cdb              -poly2 /local/storage/liang/Downloads/Datasets/point_cdb/parks/Asia/parks_Asia_Point.cdb              -serialize=/dev/shm              -mode=rt              -v=1              -query=pip              -seed=1              -xsect_factor 0.1              -sample_map_id=1              -sample=points              -sample_rate=0.9              -warmup=5              -repeat=5              -enlarge=1              -check=false
I0924 17:10:08.158113 704352 planar_graph.h:216] Map /dev/shm/-local-storage-liang-Downloads-Datasets-point_cdb-lakes-Asia-lakes_Asia_Point.cdb.bin is deserialized, chains: 194573 points: 10541220 edges: 10346647
I0924 17:10:08.424616 704352 planar_graph.h:216] Map /dev/shm/-local-storage-liang-Downloads-Datasets-point_cdb-parks-Asia-parks_Asia_Point.cdb.bin is deserialized, chains: 277198 points: 12209639 edges: 11932441
I0924 17:10:08.424647 704352 context.h:51] Bounding Box, Bottom-left: (-179.972, -10.8197), Top-right: (179.984, 81.2255)
I0924 17:10:08.424666 704352 context.h:58] Scaled Bounding Box, Bottom-left: (-69979919611218, -68872256062147), Top-right: (69979919611217, 68872256062146)
I0924 17:10:08.424669 704352 context.h:61] Unscaled Bounding Box, Bottom-left: (-179.972, -10.8197), Top-right: (179.984, 81.2255)
I0924 17:10:10.426919 704352 run_query.cu:394] Sampling points, sample rate: 0.9, seed: 1 Points: 10988675
I0924 17:10:10.528805 704352 rt_engine.cu:282] Info: Pipeline statistics
	module(s)                            :     1
	entry function(s)                    :     2
	trace call(s)                        :     1
	continuation callable call(s)        :     0
	direct callable call(s)              :     0
	basic block(s) in entry functions    :    67
	instruction(s) in entry functions    :  1011
	non-entry function(s)                :     1
	basic block(s) in non-entry functions:     1
	instruction(s) in non-entry functions:     1
	debug information                    :    no
I0924 17:10:10.533749 704352 rt_engine.cu:282] Info: Pipeline statistics
	module(s)                            :     1
	entry function(s)                    :     2
	trace call(s)                        :     1
	continuation callable call(s)        :     0
	direct callable call(s)              :     0
	basic block(s) in entry functions    :    43
	instruction(s) in entry functions    :   831
	non-entry function(s)                :     1
	basic block(s) in non-entry functions:     1
	instruction(s) in non-entry functions:     1
	debug information                    :    no
I0924 17:10:10.536069 704352 primitive.h:252] Enlarge limit: 1 ne: 10346647 aabbs: 10344032 Compress ratio: 0.000252739 Time: 2 ms
I0924 17:10:10.536129 704352 rt_engine.cu:397] Building AS, num prims: 10344032, Required Temp Size: 787764480 Output Size: 387016576
I0924 17:10:10.562389 704352 rt_engine.h:159] Parm size: 152
I0924 17:10:10.562407 704352 rt_engine.cu:554] optixLaunch, [w,h,d] = 10988675,1,1
I0924 17:10:10.578305 704352 rt_engine.h:159] Parm size: 152
I0924 17:10:10.578312 704352 rt_engine.cu:554] optixLaunch, [w,h,d] = 10988675,1,1
I0924 17:10:10.593863 704352 rt_engine.h:159] Parm size: 152
I0924 17:10:10.593870 704352 rt_engine.cu:554] optixLaunch, [w,h,d] = 10988675,1,1
I0924 17:10:10.609409 704352 rt_engine.h:159] Parm size: 152
I0924 17:10:10.609416 704352 rt_engine.cu:554] optixLaunch, [w,h,d] = 10988675,1,1
I0924 17:10:10.624951 704352 rt_engine.h:159] Parm size: 152
I0924 17:10:10.624959 704352 rt_engine.cu:554] optixLaunch, [w,h,d] = 10988675,1,1
I0924 17:10:10.640507 704352 rt_engine.h:159] Parm size: 152
I0924 17:10:10.640513 704352 rt_engine.cu:554] optixLaunch, [w,h,d] = 10988675,1,1
I0924 17:10:10.656057 704352 rt_engine.h:159] Parm size: 152
I0924 17:10:10.656064 704352 rt_engine.cu:554] optixLaunch, [w,h,d] = 10988675,1,1
I0924 17:10:10.671594 704352 rt_engine.h:159] Parm size: 152
I0924 17:10:10.671602 704352 rt_engine.cu:554] optixLaunch, [w,h,d] = 10988675,1,1
I0924 17:10:10.687141 704352 rt_engine.h:159] Parm size: 152
I0924 17:10:10.687147 704352 rt_engine.cu:554] optixLaunch, [w,h,d] = 10988675,1,1
I0924 17:10:10.702670 704352 rt_engine.h:159] Parm size: 152
I0924 17:10:10.702677 704352 rt_engine.cu:554] optixLaunch, [w,h,d] = 10988675,1,1
Timing results:
 - Read map: 301.736 ms

 - Create Context: 0.00119209 ms

 - Generate Workloads: 2292.01 ms

 - Create App: 83.683 ms

 - Init: 0.0751019 ms

 - Adaptive Grouping: 2.02298 ms

 - Build Index: 26.1569 ms

 - Warmup: 78.2061 ms

 - Query: 15.5446 ms

 - Cleanup: 7.54809 ms

