/local/storage/liang/.clion/RayJoin/cmake-build-release-dl190/bin/query_exec -poly1 /local/storage/liang/Downloads/Datasets/point_cdb/lakes/Australia/lakes_Australia_Point.cdb              -poly2 /local/storage/liang/Downloads/Datasets/point_cdb/parks/Australia/parks_Australia_Point.cdb              -serialize=/dev/shm              -mode=rt              -v=1              -query=pip              -seed=1              -xsect_factor 0.1              -sample_map_id=1              -sample=points              -sample_rate=0.1              -warmup=5              -repeat=5              -enlarge=1              -check=false
I0924 17:04:38.358431 701492 planar_graph.h:216] Map /dev/shm/-local-storage-liang-Downloads-Datasets-point_cdb-lakes-Australia-lakes_Australia_Point.cdb.bin is deserialized, chains: 16702 points: 1254743 edges: 1238041
I0924 17:04:38.372571 701492 planar_graph.h:216] Map /dev/shm/-local-storage-liang-Downloads-Datasets-point_cdb-parks-Australia-parks_Australia_Point.cdb.bin is deserialized, chains: 22386 points: 589464 edges: 567078
I0924 17:04:38.372598 701492 context.h:51] Bounding Box, Bottom-left: (112.971, -54.7384), Top-right: (158.947, -10.1168)
I0924 17:04:38.372612 701492 context.h:58] Scaled Bounding Box, Bottom-left: (-67435232688127, -67350025946940), Top-right: (67435232688126, 67350025946939)
I0924 17:04:38.372614 701492 context.h:61] Unscaled Bounding Box, Bottom-left: (112.971, -54.7384), Top-right: (158.947, -10.1168)
I0924 17:04:38.530213 701492 run_query.cu:394] Sampling points, sample rate: 0.1, seed: 1 Points: 58946
I0924 17:04:38.588572 701492 rt_engine.cu:282] Info: Pipeline statistics
	module(s)                            :     1
	entry function(s)                    :     2
	trace call(s)                        :     1
	continuation callable call(s)        :     0
	direct callable call(s)              :     0
	basic block(s) in entry functions    :    67
	instruction(s) in entry functions    :  1011
	non-entry function(s)                :     1
	basic block(s) in non-entry functions:     1
	instruction(s) in non-entry functions:     1
	debug information                    :    no
I0924 17:04:38.593529 701492 rt_engine.cu:282] Info: Pipeline statistics
	module(s)                            :     1
	entry function(s)                    :     2
	trace call(s)                        :     1
	continuation callable call(s)        :     0
	direct callable call(s)              :     0
	basic block(s) in entry functions    :    43
	instruction(s) in entry functions    :   831
	non-entry function(s)                :     1
	basic block(s) in non-entry functions:     1
	instruction(s) in non-entry functions:     1
	debug information                    :    no
I0924 17:04:38.594065 701492 primitive.h:252] Enlarge limit: 1 ne: 1238041 aabbs: 1237894 Compress ratio: 0.000118736 Time: 0.438 ms
I0924 17:04:38.594111 701492 rt_engine.cu:397] Building AS, num prims: 1237894, Required Temp Size: 94275456 Output Size: 46317696
I0924 17:04:38.597540 701492 rt_engine.h:159] Parm size: 152
I0924 17:04:38.597555 701492 rt_engine.cu:554] optixLaunch, [w,h,d] = 58946,1,1
I0924 17:04:38.597697 701492 rt_engine.h:159] Parm size: 152
I0924 17:04:38.597703 701492 rt_engine.cu:554] optixLaunch, [w,h,d] = 58946,1,1
I0924 17:04:38.597826 701492 rt_engine.h:159] Parm size: 152
I0924 17:04:38.597833 701492 rt_engine.cu:554] optixLaunch, [w,h,d] = 58946,1,1
I0924 17:04:38.597954 701492 rt_engine.h:159] Parm size: 152
I0924 17:04:38.597961 701492 rt_engine.cu:554] optixLaunch, [w,h,d] = 58946,1,1
I0924 17:04:38.598083 701492 rt_engine.h:159] Parm size: 152
I0924 17:04:38.598090 701492 rt_engine.cu:554] optixLaunch, [w,h,d] = 58946,1,1
I0924 17:04:38.598218 701492 rt_engine.h:159] Parm size: 152
I0924 17:04:38.598224 701492 rt_engine.cu:554] optixLaunch, [w,h,d] = 58946,1,1
I0924 17:04:38.598342 701492 rt_engine.h:159] Parm size: 152
I0924 17:04:38.598349 701492 rt_engine.cu:554] optixLaunch, [w,h,d] = 58946,1,1
I0924 17:04:38.598469 701492 rt_engine.h:159] Parm size: 152
I0924 17:04:38.598475 701492 rt_engine.cu:554] optixLaunch, [w,h,d] = 58946,1,1
I0924 17:04:38.598593 701492 rt_engine.h:159] Parm size: 152
I0924 17:04:38.598600 701492 rt_engine.cu:554] optixLaunch, [w,h,d] = 58946,1,1
I0924 17:04:38.598721 701492 rt_engine.h:159] Parm size: 152
I0924 17:04:38.598728 701492 rt_engine.cu:554] optixLaunch, [w,h,d] = 58946,1,1
Timing results:
 - Read map: 102.485 ms

 - Create Context: 0.00214577 ms

 - Generate Workloads: 172.202 ms

 - Create App: 62.7761 ms

 - Init: 0.00309944 ms

 - Adaptive Grouping: 0.459909 ms

 - Build Index: 3.41702 ms

 - Warmup: 0.709057 ms

 - Query: 0.126791 ms

 - Cleanup: 2.44594 ms

