/local/storage/liang/.clion/RayJoin/cmake-build-release-dl190/bin/query_exec -poly1 /local/storage/liang/Downloads/Datasets/point_cdb/lakes/South_America/lakes_South_America_Point.cdb              -poly2 /local/storage/liang/Downloads/Datasets/point_cdb/parks/South_America/parks_South_America_Point.cdb              -serialize=/dev/shm              -mode=rt              -v=1              -query=pip              -seed=1              -xsect_factor 0.1              -sample_map_id=1              -sample=points              -sample_rate=0.3              -warmup=5              -repeat=5              -enlarge=1              -check=false
I0924 17:06:24.871613 702381 planar_graph.h:216] Map /dev/shm/-local-storage-liang-Downloads-Datasets-point_cdb-lakes-South_America-lakes_South_America_Point.cdb.bin is deserialized, chains: 43757 points: 2418375 edges: 2374618
I0924 17:06:24.944957 702381 planar_graph.h:216] Map /dev/shm/-local-storage-liang-Downloads-Datasets-point_cdb-parks-South_America-parks_South_America_Point.cdb.bin is deserialized, chains: 85371 points: 3264379 edges: 3179008
I0924 17:06:24.944988 702381 context.h:51] Bounding Box, Bottom-left: (-92.6829, -55.9828), Top-right: (-34.788, 12.5803)
I0924 17:06:24.945005 702381 context.h:58] Scaled Bounding Box, Bottom-left: (-68019003758318, -68374252432450), Top-right: (68019003758317, 68374252432449)
I0924 17:06:24.945008 702381 context.h:61] Unscaled Bounding Box, Bottom-left: (-92.6829, -55.9828), Top-right: (-34.788, 12.5803)
I0924 17:06:25.445956 702381 run_query.cu:394] Sampling points, sample rate: 0.3, seed: 1 Points: 979313
I0924 17:06:25.522305 702381 rt_engine.cu:282] Info: Pipeline statistics
	module(s)                            :     1
	entry function(s)                    :     2
	trace call(s)                        :     1
	continuation callable call(s)        :     0
	direct callable call(s)              :     0
	basic block(s) in entry functions    :    67
	instruction(s) in entry functions    :  1011
	non-entry function(s)                :     1
	basic block(s) in non-entry functions:     1
	instruction(s) in non-entry functions:     1
	debug information                    :    no
I0924 17:06:25.527107 702381 rt_engine.cu:282] Info: Pipeline statistics
	module(s)                            :     1
	entry function(s)                    :     2
	trace call(s)                        :     1
	continuation callable call(s)        :     0
	direct callable call(s)              :     0
	basic block(s) in entry functions    :    43
	instruction(s) in entry functions    :   831
	non-entry function(s)                :     1
	basic block(s) in non-entry functions:     1
	instruction(s) in non-entry functions:     1
	debug information                    :    no
I0924 17:06:25.527961 702381 primitive.h:252] Enlarge limit: 1 ne: 2374618 aabbs: 2373613 Compress ratio: 0.000423226 Time: 0.58 ms
I0924 17:06:25.528004 702381 rt_engine.cu:397] Building AS, num prims: 2373613, Required Temp Size: 180767488 Output Size: 88809600
I0924 17:06:25.534665 702381 rt_engine.h:159] Parm size: 152
I0924 17:06:25.534682 702381 rt_engine.cu:554] optixLaunch, [w,h,d] = 979313,1,1
I0924 17:06:25.535833 702381 rt_engine.h:159] Parm size: 152
I0924 17:06:25.535841 702381 rt_engine.cu:554] optixLaunch, [w,h,d] = 979313,1,1
I0924 17:06:25.536926 702381 rt_engine.h:159] Parm size: 152
I0924 17:06:25.536932 702381 rt_engine.cu:554] optixLaunch, [w,h,d] = 979313,1,1
I0924 17:06:25.538013 702381 rt_engine.h:159] Parm size: 152
I0924 17:06:25.538019 702381 rt_engine.cu:554] optixLaunch, [w,h,d] = 979313,1,1
I0924 17:06:25.539101 702381 rt_engine.h:159] Parm size: 152
I0924 17:06:25.539108 702381 rt_engine.cu:554] optixLaunch, [w,h,d] = 979313,1,1
I0924 17:06:25.540189 702381 rt_engine.h:159] Parm size: 152
I0924 17:06:25.540196 702381 rt_engine.cu:554] optixLaunch, [w,h,d] = 979313,1,1
I0924 17:06:25.541280 702381 rt_engine.h:159] Parm size: 152
I0924 17:06:25.541286 702381 rt_engine.cu:554] optixLaunch, [w,h,d] = 979313,1,1
I0924 17:06:25.542367 702381 rt_engine.h:159] Parm size: 152
I0924 17:06:25.542374 702381 rt_engine.cu:554] optixLaunch, [w,h,d] = 979313,1,1
I0924 17:06:25.543453 702381 rt_engine.h:159] Parm size: 152
I0924 17:06:25.543460 702381 rt_engine.cu:554] optixLaunch, [w,h,d] = 979313,1,1
I0924 17:06:25.544540 702381 rt_engine.h:159] Parm size: 152
I0924 17:06:25.544546 702381 rt_engine.cu:554] optixLaunch, [w,h,d] = 979313,1,1
Timing results:
 - Read map: 127.622 ms

 - Create Context: 0.000953674 ms

 - Generate Workloads: 578.781 ms

 - Create App: 76.7121 ms

 - Init: 0.043869 ms

 - Adaptive Grouping: 0.602007 ms

 - Build Index: 6.639 ms

 - Warmup: 5.56302 ms

 - Query: 1.08743 ms

 - Cleanup: 6.27089 ms

