/local/storage/liang/.clion/RayJoin/cmake-build-release-dl190/bin/query_exec -poly1 /local/storage/liang/Downloads/Datasets/point_cdb/lakes/North_America/lakes_North_America_Point.cdb              -poly2 /local/storage/liang/Downloads/Datasets/point_cdb/parks/North_America/parks_North_America_Point.cdb              -serialize=/dev/shm              -mode=rt              -v=1              -query=pip              -seed=1              -xsect_factor 0.1              -sample_map_id=1              -sample=map              -sample_rate=1.0              -warmup=5              -repeat=5              -enlarge=5
I0924 16:42:53.322247 690562 planar_graph.h:216] Map /dev/shm/-local-storage-liang-Downloads-Datasets-point_cdb-lakes-North_America-lakes_North_America_Point.cdb.bin is deserialized, chains: 1910184 points: 69273661 edges: 67363477
I0924 16:42:53.915545 690562 planar_graph.h:216] Map /dev/shm/-local-storage-liang-Downloads-Datasets-point_cdb-parks-North_America-parks_North_America_Point.cdb.bin is deserialized, chains: 603325 points: 27465008 edges: 26861683
I0924 16:42:53.915601 690562 context.h:51] Bounding Box, Bottom-left: (-178.058, 7.22476), Top-right: (-45.5202, 71.2885)
I0924 16:42:53.915617 690562 context.h:58] Scaled Bounding Box, Bottom-left: (-69322661498935, -68238415890814), Top-right: (69322661498934, 68238415890813)
I0924 16:42:53.915619 690562 context.h:61] Unscaled Bounding Box, Bottom-left: (-178.058, 7.22476), Top-right: (-45.5202, 71.2885)
I0924 16:43:01.524374 690562 run_query.cu:348] Sampling map, sample rate: 1, seed: 1
I0924 16:43:02.454357 690562 planar_graph.h:310] Map is sampled, chains: 603325 points: 27465008 edges: 26861683
I0924 16:43:02.589979 690562 rt_engine.cu:282] Info: Pipeline statistics
	module(s)                            :     1
	entry function(s)                    :     2
	trace call(s)                        :     1
	continuation callable call(s)        :     0
	direct callable call(s)              :     0
	basic block(s) in entry functions    :    67
	instruction(s) in entry functions    :  1011
	non-entry function(s)                :     1
	basic block(s) in non-entry functions:     1
	instruction(s) in non-entry functions:     1
	debug information                    :    no
I0924 16:43:02.594980 690562 rt_engine.cu:282] Info: Pipeline statistics
	module(s)                            :     1
	entry function(s)                    :     2
	trace call(s)                        :     1
	continuation callable call(s)        :     0
	direct callable call(s)              :     0
	basic block(s) in entry functions    :    43
	instruction(s) in entry functions    :   831
	non-entry function(s)                :     1
	basic block(s) in non-entry functions:     1
	instruction(s) in non-entry functions:     1
	debug information                    :    no
I0924 16:43:02.631057 690562 primitive.h:252] Enlarge limit: 5 ne: 67363477 aabbs: 4933878 Compress ratio: 0.926757 Time: 35.308 ms
I0924 16:43:02.631106 690562 rt_engine.cu:397] Building AS, num prims: 4933878, Required Temp Size: 375747712 Output Size: 184600064
I0924 16:43:02.645242 690562 rt_engine.h:159] Parm size: 152
I0924 16:43:02.645280 690562 rt_engine.cu:554] optixLaunch, [w,h,d] = 27465008,1,1
I0924 16:43:02.721678 690562 rt_engine.h:159] Parm size: 152
I0924 16:43:02.721686 690562 rt_engine.cu:554] optixLaunch, [w,h,d] = 27465008,1,1
I0924 16:43:02.797861 690562 rt_engine.h:159] Parm size: 152
I0924 16:43:02.797868 690562 rt_engine.cu:554] optixLaunch, [w,h,d] = 27465008,1,1
I0924 16:43:02.869179 690562 rt_engine.h:159] Parm size: 152
I0924 16:43:02.869186 690562 rt_engine.cu:554] optixLaunch, [w,h,d] = 27465008,1,1
I0924 16:43:02.937716 690562 rt_engine.h:159] Parm size: 152
I0924 16:43:02.937722 690562 rt_engine.cu:554] optixLaunch, [w,h,d] = 27465008,1,1
I0924 16:43:03.006268 690562 rt_engine.h:159] Parm size: 152
I0924 16:43:03.006274 690562 rt_engine.cu:554] optixLaunch, [w,h,d] = 27465008,1,1
I0924 16:43:03.074815 690562 rt_engine.h:159] Parm size: 152
I0924 16:43:03.074821 690562 rt_engine.cu:554] optixLaunch, [w,h,d] = 27465008,1,1
I0924 16:43:03.143352 690562 rt_engine.h:159] Parm size: 152
I0924 16:43:03.143357 690562 rt_engine.cu:554] optixLaunch, [w,h,d] = 27465008,1,1
I0924 16:43:03.211889 690562 rt_engine.h:159] Parm size: 152
I0924 16:43:03.211895 690562 rt_engine.cu:554] optixLaunch, [w,h,d] = 27465008,1,1
I0924 16:43:03.280469 690562 rt_engine.h:159] Parm size: 152
I0924 16:43:03.280475 690562 rt_engine.cu:554] optixLaunch, [w,h,d] = 27465008,1,1
I0924 16:43:03.349516 690562 uniform_grid.h:267] Creating the uniform grid, resolution: 2048, Size: 112 MB
I0924 16:43:03.356190 690562 uniform_grid.h:323] Total Edges in the grid: 67924324, Size: 518 MB
I0924 16:43:03.370034 690562 run_query.cu:32] Checking point in polygon
I0924 16:43:04.566736 690562 run_query.cu:95] Map: 0 passed check
Timing results:
 - Read map: 1591.96 ms

 - Create Context: 0.000953674 ms

 - Generate Workloads: 9191.82 ms

 - Create App: 81.414 ms

 - Init: 0.0829697 ms

 - Adaptive Grouping: 35.3301 ms

 - Build Index: 13.8638 ms

 - Warmup: 361.198 ms

 - Query: 68.5514 ms

 - Check: 1261.16 ms

 - Cleanup: 10.5789 ms

