/local/storage/liang/.clion/RayJoin/cmake-build-release-dl190/bin/query_exec -poly1 /local/storage/liang/Downloads/Datasets/point_cdb/lakes/South_America/lakes_South_America_Point.cdb              -poly2 /local/storage/liang/Downloads/Datasets/point_cdb/parks/South_America/parks_South_America_Point.cdb              -serialize=/dev/shm              -mode=rt              -v=1              -query=pip              -seed=1              -xsect_factor 0.1              -sample_map_id=1              -sample=map              -sample_rate=0.8              -warmup=5              -repeat=5              -enlarge=5
I0924 16:41:25.310266 689853 planar_graph.h:216] Map /dev/shm/-local-storage-liang-Downloads-Datasets-point_cdb-lakes-South_America-lakes_South_America_Point.cdb.bin is deserialized, chains: 43757 points: 2418375 edges: 2374618
I0924 16:41:25.383239 689853 planar_graph.h:216] Map /dev/shm/-local-storage-liang-Downloads-Datasets-point_cdb-parks-South_America-parks_South_America_Point.cdb.bin is deserialized, chains: 85371 points: 3264379 edges: 3179008
I0924 16:41:25.383267 689853 context.h:51] Bounding Box, Bottom-left: (-92.6829, -55.9828), Top-right: (-34.788, 12.5803)
I0924 16:41:25.383281 689853 context.h:58] Scaled Bounding Box, Bottom-left: (-68019003758318, -68374252432450), Top-right: (68019003758317, 68374252432449)
I0924 16:41:25.383283 689853 context.h:61] Unscaled Bounding Box, Bottom-left: (-92.6829, -55.9828), Top-right: (-34.788, 12.5803)
I0924 16:41:25.831952 689853 run_query.cu:348] Sampling map, sample rate: 0.8, seed: 1
I0924 16:41:25.933287 689853 planar_graph.h:310] Map is sampled, chains: 85371 points: 2608958 edges: 2523587
I0924 16:41:26.007897 689853 rt_engine.cu:282] Info: Pipeline statistics
	module(s)                            :     1
	entry function(s)                    :     2
	trace call(s)                        :     1
	continuation callable call(s)        :     0
	direct callable call(s)              :     0
	basic block(s) in entry functions    :    67
	instruction(s) in entry functions    :  1011
	non-entry function(s)                :     1
	basic block(s) in non-entry functions:     1
	instruction(s) in non-entry functions:     1
	debug information                    :    no
I0924 16:41:26.012703 689853 rt_engine.cu:282] Info: Pipeline statistics
	module(s)                            :     1
	entry function(s)                    :     2
	trace call(s)                        :     1
	continuation callable call(s)        :     0
	direct callable call(s)              :     0
	basic block(s) in entry functions    :    43
	instruction(s) in entry functions    :   831
	non-entry function(s)                :     1
	basic block(s) in non-entry functions:     1
	instruction(s) in non-entry functions:     1
	debug information                    :    no
I0924 16:41:26.014268 689853 primitive.h:252] Enlarge limit: 5 ne: 2374618 aabbs: 158882 Compress ratio: 0.933092 Time: 1.294 ms
I0924 16:41:26.014309 689853 rt_engine.cu:397] Building AS, num prims: 158882, Required Temp Size: 12102016 Output Size: 5947392
I0924 16:41:26.015249 689853 rt_engine.h:159] Parm size: 152
I0924 16:41:26.015264 689853 rt_engine.cu:554] optixLaunch, [w,h,d] = 3264379,1,1
I0924 16:41:26.020340 689853 rt_engine.h:159] Parm size: 152
I0924 16:41:26.020347 689853 rt_engine.cu:554] optixLaunch, [w,h,d] = 3264379,1,1
I0924 16:41:26.025431 689853 rt_engine.h:159] Parm size: 152
I0924 16:41:26.025439 689853 rt_engine.cu:554] optixLaunch, [w,h,d] = 3264379,1,1
I0924 16:41:26.030494 689853 rt_engine.h:159] Parm size: 152
I0924 16:41:26.030501 689853 rt_engine.cu:554] optixLaunch, [w,h,d] = 3264379,1,1
I0924 16:41:26.035565 689853 rt_engine.h:159] Parm size: 152
I0924 16:41:26.035573 689853 rt_engine.cu:554] optixLaunch, [w,h,d] = 3264379,1,1
I0924 16:41:26.040642 689853 rt_engine.h:159] Parm size: 152
I0924 16:41:26.040647 689853 rt_engine.cu:554] optixLaunch, [w,h,d] = 3264379,1,1
I0924 16:41:26.045709 689853 rt_engine.h:159] Parm size: 152
I0924 16:41:26.045717 689853 rt_engine.cu:554] optixLaunch, [w,h,d] = 3264379,1,1
I0924 16:41:26.050781 689853 rt_engine.h:159] Parm size: 152
I0924 16:41:26.050788 689853 rt_engine.cu:554] optixLaunch, [w,h,d] = 3264379,1,1
I0924 16:41:26.055862 689853 rt_engine.h:159] Parm size: 152
I0924 16:41:26.055869 689853 rt_engine.cu:554] optixLaunch, [w,h,d] = 3264379,1,1
I0924 16:41:26.060928 689853 rt_engine.h:159] Parm size: 152
I0924 16:41:26.060935 689853 rt_engine.cu:554] optixLaunch, [w,h,d] = 3264379,1,1
I0924 16:41:26.066337 689853 uniform_grid.h:267] Creating the uniform grid, resolution: 2048, Size: 112 MB
I0924 16:41:26.066949 689853 uniform_grid.h:323] Total Edges in the grid: 2475567, Size: 18 MB
I0924 16:41:26.067621 689853 run_query.cu:32] Checking point in polygon
I0924 16:41:26.165228 689853 run_query.cu:95] Map: 0 passed check
Timing results:
 - Read map: 129.298 ms

 - Create Context: 0.000953674 ms

 - Generate Workloads: 632.09 ms

 - Create App: 70.348 ms

 - Init: 0.0379086 ms

 - Adaptive Grouping: 1.31488 ms

 - Build Index: 0.893116 ms

 - Warmup: 25.4419 ms

 - Query: 5.07302 ms

 - Check: 106.771 ms

 - Cleanup: 5.50699 ms

