/local/storage/liang/.clion/RayJoin/cmake-build-release-dl190/bin/query_exec -poly1 /local/storage/liang/Downloads/Datasets/point_cdb/lakes/Africa/lakes_Africa_Point.cdb              -poly2 /local/storage/liang/Downloads/Datasets/point_cdb/parks/Africa/parks_Africa_Point.cdb              -serialize=/dev/shm              -mode=rt              -v=1              -query=pip              -seed=1              -xsect_factor 0.1              -sample_map_id=1              -sample=points              -sample_rate=0.4              -warmup=5              -repeat=5              -ag=0              -check=false
I1012 17:20:26.905157 2537364 planar_graph.h:216] Map /dev/shm/-local-storage-liang-Downloads-Datasets-point_cdb-lakes-Africa-lakes_Africa_Point.cdb.bin is deserialized, chains: 27178 points: 1872496 edges: 1845318
I1012 17:20:26.937793 2537364 planar_graph.h:216] Map /dev/shm/-local-storage-liang-Downloads-Datasets-point_cdb-parks-Africa-parks_Africa_Point.cdb.bin is deserialized, chains: 41991 points: 1358103 edges: 1316112
I1012 17:20:26.937825 2537364 context.h:51] Bounding Box, Bottom-left: (-25.2135, -34.7852), Top-right: (63.4371, 37.3456)
I1012 17:20:26.937841 2537364 context.h:58] Scaled Bounding Box, Bottom-left: (-68816217462298, -68470241806767), Top-right: (68816217462297, 68470241806766)
I1012 17:20:26.937844 2537364 context.h:61] Unscaled Bounding Box, Bottom-left: (-25.2135, -34.7852), Top-right: (63.4371, 37.3456)
I1012 17:20:27.227063 2537364 run_query.cu:400] Sampling points, sample rate: 0.4, seed: 1 Points: 543241
I1012 17:20:27.302155 2537364 rt_engine.cu:282] Info: Pipeline statistics
	module(s)                            :     1
	entry function(s)                    :     2
	trace call(s)                        :     1
	continuation callable call(s)        :     0
	direct callable call(s)              :     0
	basic block(s) in entry functions    :    67
	instruction(s) in entry functions    :  1011
	non-entry function(s)                :     1
	basic block(s) in non-entry functions:     1
	instruction(s) in non-entry functions:     1
	debug information                    :    no
I1012 17:20:27.307111 2537364 rt_engine.cu:282] Info: Pipeline statistics
	module(s)                            :     1
	entry function(s)                    :     2
	trace call(s)                        :     1
	continuation callable call(s)        :     0
	direct callable call(s)              :     0
	basic block(s) in entry functions    :    43
	instruction(s) in entry functions    :   831
	non-entry function(s)                :     1
	basic block(s) in non-entry functions:     1
	instruction(s) in non-entry functions:     1
	debug information                    :    no
I1012 17:20:27.307842 2537364 rt_engine.cu:397] Building AS, num prims: 1845318, Required Temp Size: 140534656 Output Size: 69043968
I1012 17:20:27.313145 2537364 rt_engine.h:159] Parm size: 152
I1012 17:20:27.313163 2537364 rt_engine.cu:554] optixLaunch, [w,h,d] = 543241,1,1
I1012 17:20:27.313584 2537364 rt_engine.h:159] Parm size: 152
I1012 17:20:27.313591 2537364 rt_engine.cu:554] optixLaunch, [w,h,d] = 543241,1,1
I1012 17:20:27.314002 2537364 rt_engine.h:159] Parm size: 152
I1012 17:20:27.314008 2537364 rt_engine.cu:554] optixLaunch, [w,h,d] = 543241,1,1
I1012 17:20:27.314409 2537364 rt_engine.h:159] Parm size: 152
I1012 17:20:27.314416 2537364 rt_engine.cu:554] optixLaunch, [w,h,d] = 543241,1,1
I1012 17:20:27.314813 2537364 rt_engine.h:159] Parm size: 152
I1012 17:20:27.314821 2537364 rt_engine.cu:554] optixLaunch, [w,h,d] = 543241,1,1
I1012 17:20:27.315220 2537364 rt_engine.h:159] Parm size: 152
I1012 17:20:27.315227 2537364 rt_engine.cu:554] optixLaunch, [w,h,d] = 543241,1,1
I1012 17:20:27.315629 2537364 rt_engine.h:159] Parm size: 152
I1012 17:20:27.315637 2537364 rt_engine.cu:554] optixLaunch, [w,h,d] = 543241,1,1
I1012 17:20:27.316037 2537364 rt_engine.h:159] Parm size: 152
I1012 17:20:27.316044 2537364 rt_engine.cu:554] optixLaunch, [w,h,d] = 543241,1,1
I1012 17:20:27.316444 2537364 rt_engine.h:159] Parm size: 152
I1012 17:20:27.316452 2537364 rt_engine.cu:554] optixLaunch, [w,h,d] = 543241,1,1
I1012 17:20:27.316850 2537364 rt_engine.h:159] Parm size: 152
I1012 17:20:27.316857 2537364 rt_engine.cu:554] optixLaunch, [w,h,d] = 543241,1,1
Timing results:
 - Read map: 116.333 ms

 - Create Context: 0.000953674 ms

 - Generate Workloads: 323.894 ms

 - Create App: 78.016 ms

 - Init: 0.164986 ms

 - Adaptive Grouping: 0.362873 ms

 - Build Index: 5.25403 ms

 - Warmup: 2.13909 ms

 - Query: 0.407791 ms

 - Cleanup: 6.22702 ms

