/local/storage/liang/.clion/RayJoin/cmake-build-release-dl190/bin/query_exec -poly1 /local/storage/liang/Downloads/Datasets/point_cdb/lakes/South_America/lakes_South_America_Point.cdb              -poly2 /local/storage/liang/Downloads/Datasets/point_cdb/parks/South_America/parks_South_America_Point.cdb              -serialize=/dev/shm              -mode=rt              -v=1              -query=pip              -seed=1              -xsect_factor 0.1              -sample_map_id=1              -sample=map              -sample_rate=0.7              -warmup=5              -repeat=5              -enlarge=5
I0924 16:40:35.924422 689433 planar_graph.h:216] Map /dev/shm/-local-storage-liang-Downloads-Datasets-point_cdb-lakes-South_America-lakes_South_America_Point.cdb.bin is deserialized, chains: 43757 points: 2418375 edges: 2374618
I0924 16:40:35.997457 689433 planar_graph.h:216] Map /dev/shm/-local-storage-liang-Downloads-Datasets-point_cdb-parks-South_America-parks_South_America_Point.cdb.bin is deserialized, chains: 85371 points: 3264379 edges: 3179008
I0924 16:40:35.997488 689433 context.h:51] Bounding Box, Bottom-left: (-92.6829, -55.9828), Top-right: (-34.788, 12.5803)
I0924 16:40:35.997506 689433 context.h:58] Scaled Bounding Box, Bottom-left: (-68019003758318, -68374252432450), Top-right: (68019003758317, 68374252432449)
I0924 16:40:35.997509 689433 context.h:61] Unscaled Bounding Box, Bottom-left: (-92.6829, -55.9828), Top-right: (-34.788, 12.5803)
I0924 16:40:36.446816 689433 run_query.cu:348] Sampling map, sample rate: 0.7, seed: 1
I0924 16:40:36.540666 689433 planar_graph.h:310] Map is sampled, chains: 85371 points: 2286319 edges: 2200948
I0924 16:40:36.596506 689433 rt_engine.cu:282] Info: Pipeline statistics
	module(s)                            :     1
	entry function(s)                    :     2
	trace call(s)                        :     1
	continuation callable call(s)        :     0
	direct callable call(s)              :     0
	basic block(s) in entry functions    :    67
	instruction(s) in entry functions    :  1011
	non-entry function(s)                :     1
	basic block(s) in non-entry functions:     1
	instruction(s) in non-entry functions:     1
	debug information                    :    no
I0924 16:40:36.601311 689433 rt_engine.cu:282] Info: Pipeline statistics
	module(s)                            :     1
	entry function(s)                    :     2
	trace call(s)                        :     1
	continuation callable call(s)        :     0
	direct callable call(s)              :     0
	basic block(s) in entry functions    :    43
	instruction(s) in entry functions    :   831
	non-entry function(s)                :     1
	basic block(s) in non-entry functions:     1
	instruction(s) in non-entry functions:     1
	debug information                    :    no
I0924 16:40:36.602829 689433 primitive.h:252] Enlarge limit: 5 ne: 2374618 aabbs: 158882 Compress ratio: 0.933092 Time: 1.288 ms
I0924 16:40:36.602872 689433 rt_engine.cu:397] Building AS, num prims: 158882, Required Temp Size: 12102016 Output Size: 5947392
I0924 16:40:36.603787 689433 rt_engine.h:159] Parm size: 152
I0924 16:40:36.603803 689433 rt_engine.cu:554] optixLaunch, [w,h,d] = 3264379,1,1
I0924 16:40:36.608906 689433 rt_engine.h:159] Parm size: 152
I0924 16:40:36.608912 689433 rt_engine.cu:554] optixLaunch, [w,h,d] = 3264379,1,1
I0924 16:40:36.613976 689433 rt_engine.h:159] Parm size: 152
I0924 16:40:36.613983 689433 rt_engine.cu:554] optixLaunch, [w,h,d] = 3264379,1,1
I0924 16:40:36.619051 689433 rt_engine.h:159] Parm size: 152
I0924 16:40:36.619057 689433 rt_engine.cu:554] optixLaunch, [w,h,d] = 3264379,1,1
I0924 16:40:36.624121 689433 rt_engine.h:159] Parm size: 152
I0924 16:40:36.624127 689433 rt_engine.cu:554] optixLaunch, [w,h,d] = 3264379,1,1
I0924 16:40:36.629190 689433 rt_engine.h:159] Parm size: 152
I0924 16:40:36.629196 689433 rt_engine.cu:554] optixLaunch, [w,h,d] = 3264379,1,1
I0924 16:40:36.634266 689433 rt_engine.h:159] Parm size: 152
I0924 16:40:36.634274 689433 rt_engine.cu:554] optixLaunch, [w,h,d] = 3264379,1,1
I0924 16:40:36.639344 689433 rt_engine.h:159] Parm size: 152
I0924 16:40:36.639351 689433 rt_engine.cu:554] optixLaunch, [w,h,d] = 3264379,1,1
I0924 16:40:36.644421 689433 rt_engine.h:159] Parm size: 152
I0924 16:40:36.644428 689433 rt_engine.cu:554] optixLaunch, [w,h,d] = 3264379,1,1
I0924 16:40:36.649494 689433 rt_engine.h:159] Parm size: 152
I0924 16:40:36.649500 689433 rt_engine.cu:554] optixLaunch, [w,h,d] = 3264379,1,1
I0924 16:40:36.654928 689433 uniform_grid.h:267] Creating the uniform grid, resolution: 2048, Size: 112 MB
I0924 16:40:36.655510 689433 uniform_grid.h:323] Total Edges in the grid: 2475567, Size: 18 MB
I0924 16:40:36.656176 689433 run_query.cu:32] Checking point in polygon
I0924 16:40:36.754356 689433 run_query.cu:95] Map: 0 passed check
Timing results:
 - Read map: 119.339 ms

 - Create Context: 0.000953674 ms

 - Generate Workloads: 625.514 ms

 - Create App: 51.3241 ms

 - Init: 0.0538826 ms

 - Adaptive Grouping: 1.30916 ms

 - Build Index: 0.865936 ms

 - Warmup: 25.455 ms

 - Query: 5.0786 ms

 - Check: 107.223 ms

 - Cleanup: 5.50604 ms

