/local/storage/liang/.clion/RayJoin/cmake-build-release-dl190/bin/query_exec -poly1 /local/storage/liang/Downloads/Datasets/point_cdb/lakes/Asia/lakes_Asia_Point.cdb              -poly2 /local/storage/liang/Downloads/Datasets/point_cdb/parks/Asia/parks_Asia_Point.cdb              -serialize=/dev/shm              -mode=rt              -v=1              -query=pip              -seed=1              -xsect_factor 0.1              -sample_map_id=1              -sample=points              -sample_rate=0.7              -warmup=5              -repeat=5              -enlarge=1              -check=false
I0924 17:08:42.694554 703608 planar_graph.h:216] Map /dev/shm/-local-storage-liang-Downloads-Datasets-point_cdb-lakes-Asia-lakes_Asia_Point.cdb.bin is deserialized, chains: 194573 points: 10541220 edges: 10346647
I0924 17:08:42.960587 703608 planar_graph.h:216] Map /dev/shm/-local-storage-liang-Downloads-Datasets-point_cdb-parks-Asia-parks_Asia_Point.cdb.bin is deserialized, chains: 277198 points: 12209639 edges: 11932441
I0924 17:08:42.960614 703608 context.h:51] Bounding Box, Bottom-left: (-179.972, -10.8197), Top-right: (179.984, 81.2255)
I0924 17:08:42.960633 703608 context.h:58] Scaled Bounding Box, Bottom-left: (-69979919611218, -68872256062147), Top-right: (69979919611217, 68872256062146)
I0924 17:08:42.960633 703608 context.h:61] Unscaled Bounding Box, Bottom-left: (-179.972, -10.8197), Top-right: (179.984, 81.2255)
I0924 17:08:44.942690 703608 run_query.cu:394] Sampling points, sample rate: 0.7, seed: 1 Points: 8546747
I0924 17:08:45.040048 703608 rt_engine.cu:282] Info: Pipeline statistics
	module(s)                            :     1
	entry function(s)                    :     2
	trace call(s)                        :     1
	continuation callable call(s)        :     0
	direct callable call(s)              :     0
	basic block(s) in entry functions    :    67
	instruction(s) in entry functions    :  1011
	non-entry function(s)                :     1
	basic block(s) in non-entry functions:     1
	instruction(s) in non-entry functions:     1
	debug information                    :    no
I0924 17:08:45.044984 703608 rt_engine.cu:282] Info: Pipeline statistics
	module(s)                            :     1
	entry function(s)                    :     2
	trace call(s)                        :     1
	continuation callable call(s)        :     0
	direct callable call(s)              :     0
	basic block(s) in entry functions    :    43
	instruction(s) in entry functions    :   831
	non-entry function(s)                :     1
	basic block(s) in non-entry functions:     1
	instruction(s) in non-entry functions:     1
	debug information                    :    no
I0924 17:08:45.047255 703608 primitive.h:252] Enlarge limit: 1 ne: 10346647 aabbs: 10344032 Compress ratio: 0.000252739 Time: 2.012 ms
I0924 17:08:45.047297 703608 rt_engine.cu:397] Building AS, num prims: 10344032, Required Temp Size: 787764480 Output Size: 387016576
I0924 17:08:45.073637 703608 rt_engine.h:159] Parm size: 152
I0924 17:08:45.073653 703608 rt_engine.cu:554] optixLaunch, [w,h,d] = 8546747,1,1
I0924 17:08:45.085870 703608 rt_engine.h:159] Parm size: 152
I0924 17:08:45.085878 703608 rt_engine.cu:554] optixLaunch, [w,h,d] = 8546747,1,1
I0924 17:08:45.097748 703608 rt_engine.h:159] Parm size: 152
I0924 17:08:45.097756 703608 rt_engine.cu:554] optixLaunch, [w,h,d] = 8546747,1,1
I0924 17:08:45.109632 703608 rt_engine.h:159] Parm size: 152
I0924 17:08:45.109638 703608 rt_engine.cu:554] optixLaunch, [w,h,d] = 8546747,1,1
I0924 17:08:45.121516 703608 rt_engine.h:159] Parm size: 152
I0924 17:08:45.121523 703608 rt_engine.cu:554] optixLaunch, [w,h,d] = 8546747,1,1
I0924 17:08:45.133395 703608 rt_engine.h:159] Parm size: 152
I0924 17:08:45.133402 703608 rt_engine.cu:554] optixLaunch, [w,h,d] = 8546747,1,1
I0924 17:08:45.145267 703608 rt_engine.h:159] Parm size: 152
I0924 17:08:45.145273 703608 rt_engine.cu:554] optixLaunch, [w,h,d] = 8546747,1,1
I0924 17:08:45.157153 703608 rt_engine.h:159] Parm size: 152
I0924 17:08:45.157160 703608 rt_engine.cu:554] optixLaunch, [w,h,d] = 8546747,1,1
I0924 17:08:45.169040 703608 rt_engine.h:159] Parm size: 152
I0924 17:08:45.169047 703608 rt_engine.cu:554] optixLaunch, [w,h,d] = 8546747,1,1
I0924 17:08:45.180923 703608 rt_engine.h:159] Parm size: 152
I0924 17:08:45.180930 703608 rt_engine.cu:554] optixLaunch, [w,h,d] = 8546747,1,1
Timing results:
 - Read map: 268.187 ms

 - Create Context: 0.00119209 ms

 - Generate Workloads: 2268.88 ms

 - Create App: 81.5508 ms

 - Init: 0.056982 ms

 - Adaptive Grouping: 2.03109 ms

 - Build Index: 26.2439 ms

 - Warmup: 59.835 ms

 - Query: 11.8826 ms

 - Cleanup: 7.55787 ms

