/local/storage/liang/.clion/RayJoin/cmake-build-release-dl190/bin/query_exec -poly1 /local/storage/liang/Downloads/Datasets/point_cdb/lakes/Africa/lakes_Africa_Point.cdb              -poly2 /local/storage/liang/Downloads/Datasets/point_cdb/parks/Africa/parks_Africa_Point.cdb              -serialize=/dev/shm              -mode=rt              -v=1              -query=pip              -seed=1              -xsect_factor 0.1              -sample_map_id=1              -sample=points              -sample_rate=0.3              -warmup=5              -repeat=5              -enlarge=1              -check=false
I0924 17:05:55.798049 702180 planar_graph.h:216] Map /dev/shm/-local-storage-liang-Downloads-Datasets-point_cdb-lakes-Africa-lakes_Africa_Point.cdb.bin is deserialized, chains: 27178 points: 1872496 edges: 1845318
I0924 17:05:55.829541 702180 planar_graph.h:216] Map /dev/shm/-local-storage-liang-Downloads-Datasets-point_cdb-parks-Africa-parks_Africa_Point.cdb.bin is deserialized, chains: 41991 points: 1358103 edges: 1316112
I0924 17:05:55.829574 702180 context.h:51] Bounding Box, Bottom-left: (-25.2135, -34.7852), Top-right: (63.4371, 37.3456)
I0924 17:05:55.829591 702180 context.h:58] Scaled Bounding Box, Bottom-left: (-68816217462298, -68470241806767), Top-right: (68816217462297, 68470241806766)
I0924 17:05:55.829592 702180 context.h:61] Unscaled Bounding Box, Bottom-left: (-25.2135, -34.7852), Top-right: (63.4371, 37.3456)
I0924 17:05:56.102274 702180 run_query.cu:394] Sampling points, sample rate: 0.3, seed: 1 Points: 407430
I0924 17:05:56.178436 702180 rt_engine.cu:282] Info: Pipeline statistics
	module(s)                            :     1
	entry function(s)                    :     2
	trace call(s)                        :     1
	continuation callable call(s)        :     0
	direct callable call(s)              :     0
	basic block(s) in entry functions    :    67
	instruction(s) in entry functions    :  1011
	non-entry function(s)                :     1
	basic block(s) in non-entry functions:     1
	instruction(s) in non-entry functions:     1
	debug information                    :    no
I0924 17:05:56.183477 702180 rt_engine.cu:282] Info: Pipeline statistics
	module(s)                            :     1
	entry function(s)                    :     2
	trace call(s)                        :     1
	continuation callable call(s)        :     0
	direct callable call(s)              :     0
	basic block(s) in entry functions    :    43
	instruction(s) in entry functions    :   831
	non-entry function(s)                :     1
	basic block(s) in non-entry functions:     1
	instruction(s) in non-entry functions:     1
	debug information                    :    no
I0924 17:05:56.184226 702180 primitive.h:252] Enlarge limit: 1 ne: 1845318 aabbs: 1844852 Compress ratio: 0.000252531 Time: 0.5 ms
I0924 17:05:56.184271 702180 rt_engine.cu:397] Building AS, num prims: 1844852, Required Temp Size: 140498944 Output Size: 69026560
I0924 17:05:56.189584 702180 rt_engine.h:159] Parm size: 152
I0924 17:05:56.189599 702180 rt_engine.cu:554] optixLaunch, [w,h,d] = 407430,1,1
I0924 17:05:56.189934 702180 rt_engine.h:159] Parm size: 152
I0924 17:05:56.189941 702180 rt_engine.cu:554] optixLaunch, [w,h,d] = 407430,1,1
I0924 17:05:56.190264 702180 rt_engine.h:159] Parm size: 152
I0924 17:05:56.190274 702180 rt_engine.cu:554] optixLaunch, [w,h,d] = 407430,1,1
I0924 17:05:56.190593 702180 rt_engine.h:159] Parm size: 152
I0924 17:05:56.190599 702180 rt_engine.cu:554] optixLaunch, [w,h,d] = 407430,1,1
I0924 17:05:56.190912 702180 rt_engine.h:159] Parm size: 152
I0924 17:05:56.190918 702180 rt_engine.cu:554] optixLaunch, [w,h,d] = 407430,1,1
I0924 17:05:56.191231 702180 rt_engine.h:159] Parm size: 152
I0924 17:05:56.191236 702180 rt_engine.cu:554] optixLaunch, [w,h,d] = 407430,1,1
I0924 17:05:56.191547 702180 rt_engine.h:159] Parm size: 152
I0924 17:05:56.191555 702180 rt_engine.cu:554] optixLaunch, [w,h,d] = 407430,1,1
I0924 17:05:56.191866 702180 rt_engine.h:159] Parm size: 152
I0924 17:05:56.191874 702180 rt_engine.cu:554] optixLaunch, [w,h,d] = 407430,1,1
I0924 17:05:56.192186 702180 rt_engine.h:159] Parm size: 152
I0924 17:05:56.192193 702180 rt_engine.cu:554] optixLaunch, [w,h,d] = 407430,1,1
I0924 17:05:56.192505 702180 rt_engine.h:159] Parm size: 152
I0924 17:05:56.192512 702180 rt_engine.cu:554] optixLaunch, [w,h,d] = 407430,1,1
Timing results:
 - Read map: 122.11 ms

 - Create Context: 0.000953674 ms

 - Generate Workloads: 306.089 ms

 - Create App: 79.3681 ms

 - Init: 0.00405312 ms

 - Adaptive Grouping: 0.522852 ms

 - Build Index: 5.29718 ms

 - Warmup: 1.6799 ms

 - Query: 0.319004 ms

 - Cleanup: 5.15509 ms

