/local/storage/liang/.clion/RayJoin/cmake-build-release-dl190/bin/query_exec -poly1 /local/storage/liang/Downloads/Datasets/point_cdb/lakes/Africa/lakes_Africa_Point.cdb              -poly2 /local/storage/liang/Downloads/Datasets/point_cdb/parks/Africa/parks_Africa_Point.cdb              -serialize=/dev/shm              -mode=rt              -v=1              -query=pip              -seed=1              -xsect_factor 0.1              -sample_map_id=1              -sample=map              -sample_rate=0.6              -warmup=5              -repeat=5              -enlarge=5
I0924 16:39:12.601595 688719 planar_graph.h:216] Map /dev/shm/-local-storage-liang-Downloads-Datasets-point_cdb-lakes-Africa-lakes_Africa_Point.cdb.bin is deserialized, chains: 27178 points: 1872496 edges: 1845318
I0924 16:39:12.632912 688719 planar_graph.h:216] Map /dev/shm/-local-storage-liang-Downloads-Datasets-point_cdb-parks-Africa-parks_Africa_Point.cdb.bin is deserialized, chains: 41991 points: 1358103 edges: 1316112
I0924 16:39:12.632946 688719 context.h:51] Bounding Box, Bottom-left: (-25.2135, -34.7852), Top-right: (63.4371, 37.3456)
I0924 16:39:12.632961 688719 context.h:58] Scaled Bounding Box, Bottom-left: (-68816217462298, -68470241806767), Top-right: (68816217462297, 68470241806766)
I0924 16:39:12.632962 688719 context.h:61] Unscaled Bounding Box, Bottom-left: (-25.2135, -34.7852), Top-right: (63.4371, 37.3456)
I0924 16:39:12.890005 688719 run_query.cu:348] Sampling map, sample rate: 0.6, seed: 1
I0924 16:39:12.918669 688719 planar_graph.h:310] Map is sampled, chains: 41991 points: 823803 edges: 781812
I0924 16:39:12.991986 688719 rt_engine.cu:282] Info: Pipeline statistics
	module(s)                            :     1
	entry function(s)                    :     2
	trace call(s)                        :     1
	continuation callable call(s)        :     0
	direct callable call(s)              :     0
	basic block(s) in entry functions    :    67
	instruction(s) in entry functions    :  1011
	non-entry function(s)                :     1
	basic block(s) in non-entry functions:     1
	instruction(s) in non-entry functions:     1
	debug information                    :    no
I0924 16:39:12.996811 688719 rt_engine.cu:282] Info: Pipeline statistics
	module(s)                            :     1
	entry function(s)                    :     2
	trace call(s)                        :     1
	continuation callable call(s)        :     0
	direct callable call(s)              :     0
	basic block(s) in entry functions    :    43
	instruction(s) in entry functions    :   831
	non-entry function(s)                :     1
	basic block(s) in non-entry functions:     1
	instruction(s) in non-entry functions:     1
	debug information                    :    no
I0924 16:39:12.998119 688719 primitive.h:252] Enlarge limit: 5 ne: 1845318 aabbs: 118595 Compress ratio: 0.935732 Time: 1.04 ms
I0924 16:39:12.998160 688719 rt_engine.cu:397] Building AS, num prims: 118595, Required Temp Size: 9033728 Output Size: 4440064
I0924 16:39:12.998967 688719 rt_engine.h:159] Parm size: 152
I0924 16:39:12.998983 688719 rt_engine.cu:554] optixLaunch, [w,h,d] = 1358103,1,1
I0924 16:39:13.000682 688719 rt_engine.h:159] Parm size: 152
I0924 16:39:13.000689 688719 rt_engine.cu:554] optixLaunch, [w,h,d] = 1358103,1,1
I0924 16:39:13.002377 688719 rt_engine.h:159] Parm size: 152
I0924 16:39:13.002383 688719 rt_engine.cu:554] optixLaunch, [w,h,d] = 1358103,1,1
I0924 16:39:13.004081 688719 rt_engine.h:159] Parm size: 152
I0924 16:39:13.004087 688719 rt_engine.cu:554] optixLaunch, [w,h,d] = 1358103,1,1
I0924 16:39:13.005771 688719 rt_engine.h:159] Parm size: 152
I0924 16:39:13.005779 688719 rt_engine.cu:554] optixLaunch, [w,h,d] = 1358103,1,1
I0924 16:39:13.007467 688719 rt_engine.h:159] Parm size: 152
I0924 16:39:13.007473 688719 rt_engine.cu:554] optixLaunch, [w,h,d] = 1358103,1,1
I0924 16:39:13.009160 688719 rt_engine.h:159] Parm size: 152
I0924 16:39:13.009166 688719 rt_engine.cu:554] optixLaunch, [w,h,d] = 1358103,1,1
I0924 16:39:13.010851 688719 rt_engine.h:159] Parm size: 152
I0924 16:39:13.010859 688719 rt_engine.cu:554] optixLaunch, [w,h,d] = 1358103,1,1
I0924 16:39:13.012542 688719 rt_engine.h:159] Parm size: 152
I0924 16:39:13.012549 688719 rt_engine.cu:554] optixLaunch, [w,h,d] = 1358103,1,1
I0924 16:39:13.014235 688719 rt_engine.h:159] Parm size: 152
I0924 16:39:13.014240 688719 rt_engine.cu:554] optixLaunch, [w,h,d] = 1358103,1,1
I0924 16:39:13.016249 688719 uniform_grid.h:267] Creating the uniform grid, resolution: 2048, Size: 112 MB
I0924 16:39:13.016790 688719 uniform_grid.h:323] Total Edges in the grid: 1899687, Size: 14 MB
I0924 16:39:13.017191 688719 run_query.cu:32] Checking point in polygon
I0924 16:39:13.062088 688719 run_query.cu:95] Map: 0 passed check
Timing results:
 - Read map: 125.191 ms

 - Create Context: 0.00190735 ms

 - Generate Workloads: 320.233 ms

 - Create App: 74.9829 ms

 - Init: 0.0371933 ms

 - Adaptive Grouping: 1.06096 ms

 - Build Index: 0.781059 ms

 - Warmup: 8.53586 ms

 - Query: 1.69201 ms

 - Check: 50.4699 ms

 - Cleanup: 5.29003 ms

