/local/storage/liang/.clion/RayJoin/cmake-build-release-dl190/bin/query_exec -poly1 /local/storage/liang/Downloads/Datasets/point_cdb/lakes/Europe/lakes_Europe_Point.cdb              -poly2 /local/storage/liang/Downloads/Datasets/point_cdb/parks/Europe/parks_Europe_Point.cdb              -serialize=/dev/shm              -mode=rt              -v=1              -query=pip              -seed=1              -xsect_factor 0.1              -sample_map_id=1              -sample=map              -sample_rate=0.3              -warmup=5              -repeat=5              -enlarge=5
I0924 16:36:54.993731 687595 planar_graph.h:216] Map /dev/shm/-local-storage-liang-Downloads-Datasets-point_cdb-lakes-Europe-lakes_Europe_Point.cdb.bin is deserialized, chains: 831264 points: 28687526 edges: 27856262
I0924 16:36:56.600652 687595 planar_graph.h:216] Map /dev/shm/-local-storage-liang-Downloads-Datasets-point_cdb-parks-Europe-parks_Europe_Point.cdb.bin is deserialized, chains: 3299874 points: 69273661 edges: 65973787
I0924 16:36:56.600690 687595 context.h:51] Bounding Box, Bottom-left: (-31.2515, 35.0264), Top-right: (68.8331, 81.3082)
I0924 16:36:56.600708 687595 context.h:58] Scaled Bounding Box, Bottom-left: (-68990108085658, -67453827351386), Top-right: (68990108085657, 67453827351385)
I0924 16:36:56.600710 687595 context.h:61] Unscaled Bounding Box, Bottom-left: (-31.2515, 35.0264), Top-right: (68.8331, 81.3082)
I0924 16:37:04.260974 687595 run_query.cu:348] Sampling map, sample rate: 0.3, seed: 1
I0924 16:37:05.187316 687595 planar_graph.h:310] Map is sampled, chains: 3299874 points: 23696816 edges: 20396942
I0924 16:37:05.366969 687595 rt_engine.cu:282] Info: Pipeline statistics
	module(s)                            :     1
	entry function(s)                    :     2
	trace call(s)                        :     1
	continuation callable call(s)        :     0
	direct callable call(s)              :     0
	basic block(s) in entry functions    :    67
	instruction(s) in entry functions    :  1011
	non-entry function(s)                :     1
	basic block(s) in non-entry functions:     1
	instruction(s) in non-entry functions:     1
	debug information                    :    no
I0924 16:37:05.371960 687595 rt_engine.cu:282] Info: Pipeline statistics
	module(s)                            :     1
	entry function(s)                    :     2
	trace call(s)                        :     1
	continuation callable call(s)        :     0
	direct callable call(s)              :     0
	basic block(s) in entry functions    :    43
	instruction(s) in entry functions    :   831
	non-entry function(s)                :     1
	basic block(s) in non-entry functions:     1
	instruction(s) in non-entry functions:     1
	debug information                    :    no
I0924 16:37:05.387502 687595 primitive.h:252] Enlarge limit: 5 ne: 27856262 aabbs: 2149052 Compress ratio: 0.922852 Time: 14.728 ms
I0924 16:37:05.387547 687595 rt_engine.cu:397] Building AS, num prims: 2149052, Required Temp Size: 163665536 Output Size: 80407936
I0924 16:37:05.394798 687595 rt_engine.h:159] Parm size: 152
I0924 16:37:05.394816 687595 rt_engine.cu:554] optixLaunch, [w,h,d] = 69273661,1,1
I0924 16:37:05.564956 687595 rt_engine.h:159] Parm size: 152
I0924 16:37:05.564963 687595 rt_engine.cu:554] optixLaunch, [w,h,d] = 69273661,1,1
I0924 16:37:05.720266 687595 rt_engine.h:159] Parm size: 152
I0924 16:37:05.720273 687595 rt_engine.cu:554] optixLaunch, [w,h,d] = 69273661,1,1
I0924 16:37:05.875576 687595 rt_engine.h:159] Parm size: 152
I0924 16:37:05.875583 687595 rt_engine.cu:554] optixLaunch, [w,h,d] = 69273661,1,1
I0924 16:37:06.030874 687595 rt_engine.h:159] Parm size: 152
I0924 16:37:06.030881 687595 rt_engine.cu:554] optixLaunch, [w,h,d] = 69273661,1,1
I0924 16:37:06.186185 687595 rt_engine.h:159] Parm size: 152
I0924 16:37:06.186192 687595 rt_engine.cu:554] optixLaunch, [w,h,d] = 69273661,1,1
I0924 16:37:06.341485 687595 rt_engine.h:159] Parm size: 152
I0924 16:37:06.341491 687595 rt_engine.cu:554] optixLaunch, [w,h,d] = 69273661,1,1
I0924 16:37:06.497928 687595 rt_engine.h:159] Parm size: 152
I0924 16:37:06.497936 687595 rt_engine.cu:554] optixLaunch, [w,h,d] = 69273661,1,1
I0924 16:37:06.654363 687595 rt_engine.h:159] Parm size: 152
I0924 16:37:06.654371 687595 rt_engine.cu:554] optixLaunch, [w,h,d] = 69273661,1,1
I0924 16:37:06.810798 687595 rt_engine.h:159] Parm size: 152
I0924 16:37:06.810806 687595 rt_engine.cu:554] optixLaunch, [w,h,d] = 69273661,1,1
I0924 16:37:06.967413 687595 uniform_grid.h:267] Creating the uniform grid, resolution: 2048, Size: 112 MB
I0924 16:37:06.970438 687595 uniform_grid.h:323] Total Edges in the grid: 28278230, Size: 215 MB
I0924 16:37:06.975641 687595 run_query.cu:32] Checking point in polygon
I0924 16:37:09.140115 687595 run_query.cu:95] Map: 0 passed check
Timing results:
 - Read map: 714.67 ms

 - Create Context: 0.000953674 ms

 - Generate Workloads: 10294.9 ms

 - Create App: 83.822 ms

 - Init: 0.126123 ms

 - Adaptive Grouping: 14.751 ms

 - Build Index: 6.58298 ms

 - Warmup: 791.763 ms

 - Query: 156.217 ms

 - Check: 2266.57 ms

 - Cleanup: 11.678 ms

