/local/storage/liang/.clion/RayJoin/cmake-build-release-dl190/bin/query_exec -poly1 /local/storage/liang/Downloads/Datasets/point_cdb/lakes/North_America/lakes_North_America_Point.cdb              -poly2 /local/storage/liang/Downloads/Datasets/point_cdb/parks/North_America/parks_North_America_Point.cdb              -serialize=/dev/shm              -mode=rt              -v=1              -query=pip              -seed=1              -xsect_factor 0.1              -sample_map_id=1              -sample=map              -sample_rate=0.9              -warmup=5              -repeat=5              -enlarge=5
I0924 16:42:02.785626 690145 planar_graph.h:216] Map /dev/shm/-local-storage-liang-Downloads-Datasets-point_cdb-lakes-North_America-lakes_North_America_Point.cdb.bin is deserialized, chains: 1910184 points: 69273661 edges: 67363477
I0924 16:42:03.380102 690145 planar_graph.h:216] Map /dev/shm/-local-storage-liang-Downloads-Datasets-point_cdb-parks-North_America-parks_North_America_Point.cdb.bin is deserialized, chains: 603325 points: 27465008 edges: 26861683
I0924 16:42:03.380153 690145 context.h:51] Bounding Box, Bottom-left: (-178.058, 7.22476), Top-right: (-45.5202, 71.2885)
I0924 16:42:03.380168 690145 context.h:58] Scaled Bounding Box, Bottom-left: (-69322661498935, -68238415890814), Top-right: (69322661498934, 68238415890813)
I0924 16:42:03.380170 690145 context.h:61] Unscaled Bounding Box, Bottom-left: (-178.058, 7.22476), Top-right: (-45.5202, 71.2885)
I0924 16:42:11.014086 690145 run_query.cu:348] Sampling map, sample rate: 0.9, seed: 1
I0924 16:42:11.887288 690145 planar_graph.h:310] Map is sampled, chains: 603325 points: 24583736 edges: 23980411
I0924 16:42:12.021165 690145 rt_engine.cu:282] Info: Pipeline statistics
	module(s)                            :     1
	entry function(s)                    :     2
	trace call(s)                        :     1
	continuation callable call(s)        :     0
	direct callable call(s)              :     0
	basic block(s) in entry functions    :    67
	instruction(s) in entry functions    :  1011
	non-entry function(s)                :     1
	basic block(s) in non-entry functions:     1
	instruction(s) in non-entry functions:     1
	debug information                    :    no
I0924 16:42:12.026192 690145 rt_engine.cu:282] Info: Pipeline statistics
	module(s)                            :     1
	entry function(s)                    :     2
	trace call(s)                        :     1
	continuation callable call(s)        :     0
	direct callable call(s)              :     0
	basic block(s) in entry functions    :    43
	instruction(s) in entry functions    :   831
	non-entry function(s)                :     1
	basic block(s) in non-entry functions:     1
	instruction(s) in non-entry functions:     1
	debug information                    :    no
I0924 16:42:12.059535 690145 primitive.h:252] Enlarge limit: 5 ne: 67363477 aabbs: 4933878 Compress ratio: 0.926757 Time: 32.56 ms
I0924 16:42:12.059604 690145 rt_engine.cu:397] Building AS, num prims: 4933878, Required Temp Size: 375747712 Output Size: 184600064
I0924 16:42:12.073195 690145 rt_engine.h:159] Parm size: 152
I0924 16:42:12.073236 690145 rt_engine.cu:554] optixLaunch, [w,h,d] = 27465008,1,1
I0924 16:42:12.144289 690145 rt_engine.h:159] Parm size: 152
I0924 16:42:12.144296 690145 rt_engine.cu:554] optixLaunch, [w,h,d] = 27465008,1,1
I0924 16:42:12.214856 690145 rt_engine.h:159] Parm size: 152
I0924 16:42:12.214862 690145 rt_engine.cu:554] optixLaunch, [w,h,d] = 27465008,1,1
I0924 16:42:12.284164 690145 rt_engine.h:159] Parm size: 152
I0924 16:42:12.284171 690145 rt_engine.cu:554] optixLaunch, [w,h,d] = 27465008,1,1
I0924 16:42:12.352731 690145 rt_engine.h:159] Parm size: 152
I0924 16:42:12.352738 690145 rt_engine.cu:554] optixLaunch, [w,h,d] = 27465008,1,1
I0924 16:42:12.421253 690145 rt_engine.h:159] Parm size: 152
I0924 16:42:12.421260 690145 rt_engine.cu:554] optixLaunch, [w,h,d] = 27465008,1,1
I0924 16:42:12.489768 690145 rt_engine.h:159] Parm size: 152
I0924 16:42:12.489773 690145 rt_engine.cu:554] optixLaunch, [w,h,d] = 27465008,1,1
I0924 16:42:12.558275 690145 rt_engine.h:159] Parm size: 152
I0924 16:42:12.558281 690145 rt_engine.cu:554] optixLaunch, [w,h,d] = 27465008,1,1
I0924 16:42:12.626813 690145 rt_engine.h:159] Parm size: 152
I0924 16:42:12.626819 690145 rt_engine.cu:554] optixLaunch, [w,h,d] = 27465008,1,1
I0924 16:42:12.695351 690145 rt_engine.h:159] Parm size: 152
I0924 16:42:12.695358 690145 rt_engine.cu:554] optixLaunch, [w,h,d] = 27465008,1,1
I0924 16:42:12.764547 690145 uniform_grid.h:267] Creating the uniform grid, resolution: 2048, Size: 112 MB
I0924 16:42:12.771219 690145 uniform_grid.h:323] Total Edges in the grid: 67924324, Size: 518 MB
I0924 16:42:12.784868 690145 run_query.cu:32] Checking point in polygon
I0924 16:42:13.975371 690145 run_query.cu:95] Map: 0 passed check
Timing results:
 - Read map: 1590.73 ms

 - Create Context: 0.00214577 ms

 - Generate Workloads: 9160.77 ms

 - Create App: 80.2979 ms

 - Init: 0.084877 ms

 - Adaptive Grouping: 32.583 ms

 - Build Index: 13.339 ms

 - Warmup: 348.231 ms

 - Query: 68.5242 ms

 - Check: 1254.5 ms

 - Cleanup: 12.7871 ms

