/local/storage/liang/.clion/RayJoin/cmake-build-release-dl190/bin/query_exec -poly1 /local/storage/liang/Downloads/Datasets/point_cdb/lakes/Europe/lakes_Europe_Point.cdb              -poly2 /local/storage/liang/Downloads/Datasets/point_cdb/parks/Europe/parks_Europe_Point.cdb              -serialize=/dev/shm              -mode=rt              -v=1              -query=pip              -seed=1              -xsect_factor 0.1              -sample_map_id=1              -sample=map              -sample_rate=0.6              -warmup=5              -repeat=5              -enlarge=5
I0924 16:39:17.957235 688804 planar_graph.h:216] Map /dev/shm/-local-storage-liang-Downloads-Datasets-point_cdb-lakes-Europe-lakes_Europe_Point.cdb.bin is deserialized, chains: 831264 points: 28687526 edges: 27856262
I0924 16:39:19.560693 688804 planar_graph.h:216] Map /dev/shm/-local-storage-liang-Downloads-Datasets-point_cdb-parks-Europe-parks_Europe_Point.cdb.bin is deserialized, chains: 3299874 points: 69273661 edges: 65973787
I0924 16:39:19.560729 688804 context.h:51] Bounding Box, Bottom-left: (-31.2515, 35.0264), Top-right: (68.8331, 81.3082)
I0924 16:39:19.560747 688804 context.h:58] Scaled Bounding Box, Bottom-left: (-68990108085658, -67453827351386), Top-right: (68990108085657, 67453827351385)
I0924 16:39:19.560750 688804 context.h:61] Unscaled Bounding Box, Bottom-left: (-31.2515, 35.0264), Top-right: (68.8331, 81.3082)
I0924 16:39:27.249282 688804 run_query.cu:348] Sampling map, sample rate: 0.6, seed: 1
I0924 16:39:28.717867 688804 planar_graph.h:310] Map is sampled, chains: 3299874 points: 42489617 edges: 39189743
I0924 16:39:28.932132 688804 rt_engine.cu:282] Info: Pipeline statistics
	module(s)                            :     1
	entry function(s)                    :     2
	trace call(s)                        :     1
	continuation callable call(s)        :     0
	direct callable call(s)              :     0
	basic block(s) in entry functions    :    67
	instruction(s) in entry functions    :  1011
	non-entry function(s)                :     1
	basic block(s) in non-entry functions:     1
	instruction(s) in non-entry functions:     1
	debug information                    :    no
I0924 16:39:28.937155 688804 rt_engine.cu:282] Info: Pipeline statistics
	module(s)                            :     1
	entry function(s)                    :     2
	trace call(s)                        :     1
	continuation callable call(s)        :     0
	direct callable call(s)              :     0
	basic block(s) in entry functions    :    43
	instruction(s) in entry functions    :   831
	non-entry function(s)                :     1
	basic block(s) in non-entry functions:     1
	instruction(s) in non-entry functions:     1
	debug information                    :    no
I0924 16:39:28.952708 688804 primitive.h:252] Enlarge limit: 5 ne: 27856262 aabbs: 2149052 Compress ratio: 0.922852 Time: 14.745 ms
I0924 16:39:28.952755 688804 rt_engine.cu:397] Building AS, num prims: 2149052, Required Temp Size: 163665536 Output Size: 80407936
I0924 16:39:28.959975 688804 rt_engine.h:159] Parm size: 152
I0924 16:39:28.959993 688804 rt_engine.cu:554] optixLaunch, [w,h,d] = 69273661,1,1
I0924 16:39:29.128914 688804 rt_engine.h:159] Parm size: 152
I0924 16:39:29.128929 688804 rt_engine.cu:554] optixLaunch, [w,h,d] = 69273661,1,1
I0924 16:39:29.284354 688804 rt_engine.h:159] Parm size: 152
I0924 16:39:29.284361 688804 rt_engine.cu:554] optixLaunch, [w,h,d] = 69273661,1,1
I0924 16:39:29.439801 688804 rt_engine.h:159] Parm size: 152
I0924 16:39:29.439808 688804 rt_engine.cu:554] optixLaunch, [w,h,d] = 69273661,1,1
I0924 16:39:29.595237 688804 rt_engine.h:159] Parm size: 152
I0924 16:39:29.595243 688804 rt_engine.cu:554] optixLaunch, [w,h,d] = 69273661,1,1
I0924 16:39:29.750684 688804 rt_engine.h:159] Parm size: 152
I0924 16:39:29.750691 688804 rt_engine.cu:554] optixLaunch, [w,h,d] = 69273661,1,1
I0924 16:39:29.906116 688804 rt_engine.h:159] Parm size: 152
I0924 16:39:29.906123 688804 rt_engine.cu:554] optixLaunch, [w,h,d] = 69273661,1,1
I0924 16:39:30.061555 688804 rt_engine.h:159] Parm size: 152
I0924 16:39:30.061561 688804 rt_engine.cu:554] optixLaunch, [w,h,d] = 69273661,1,1
I0924 16:39:30.217005 688804 rt_engine.h:159] Parm size: 152
I0924 16:39:30.217011 688804 rt_engine.cu:554] optixLaunch, [w,h,d] = 69273661,1,1
I0924 16:39:30.372437 688804 rt_engine.h:159] Parm size: 152
I0924 16:39:30.372443 688804 rt_engine.cu:554] optixLaunch, [w,h,d] = 69273661,1,1
I0924 16:39:30.528077 688804 uniform_grid.h:267] Creating the uniform grid, resolution: 2048, Size: 112 MB
I0924 16:39:30.531075 688804 uniform_grid.h:323] Total Edges in the grid: 28278230, Size: 215 MB
I0924 16:39:30.536408 688804 run_query.cu:32] Checking point in polygon
I0924 16:39:32.713483 688804 run_query.cu:95] Map: 0 passed check
Timing results:
 - Read map: 701.161 ms

 - Create Context: 0.00500679 ms

 - Generate Workloads: 10889.2 ms

 - Create App: 91.171 ms

 - Init: 0.129938 ms

 - Adaptive Grouping: 14.7681 ms

 - Build Index: 6.55103 ms

 - Warmup: 791.089 ms

 - Query: 155.44 ms

 - Check: 2281.3 ms

 - Cleanup: 10.622 ms

