/local/storage/liang/.clion/RayJoin/cmake-build-release-dl190/bin/query_exec -poly1 /local/storage/liang/Downloads/Datasets/point_cdb/lakes/North_America/lakes_North_America_Point.cdb              -poly2 /local/storage/liang/Downloads/Datasets/point_cdb/parks/North_America/parks_North_America_Point.cdb              -serialize=/dev/shm              -mode=rt              -v=1              -query=pip              -seed=1              -xsect_factor 0.1              -sample_map_id=1              -sample=points              -sample_rate=0.8              -warmup=5              -repeat=5              -ag=0              -check=false
I1012 17:22:12.791110 2538307 planar_graph.h:216] Map /dev/shm/-local-storage-liang-Downloads-Datasets-point_cdb-lakes-North_America-lakes_North_America_Point.cdb.bin is deserialized, chains: 1910184 points: 69273661 edges: 67363477
I1012 17:22:13.394742 2538307 planar_graph.h:216] Map /dev/shm/-local-storage-liang-Downloads-Datasets-point_cdb-parks-North_America-parks_North_America_Point.cdb.bin is deserialized, chains: 603325 points: 27465008 edges: 26861683
I1012 17:22:13.394774 2538307 context.h:51] Bounding Box, Bottom-left: (-178.058, 7.22476), Top-right: (-45.5202, 71.2885)
I1012 17:22:13.394791 2538307 context.h:58] Scaled Bounding Box, Bottom-left: (-69322661498935, -68238415890814), Top-right: (69322661498934, 68238415890813)
I1012 17:22:13.394793 2538307 context.h:61] Unscaled Bounding Box, Bottom-left: (-178.058, 7.22476), Top-right: (-45.5202, 71.2885)
I1012 17:22:21.950484 2538307 run_query.cu:400] Sampling points, sample rate: 0.8, seed: 1 Points: 21972006
I1012 17:22:22.083434 2538307 rt_engine.cu:282] Info: Pipeline statistics
	module(s)                            :     1
	entry function(s)                    :     2
	trace call(s)                        :     1
	continuation callable call(s)        :     0
	direct callable call(s)              :     0
	basic block(s) in entry functions    :    67
	instruction(s) in entry functions    :  1011
	non-entry function(s)                :     1
	basic block(s) in non-entry functions:     1
	instruction(s) in non-entry functions:     1
	debug information                    :    no
I1012 17:22:22.088423 2538307 rt_engine.cu:282] Info: Pipeline statistics
	module(s)                            :     1
	entry function(s)                    :     2
	trace call(s)                        :     1
	continuation callable call(s)        :     0
	direct callable call(s)              :     0
	basic block(s) in entry functions    :    43
	instruction(s) in entry functions    :   831
	non-entry function(s)                :     1
	basic block(s) in non-entry functions:     1
	instruction(s) in non-entry functions:     1
	debug information                    :    no
I1012 17:22:22.101740 2538307 rt_engine.cu:397] Building AS, num prims: 67363477, Required Temp Size: 5130151936 Output Size: 2520354048
I1012 17:22:22.271301 2538307 rt_engine.h:159] Parm size: 152
I1012 17:22:22.271322 2538307 rt_engine.cu:554] optixLaunch, [w,h,d] = 21972006,1,1
I1012 17:22:22.323642 2538307 rt_engine.h:159] Parm size: 152
I1012 17:22:22.323650 2538307 rt_engine.cu:554] optixLaunch, [w,h,d] = 21972006,1,1
I1012 17:22:22.373919 2538307 rt_engine.h:159] Parm size: 152
I1012 17:22:22.373925 2538307 rt_engine.cu:554] optixLaunch, [w,h,d] = 21972006,1,1
I1012 17:22:22.424204 2538307 rt_engine.h:159] Parm size: 152
I1012 17:22:22.424211 2538307 rt_engine.cu:554] optixLaunch, [w,h,d] = 21972006,1,1
I1012 17:22:22.474524 2538307 rt_engine.h:159] Parm size: 152
I1012 17:22:22.474531 2538307 rt_engine.cu:554] optixLaunch, [w,h,d] = 21972006,1,1
I1012 17:22:22.524844 2538307 rt_engine.h:159] Parm size: 152
I1012 17:22:22.524852 2538307 rt_engine.cu:554] optixLaunch, [w,h,d] = 21972006,1,1
I1012 17:22:22.575160 2538307 rt_engine.h:159] Parm size: 152
I1012 17:22:22.575167 2538307 rt_engine.cu:554] optixLaunch, [w,h,d] = 21972006,1,1
I1012 17:22:22.625471 2538307 rt_engine.h:159] Parm size: 152
I1012 17:22:22.625478 2538307 rt_engine.cu:554] optixLaunch, [w,h,d] = 21972006,1,1
I1012 17:22:22.675787 2538307 rt_engine.h:159] Parm size: 152
I1012 17:22:22.675794 2538307 rt_engine.cu:554] optixLaunch, [w,h,d] = 21972006,1,1
I1012 17:22:22.726079 2538307 rt_engine.h:159] Parm size: 152
I1012 17:22:22.726086 2538307 rt_engine.cu:554] optixLaunch, [w,h,d] = 21972006,1,1
Timing results:
 - Read map: 1638.71 ms

 - Create Context: 0.00119209 ms

 - Generate Workloads: 9207.92 ms

 - Create App: 89.86 ms

 - Init: 0.957966 ms

 - Adaptive Grouping: 11.6971 ms

 - Build Index: 169.329 ms

 - Warmup: 253.698 ms

 - Query: 50.3086 ms

 - Cleanup: 16.8989 ms

