/local/storage/liang/.clion/RayJoin/cmake-build-release-dl190/bin/query_exec -poly1 /local/storage/liang/Downloads/Datasets/point_cdb/lakes/Australia/lakes_Australia_Point.cdb              -poly2 /local/storage/liang/Downloads/Datasets/point_cdb/parks/Australia/parks_Australia_Point.cdb              -serialize=/dev/shm              -mode=rt              -v=1              -query=pip              -seed=1              -xsect_factor 0.1              -sample_map_id=1              -sample=map              -sample_rate=0.4              -warmup=5              -repeat=5              -enlarge=5
I0924 16:37:41.220451 687975 planar_graph.h:216] Map /dev/shm/-local-storage-liang-Downloads-Datasets-point_cdb-lakes-Australia-lakes_Australia_Point.cdb.bin is deserialized, chains: 16702 points: 1254743 edges: 1238041
I0924 16:37:41.234478 687975 planar_graph.h:216] Map /dev/shm/-local-storage-liang-Downloads-Datasets-point_cdb-parks-Australia-parks_Australia_Point.cdb.bin is deserialized, chains: 22386 points: 589464 edges: 567078
I0924 16:37:41.234505 687975 context.h:51] Bounding Box, Bottom-left: (112.971, -54.7384), Top-right: (158.947, -10.1168)
I0924 16:37:41.234519 687975 context.h:58] Scaled Bounding Box, Bottom-left: (-67435232688127, -67350025946940), Top-right: (67435232688126, 67350025946939)
I0924 16:37:41.234520 687975 context.h:61] Unscaled Bounding Box, Bottom-left: (112.971, -54.7384), Top-right: (158.947, -10.1168)
I0924 16:37:41.386608 687975 run_query.cu:348] Sampling map, sample rate: 0.4, seed: 1
I0924 16:37:41.395713 687975 planar_graph.h:310] Map is sampled, chains: 22386 points: 250827 edges: 228441
I0924 16:37:41.445793 687975 rt_engine.cu:282] Info: Pipeline statistics
	module(s)                            :     1
	entry function(s)                    :     2
	trace call(s)                        :     1
	continuation callable call(s)        :     0
	direct callable call(s)              :     0
	basic block(s) in entry functions    :    67
	instruction(s) in entry functions    :  1011
	non-entry function(s)                :     1
	basic block(s) in non-entry functions:     1
	instruction(s) in non-entry functions:     1
	debug information                    :    no
I0924 16:37:41.450773 687975 rt_engine.cu:282] Info: Pipeline statistics
	module(s)                            :     1
	entry function(s)                    :     2
	trace call(s)                        :     1
	continuation callable call(s)        :     0
	direct callable call(s)              :     0
	basic block(s) in entry functions    :    43
	instruction(s) in entry functions    :   831
	non-entry function(s)                :     1
	basic block(s) in non-entry functions:     1
	instruction(s) in non-entry functions:     1
	debug information                    :    no
I0924 16:37:41.451792 687975 primitive.h:252] Enlarge limit: 5 ne: 1238041 aabbs: 91856 Compress ratio: 0.925805 Time: 0.786 ms
I0924 16:37:41.451848 687975 rt_engine.cu:397] Building AS, num prims: 91856, Required Temp Size: 6997248 Output Size: 3439488
I0924 16:37:41.452673 687975 rt_engine.h:159] Parm size: 152
I0924 16:37:41.452689 687975 rt_engine.cu:554] optixLaunch, [w,h,d] = 589464,1,1
I0924 16:37:41.453823 687975 rt_engine.h:159] Parm size: 152
I0924 16:37:41.453830 687975 rt_engine.cu:554] optixLaunch, [w,h,d] = 589464,1,1
I0924 16:37:41.454952 687975 rt_engine.h:159] Parm size: 152
I0924 16:37:41.454958 687975 rt_engine.cu:554] optixLaunch, [w,h,d] = 589464,1,1
I0924 16:37:41.456074 687975 rt_engine.h:159] Parm size: 152
I0924 16:37:41.456081 687975 rt_engine.cu:554] optixLaunch, [w,h,d] = 589464,1,1
I0924 16:37:41.457206 687975 rt_engine.h:159] Parm size: 152
I0924 16:37:41.457212 687975 rt_engine.cu:554] optixLaunch, [w,h,d] = 589464,1,1
I0924 16:37:41.458340 687975 rt_engine.h:159] Parm size: 152
I0924 16:37:41.458348 687975 rt_engine.cu:554] optixLaunch, [w,h,d] = 589464,1,1
I0924 16:37:41.459461 687975 rt_engine.h:159] Parm size: 152
I0924 16:37:41.459468 687975 rt_engine.cu:554] optixLaunch, [w,h,d] = 589464,1,1
I0924 16:37:41.460589 687975 rt_engine.h:159] Parm size: 152
I0924 16:37:41.460597 687975 rt_engine.cu:554] optixLaunch, [w,h,d] = 589464,1,1
I0924 16:37:41.461722 687975 rt_engine.h:159] Parm size: 152
I0924 16:37:41.461730 687975 rt_engine.cu:554] optixLaunch, [w,h,d] = 589464,1,1
I0924 16:37:41.462847 687975 rt_engine.h:159] Parm size: 152
I0924 16:37:41.462854 687975 rt_engine.cu:554] optixLaunch, [w,h,d] = 589464,1,1
I0924 16:37:41.464323 687975 uniform_grid.h:267] Creating the uniform grid, resolution: 2048, Size: 112 MB
I0924 16:37:41.464856 687975 uniform_grid.h:323] Total Edges in the grid: 1262892, Size: 9 MB
I0924 16:37:41.465224 687975 run_query.cu:32] Checking point in polygon
I0924 16:37:41.497961 687975 run_query.cu:95] Map: 0 passed check
Timing results:
 - Read map: 123.758 ms

 - Create Context: 0.00214577 ms

 - Generate Workloads: 176.543 ms

 - Create App: 53.7479 ms

 - Init: 0.0491142 ms

 - Adaptive Grouping: 0.810862 ms

 - Build Index: 0.823975 ms

 - Warmup: 5.6982 ms

 - Query: 1.12758 ms

 - Check: 37.0691 ms

 - Cleanup: 5.03588 ms

