/local/storage/liang/.clion/RayJoin/cmake-build-release-dl190/bin/query_exec -poly1 /local/storage/liang/Downloads/Datasets/point_cdb/lakes/Europe/lakes_Europe_Point.cdb              -poly2 /local/storage/liang/Downloads/Datasets/point_cdb/parks/Europe/parks_Europe_Point.cdb              -serialize=/dev/shm              -mode=rt              -v=1              -query=pip              -seed=1              -xsect_factor 0.1              -sample_map_id=1              -sample=map              -sample_rate=1.0              -warmup=5              -repeat=5              -enlarge=5
I0924 16:42:35.086465 690415 planar_graph.h:216] Map /dev/shm/-local-storage-liang-Downloads-Datasets-point_cdb-lakes-Europe-lakes_Europe_Point.cdb.bin is deserialized, chains: 831264 points: 28687526 edges: 27856262
I0924 16:42:36.694717 690415 planar_graph.h:216] Map /dev/shm/-local-storage-liang-Downloads-Datasets-point_cdb-parks-Europe-parks_Europe_Point.cdb.bin is deserialized, chains: 3299874 points: 69273661 edges: 65973787
I0924 16:42:36.694752 690415 context.h:51] Bounding Box, Bottom-left: (-31.2515, 35.0264), Top-right: (68.8331, 81.3082)
I0924 16:42:36.694770 690415 context.h:58] Scaled Bounding Box, Bottom-left: (-68990108085658, -67453827351386), Top-right: (68990108085657, 67453827351385)
I0924 16:42:36.694772 690415 context.h:61] Unscaled Bounding Box, Bottom-left: (-31.2515, 35.0264), Top-right: (68.8331, 81.3082)
I0924 16:42:44.365561 690415 run_query.cu:348] Sampling map, sample rate: 1, seed: 1
I0924 16:42:46.802448 690415 planar_graph.h:310] Map is sampled, chains: 3299874 points: 69273661 edges: 65973787
I0924 16:42:47.065064 690415 rt_engine.cu:282] Info: Pipeline statistics
	module(s)                            :     1
	entry function(s)                    :     2
	trace call(s)                        :     1
	continuation callable call(s)        :     0
	direct callable call(s)              :     0
	basic block(s) in entry functions    :    67
	instruction(s) in entry functions    :  1011
	non-entry function(s)                :     1
	basic block(s) in non-entry functions:     1
	instruction(s) in non-entry functions:     1
	debug information                    :    no
I0924 16:42:47.070077 690415 rt_engine.cu:282] Info: Pipeline statistics
	module(s)                            :     1
	entry function(s)                    :     2
	trace call(s)                        :     1
	continuation callable call(s)        :     0
	direct callable call(s)              :     0
	basic block(s) in entry functions    :    43
	instruction(s) in entry functions    :   831
	non-entry function(s)                :     1
	basic block(s) in non-entry functions:     1
	instruction(s) in non-entry functions:     1
	debug information                    :    no
I0924 16:42:47.085688 690415 primitive.h:252] Enlarge limit: 5 ne: 27856262 aabbs: 2149052 Compress ratio: 0.922852 Time: 14.744 ms
I0924 16:42:47.085736 690415 rt_engine.cu:397] Building AS, num prims: 2149052, Required Temp Size: 163665536 Output Size: 80407936
I0924 16:42:47.093019 690415 rt_engine.h:159] Parm size: 152
I0924 16:42:47.093035 690415 rt_engine.cu:554] optixLaunch, [w,h,d] = 69273661,1,1
I0924 16:42:47.262626 690415 rt_engine.h:159] Parm size: 152
I0924 16:42:47.262634 690415 rt_engine.cu:554] optixLaunch, [w,h,d] = 69273661,1,1
I0924 16:42:47.418077 690415 rt_engine.h:159] Parm size: 152
I0924 16:42:47.418084 690415 rt_engine.cu:554] optixLaunch, [w,h,d] = 69273661,1,1
I0924 16:42:47.573521 690415 rt_engine.h:159] Parm size: 152
I0924 16:42:47.573529 690415 rt_engine.cu:554] optixLaunch, [w,h,d] = 69273661,1,1
I0924 16:42:47.728981 690415 rt_engine.h:159] Parm size: 152
I0924 16:42:47.728988 690415 rt_engine.cu:554] optixLaunch, [w,h,d] = 69273661,1,1
I0924 16:42:47.884403 690415 rt_engine.h:159] Parm size: 152
I0924 16:42:47.884409 690415 rt_engine.cu:554] optixLaunch, [w,h,d] = 69273661,1,1
I0924 16:42:48.039840 690415 rt_engine.h:159] Parm size: 152
I0924 16:42:48.039847 690415 rt_engine.cu:554] optixLaunch, [w,h,d] = 69273661,1,1
I0924 16:42:48.195293 690415 rt_engine.h:159] Parm size: 152
I0924 16:42:48.195300 690415 rt_engine.cu:554] optixLaunch, [w,h,d] = 69273661,1,1
I0924 16:42:48.350729 690415 rt_engine.h:159] Parm size: 152
I0924 16:42:48.350735 690415 rt_engine.cu:554] optixLaunch, [w,h,d] = 69273661,1,1
I0924 16:42:48.506163 690415 rt_engine.h:159] Parm size: 152
I0924 16:42:48.506170 690415 rt_engine.cu:554] optixLaunch, [w,h,d] = 69273661,1,1
I0924 16:42:48.661736 690415 uniform_grid.h:267] Creating the uniform grid, resolution: 2048, Size: 112 MB
I0924 16:42:48.664727 690415 uniform_grid.h:323] Total Edges in the grid: 28278230, Size: 215 MB
I0924 16:42:48.670018 690415 run_query.cu:32] Checking point in polygon
I0924 16:42:50.834810 690415 run_query.cu:95] Map: 0 passed check
Timing results:
 - Read map: 717.043 ms

 - Create Context: 0.000953674 ms

 - Generate Workloads: 11899.7 ms

 - Create App: 84.3861 ms

 - Init: 0.138044 ms

 - Adaptive Grouping: 14.7688 ms

 - Build Index: 6.61612 ms

 - Warmup: 791.761 ms

 - Query: 155.435 ms

 - Check: 2267.69 ms

 - Cleanup: 11.6739 ms

