/local/storage/liang/.clion/RayJoin/cmake-build-release-dl190/bin/query_exec -poly1 /local/storage/liang/Downloads/Datasets/point_cdb/lakes/Asia/lakes_Asia_Point.cdb              -poly2 /local/storage/liang/Downloads/Datasets/point_cdb/parks/Asia/parks_Asia_Point.cdb              -serialize=/dev/shm              -mode=rt              -v=1              -query=pip              -seed=1              -xsect_factor 0.1              -sample_map_id=1              -sample=map              -sample_rate=0.8              -warmup=5              -repeat=5              -enlarge=5
I0924 16:40:51.056263 689569 planar_graph.h:216] Map /dev/shm/-local-storage-liang-Downloads-Datasets-point_cdb-lakes-Asia-lakes_Asia_Point.cdb.bin is deserialized, chains: 194573 points: 10541220 edges: 10346647
I0924 16:40:51.323225 689569 planar_graph.h:216] Map /dev/shm/-local-storage-liang-Downloads-Datasets-point_cdb-parks-Asia-parks_Asia_Point.cdb.bin is deserialized, chains: 277198 points: 12209639 edges: 11932441
I0924 16:40:51.323254 689569 context.h:51] Bounding Box, Bottom-left: (-179.972, -10.8197), Top-right: (179.984, 81.2255)
I0924 16:40:51.323271 689569 context.h:58] Scaled Bounding Box, Bottom-left: (-69979919611218, -68872256062147), Top-right: (69979919611217, 68872256062146)
I0924 16:40:51.323273 689569 context.h:61] Unscaled Bounding Box, Bottom-left: (-179.972, -10.8197), Top-right: (179.984, 81.2255)
I0924 16:40:53.016989 689569 run_query.cu:348] Sampling map, sample rate: 0.8, seed: 1
I0924 16:40:53.418040 689569 planar_graph.h:310] Map is sampled, chains: 277198 points: 9758509 edges: 9481311
I0924 16:40:53.525585 689569 rt_engine.cu:282] Info: Pipeline statistics
	module(s)                            :     1
	entry function(s)                    :     2
	trace call(s)                        :     1
	continuation callable call(s)        :     0
	direct callable call(s)              :     0
	basic block(s) in entry functions    :    67
	instruction(s) in entry functions    :  1011
	non-entry function(s)                :     1
	basic block(s) in non-entry functions:     1
	instruction(s) in non-entry functions:     1
	debug information                    :    no
I0924 16:40:53.530535 689569 rt_engine.cu:282] Info: Pipeline statistics
	module(s)                            :     1
	entry function(s)                    :     2
	trace call(s)                        :     1
	continuation callable call(s)        :     0
	direct callable call(s)              :     0
	basic block(s) in entry functions    :    43
	instruction(s) in entry functions    :   831
	non-entry function(s)                :     1
	basic block(s) in non-entry functions:     1
	instruction(s) in non-entry functions:     1
	debug information                    :    no
I0924 16:40:53.536366 689569 primitive.h:252] Enlarge limit: 5 ne: 10346647 aabbs: 762458 Compress ratio: 0.926309 Time: 5.559 ms
I0924 16:40:53.536408 689569 rt_engine.cu:397] Building AS, num prims: 762458, Required Temp Size: 58067968 Output Size: 28529536
I0924 16:40:53.539170 689569 rt_engine.h:159] Parm size: 152
I0924 16:40:53.539186 689569 rt_engine.cu:554] optixLaunch, [w,h,d] = 12209639,1,1
I0924 16:40:53.561503 689569 rt_engine.h:159] Parm size: 152
I0924 16:40:53.561511 689569 rt_engine.cu:554] optixLaunch, [w,h,d] = 12209639,1,1
I0924 16:40:53.583814 689569 rt_engine.h:159] Parm size: 152
I0924 16:40:53.583822 689569 rt_engine.cu:554] optixLaunch, [w,h,d] = 12209639,1,1
I0924 16:40:53.606122 689569 rt_engine.h:159] Parm size: 152
I0924 16:40:53.606129 689569 rt_engine.cu:554] optixLaunch, [w,h,d] = 12209639,1,1
I0924 16:40:53.628418 689569 rt_engine.h:159] Parm size: 152
I0924 16:40:53.628425 689569 rt_engine.cu:554] optixLaunch, [w,h,d] = 12209639,1,1
I0924 16:40:53.650714 689569 rt_engine.h:159] Parm size: 152
I0924 16:40:53.650722 689569 rt_engine.cu:554] optixLaunch, [w,h,d] = 12209639,1,1
I0924 16:40:53.672273 689569 rt_engine.h:159] Parm size: 152
I0924 16:40:53.672279 689569 rt_engine.cu:554] optixLaunch, [w,h,d] = 12209639,1,1
I0924 16:40:53.692219 689569 rt_engine.h:159] Parm size: 152
I0924 16:40:53.692224 689569 rt_engine.cu:554] optixLaunch, [w,h,d] = 12209639,1,1
I0924 16:40:53.712162 689569 rt_engine.h:159] Parm size: 152
I0924 16:40:53.712168 689569 rt_engine.cu:554] optixLaunch, [w,h,d] = 12209639,1,1
I0924 16:40:53.732105 689569 rt_engine.h:159] Parm size: 152
I0924 16:40:53.732112 689569 rt_engine.cu:554] optixLaunch, [w,h,d] = 12209639,1,1
I0924 16:40:53.752370 689569 uniform_grid.h:267] Creating the uniform grid, resolution: 2048, Size: 112 MB
I0924 16:40:53.753710 689569 uniform_grid.h:323] Total Edges in the grid: 10480169, Size: 79 MB
I0924 16:40:53.755247 689569 run_query.cu:32] Checking point in polygon
I0924 16:40:54.304939 689569 run_query.cu:95] Map: 0 passed check
Timing results:
 - Read map: 295.319 ms

 - Create Context: 0.000953674 ms

 - Generate Workloads: 2393.71 ms

 - Create App: 80.5569 ms

 - Init: 0.0669956 ms

 - Adaptive Grouping: 5.58114 ms

 - Build Index: 2.63095 ms

 - Warmup: 111.637 ms

 - Query: 20.2698 ms

 - Check: 575.069 ms

 - Cleanup: 7.28011 ms

