/local/storage/liang/.clion/RayJoin/cmake-build-release-dl190/bin/query_exec -poly1 /local/storage/liang/Downloads/Datasets/point_cdb/lakes/North_America/lakes_North_America_Point.cdb              -poly2 /local/storage/liang/Downloads/Datasets/point_cdb/parks/North_America/parks_North_America_Point.cdb              -serialize=/dev/shm              -mode=rt              -v=1              -query=pip              -seed=1              -xsect_factor 0.1              -sample_map_id=1              -sample=map              -sample_rate=0.8              -warmup=5              -repeat=5              -enlarge=5
I0924 16:41:13.184075 689728 planar_graph.h:216] Map /dev/shm/-local-storage-liang-Downloads-Datasets-point_cdb-lakes-North_America-lakes_North_America_Point.cdb.bin is deserialized, chains: 1910184 points: 69273661 edges: 67363477
I0924 16:41:13.775993 689728 planar_graph.h:216] Map /dev/shm/-local-storage-liang-Downloads-Datasets-point_cdb-parks-North_America-parks_North_America_Point.cdb.bin is deserialized, chains: 603325 points: 27465008 edges: 26861683
I0924 16:41:13.776029 689728 context.h:51] Bounding Box, Bottom-left: (-178.058, 7.22476), Top-right: (-45.5202, 71.2885)
I0924 16:41:13.776048 689728 context.h:58] Scaled Bounding Box, Bottom-left: (-69322661498935, -68238415890814), Top-right: (69322661498934, 68238415890813)
I0924 16:41:13.776050 689728 context.h:61] Unscaled Bounding Box, Bottom-left: (-178.058, 7.22476), Top-right: (-45.5202, 71.2885)
I0924 16:41:21.420481 689728 run_query.cu:348] Sampling map, sample rate: 0.8, seed: 1
I0924 16:41:22.227788 689728 planar_graph.h:310] Map is sampled, chains: 603325 points: 21941105 edges: 21337780
I0924 16:41:22.360615 689728 rt_engine.cu:282] Info: Pipeline statistics
	module(s)                            :     1
	entry function(s)                    :     2
	trace call(s)                        :     1
	continuation callable call(s)        :     0
	direct callable call(s)              :     0
	basic block(s) in entry functions    :    67
	instruction(s) in entry functions    :  1011
	non-entry function(s)                :     1
	basic block(s) in non-entry functions:     1
	instruction(s) in non-entry functions:     1
	debug information                    :    no
I0924 16:41:22.365633 689728 rt_engine.cu:282] Info: Pipeline statistics
	module(s)                            :     1
	entry function(s)                    :     2
	trace call(s)                        :     1
	continuation callable call(s)        :     0
	direct callable call(s)              :     0
	basic block(s) in entry functions    :    43
	instruction(s) in entry functions    :   831
	non-entry function(s)                :     1
	basic block(s) in non-entry functions:     1
	instruction(s) in non-entry functions:     1
	debug information                    :    no
I0924 16:41:22.400784 689728 primitive.h:252] Enlarge limit: 5 ne: 67363477 aabbs: 4933878 Compress ratio: 0.926757 Time: 34.38 ms
I0924 16:41:22.400830 689728 rt_engine.cu:397] Building AS, num prims: 4933878, Required Temp Size: 375747712 Output Size: 184600064
I0924 16:41:22.414810 689728 rt_engine.h:159] Parm size: 152
I0924 16:41:22.414827 689728 rt_engine.cu:554] optixLaunch, [w,h,d] = 27465008,1,1
I0924 16:41:22.488368 689728 rt_engine.h:159] Parm size: 152
I0924 16:41:22.488374 689728 rt_engine.cu:554] optixLaunch, [w,h,d] = 27465008,1,1
I0924 16:41:22.560482 689728 rt_engine.h:159] Parm size: 152
I0924 16:41:22.560489 689728 rt_engine.cu:554] optixLaunch, [w,h,d] = 27465008,1,1
I0924 16:41:22.632594 689728 rt_engine.h:159] Parm size: 152
I0924 16:41:22.632601 689728 rt_engine.cu:554] optixLaunch, [w,h,d] = 27465008,1,1
I0924 16:41:22.702343 689728 rt_engine.h:159] Parm size: 152
I0924 16:41:22.702350 689728 rt_engine.cu:554] optixLaunch, [w,h,d] = 27465008,1,1
I0924 16:41:22.770881 689728 rt_engine.h:159] Parm size: 152
I0924 16:41:22.770888 689728 rt_engine.cu:554] optixLaunch, [w,h,d] = 27465008,1,1
I0924 16:41:22.839412 689728 rt_engine.h:159] Parm size: 152
I0924 16:41:22.839418 689728 rt_engine.cu:554] optixLaunch, [w,h,d] = 27465008,1,1
I0924 16:41:22.907929 689728 rt_engine.h:159] Parm size: 152
I0924 16:41:22.907936 689728 rt_engine.cu:554] optixLaunch, [w,h,d] = 27465008,1,1
I0924 16:41:22.976436 689728 rt_engine.h:159] Parm size: 152
I0924 16:41:22.976444 689728 rt_engine.cu:554] optixLaunch, [w,h,d] = 27465008,1,1
I0924 16:41:23.044965 689728 rt_engine.h:159] Parm size: 152
I0924 16:41:23.044970 689728 rt_engine.cu:554] optixLaunch, [w,h,d] = 27465008,1,1
I0924 16:41:23.113976 689728 uniform_grid.h:267] Creating the uniform grid, resolution: 2048, Size: 112 MB
I0924 16:41:23.120671 689728 uniform_grid.h:323] Total Edges in the grid: 67924324, Size: 518 MB
I0924 16:41:23.134335 689728 run_query.cu:32] Checking point in polygon
I0924 16:41:24.332069 689728 run_query.cu:95] Map: 0 passed check
Timing results:
 - Read map: 1600.86 ms

 - Create Context: 0.00190735 ms

 - Generate Workloads: 9103.25 ms

 - Create App: 78.8009 ms

 - Init: 0.0810623 ms

 - Adaptive Grouping: 34.404 ms

 - Build Index: 13.7038 ms

 - Warmup: 356.244 ms

 - Query: 68.5218 ms

 - Check: 1262.02 ms

 - Cleanup: 12.7912 ms

