/local/storage/liang/.clion/RayJoin/cmake-build-release-dl190/bin/query_exec -poly1 /local/storage/liang/Downloads/Datasets/point_cdb/lakes/Asia/lakes_Asia_Point.cdb              -poly2 /local/storage/liang/Downloads/Datasets/point_cdb/parks/Asia/parks_Asia_Point.cdb              -serialize=/dev/shm              -mode=rt              -v=1              -query=pip              -seed=1              -xsect_factor 0.1              -sample_map_id=1              -sample=map              -sample_rate=0.9              -warmup=5              -repeat=5              -enlarge=5
I0924 16:41:40.550411 689967 planar_graph.h:216] Map /dev/shm/-local-storage-liang-Downloads-Datasets-point_cdb-lakes-Asia-lakes_Asia_Point.cdb.bin is deserialized, chains: 194573 points: 10541220 edges: 10346647
I0924 16:41:40.816983 689967 planar_graph.h:216] Map /dev/shm/-local-storage-liang-Downloads-Datasets-point_cdb-parks-Asia-parks_Asia_Point.cdb.bin is deserialized, chains: 277198 points: 12209639 edges: 11932441
I0924 16:41:40.817006 689967 context.h:51] Bounding Box, Bottom-left: (-179.972, -10.8197), Top-right: (179.984, 81.2255)
I0924 16:41:40.817021 689967 context.h:58] Scaled Bounding Box, Bottom-left: (-69979919611218, -68872256062147), Top-right: (69979919611217, 68872256062146)
I0924 16:41:40.817023 689967 context.h:61] Unscaled Bounding Box, Bottom-left: (-179.972, -10.8197), Top-right: (179.984, 81.2255)
I0924 16:41:42.508445 689967 run_query.cu:348] Sampling map, sample rate: 0.9, seed: 1
I0924 16:41:42.937398 689967 planar_graph.h:310] Map is sampled, chains: 277198 points: 10925205 edges: 10648007
I0924 16:41:43.041591 689967 rt_engine.cu:282] Info: Pipeline statistics
	module(s)                            :     1
	entry function(s)                    :     2
	trace call(s)                        :     1
	continuation callable call(s)        :     0
	direct callable call(s)              :     0
	basic block(s) in entry functions    :    67
	instruction(s) in entry functions    :  1011
	non-entry function(s)                :     1
	basic block(s) in non-entry functions:     1
	instruction(s) in non-entry functions:     1
	debug information                    :    no
I0924 16:41:43.046577 689967 rt_engine.cu:282] Info: Pipeline statistics
	module(s)                            :     1
	entry function(s)                    :     2
	trace call(s)                        :     1
	continuation callable call(s)        :     0
	direct callable call(s)              :     0
	basic block(s) in entry functions    :    43
	instruction(s) in entry functions    :   831
	non-entry function(s)                :     1
	basic block(s) in non-entry functions:     1
	instruction(s) in non-entry functions:     1
	debug information                    :    no
I0924 16:41:43.052418 689967 primitive.h:252] Enlarge limit: 5 ne: 10346647 aabbs: 762458 Compress ratio: 0.926309 Time: 5.575 ms
I0924 16:41:43.052464 689967 rt_engine.cu:397] Building AS, num prims: 762458, Required Temp Size: 58067968 Output Size: 28529536
I0924 16:41:43.055253 689967 rt_engine.h:159] Parm size: 152
I0924 16:41:43.055269 689967 rt_engine.cu:554] optixLaunch, [w,h,d] = 12209639,1,1
I0924 16:41:43.077594 689967 rt_engine.h:159] Parm size: 152
I0924 16:41:43.077601 689967 rt_engine.cu:554] optixLaunch, [w,h,d] = 12209639,1,1
I0924 16:41:43.099903 689967 rt_engine.h:159] Parm size: 152
I0924 16:41:43.099910 689967 rt_engine.cu:554] optixLaunch, [w,h,d] = 12209639,1,1
I0924 16:41:43.122200 689967 rt_engine.h:159] Parm size: 152
I0924 16:41:43.122207 689967 rt_engine.cu:554] optixLaunch, [w,h,d] = 12209639,1,1
I0924 16:41:43.144515 689967 rt_engine.h:159] Parm size: 152
I0924 16:41:43.144522 689967 rt_engine.cu:554] optixLaunch, [w,h,d] = 12209639,1,1
I0924 16:41:43.166802 689967 rt_engine.h:159] Parm size: 152
I0924 16:41:43.166810 689967 rt_engine.cu:554] optixLaunch, [w,h,d] = 12209639,1,1
I0924 16:41:43.189143 689967 rt_engine.h:159] Parm size: 152
I0924 16:41:43.189150 689967 rt_engine.cu:554] optixLaunch, [w,h,d] = 12209639,1,1
I0924 16:41:43.211458 689967 rt_engine.h:159] Parm size: 152
I0924 16:41:43.211465 689967 rt_engine.cu:554] optixLaunch, [w,h,d] = 12209639,1,1
I0924 16:41:43.233811 689967 rt_engine.h:159] Parm size: 152
I0924 16:41:43.233819 689967 rt_engine.cu:554] optixLaunch, [w,h,d] = 12209639,1,1
I0924 16:41:43.255512 689967 rt_engine.h:159] Parm size: 152
I0924 16:41:43.255518 689967 rt_engine.cu:554] optixLaunch, [w,h,d] = 12209639,1,1
I0924 16:41:43.275770 689967 uniform_grid.h:267] Creating the uniform grid, resolution: 2048, Size: 112 MB
I0924 16:41:43.277112 689967 uniform_grid.h:323] Total Edges in the grid: 10480169, Size: 79 MB
I0924 16:41:43.278652 689967 run_query.cu:32] Checking point in polygon
I0924 16:41:43.824932 689967 run_query.cu:95] Map: 0 passed check
Timing results:
 - Read map: 292.384 ms

 - Create Context: 0.000953674 ms

 - Generate Workloads: 2418.87 ms

 - Create App: 77.27 ms

 - Init: 0.0629425 ms

 - Adaptive Grouping: 5.59616 ms

 - Build Index: 2.66194 ms

 - Warmup: 111.642 ms

 - Query: 21.7302 ms

 - Check: 571.687 ms

 - Cleanup: 8.33583 ms

