/local/storage/liang/.clion/RayJoin/cmake-build-release-dl190/bin/query_exec -poly1 /local/storage/liang/Downloads/Datasets/point_cdb/lakes/North_America/lakes_North_America_Point.cdb              -poly2 /local/storage/liang/Downloads/Datasets/point_cdb/parks/North_America/parks_North_America_Point.cdb              -serialize=/dev/shm              -mode=rt              -v=1              -query=pip              -seed=1              -xsect_factor 0.1              -sample_map_id=1              -sample=map              -sample_rate=0.1              -warmup=5              -repeat=5              -enlarge=5
I0924 16:35:38.097188 686878 planar_graph.h:216] Map /dev/shm/-local-storage-liang-Downloads-Datasets-point_cdb-lakes-North_America-lakes_North_America_Point.cdb.bin is deserialized, chains: 1910184 points: 69273661 edges: 67363477
I0924 16:35:38.691550 686878 planar_graph.h:216] Map /dev/shm/-local-storage-liang-Downloads-Datasets-point_cdb-parks-North_America-parks_North_America_Point.cdb.bin is deserialized, chains: 603325 points: 27465008 edges: 26861683
I0924 16:35:38.691582 686878 context.h:51] Bounding Box, Bottom-left: (-178.058, 7.22476), Top-right: (-45.5202, 71.2885)
I0924 16:35:38.691597 686878 context.h:58] Scaled Bounding Box, Bottom-left: (-69322661498935, -68238415890814), Top-right: (69322661498934, 68238415890813)
I0924 16:35:38.691598 686878 context.h:61] Unscaled Bounding Box, Bottom-left: (-178.058, 7.22476), Top-right: (-45.5202, 71.2885)
I0924 16:35:46.329123 686878 run_query.cu:348] Sampling map, sample rate: 0.1, seed: 1
I0924 16:35:46.574110 686878 planar_graph.h:310] Map is sampled, chains: 603325 points: 3655965 edges: 3052640
I0924 16:35:46.692786 686878 rt_engine.cu:282] Info: Pipeline statistics
	module(s)                            :     1
	entry function(s)                    :     2
	trace call(s)                        :     1
	continuation callable call(s)        :     0
	direct callable call(s)              :     0
	basic block(s) in entry functions    :    67
	instruction(s) in entry functions    :  1011
	non-entry function(s)                :     1
	basic block(s) in non-entry functions:     1
	instruction(s) in non-entry functions:     1
	debug information                    :    no
I0924 16:35:46.697861 686878 rt_engine.cu:282] Info: Pipeline statistics
	module(s)                            :     1
	entry function(s)                    :     2
	trace call(s)                        :     1
	continuation callable call(s)        :     0
	direct callable call(s)              :     0
	basic block(s) in entry functions    :    43
	instruction(s) in entry functions    :   831
	non-entry function(s)                :     1
	basic block(s) in non-entry functions:     1
	instruction(s) in non-entry functions:     1
	debug information                    :    no
I0924 16:35:46.730985 686878 primitive.h:252] Enlarge limit: 5 ne: 67363477 aabbs: 4933878 Compress ratio: 0.926757 Time: 32.351 ms
I0924 16:35:46.731036 686878 rt_engine.cu:397] Building AS, num prims: 4933878, Required Temp Size: 375747712 Output Size: 184600064
I0924 16:35:46.744522 686878 rt_engine.h:159] Parm size: 152
I0924 16:35:46.744540 686878 rt_engine.cu:554] optixLaunch, [w,h,d] = 27465008,1,1
I0924 16:35:46.814774 686878 rt_engine.h:159] Parm size: 152
I0924 16:35:46.814781 686878 rt_engine.cu:554] optixLaunch, [w,h,d] = 27465008,1,1
I0924 16:35:46.884794 686878 rt_engine.h:159] Parm size: 152
I0924 16:35:46.884801 686878 rt_engine.cu:554] optixLaunch, [w,h,d] = 27465008,1,1
I0924 16:35:46.954809 686878 rt_engine.h:159] Parm size: 152
I0924 16:35:46.954815 686878 rt_engine.cu:554] optixLaunch, [w,h,d] = 27465008,1,1
I0924 16:35:47.023463 686878 rt_engine.h:159] Parm size: 152
I0924 16:35:47.023469 686878 rt_engine.cu:554] optixLaunch, [w,h,d] = 27465008,1,1
I0924 16:35:47.091953 686878 rt_engine.h:159] Parm size: 152
I0924 16:35:47.091958 686878 rt_engine.cu:554] optixLaunch, [w,h,d] = 27465008,1,1
I0924 16:35:47.160415 686878 rt_engine.h:159] Parm size: 152
I0924 16:35:47.160423 686878 rt_engine.cu:554] optixLaunch, [w,h,d] = 27465008,1,1
I0924 16:35:47.228919 686878 rt_engine.h:159] Parm size: 152
I0924 16:35:47.228926 686878 rt_engine.cu:554] optixLaunch, [w,h,d] = 27465008,1,1
I0924 16:35:47.297406 686878 rt_engine.h:159] Parm size: 152
I0924 16:35:47.297413 686878 rt_engine.cu:554] optixLaunch, [w,h,d] = 27465008,1,1
I0924 16:35:47.365896 686878 rt_engine.h:159] Parm size: 152
I0924 16:35:47.365903 686878 rt_engine.cu:554] optixLaunch, [w,h,d] = 27465008,1,1
I0924 16:35:47.434880 686878 uniform_grid.h:267] Creating the uniform grid, resolution: 2048, Size: 112 MB
I0924 16:35:47.441547 686878 uniform_grid.h:323] Total Edges in the grid: 67924324, Size: 518 MB
I0924 16:35:47.455112 686878 run_query.cu:32] Checking point in polygon
I0924 16:35:48.654186 686878 run_query.cu:95] Map: 0 passed check
Timing results:
 - Read map: 1604.72 ms

 - Create Context: 0.000953674 ms

 - Generate Workloads: 8511.99 ms

 - Create App: 89.1738 ms

 - Init: 0.082016 ms

 - Adaptive Grouping: 32.3782 ms

 - Build Index: 13.2129 ms

 - Warmup: 347.601 ms

 - Query: 68.4864 ms

 - Check: 1263.02 ms

 - Cleanup: 12.794 ms

