/local/storage/liang/.clion/RayJoin/cmake-build-release-dl190/bin/query_exec -poly1 /local/storage/liang/Downloads/Datasets/point_cdb/lakes/North_America/lakes_North_America_Point.cdb              -poly2 /local/storage/liang/Downloads/Datasets/point_cdb/parks/North_America/parks_North_America_Point.cdb              -serialize=/dev/shm              -mode=rt              -v=1              -query=pip              -seed=1              -xsect_factor 0.1              -sample_map_id=1              -sample=points              -sample_rate=0.7              -warmup=5              -repeat=5              -enlarge=1              -check=false
I0924 17:09:01.351250 703764 planar_graph.h:216] Map /dev/shm/-local-storage-liang-Downloads-Datasets-point_cdb-lakes-North_America-lakes_North_America_Point.cdb.bin is deserialized, chains: 1910184 points: 69273661 edges: 67363477
I0924 17:09:01.942459 703764 planar_graph.h:216] Map /dev/shm/-local-storage-liang-Downloads-Datasets-point_cdb-parks-North_America-parks_North_America_Point.cdb.bin is deserialized, chains: 603325 points: 27465008 edges: 26861683
I0924 17:09:01.942492 703764 context.h:51] Bounding Box, Bottom-left: (-178.058, 7.22476), Top-right: (-45.5202, 71.2885)
I0924 17:09:01.942509 703764 context.h:58] Scaled Bounding Box, Bottom-left: (-69322661498935, -68238415890814), Top-right: (69322661498934, 68238415890813)
I0924 17:09:01.942512 703764 context.h:61] Unscaled Bounding Box, Bottom-left: (-178.058, 7.22476), Top-right: (-45.5202, 71.2885)
I0924 17:09:10.305189 703764 run_query.cu:394] Sampling points, sample rate: 0.7, seed: 1 Points: 19225506
I0924 17:09:10.437037 703764 rt_engine.cu:282] Info: Pipeline statistics
	module(s)                            :     1
	entry function(s)                    :     2
	trace call(s)                        :     1
	continuation callable call(s)        :     0
	direct callable call(s)              :     0
	basic block(s) in entry functions    :    67
	instruction(s) in entry functions    :  1011
	non-entry function(s)                :     1
	basic block(s) in non-entry functions:     1
	instruction(s) in non-entry functions:     1
	debug information                    :    no
I0924 17:09:10.442016 703764 rt_engine.cu:282] Info: Pipeline statistics
	module(s)                            :     1
	entry function(s)                    :     2
	trace call(s)                        :     1
	continuation callable call(s)        :     0
	direct callable call(s)              :     0
	basic block(s) in entry functions    :    43
	instruction(s) in entry functions    :   831
	non-entry function(s)                :     1
	basic block(s) in non-entry functions:     1
	instruction(s) in non-entry functions:     1
	debug information                    :    no
I0924 17:09:10.454147 703764 primitive.h:252] Enlarge limit: 1 ne: 67363477 aabbs: 67348028 Compress ratio: 0.000229338 Time: 11.37 ms
I0924 17:09:10.454193 703764 rt_engine.cu:397] Building AS, num prims: 67348028, Required Temp Size: 5128975104 Output Size: 2519776000
I0924 17:09:10.622314 703764 rt_engine.h:159] Parm size: 152
I0924 17:09:10.622334 703764 rt_engine.cu:554] optixLaunch, [w,h,d] = 19225506,1,1
I0924 17:09:10.668542 703764 rt_engine.h:159] Parm size: 152
I0924 17:09:10.668550 703764 rt_engine.cu:554] optixLaunch, [w,h,d] = 19225506,1,1
I0924 17:09:10.712632 703764 rt_engine.h:159] Parm size: 152
I0924 17:09:10.712639 703764 rt_engine.cu:554] optixLaunch, [w,h,d] = 19225506,1,1
I0924 17:09:10.756768 703764 rt_engine.h:159] Parm size: 152
I0924 17:09:10.756776 703764 rt_engine.cu:554] optixLaunch, [w,h,d] = 19225506,1,1
I0924 17:09:10.800921 703764 rt_engine.h:159] Parm size: 152
I0924 17:09:10.800928 703764 rt_engine.cu:554] optixLaunch, [w,h,d] = 19225506,1,1
I0924 17:09:10.845074 703764 rt_engine.h:159] Parm size: 152
I0924 17:09:10.845081 703764 rt_engine.cu:554] optixLaunch, [w,h,d] = 19225506,1,1
I0924 17:09:10.889240 703764 rt_engine.h:159] Parm size: 152
I0924 17:09:10.889245 703764 rt_engine.cu:554] optixLaunch, [w,h,d] = 19225506,1,1
I0924 17:09:10.933395 703764 rt_engine.h:159] Parm size: 152
I0924 17:09:10.933403 703764 rt_engine.cu:554] optixLaunch, [w,h,d] = 19225506,1,1
I0924 17:09:10.977535 703764 rt_engine.h:159] Parm size: 152
I0924 17:09:10.977540 703764 rt_engine.cu:554] optixLaunch, [w,h,d] = 19225506,1,1
I0924 17:09:11.021672 703764 rt_engine.h:159] Parm size: 152
I0924 17:09:11.021678 703764 rt_engine.cu:554] optixLaunch, [w,h,d] = 19225506,1,1
Timing results:
 - Read map: 1600.88 ms

 - Create Context: 0.00190735 ms

 - Generate Workloads: 8997.38 ms

 - Create App: 93.8699 ms

 - Init: 0.0751019 ms

 - Adaptive Grouping: 11.3928 ms

 - Build Index: 167.922 ms

 - Warmup: 222.894 ms

 - Query: 44.1442 ms

 - Cleanup: 13.3951 ms

