/local/storage/liang/.clion/RayJoin/cmake-build-release-dl190/bin/query_exec -poly1 /local/storage/liang/Downloads/Datasets/point_cdb/lakes/North_America/lakes_North_America_Point.cdb              -poly2 /local/storage/liang/Downloads/Datasets/point_cdb/parks/North_America/parks_North_America_Point.cdb              -serialize=/dev/shm              -mode=rt              -v=1              -query=pip              -seed=1              -xsect_factor 0.1              -sample_map_id=1              -sample=points              -sample_rate=0.6              -warmup=5              -repeat=5              -ag=0              -check=false
I1012 17:21:29.190724 2537918 planar_graph.h:216] Map /dev/shm/-local-storage-liang-Downloads-Datasets-point_cdb-lakes-North_America-lakes_North_America_Point.cdb.bin is deserialized, chains: 1910184 points: 69273661 edges: 67363477
I1012 17:21:29.804948 2537918 planar_graph.h:216] Map /dev/shm/-local-storage-liang-Downloads-Datasets-point_cdb-parks-North_America-parks_North_America_Point.cdb.bin is deserialized, chains: 603325 points: 27465008 edges: 26861683
I1012 17:21:29.804993 2537918 context.h:51] Bounding Box, Bottom-left: (-178.058, 7.22476), Top-right: (-45.5202, 71.2885)
I1012 17:21:29.805011 2537918 context.h:58] Scaled Bounding Box, Bottom-left: (-69322661498935, -68238415890814), Top-right: (69322661498934, 68238415890813)
I1012 17:21:29.805013 2537918 context.h:61] Unscaled Bounding Box, Bottom-left: (-178.058, 7.22476), Top-right: (-45.5202, 71.2885)
I1012 17:21:38.354712 2537918 run_query.cu:400] Sampling points, sample rate: 0.6, seed: 1 Points: 16479005
I1012 17:21:38.483042 2537918 rt_engine.cu:282] Info: Pipeline statistics
	module(s)                            :     1
	entry function(s)                    :     2
	trace call(s)                        :     1
	continuation callable call(s)        :     0
	direct callable call(s)              :     0
	basic block(s) in entry functions    :    67
	instruction(s) in entry functions    :  1011
	non-entry function(s)                :     1
	basic block(s) in non-entry functions:     1
	instruction(s) in non-entry functions:     1
	debug information                    :    no
I1012 17:21:38.488143 2537918 rt_engine.cu:282] Info: Pipeline statistics
	module(s)                            :     1
	entry function(s)                    :     2
	trace call(s)                        :     1
	continuation callable call(s)        :     0
	direct callable call(s)              :     0
	basic block(s) in entry functions    :    43
	instruction(s) in entry functions    :   831
	non-entry function(s)                :     1
	basic block(s) in non-entry functions:     1
	instruction(s) in non-entry functions:     1
	debug information                    :    no
I1012 17:21:38.501535 2537918 rt_engine.cu:397] Building AS, num prims: 67363477, Required Temp Size: 5130151936 Output Size: 2520354048
I1012 17:21:38.672638 2537918 rt_engine.h:159] Parm size: 152
I1012 17:21:38.672658 2537918 rt_engine.cu:554] optixLaunch, [w,h,d] = 16479005,1,1
I1012 17:21:38.712548 2537918 rt_engine.h:159] Parm size: 152
I1012 17:21:38.712556 2537918 rt_engine.cu:554] optixLaunch, [w,h,d] = 16479005,1,1
I1012 17:21:38.750305 2537918 rt_engine.h:159] Parm size: 152
I1012 17:21:38.750312 2537918 rt_engine.cu:554] optixLaunch, [w,h,d] = 16479005,1,1
I1012 17:21:38.788067 2537918 rt_engine.h:159] Parm size: 152
I1012 17:21:38.788074 2537918 rt_engine.cu:554] optixLaunch, [w,h,d] = 16479005,1,1
I1012 17:21:38.825840 2537918 rt_engine.h:159] Parm size: 152
I1012 17:21:38.825847 2537918 rt_engine.cu:554] optixLaunch, [w,h,d] = 16479005,1,1
I1012 17:21:38.863615 2537918 rt_engine.h:159] Parm size: 152
I1012 17:21:38.863622 2537918 rt_engine.cu:554] optixLaunch, [w,h,d] = 16479005,1,1
I1012 17:21:38.901392 2537918 rt_engine.h:159] Parm size: 152
I1012 17:21:38.901399 2537918 rt_engine.cu:554] optixLaunch, [w,h,d] = 16479005,1,1
I1012 17:21:38.939157 2537918 rt_engine.h:159] Parm size: 152
I1012 17:21:38.939164 2537918 rt_engine.cu:554] optixLaunch, [w,h,d] = 16479005,1,1
I1012 17:21:38.976930 2537918 rt_engine.h:159] Parm size: 152
I1012 17:21:38.976938 2537918 rt_engine.cu:554] optixLaunch, [w,h,d] = 16479005,1,1
I1012 17:21:39.014708 2537918 rt_engine.h:159] Parm size: 152
I1012 17:21:39.014719 2537918 rt_engine.cu:554] optixLaunch, [w,h,d] = 16479005,1,1
Timing results:
 - Read map: 1647.4 ms

 - Create Context: 0.000953674 ms

 - Generate Workloads: 9208.52 ms

 - Create App: 89.385 ms

 - Init: 0.954151 ms

 - Adaptive Grouping: 11.73 ms

 - Build Index: 170.921 ms

 - Warmup: 191.106 ms

 - Query: 37.7662 ms

 - Cleanup: 13.4029 ms

