/local/storage/liang/.clion/RayJoin/cmake-build-release-dl190/bin/query_exec -poly1 /local/storage/liang/Downloads/Datasets/point_cdb/lakes/Australia/lakes_Australia_Point.cdb              -poly2 /local/storage/liang/Downloads/Datasets/point_cdb/parks/Australia/parks_Australia_Point.cdb              -serialize=/dev/shm              -mode=rt              -v=1              -query=pip              -seed=1              -xsect_factor 0.1              -sample_map_id=1              -sample=points              -sample_rate=0.2              -warmup=5              -repeat=5              -ag=0              -check=false
I1012 17:19:48.592841 2537007 planar_graph.h:216] Map /dev/shm/-local-storage-liang-Downloads-Datasets-point_cdb-lakes-Australia-lakes_Australia_Point.cdb.bin is deserialized, chains: 16702 points: 1254743 edges: 1238041
I1012 17:19:48.607249 2537007 planar_graph.h:216] Map /dev/shm/-local-storage-liang-Downloads-Datasets-point_cdb-parks-Australia-parks_Australia_Point.cdb.bin is deserialized, chains: 22386 points: 589464 edges: 567078
I1012 17:19:48.607287 2537007 context.h:51] Bounding Box, Bottom-left: (112.971, -54.7384), Top-right: (158.947, -10.1168)
I1012 17:19:48.607301 2537007 context.h:58] Scaled Bounding Box, Bottom-left: (-67435232688127, -67350025946940), Top-right: (67435232688126, 67350025946939)
I1012 17:19:48.607303 2537007 context.h:61] Unscaled Bounding Box, Bottom-left: (112.971, -54.7384), Top-right: (158.947, -10.1168)
I1012 17:19:48.773218 2537007 run_query.cu:400] Sampling points, sample rate: 0.2, seed: 1 Points: 117892
I1012 17:19:48.846068 2537007 rt_engine.cu:282] Info: Pipeline statistics
	module(s)                            :     1
	entry function(s)                    :     2
	trace call(s)                        :     1
	continuation callable call(s)        :     0
	direct callable call(s)              :     0
	basic block(s) in entry functions    :    67
	instruction(s) in entry functions    :  1011
	non-entry function(s)                :     1
	basic block(s) in non-entry functions:     1
	instruction(s) in non-entry functions:     1
	debug information                    :    no
I1012 17:19:48.851112 2537007 rt_engine.cu:282] Info: Pipeline statistics
	module(s)                            :     1
	entry function(s)                    :     2
	trace call(s)                        :     1
	continuation callable call(s)        :     0
	direct callable call(s)              :     0
	basic block(s) in entry functions    :    43
	instruction(s) in entry functions    :   831
	non-entry function(s)                :     1
	basic block(s) in non-entry functions:     1
	instruction(s) in non-entry functions:     1
	debug information                    :    no
I1012 17:19:48.851672 2537007 rt_engine.cu:397] Building AS, num prims: 1238041, Required Temp Size: 94286720 Output Size: 46323200
I1012 17:19:48.855193 2537007 rt_engine.h:159] Parm size: 152
I1012 17:19:48.855211 2537007 rt_engine.cu:554] optixLaunch, [w,h,d] = 117892,1,1
I1012 17:19:48.855427 2537007 rt_engine.h:159] Parm size: 152
I1012 17:19:48.855434 2537007 rt_engine.cu:554] optixLaunch, [w,h,d] = 117892,1,1
I1012 17:19:48.855625 2537007 rt_engine.h:159] Parm size: 152
I1012 17:19:48.855633 2537007 rt_engine.cu:554] optixLaunch, [w,h,d] = 117892,1,1
I1012 17:19:48.855818 2537007 rt_engine.h:159] Parm size: 152
I1012 17:19:48.855825 2537007 rt_engine.cu:554] optixLaunch, [w,h,d] = 117892,1,1
I1012 17:19:48.856006 2537007 rt_engine.h:159] Parm size: 152
I1012 17:19:48.856012 2537007 rt_engine.cu:554] optixLaunch, [w,h,d] = 117892,1,1
I1012 17:19:48.856197 2537007 rt_engine.h:159] Parm size: 152
I1012 17:19:48.856204 2537007 rt_engine.cu:554] optixLaunch, [w,h,d] = 117892,1,1
I1012 17:19:48.856384 2537007 rt_engine.h:159] Parm size: 152
I1012 17:19:48.856391 2537007 rt_engine.cu:554] optixLaunch, [w,h,d] = 117892,1,1
I1012 17:19:48.856575 2537007 rt_engine.h:159] Parm size: 152
I1012 17:19:48.856580 2537007 rt_engine.cu:554] optixLaunch, [w,h,d] = 117892,1,1
I1012 17:19:48.856762 2537007 rt_engine.h:159] Parm size: 152
I1012 17:19:48.856770 2537007 rt_engine.cu:554] optixLaunch, [w,h,d] = 117892,1,1
I1012 17:19:48.856953 2537007 rt_engine.h:159] Parm size: 152
I1012 17:19:48.856959 2537007 rt_engine.cu:554] optixLaunch, [w,h,d] = 117892,1,1
Timing results:
 - Read map: 93.946 ms

 - Create Context: 0.00119209 ms

 - Generate Workloads: 180.827 ms

 - Create App: 77.3389 ms

 - Init: 0.164986 ms

 - Adaptive Grouping: 0.262976 ms

 - Build Index: 3.49712 ms

 - Warmup: 1.04499 ms

 - Query: 0.189018 ms

 - Cleanup: 3.479 ms

