/local/storage/liang/.clion/RayJoin/cmake-build-release-dl190/bin/query_exec -poly1 /local/storage/liang/Downloads/Datasets/point_cdb/lakes/Europe/lakes_Europe_Point.cdb              -poly2 /local/storage/liang/Downloads/Datasets/point_cdb/parks/Europe/parks_Europe_Point.cdb              -serialize=/dev/shm              -mode=rt              -v=1              -query=pip              -seed=1              -xsect_factor 0.1              -sample_map_id=1              -sample=map              -sample_rate=0.1              -warmup=5              -repeat=5              -enlarge=5
I0924 16:35:21.770087 686753 planar_graph.h:216] Map /dev/shm/-local-storage-liang-Downloads-Datasets-point_cdb-lakes-Europe-lakes_Europe_Point.cdb.bin is deserialized, chains: 831264 points: 28687526 edges: 27856262
I0924 16:35:23.375732 686753 planar_graph.h:216] Map /dev/shm/-local-storage-liang-Downloads-Datasets-point_cdb-parks-Europe-parks_Europe_Point.cdb.bin is deserialized, chains: 3299874 points: 69273661 edges: 65973787
I0924 16:35:23.375766 686753 context.h:51] Bounding Box, Bottom-left: (-31.2515, 35.0264), Top-right: (68.8331, 81.3082)
I0924 16:35:23.375798 686753 context.h:58] Scaled Bounding Box, Bottom-left: (-68990108085658, -67453827351386), Top-right: (68990108085657, 67453827351385)
I0924 16:35:23.375800 686753 context.h:61] Unscaled Bounding Box, Bottom-left: (-31.2515, 35.0264), Top-right: (68.8331, 81.3082)
I0924 16:35:31.014194 686753 run_query.cu:348] Sampling map, sample rate: 0.1, seed: 1
I0924 16:35:31.660727 686753 planar_graph.h:310] Map is sampled, chains: 3299874 points: 12685421 edges: 9385547
I0924 16:35:31.826200 686753 rt_engine.cu:282] Info: Pipeline statistics
	module(s)                            :     1
	entry function(s)                    :     2
	trace call(s)                        :     1
	continuation callable call(s)        :     0
	direct callable call(s)              :     0
	basic block(s) in entry functions    :    67
	instruction(s) in entry functions    :  1011
	non-entry function(s)                :     1
	basic block(s) in non-entry functions:     1
	instruction(s) in non-entry functions:     1
	debug information                    :    no
I0924 16:35:31.831209 686753 rt_engine.cu:282] Info: Pipeline statistics
	module(s)                            :     1
	entry function(s)                    :     2
	trace call(s)                        :     1
	continuation callable call(s)        :     0
	direct callable call(s)              :     0
	basic block(s) in entry functions    :    43
	instruction(s) in entry functions    :   831
	non-entry function(s)                :     1
	basic block(s) in non-entry functions:     1
	instruction(s) in non-entry functions:     1
	debug information                    :    no
I0924 16:35:31.846789 686753 primitive.h:252] Enlarge limit: 5 ne: 27856262 aabbs: 2149052 Compress ratio: 0.922852 Time: 14.73 ms
I0924 16:35:31.846838 686753 rt_engine.cu:397] Building AS, num prims: 2149052, Required Temp Size: 163665536 Output Size: 80407936
I0924 16:35:31.854089 686753 rt_engine.h:159] Parm size: 152
I0924 16:35:31.854106 686753 rt_engine.cu:554] optixLaunch, [w,h,d] = 69273661,1,1
I0924 16:35:32.020627 686753 rt_engine.h:159] Parm size: 152
I0924 16:35:32.020633 686753 rt_engine.cu:554] optixLaunch, [w,h,d] = 69273661,1,1
I0924 16:35:32.175657 686753 rt_engine.h:159] Parm size: 152
I0924 16:35:32.175664 686753 rt_engine.cu:554] optixLaunch, [w,h,d] = 69273661,1,1
I0924 16:35:32.330983 686753 rt_engine.h:159] Parm size: 152
I0924 16:35:32.330989 686753 rt_engine.cu:554] optixLaunch, [w,h,d] = 69273661,1,1
I0924 16:35:32.486292 686753 rt_engine.h:159] Parm size: 152
I0924 16:35:32.486299 686753 rt_engine.cu:554] optixLaunch, [w,h,d] = 69273661,1,1
I0924 16:35:32.641606 686753 rt_engine.h:159] Parm size: 152
I0924 16:35:32.641613 686753 rt_engine.cu:554] optixLaunch, [w,h,d] = 69273661,1,1
I0924 16:35:32.796923 686753 rt_engine.h:159] Parm size: 152
I0924 16:35:32.796931 686753 rt_engine.cu:554] optixLaunch, [w,h,d] = 69273661,1,1
I0924 16:35:32.952236 686753 rt_engine.h:159] Parm size: 152
I0924 16:35:32.952242 686753 rt_engine.cu:554] optixLaunch, [w,h,d] = 69273661,1,1
I0924 16:35:33.107546 686753 rt_engine.h:159] Parm size: 152
I0924 16:35:33.107553 686753 rt_engine.cu:554] optixLaunch, [w,h,d] = 69273661,1,1
I0924 16:35:33.262857 686753 rt_engine.h:159] Parm size: 152
I0924 16:35:33.262863 686753 rt_engine.cu:554] optixLaunch, [w,h,d] = 69273661,1,1
I0924 16:35:33.418313 686753 uniform_grid.h:267] Creating the uniform grid, resolution: 2048, Size: 112 MB
I0924 16:35:33.421334 686753 uniform_grid.h:323] Total Edges in the grid: 28278230, Size: 215 MB
I0924 16:35:33.426571 686753 run_query.cu:32] Checking point in polygon
I0924 16:35:35.600991 686753 run_query.cu:95] Map: 0 passed check
Timing results:
 - Read map: 706.113 ms

 - Create Context: 0.000953674 ms

 - Generate Workloads: 9976.97 ms

 - Create App: 84.63 ms

 - Init: 0.132084 ms

 - Adaptive Grouping: 14.7529 ms

 - Build Index: 6.58798 ms

 - Warmup: 787.892 ms

 - Query: 155.313 ms

 - Check: 2276.56 ms

 - Cleanup: 11.663 ms

