/local/storage/liang/.clion/RayJoin/cmake-build-release-dl190/bin/query_exec -poly1 /local/storage/liang/Downloads/Datasets/point_cdb/lakes/Africa/lakes_Africa_Point.cdb              -poly2 /local/storage/liang/Downloads/Datasets/point_cdb/parks/Africa/parks_Africa_Point.cdb              -serialize=/dev/shm              -mode=rt              -v=1              -query=pip              -seed=1              -xsect_factor 0.1              -sample_map_id=1              -sample=map              -sample_rate=0.3              -warmup=5              -repeat=5              -enlarge=5
I0924 16:36:49.787865 687552 planar_graph.h:216] Map /dev/shm/-local-storage-liang-Downloads-Datasets-point_cdb-lakes-Africa-lakes_Africa_Point.cdb.bin is deserialized, chains: 27178 points: 1872496 edges: 1845318
I0924 16:36:49.819058 687552 planar_graph.h:216] Map /dev/shm/-local-storage-liang-Downloads-Datasets-point_cdb-parks-Africa-parks_Africa_Point.cdb.bin is deserialized, chains: 41991 points: 1358103 edges: 1316112
I0924 16:36:49.819087 687552 context.h:51] Bounding Box, Bottom-left: (-25.2135, -34.7852), Top-right: (63.4371, 37.3456)
I0924 16:36:49.819103 687552 context.h:58] Scaled Bounding Box, Bottom-left: (-68816217462298, -68470241806767), Top-right: (68816217462297, 68470241806766)
I0924 16:36:49.819105 687552 context.h:61] Unscaled Bounding Box, Bottom-left: (-25.2135, -34.7852), Top-right: (63.4371, 37.3456)
I0924 16:36:50.077320 687552 run_query.cu:348] Sampling map, sample rate: 0.3, seed: 1
I0924 16:36:50.095276 687552 planar_graph.h:310] Map is sampled, chains: 41991 points: 439523 edges: 397532
I0924 16:36:50.166869 687552 rt_engine.cu:282] Info: Pipeline statistics
	module(s)                            :     1
	entry function(s)                    :     2
	trace call(s)                        :     1
	continuation callable call(s)        :     0
	direct callable call(s)              :     0
	basic block(s) in entry functions    :    67
	instruction(s) in entry functions    :  1011
	non-entry function(s)                :     1
	basic block(s) in non-entry functions:     1
	instruction(s) in non-entry functions:     1
	debug information                    :    no
I0924 16:36:50.171809 687552 rt_engine.cu:282] Info: Pipeline statistics
	module(s)                            :     1
	entry function(s)                    :     2
	trace call(s)                        :     1
	continuation callable call(s)        :     0
	direct callable call(s)              :     0
	basic block(s) in entry functions    :    43
	instruction(s) in entry functions    :   831
	non-entry function(s)                :     1
	basic block(s) in non-entry functions:     1
	instruction(s) in non-entry functions:     1
	debug information                    :    no
I0924 16:36:50.173116 687552 primitive.h:252] Enlarge limit: 5 ne: 1845318 aabbs: 118595 Compress ratio: 0.935732 Time: 1.072 ms
I0924 16:36:50.173159 687552 rt_engine.cu:397] Building AS, num prims: 118595, Required Temp Size: 9033728 Output Size: 4440064
I0924 16:36:50.173977 687552 rt_engine.h:159] Parm size: 152
I0924 16:36:50.173992 687552 rt_engine.cu:554] optixLaunch, [w,h,d] = 1358103,1,1
I0924 16:36:50.175702 687552 rt_engine.h:159] Parm size: 152
I0924 16:36:50.175709 687552 rt_engine.cu:554] optixLaunch, [w,h,d] = 1358103,1,1
I0924 16:36:50.177405 687552 rt_engine.h:159] Parm size: 152
I0924 16:36:50.177412 687552 rt_engine.cu:554] optixLaunch, [w,h,d] = 1358103,1,1
I0924 16:36:50.179121 687552 rt_engine.h:159] Parm size: 152
I0924 16:36:50.179126 687552 rt_engine.cu:554] optixLaunch, [w,h,d] = 1358103,1,1
I0924 16:36:50.180821 687552 rt_engine.h:159] Parm size: 152
I0924 16:36:50.180827 687552 rt_engine.cu:554] optixLaunch, [w,h,d] = 1358103,1,1
I0924 16:36:50.182523 687552 rt_engine.h:159] Parm size: 152
I0924 16:36:50.182529 687552 rt_engine.cu:554] optixLaunch, [w,h,d] = 1358103,1,1
I0924 16:36:50.184226 687552 rt_engine.h:159] Parm size: 152
I0924 16:36:50.184233 687552 rt_engine.cu:554] optixLaunch, [w,h,d] = 1358103,1,1
I0924 16:36:50.185927 687552 rt_engine.h:159] Parm size: 152
I0924 16:36:50.185933 687552 rt_engine.cu:554] optixLaunch, [w,h,d] = 1358103,1,1
I0924 16:36:50.187626 687552 rt_engine.h:159] Parm size: 152
I0924 16:36:50.187633 687552 rt_engine.cu:554] optixLaunch, [w,h,d] = 1358103,1,1
I0924 16:36:50.189328 687552 rt_engine.h:159] Parm size: 152
I0924 16:36:50.189334 687552 rt_engine.cu:554] optixLaunch, [w,h,d] = 1358103,1,1
I0924 16:36:50.191358 687552 uniform_grid.h:267] Creating the uniform grid, resolution: 2048, Size: 112 MB
I0924 16:36:50.191895 687552 uniform_grid.h:323] Total Edges in the grid: 1899687, Size: 14 MB
I0924 16:36:50.192304 687552 run_query.cu:32] Checking point in polygon
I0924 16:36:50.236832 687552 run_query.cu:95] Map: 0 passed check
Timing results:
 - Read map: 120.326 ms

 - Create Context: 0.000953674 ms

 - Generate Workloads: 309.988 ms

 - Create App: 73.9219 ms

 - Init: 0.0519753 ms

 - Adaptive Grouping: 1.09315 ms

 - Build Index: 0.792027 ms

 - Warmup: 8.58283 ms

 - Query: 1.70259 ms

 - Check: 50.1001 ms

 - Cleanup: 5.28193 ms

