/local/storage/liang/.clion/RayJoin/cmake-build-release-dl190/bin/query_exec -poly1 /local/storage/liang/Downloads/Datasets/point_cdb/lakes/Australia/lakes_Australia_Point.cdb              -poly2 /local/storage/liang/Downloads/Datasets/point_cdb/parks/Australia/parks_Australia_Point.cdb              -serialize=/dev/shm              -mode=rt              -v=1              -query=pip              -seed=1              -xsect_factor 0.1              -sample_map_id=1              -sample=map              -sample_rate=0.2              -warmup=5              -repeat=5              -enlarge=5
I0924 16:36:07.159936 687213 planar_graph.h:216] Map /dev/shm/-local-storage-liang-Downloads-Datasets-point_cdb-lakes-Australia-lakes_Australia_Point.cdb.bin is deserialized, chains: 16702 points: 1254743 edges: 1238041
I0924 16:36:07.174299 687213 planar_graph.h:216] Map /dev/shm/-local-storage-liang-Downloads-Datasets-point_cdb-parks-Australia-parks_Australia_Point.cdb.bin is deserialized, chains: 22386 points: 589464 edges: 567078
I0924 16:36:07.174326 687213 context.h:51] Bounding Box, Bottom-left: (112.971, -54.7384), Top-right: (158.947, -10.1168)
I0924 16:36:07.174341 687213 context.h:58] Scaled Bounding Box, Bottom-left: (-67435232688127, -67350025946940), Top-right: (67435232688126, 67350025946939)
I0924 16:36:07.174343 687213 context.h:61] Unscaled Bounding Box, Bottom-left: (112.971, -54.7384), Top-right: (158.947, -10.1168)
I0924 16:36:07.327988 687213 run_query.cu:348] Sampling map, sample rate: 0.2, seed: 1
I0924 16:36:07.335331 687213 planar_graph.h:310] Map is sampled, chains: 22386 points: 145733 edges: 123347
I0924 16:36:07.402078 687213 rt_engine.cu:282] Info: Pipeline statistics
	module(s)                            :     1
	entry function(s)                    :     2
	trace call(s)                        :     1
	continuation callable call(s)        :     0
	direct callable call(s)              :     0
	basic block(s) in entry functions    :    67
	instruction(s) in entry functions    :  1011
	non-entry function(s)                :     1
	basic block(s) in non-entry functions:     1
	instruction(s) in non-entry functions:     1
	debug information                    :    no
I0924 16:36:07.406944 687213 rt_engine.cu:282] Info: Pipeline statistics
	module(s)                            :     1
	entry function(s)                    :     2
	trace call(s)                        :     1
	continuation callable call(s)        :     0
	direct callable call(s)              :     0
	basic block(s) in entry functions    :    43
	instruction(s) in entry functions    :   831
	non-entry function(s)                :     1
	basic block(s) in non-entry functions:     1
	instruction(s) in non-entry functions:     1
	debug information                    :    no
I0924 16:36:07.407940 687213 primitive.h:252] Enlarge limit: 5 ne: 1238041 aabbs: 91856 Compress ratio: 0.925805 Time: 0.747 ms
I0924 16:36:07.407981 687213 rt_engine.cu:397] Building AS, num prims: 91856, Required Temp Size: 6997248 Output Size: 3439488
I0924 16:36:07.408821 687213 rt_engine.h:159] Parm size: 152
I0924 16:36:07.408836 687213 rt_engine.cu:554] optixLaunch, [w,h,d] = 589464,1,1
I0924 16:36:07.409961 687213 rt_engine.h:159] Parm size: 152
I0924 16:36:07.409968 687213 rt_engine.cu:554] optixLaunch, [w,h,d] = 589464,1,1
I0924 16:36:07.411088 687213 rt_engine.h:159] Parm size: 152
I0924 16:36:07.411095 687213 rt_engine.cu:554] optixLaunch, [w,h,d] = 589464,1,1
I0924 16:36:07.412227 687213 rt_engine.h:159] Parm size: 152
I0924 16:36:07.412235 687213 rt_engine.cu:554] optixLaunch, [w,h,d] = 589464,1,1
I0924 16:36:07.413347 687213 rt_engine.h:159] Parm size: 152
I0924 16:36:07.413352 687213 rt_engine.cu:554] optixLaunch, [w,h,d] = 589464,1,1
I0924 16:36:07.414467 687213 rt_engine.h:159] Parm size: 152
I0924 16:36:07.414474 687213 rt_engine.cu:554] optixLaunch, [w,h,d] = 589464,1,1
I0924 16:36:07.415596 687213 rt_engine.h:159] Parm size: 152
I0924 16:36:07.415602 687213 rt_engine.cu:554] optixLaunch, [w,h,d] = 589464,1,1
I0924 16:36:07.416723 687213 rt_engine.h:159] Parm size: 152
I0924 16:36:07.416729 687213 rt_engine.cu:554] optixLaunch, [w,h,d] = 589464,1,1
I0924 16:36:07.417853 687213 rt_engine.h:159] Parm size: 152
I0924 16:36:07.417860 687213 rt_engine.cu:554] optixLaunch, [w,h,d] = 589464,1,1
I0924 16:36:07.418968 687213 rt_engine.h:159] Parm size: 152
I0924 16:36:07.418974 687213 rt_engine.cu:554] optixLaunch, [w,h,d] = 589464,1,1
I0924 16:36:07.420416 687213 uniform_grid.h:267] Creating the uniform grid, resolution: 2048, Size: 112 MB
I0924 16:36:07.420945 687213 uniform_grid.h:323] Total Edges in the grid: 1262892, Size: 9 MB
I0924 16:36:07.421311 687213 run_query.cu:32] Checking point in polygon
I0924 16:36:07.453140 687213 run_query.cu:95] Map: 0 passed check
Timing results:
 - Read map: 126.128 ms

 - Create Context: 0.00190735 ms

 - Generate Workloads: 176.591 ms

 - Create App: 70.4081 ms

 - Init: 0.0350475 ms

 - Adaptive Grouping: 0.766993 ms

 - Build Index: 0.822067 ms

 - Warmup: 5.67794 ms

 - Query: 1.125 ms

 - Check: 36.0389 ms

 - Cleanup: 5.01513 ms

