/local/storage/liang/.clion/RayJoin/cmake-build-release-dl190/bin/query_exec -poly1 /local/storage/liang/Downloads/Datasets/point_cdb/lakes/Asia/lakes_Asia_Point.cdb              -poly2 /local/storage/liang/Downloads/Datasets/point_cdb/parks/Asia/parks_Asia_Point.cdb              -serialize=/dev/shm              -mode=rt              -v=1              -query=pip              -seed=1              -xsect_factor 0.1              -sample_map_id=1              -sample=map              -sample_rate=0.5              -warmup=5              -repeat=5              -enlarge=5
I0924 16:38:25.264048 688367 planar_graph.h:216] Map /dev/shm/-local-storage-liang-Downloads-Datasets-point_cdb-lakes-Asia-lakes_Asia_Point.cdb.bin is deserialized, chains: 194573 points: 10541220 edges: 10346647
I0924 16:38:25.529683 688367 planar_graph.h:216] Map /dev/shm/-local-storage-liang-Downloads-Datasets-point_cdb-parks-Asia-parks_Asia_Point.cdb.bin is deserialized, chains: 277198 points: 12209639 edges: 11932441
I0924 16:38:25.529714 688367 context.h:51] Bounding Box, Bottom-left: (-179.972, -10.8197), Top-right: (179.984, 81.2255)
I0924 16:38:25.529729 688367 context.h:58] Scaled Bounding Box, Bottom-left: (-69979919611218, -68872256062147), Top-right: (69979919611217, 68872256062146)
I0924 16:38:25.529731 688367 context.h:61] Unscaled Bounding Box, Bottom-left: (-179.972, -10.8197), Top-right: (179.984, 81.2255)
I0924 16:38:27.223922 688367 run_query.cu:348] Sampling map, sample rate: 0.5, seed: 1
I0924 16:38:27.480679 688367 planar_graph.h:310] Map is sampled, chains: 277198 points: 6249999 edges: 5972801
I0924 16:38:27.576006 688367 rt_engine.cu:282] Info: Pipeline statistics
	module(s)                            :     1
	entry function(s)                    :     2
	trace call(s)                        :     1
	continuation callable call(s)        :     0
	direct callable call(s)              :     0
	basic block(s) in entry functions    :    67
	instruction(s) in entry functions    :  1011
	non-entry function(s)                :     1
	basic block(s) in non-entry functions:     1
	instruction(s) in non-entry functions:     1
	debug information                    :    no
I0924 16:38:27.580958 688367 rt_engine.cu:282] Info: Pipeline statistics
	module(s)                            :     1
	entry function(s)                    :     2
	trace call(s)                        :     1
	continuation callable call(s)        :     0
	direct callable call(s)              :     0
	basic block(s) in entry functions    :    43
	instruction(s) in entry functions    :   831
	non-entry function(s)                :     1
	basic block(s) in non-entry functions:     1
	instruction(s) in non-entry functions:     1
	debug information                    :    no
I0924 16:38:27.586802 688367 primitive.h:252] Enlarge limit: 5 ne: 10346647 aabbs: 762458 Compress ratio: 0.926309 Time: 5.549 ms
I0924 16:38:27.586843 688367 rt_engine.cu:397] Building AS, num prims: 762458, Required Temp Size: 58067968 Output Size: 28529536
I0924 16:38:27.589658 688367 rt_engine.h:159] Parm size: 152
I0924 16:38:27.589673 688367 rt_engine.cu:554] optixLaunch, [w,h,d] = 12209639,1,1
I0924 16:38:27.612021 688367 rt_engine.h:159] Parm size: 152
I0924 16:38:27.612028 688367 rt_engine.cu:554] optixLaunch, [w,h,d] = 12209639,1,1
I0924 16:38:27.634321 688367 rt_engine.h:159] Parm size: 152
I0924 16:38:27.634330 688367 rt_engine.cu:554] optixLaunch, [w,h,d] = 12209639,1,1
I0924 16:38:27.656666 688367 rt_engine.h:159] Parm size: 152
I0924 16:38:27.656672 688367 rt_engine.cu:554] optixLaunch, [w,h,d] = 12209639,1,1
I0924 16:38:27.678990 688367 rt_engine.h:159] Parm size: 152
I0924 16:38:27.678998 688367 rt_engine.cu:554] optixLaunch, [w,h,d] = 12209639,1,1
I0924 16:38:27.701323 688367 rt_engine.h:159] Parm size: 152
I0924 16:38:27.701330 688367 rt_engine.cu:554] optixLaunch, [w,h,d] = 12209639,1,1
I0924 16:38:27.722359 688367 rt_engine.h:159] Parm size: 152
I0924 16:38:27.722366 688367 rt_engine.cu:554] optixLaunch, [w,h,d] = 12209639,1,1
I0924 16:38:27.742331 688367 rt_engine.h:159] Parm size: 152
I0924 16:38:27.742337 688367 rt_engine.cu:554] optixLaunch, [w,h,d] = 12209639,1,1
I0924 16:38:27.762275 688367 rt_engine.h:159] Parm size: 152
I0924 16:38:27.762281 688367 rt_engine.cu:554] optixLaunch, [w,h,d] = 12209639,1,1
I0924 16:38:27.782227 688367 rt_engine.h:159] Parm size: 152
I0924 16:38:27.782232 688367 rt_engine.cu:554] optixLaunch, [w,h,d] = 12209639,1,1
I0924 16:38:27.802479 688367 uniform_grid.h:267] Creating the uniform grid, resolution: 2048, Size: 112 MB
I0924 16:38:27.803820 688367 uniform_grid.h:323] Total Edges in the grid: 10480169, Size: 79 MB
I0924 16:38:27.805389 688367 run_query.cu:32] Checking point in polygon
I0924 16:38:28.354077 688367 run_query.cu:95] Map: 0 passed check
Timing results:
 - Read map: 296.285 ms

 - Create Context: 0.00214577 ms

 - Generate Workloads: 2240.42 ms

 - Create App: 76.508 ms

 - Init: 0.0638962 ms

 - Adaptive Grouping: 5.56898 ms

 - Build Index: 2.68197 ms

 - Warmup: 111.761 ms

 - Query: 20.1692 ms

 - Check: 574.145 ms

 - Cleanup: 8.43716 ms

