/local/storage/liang/.clion/RayJoin/cmake-build-release-dl190/bin/query_exec -poly1 /local/storage/liang/Downloads/Datasets/point_cdb/lakes/Asia/lakes_Asia_Point.cdb              -poly2 /local/storage/liang/Downloads/Datasets/point_cdb/parks/Asia/parks_Asia_Point.cdb              -serialize=/dev/shm              -mode=rt              -v=1              -query=pip              -seed=1              -xsect_factor 0.1              -sample_map_id=1              -sample=points              -sample_rate=0.3              -warmup=5              -repeat=5              -enlarge=1              -check=false
I0924 17:05:56.563205 702191 planar_graph.h:216] Map /dev/shm/-local-storage-liang-Downloads-Datasets-point_cdb-lakes-Asia-lakes_Asia_Point.cdb.bin is deserialized, chains: 194573 points: 10541220 edges: 10346647
I0924 17:05:56.830687 702191 planar_graph.h:216] Map /dev/shm/-local-storage-liang-Downloads-Datasets-point_cdb-parks-Asia-parks_Asia_Point.cdb.bin is deserialized, chains: 277198 points: 12209639 edges: 11932441
I0924 17:05:56.830714 702191 context.h:51] Bounding Box, Bottom-left: (-179.972, -10.8197), Top-right: (179.984, 81.2255)
I0924 17:05:56.830734 702191 context.h:58] Scaled Bounding Box, Bottom-left: (-69979919611218, -68872256062147), Top-right: (69979919611217, 68872256062146)
I0924 17:05:56.830735 702191 context.h:61] Unscaled Bounding Box, Bottom-left: (-179.972, -10.8197), Top-right: (179.984, 81.2255)
I0924 17:05:58.784552 702191 run_query.cu:394] Sampling points, sample rate: 0.3, seed: 1 Points: 3662891
I0924 17:05:58.878304 702191 rt_engine.cu:282] Info: Pipeline statistics
	module(s)                            :     1
	entry function(s)                    :     2
	trace call(s)                        :     1
	continuation callable call(s)        :     0
	direct callable call(s)              :     0
	basic block(s) in entry functions    :    67
	instruction(s) in entry functions    :  1011
	non-entry function(s)                :     1
	basic block(s) in non-entry functions:     1
	instruction(s) in non-entry functions:     1
	debug information                    :    no
I0924 17:05:58.883239 702191 rt_engine.cu:282] Info: Pipeline statistics
	module(s)                            :     1
	entry function(s)                    :     2
	trace call(s)                        :     1
	continuation callable call(s)        :     0
	direct callable call(s)              :     0
	basic block(s) in entry functions    :    43
	instruction(s) in entry functions    :   831
	non-entry function(s)                :     1
	basic block(s) in non-entry functions:     1
	instruction(s) in non-entry functions:     1
	debug information                    :    no
I0924 17:05:58.885511 702191 primitive.h:252] Enlarge limit: 1 ne: 10346647 aabbs: 10344032 Compress ratio: 0.000252739 Time: 2.013 ms
I0924 17:05:58.885557 702191 rt_engine.cu:397] Building AS, num prims: 10344032, Required Temp Size: 787764480 Output Size: 387016576
I0924 17:05:58.911805 702191 rt_engine.h:159] Parm size: 152
I0924 17:05:58.911823 702191 rt_engine.cu:554] optixLaunch, [w,h,d] = 3662891,1,1
I0924 17:05:58.917241 702191 rt_engine.h:159] Parm size: 152
I0924 17:05:58.917248 702191 rt_engine.cu:554] optixLaunch, [w,h,d] = 3662891,1,1
I0924 17:05:58.922391 702191 rt_engine.h:159] Parm size: 152
I0924 17:05:58.922398 702191 rt_engine.cu:554] optixLaunch, [w,h,d] = 3662891,1,1
I0924 17:05:58.927503 702191 rt_engine.h:159] Parm size: 152
I0924 17:05:58.927510 702191 rt_engine.cu:554] optixLaunch, [w,h,d] = 3662891,1,1
I0924 17:05:58.932613 702191 rt_engine.h:159] Parm size: 152
I0924 17:05:58.932621 702191 rt_engine.cu:554] optixLaunch, [w,h,d] = 3662891,1,1
I0924 17:05:58.937729 702191 rt_engine.h:159] Parm size: 152
I0924 17:05:58.937736 702191 rt_engine.cu:554] optixLaunch, [w,h,d] = 3662891,1,1
I0924 17:05:58.942842 702191 rt_engine.h:159] Parm size: 152
I0924 17:05:58.942848 702191 rt_engine.cu:554] optixLaunch, [w,h,d] = 3662891,1,1
I0924 17:05:58.947952 702191 rt_engine.h:159] Parm size: 152
I0924 17:05:58.947958 702191 rt_engine.cu:554] optixLaunch, [w,h,d] = 3662891,1,1
I0924 17:05:58.953063 702191 rt_engine.h:159] Parm size: 152
I0924 17:05:58.953070 702191 rt_engine.cu:554] optixLaunch, [w,h,d] = 3662891,1,1
I0924 17:05:58.958178 702191 rt_engine.h:159] Parm size: 152
I0924 17:05:58.958185 702191 rt_engine.cu:554] optixLaunch, [w,h,d] = 3662891,1,1
Timing results:
 - Read map: 307.447 ms

 - Create Context: 0.000953674 ms

 - Generate Workloads: 2237.79 ms

 - Create App: 82.2761 ms

 - Init: 0.041008 ms

 - Adaptive Grouping: 2.0349 ms

 - Build Index: 26.196 ms

 - Warmup: 25.98 ms

 - Query: 5.1126 ms

 - Cleanup: 6.48594 ms

