/local/storage/liang/.clion/RayJoin/cmake-build-release-dl190/bin/query_exec -poly1 /local/storage/liang/Downloads/Datasets/point_cdb/lakes/North_America/lakes_North_America_Point.cdb              -poly2 /local/storage/liang/Downloads/Datasets/point_cdb/parks/North_America/parks_North_America_Point.cdb              -serialize=/dev/shm              -mode=rt              -v=1              -query=pip              -seed=1              -xsect_factor 0.1              -sample_map_id=1              -sample=points              -sample_rate=0.1              -warmup=5              -repeat=5              -enlarge=1              -check=false
I0924 17:04:53.133733 701601 planar_graph.h:216] Map /dev/shm/-local-storage-liang-Downloads-Datasets-point_cdb-lakes-North_America-lakes_North_America_Point.cdb.bin is deserialized, chains: 1910184 points: 69273661 edges: 67363477
I0924 17:04:53.727214 701601 planar_graph.h:216] Map /dev/shm/-local-storage-liang-Downloads-Datasets-point_cdb-parks-North_America-parks_North_America_Point.cdb.bin is deserialized, chains: 603325 points: 27465008 edges: 26861683
I0924 17:04:53.727241 701601 context.h:51] Bounding Box, Bottom-left: (-178.058, 7.22476), Top-right: (-45.5202, 71.2885)
I0924 17:04:53.727258 701601 context.h:58] Scaled Bounding Box, Bottom-left: (-69322661498935, -68238415890814), Top-right: (69322661498934, 68238415890813)
I0924 17:04:53.727260 701601 context.h:61] Unscaled Bounding Box, Bottom-left: (-178.058, 7.22476), Top-right: (-45.5202, 71.2885)
I0924 17:05:01.981591 701601 run_query.cu:394] Sampling points, sample rate: 0.1, seed: 1 Points: 2746500
I0924 17:05:02.093899 701601 rt_engine.cu:282] Info: Pipeline statistics
	module(s)                            :     1
	entry function(s)                    :     2
	trace call(s)                        :     1
	continuation callable call(s)        :     0
	direct callable call(s)              :     0
	basic block(s) in entry functions    :    67
	instruction(s) in entry functions    :  1011
	non-entry function(s)                :     1
	basic block(s) in non-entry functions:     1
	instruction(s) in non-entry functions:     1
	debug information                    :    no
I0924 17:05:02.098812 701601 rt_engine.cu:282] Info: Pipeline statistics
	module(s)                            :     1
	entry function(s)                    :     2
	trace call(s)                        :     1
	continuation callable call(s)        :     0
	direct callable call(s)              :     0
	basic block(s) in entry functions    :    43
	instruction(s) in entry functions    :   831
	non-entry function(s)                :     1
	basic block(s) in non-entry functions:     1
	instruction(s) in non-entry functions:     1
	debug information                    :    no
I0924 17:05:02.111829 701601 primitive.h:252] Enlarge limit: 1 ne: 67363477 aabbs: 67348028 Compress ratio: 0.000229338 Time: 12.255 ms
I0924 17:05:02.111873 701601 rt_engine.cu:397] Building AS, num prims: 67348028, Required Temp Size: 5128975104 Output Size: 2519776000
I0924 17:05:02.282337 701601 rt_engine.h:159] Parm size: 152
I0924 17:05:02.282356 701601 rt_engine.cu:554] optixLaunch, [w,h,d] = 2746500,1,1
I0924 17:05:02.289392 701601 rt_engine.h:159] Parm size: 152
I0924 17:05:02.289399 701601 rt_engine.cu:554] optixLaunch, [w,h,d] = 2746500,1,1
I0924 17:05:02.296422 701601 rt_engine.h:159] Parm size: 152
I0924 17:05:02.296428 701601 rt_engine.cu:554] optixLaunch, [w,h,d] = 2746500,1,1
I0924 17:05:02.303439 701601 rt_engine.h:159] Parm size: 152
I0924 17:05:02.303447 701601 rt_engine.cu:554] optixLaunch, [w,h,d] = 2746500,1,1
I0924 17:05:02.310480 701601 rt_engine.h:159] Parm size: 152
I0924 17:05:02.310487 701601 rt_engine.cu:554] optixLaunch, [w,h,d] = 2746500,1,1
I0924 17:05:02.317509 701601 rt_engine.h:159] Parm size: 152
I0924 17:05:02.317517 701601 rt_engine.cu:554] optixLaunch, [w,h,d] = 2746500,1,1
I0924 17:05:02.324383 701601 rt_engine.h:159] Parm size: 152
I0924 17:05:02.324389 701601 rt_engine.cu:554] optixLaunch, [w,h,d] = 2746500,1,1
I0924 17:05:02.331036 701601 rt_engine.h:159] Parm size: 152
I0924 17:05:02.331043 701601 rt_engine.cu:554] optixLaunch, [w,h,d] = 2746500,1,1
I0924 17:05:02.337703 701601 rt_engine.h:159] Parm size: 152
I0924 17:05:02.337710 701601 rt_engine.cu:554] optixLaunch, [w,h,d] = 2746500,1,1
I0924 17:05:02.344354 701601 rt_engine.h:159] Parm size: 152
I0924 17:05:02.344362 701601 rt_engine.cu:554] optixLaunch, [w,h,d] = 2746500,1,1
Timing results:
 - Read map: 1597.5 ms

 - Create Context: 0.00190735 ms

 - Generate Workloads: 8876.9 ms

 - Create App: 88.6929 ms

 - Init: 0.0441074 ms

 - Adaptive Grouping: 12.2778 ms

 - Build Index: 170.421 ms

 - Warmup: 35.2221 ms

 - Query: 6.6998 ms

 - Cleanup: 12.326 ms

