/local/storage/liang/.clion/RayJoin/cmake-build-release-dl190/bin/query_exec -poly1 /local/storage/liang/Downloads/Datasets/point_cdb/USACensusBlockGroupBoundaries/USACensusBlockGroupBoundaries_Point.cdb              -poly2 /local/storage/liang/Downloads/Datasets/point_cdb/USADetailedWaterBodies/USADetailedWaterBodies_Point.cdb              -serialize=/dev/shm              -mode=rt              -v=1              -query=pip              -seed=1              -xsect_factor 0.1              -sample_map_id=1              -sample=map              -sample_rate=0.6              -warmup=5              -repeat=5              -enlarge=5
I0924 16:39:05.249771 688700 planar_graph.h:216] Map /dev/shm/-local-storage-liang-Downloads-Datasets-point_cdb-USACensusBlockGroupBoundaries-USACensusBlockGroupBoundaries_Point.cdb.bin is deserialized, chains: 872624 points: 29345959 edges: 28473335
I0924 16:39:05.964419 688700 planar_graph.h:216] Map /dev/shm/-local-storage-liang-Downloads-Datasets-point_cdb-USADetailedWaterBodies-USADetailedWaterBodies_Point.cdb.bin is deserialized, chains: 2442900 points: 28007655 edges: 25564755
I0924 16:39:05.964454 688700 context.h:51] Bounding Box, Bottom-left: (-179.149, 18.9107), Top-right: (-66.9496, 71.3652)
I0924 16:39:05.964473 688700 context.h:58] Scaled Bounding Box, Bottom-left: (-69136359329185, -67784245771247), Top-right: (69136359329184, 67784245771246)
I0924 16:39:05.964475 688700 context.h:61] Unscaled Bounding Box, Bottom-left: (-179.149, 18.9107), Top-right: (-66.9496, 71.3652)
I0924 16:39:10.411664 688700 run_query.cu:348] Sampling map, sample rate: 0.6, seed: 1
I0924 16:39:11.044991 688700 planar_graph.h:310] Map is sampled, chains: 2442900 points: 18551473 edges: 16108573
I0924 16:39:11.183919 688700 rt_engine.cu:282] Info: Pipeline statistics
	module(s)                            :     1
	entry function(s)                    :     2
	trace call(s)                        :     1
	continuation callable call(s)        :     0
	direct callable call(s)              :     0
	basic block(s) in entry functions    :    67
	instruction(s) in entry functions    :  1011
	non-entry function(s)                :     1
	basic block(s) in non-entry functions:     1
	instruction(s) in non-entry functions:     1
	debug information                    :    no
I0924 16:39:11.188890 688700 rt_engine.cu:282] Info: Pipeline statistics
	module(s)                            :     1
	entry function(s)                    :     2
	trace call(s)                        :     1
	continuation callable call(s)        :     0
	direct callable call(s)              :     0
	basic block(s) in entry functions    :    43
	instruction(s) in entry functions    :   831
	non-entry function(s)                :     1
	basic block(s) in non-entry functions:     1
	instruction(s) in non-entry functions:     1
	debug information                    :    no
I0924 16:39:11.204602 688700 primitive.h:252] Enlarge limit: 5 ne: 28473335 aabbs: 2189670 Compress ratio: 0.923097 Time: 14.963 ms
I0924 16:39:11.204650 688700 rt_engine.cu:397] Building AS, num prims: 2189670, Required Temp Size: 166759168 Output Size: 81927680
I0924 16:39:11.211755 688700 rt_engine.h:159] Parm size: 152
I0924 16:39:11.211774 688700 rt_engine.cu:554] optixLaunch, [w,h,d] = 28007655,1,1
I0924 16:39:11.253201 688700 rt_engine.h:159] Parm size: 152
I0924 16:39:11.253209 688700 rt_engine.cu:554] optixLaunch, [w,h,d] = 28007655,1,1
I0924 16:39:11.294551 688700 rt_engine.h:159] Parm size: 152
I0924 16:39:11.294559 688700 rt_engine.cu:554] optixLaunch, [w,h,d] = 28007655,1,1
I0924 16:39:11.332284 688700 rt_engine.h:159] Parm size: 152
I0924 16:39:11.332291 688700 rt_engine.cu:554] optixLaunch, [w,h,d] = 28007655,1,1
I0924 16:39:11.369434 688700 rt_engine.h:159] Parm size: 152
I0924 16:39:11.369442 688700 rt_engine.cu:554] optixLaunch, [w,h,d] = 28007655,1,1
I0924 16:39:11.406582 688700 rt_engine.h:159] Parm size: 152
I0924 16:39:11.406589 688700 rt_engine.cu:554] optixLaunch, [w,h,d] = 28007655,1,1
I0924 16:39:11.443714 688700 rt_engine.h:159] Parm size: 152
I0924 16:39:11.443720 688700 rt_engine.cu:554] optixLaunch, [w,h,d] = 28007655,1,1
I0924 16:39:11.480849 688700 rt_engine.h:159] Parm size: 152
I0924 16:39:11.480856 688700 rt_engine.cu:554] optixLaunch, [w,h,d] = 28007655,1,1
I0924 16:39:11.517969 688700 rt_engine.h:159] Parm size: 152
I0924 16:39:11.517976 688700 rt_engine.cu:554] optixLaunch, [w,h,d] = 28007655,1,1
I0924 16:39:11.555110 688700 rt_engine.h:159] Parm size: 152
I0924 16:39:11.555117 688700 rt_engine.cu:554] optixLaunch, [w,h,d] = 28007655,1,1
I0924 16:39:11.592563 688700 uniform_grid.h:267] Creating the uniform grid, resolution: 2048, Size: 112 MB
I0924 16:39:11.595595 688700 uniform_grid.h:323] Total Edges in the grid: 29125993, Size: 222 MB
I0924 16:39:11.601611 688700 run_query.cu:32] Checking point in polygon
I0924 16:39:11.939666 688700 run_query.cu:95] Map: 0 passed check
Timing results:
 - Read map: 724.201 ms

 - Create Context: 0.000953674 ms

 - Generate Workloads: 5855.6 ms

 - Create App: 83.9732 ms

 - Init: 0.0789165 ms

 - Adaptive Grouping: 14.986 ms

 - Build Index: 6.82688 ms

 - Warmup: 195 ms

 - Query: 37.1316 ms

 - Check: 388.513 ms

 - Cleanup: 11.605 ms

