/local/storage/liang/.clion/RayJoin/cmake-build-release-dl190/bin/query_exec -poly1 /local/storage/liang/Downloads/Datasets/point_cdb/USACensusBlockGroupBoundaries/USACensusBlockGroupBoundaries_Point.cdb              -poly2 /local/storage/liang/Downloads/Datasets/point_cdb/USADetailedWaterBodies/USADetailedWaterBodies_Point.cdb              -serialize=/dev/shm              -mode=rt              -v=1              -query=pip              -seed=1              -xsect_factor 0.1              -sample_map_id=1              -sample=map              -sample_rate=0.3              -warmup=5              -repeat=5              -enlarge=5
I0924 16:36:42.674487 687459 planar_graph.h:216] Map /dev/shm/-local-storage-liang-Downloads-Datasets-point_cdb-USACensusBlockGroupBoundaries-USACensusBlockGroupBoundaries_Point.cdb.bin is deserialized, chains: 872624 points: 29345959 edges: 28473335
I0924 16:36:43.388825 687459 planar_graph.h:216] Map /dev/shm/-local-storage-liang-Downloads-Datasets-point_cdb-USADetailedWaterBodies-USADetailedWaterBodies_Point.cdb.bin is deserialized, chains: 2442900 points: 28007655 edges: 25564755
I0924 16:36:43.388856 687459 context.h:51] Bounding Box, Bottom-left: (-179.149, 18.9107), Top-right: (-66.9496, 71.3652)
I0924 16:36:43.388875 687459 context.h:58] Scaled Bounding Box, Bottom-left: (-69136359329185, -67784245771247), Top-right: (69136359329184, 67784245771246)
I0924 16:36:43.388876 687459 context.h:61] Unscaled Bounding Box, Bottom-left: (-179.149, 18.9107), Top-right: (-66.9496, 71.3652)
I0924 16:36:47.840322 687459 run_query.cu:348] Sampling map, sample rate: 0.3, seed: 1
I0924 16:36:48.249789 687459 planar_graph.h:310] Map is sampled, chains: 2442900 points: 12006334 edges: 9563434
I0924 16:36:48.369827 687459 rt_engine.cu:282] Info: Pipeline statistics
	module(s)                            :     1
	entry function(s)                    :     2
	trace call(s)                        :     1
	continuation callable call(s)        :     0
	direct callable call(s)              :     0
	basic block(s) in entry functions    :    67
	instruction(s) in entry functions    :  1011
	non-entry function(s)                :     1
	basic block(s) in non-entry functions:     1
	instruction(s) in non-entry functions:     1
	debug information                    :    no
I0924 16:36:48.374800 687459 rt_engine.cu:282] Info: Pipeline statistics
	module(s)                            :     1
	entry function(s)                    :     2
	trace call(s)                        :     1
	continuation callable call(s)        :     0
	direct callable call(s)              :     0
	basic block(s) in entry functions    :    43
	instruction(s) in entry functions    :   831
	non-entry function(s)                :     1
	basic block(s) in non-entry functions:     1
	instruction(s) in non-entry functions:     1
	debug information                    :    no
I0924 16:36:48.390580 687459 primitive.h:252] Enlarge limit: 5 ne: 28473335 aabbs: 2189670 Compress ratio: 0.923097 Time: 15.014 ms
I0924 16:36:48.390627 687459 rt_engine.cu:397] Building AS, num prims: 2189670, Required Temp Size: 166759168 Output Size: 81927680
I0924 16:36:48.397743 687459 rt_engine.h:159] Parm size: 152
I0924 16:36:48.397761 687459 rt_engine.cu:554] optixLaunch, [w,h,d] = 28007655,1,1
I0924 16:36:48.439165 687459 rt_engine.h:159] Parm size: 152
I0924 16:36:48.439172 687459 rt_engine.cu:554] optixLaunch, [w,h,d] = 28007655,1,1
I0924 16:36:48.480515 687459 rt_engine.h:159] Parm size: 152
I0924 16:36:48.480522 687459 rt_engine.cu:554] optixLaunch, [w,h,d] = 28007655,1,1
I0924 16:36:48.521867 687459 rt_engine.h:159] Parm size: 152
I0924 16:36:48.521873 687459 rt_engine.cu:554] optixLaunch, [w,h,d] = 28007655,1,1
I0924 16:36:48.561199 687459 rt_engine.h:159] Parm size: 152
I0924 16:36:48.561206 687459 rt_engine.cu:554] optixLaunch, [w,h,d] = 28007655,1,1
I0924 16:36:48.598304 687459 rt_engine.h:159] Parm size: 152
I0924 16:36:48.598310 687459 rt_engine.cu:554] optixLaunch, [w,h,d] = 28007655,1,1
I0924 16:36:48.635408 687459 rt_engine.h:159] Parm size: 152
I0924 16:36:48.635416 687459 rt_engine.cu:554] optixLaunch, [w,h,d] = 28007655,1,1
I0924 16:36:48.672529 687459 rt_engine.h:159] Parm size: 152
I0924 16:36:48.672535 687459 rt_engine.cu:554] optixLaunch, [w,h,d] = 28007655,1,1
I0924 16:36:48.709640 687459 rt_engine.h:159] Parm size: 152
I0924 16:36:48.709645 687459 rt_engine.cu:554] optixLaunch, [w,h,d] = 28007655,1,1
I0924 16:36:48.746749 687459 rt_engine.h:159] Parm size: 152
I0924 16:36:48.746755 687459 rt_engine.cu:554] optixLaunch, [w,h,d] = 28007655,1,1
I0924 16:36:48.784241 687459 uniform_grid.h:267] Creating the uniform grid, resolution: 2048, Size: 112 MB
I0924 16:36:48.787286 687459 uniform_grid.h:323] Total Edges in the grid: 29125993, Size: 222 MB
I0924 16:36:48.793332 687459 run_query.cu:32] Checking point in polygon
I0924 16:36:49.133011 687459 run_query.cu:95] Map: 0 passed check
Timing results:
 - Read map: 724.318 ms

 - Create Context: 0.00190735 ms

 - Generate Workloads: 5621.42 ms

 - Create App: 79.366 ms

 - Init: 0.0829697 ms

 - Adaptive Grouping: 15.038 ms

 - Build Index: 6.83808 ms

 - Warmup: 200.733 ms

 - Query: 37.1082 ms

 - Check: 390.582 ms

 - Cleanup: 10.555 ms

