/local/storage/liang/.clion/RayJoin/cmake-build-release-dl190/bin/query_exec -poly1 /local/storage/liang/Downloads/Datasets/point_cdb/USACensusBlockGroupBoundaries/USACensusBlockGroupBoundaries_Point.cdb              -poly2 /local/storage/liang/Downloads/Datasets/point_cdb/USADetailedWaterBodies/USADetailedWaterBodies_Point.cdb              -serialize=/dev/shm              -mode=rt              -v=1              -query=pip              -seed=1              -xsect_factor 0.1              -sample_map_id=1              -sample=map              -sample_rate=0.1              -warmup=5              -repeat=5              -enlarge=5
I0924 16:35:09.603535 686638 planar_graph.h:216] Map /dev/shm/-local-storage-liang-Downloads-Datasets-point_cdb-USACensusBlockGroupBoundaries-USACensusBlockGroupBoundaries_Point.cdb.bin is deserialized, chains: 872624 points: 29345959 edges: 28473335
I0924 16:35:10.322723 686638 planar_graph.h:216] Map /dev/shm/-local-storage-liang-Downloads-Datasets-point_cdb-USADetailedWaterBodies-USADetailedWaterBodies_Point.cdb.bin is deserialized, chains: 2442900 points: 28007655 edges: 25564755
I0924 16:35:10.322757 686638 context.h:51] Bounding Box, Bottom-left: (-179.149, 18.9107), Top-right: (-66.9496, 71.3652)
I0924 16:35:10.322772 686638 context.h:58] Scaled Bounding Box, Bottom-left: (-69136359329185, -67784245771247), Top-right: (69136359329184, 67784245771246)
I0924 16:35:10.322774 686638 context.h:61] Unscaled Bounding Box, Bottom-left: (-179.149, 18.9107), Top-right: (-66.9496, 71.3652)
I0924 16:35:14.786963 686638 run_query.cu:348] Sampling map, sample rate: 0.1, seed: 1
I0924 16:35:15.076650 686638 planar_graph.h:310] Map is sampled, chains: 2442900 points: 8101584 edges: 5658684
I0924 16:35:15.194764 686638 rt_engine.cu:282] Info: Pipeline statistics
	module(s)                            :     1
	entry function(s)                    :     2
	trace call(s)                        :     1
	continuation callable call(s)        :     0
	direct callable call(s)              :     0
	basic block(s) in entry functions    :    67
	instruction(s) in entry functions    :  1011
	non-entry function(s)                :     1
	basic block(s) in non-entry functions:     1
	instruction(s) in non-entry functions:     1
	debug information                    :    no
I0924 16:35:15.199805 686638 rt_engine.cu:282] Info: Pipeline statistics
	module(s)                            :     1
	entry function(s)                    :     2
	trace call(s)                        :     1
	continuation callable call(s)        :     0
	direct callable call(s)              :     0
	basic block(s) in entry functions    :    43
	instruction(s) in entry functions    :   831
	non-entry function(s)                :     1
	basic block(s) in non-entry functions:     1
	instruction(s) in non-entry functions:     1
	debug information                    :    no
I0924 16:35:15.213907 686638 primitive.h:252] Enlarge limit: 5 ne: 28473335 aabbs: 2189670 Compress ratio: 0.923097 Time: 13.35 ms
I0924 16:35:15.213953 686638 rt_engine.cu:397] Building AS, num prims: 2189670, Required Temp Size: 166759168 Output Size: 81927680
I0924 16:35:15.220692 686638 rt_engine.h:159] Parm size: 152
I0924 16:35:15.220708 686638 rt_engine.cu:554] optixLaunch, [w,h,d] = 28007655,1,1
I0924 16:35:15.258126 686638 rt_engine.h:159] Parm size: 152
I0924 16:35:15.258133 686638 rt_engine.cu:554] optixLaunch, [w,h,d] = 28007655,1,1
I0924 16:35:15.295223 686638 rt_engine.h:159] Parm size: 152
I0924 16:35:15.295230 686638 rt_engine.cu:554] optixLaunch, [w,h,d] = 28007655,1,1
I0924 16:35:15.332144 686638 rt_engine.h:159] Parm size: 152
I0924 16:35:15.332151 686638 rt_engine.cu:554] optixLaunch, [w,h,d] = 28007655,1,1
I0924 16:35:15.369010 686638 rt_engine.h:159] Parm size: 152
I0924 16:35:15.369017 686638 rt_engine.cu:554] optixLaunch, [w,h,d] = 28007655,1,1
I0924 16:35:15.405872 686638 rt_engine.h:159] Parm size: 152
I0924 16:35:15.405879 686638 rt_engine.cu:554] optixLaunch, [w,h,d] = 28007655,1,1
I0924 16:35:15.442723 686638 rt_engine.h:159] Parm size: 152
I0924 16:35:15.442730 686638 rt_engine.cu:554] optixLaunch, [w,h,d] = 28007655,1,1
I0924 16:35:15.479584 686638 rt_engine.h:159] Parm size: 152
I0924 16:35:15.479590 686638 rt_engine.cu:554] optixLaunch, [w,h,d] = 28007655,1,1
I0924 16:35:15.516448 686638 rt_engine.h:159] Parm size: 152
I0924 16:35:15.516454 686638 rt_engine.cu:554] optixLaunch, [w,h,d] = 28007655,1,1
I0924 16:35:15.553510 686638 rt_engine.h:159] Parm size: 152
I0924 16:35:15.553517 686638 rt_engine.cu:554] optixLaunch, [w,h,d] = 28007655,1,1
I0924 16:35:15.590943 686638 uniform_grid.h:267] Creating the uniform grid, resolution: 2048, Size: 112 MB
I0924 16:35:15.593979 686638 uniform_grid.h:323] Total Edges in the grid: 29125993, Size: 222 MB
I0924 16:35:15.599994 686638 run_query.cu:32] Checking point in polygon
I0924 16:35:15.937986 686638 run_query.cu:95] Map: 0 passed check
Timing results:
 - Read map: 734.25 ms

 - Create Context: 0.000953674 ms

 - Generate Workloads: 5512.15 ms

 - Create App: 84.5921 ms

 - Init: 0.0798702 ms

 - Adaptive Grouping: 13.3729 ms

 - Build Index: 6.4621 ms

 - Warmup: 185.353 ms

 - Query: 36.9498 ms

 - Check: 388.536 ms

 - Cleanup: 10.55 ms

