/local/storage/liang/.clion/RayJoin/cmake-build-release-dl190/bin/query_exec -poly1 /local/storage/liang/Downloads/Datasets/point_cdb/USACensusBlockGroupBoundaries/USACensusBlockGroupBoundaries_Point.cdb              -poly2 /local/storage/liang/Downloads/Datasets/point_cdb/USADetailedWaterBodies/USADetailedWaterBodies_Point.cdb              -serialize=/dev/shm              -mode=rt              -v=1              -query=pip              -seed=1              -xsect_factor 0.1              -sample_map_id=1              -sample=points              -sample_rate=0.5              -warmup=5              -repeat=5              -enlarge=1              -check=false
I0924 17:07:11.220667 702812 planar_graph.h:216] Map /dev/shm/-local-storage-liang-Downloads-Datasets-point_cdb-USACensusBlockGroupBoundaries-USACensusBlockGroupBoundaries_Point.cdb.bin is deserialized, chains: 872624 points: 29345959 edges: 28473335
I0924 17:07:11.936662 702812 planar_graph.h:216] Map /dev/shm/-local-storage-liang-Downloads-Datasets-point_cdb-USADetailedWaterBodies-USADetailedWaterBodies_Point.cdb.bin is deserialized, chains: 2442900 points: 28007655 edges: 25564755
I0924 17:07:11.936695 702812 context.h:51] Bounding Box, Bottom-left: (-179.149, 18.9107), Top-right: (-66.9496, 71.3652)
I0924 17:07:11.936713 702812 context.h:58] Scaled Bounding Box, Bottom-left: (-69136359329185, -67784245771247), Top-right: (69136359329184, 67784245771246)
I0924 17:07:11.936715 702812 context.h:61] Unscaled Bounding Box, Bottom-left: (-179.149, 18.9107), Top-right: (-66.9496, 71.3652)
I0924 17:07:17.089977 702812 run_query.cu:394] Sampling points, sample rate: 0.5, seed: 1 Points: 14003828
I0924 17:07:17.211001 702812 rt_engine.cu:282] Info: Pipeline statistics
	module(s)                            :     1
	entry function(s)                    :     2
	trace call(s)                        :     1
	continuation callable call(s)        :     0
	direct callable call(s)              :     0
	basic block(s) in entry functions    :    67
	instruction(s) in entry functions    :  1011
	non-entry function(s)                :     1
	basic block(s) in non-entry functions:     1
	instruction(s) in non-entry functions:     1
	debug information                    :    no
I0924 17:07:17.215919 702812 rt_engine.cu:282] Info: Pipeline statistics
	module(s)                            :     1
	entry function(s)                    :     2
	trace call(s)                        :     1
	continuation callable call(s)        :     0
	direct callable call(s)              :     0
	basic block(s) in entry functions    :    43
	instruction(s) in entry functions    :   831
	non-entry function(s)                :     1
	basic block(s) in non-entry functions:     1
	instruction(s) in non-entry functions:     1
	debug information                    :    no
I0924 17:07:17.221562 702812 primitive.h:252] Enlarge limit: 1 ne: 28473335 aabbs: 28471769 Compress ratio: 5.49988e-05 Time: 4.907 ms
I0924 17:07:17.221608 702812 rt_engine.cu:397] Building AS, num prims: 28471769, Required Temp Size: 2168305280 Output Size: 1065251584
I0924 17:07:17.295068 702812 rt_engine.h:159] Parm size: 152
I0924 17:07:17.295085 702812 rt_engine.cu:554] optixLaunch, [w,h,d] = 14003828,1,1
I0924 17:07:17.319195 702812 rt_engine.h:159] Parm size: 152
I0924 17:07:17.319201 702812 rt_engine.cu:554] optixLaunch, [w,h,d] = 14003828,1,1
I0924 17:07:17.342396 702812 rt_engine.h:159] Parm size: 152
I0924 17:07:17.342402 702812 rt_engine.cu:554] optixLaunch, [w,h,d] = 14003828,1,1
I0924 17:07:17.365651 702812 rt_engine.h:159] Parm size: 152
I0924 17:07:17.365658 702812 rt_engine.cu:554] optixLaunch, [w,h,d] = 14003828,1,1
I0924 17:07:17.388935 702812 rt_engine.h:159] Parm size: 152
I0924 17:07:17.388942 702812 rt_engine.cu:554] optixLaunch, [w,h,d] = 14003828,1,1
I0924 17:07:17.412256 702812 rt_engine.h:159] Parm size: 152
I0924 17:07:17.412262 702812 rt_engine.cu:554] optixLaunch, [w,h,d] = 14003828,1,1
I0924 17:07:17.435590 702812 rt_engine.h:159] Parm size: 152
I0924 17:07:17.435597 702812 rt_engine.cu:554] optixLaunch, [w,h,d] = 14003828,1,1
I0924 17:07:17.458956 702812 rt_engine.h:159] Parm size: 152
I0924 17:07:17.458961 702812 rt_engine.cu:554] optixLaunch, [w,h,d] = 14003828,1,1
I0924 17:07:17.482323 702812 rt_engine.h:159] Parm size: 152
I0924 17:07:17.482331 702812 rt_engine.cu:554] optixLaunch, [w,h,d] = 14003828,1,1
I0924 17:07:17.505683 702812 rt_engine.h:159] Parm size: 152
I0924 17:07:17.505690 702812 rt_engine.cu:554] optixLaunch, [w,h,d] = 14003828,1,1
Timing results:
 - Read map: 725.35 ms

 - Create Context: 0.00190735 ms

 - Generate Workloads: 5906.07 ms

 - Create App: 89.6258 ms

 - Init: 0.0660419 ms

 - Adaptive Grouping: 4.92907 ms

 - Build Index: 73.3099 ms

 - Warmup: 117.297 ms

 - Query: 23.3606 ms

 - Cleanup: 12.027 ms

