/local/storage/liang/.clion/RayJoin/cmake-build-release-dl190/bin/query_exec -poly1 /local/storage/liang/Downloads/Datasets/point_cdb/USACensusBlockGroupBoundaries/USACensusBlockGroupBoundaries_Point.cdb              -poly2 /local/storage/liang/Downloads/Datasets/point_cdb/USADetailedWaterBodies/USADetailedWaterBodies_Point.cdb              -serialize=/dev/shm              -mode=rt              -v=1              -query=pip              -seed=1              -xsect_factor 0.1              -sample_map_id=1              -sample=map              -sample_rate=1.0              -warmup=5              -repeat=5              -enlarge=5
I0924 16:42:21.945966 690300 planar_graph.h:216] Map /dev/shm/-local-storage-liang-Downloads-Datasets-point_cdb-USACensusBlockGroupBoundaries-USACensusBlockGroupBoundaries_Point.cdb.bin is deserialized, chains: 872624 points: 29345959 edges: 28473335
I0924 16:42:22.661649 690300 planar_graph.h:216] Map /dev/shm/-local-storage-liang-Downloads-Datasets-point_cdb-USADetailedWaterBodies-USADetailedWaterBodies_Point.cdb.bin is deserialized, chains: 2442900 points: 28007655 edges: 25564755
I0924 16:42:22.661685 690300 context.h:51] Bounding Box, Bottom-left: (-179.149, 18.9107), Top-right: (-66.9496, 71.3652)
I0924 16:42:22.661705 690300 context.h:58] Scaled Bounding Box, Bottom-left: (-69136359329185, -67784245771247), Top-right: (69136359329184, 67784245771246)
I0924 16:42:22.661706 690300 context.h:61] Unscaled Bounding Box, Bottom-left: (-179.149, 18.9107), Top-right: (-66.9496, 71.3652)
I0924 16:42:27.106930 690300 run_query.cu:348] Sampling map, sample rate: 1, seed: 1
I0924 16:42:27.922935 690300 planar_graph.h:310] Map is sampled, chains: 2442900 points: 28007655 edges: 25564755
I0924 16:42:28.060972 690300 rt_engine.cu:282] Info: Pipeline statistics
	module(s)                            :     1
	entry function(s)                    :     2
	trace call(s)                        :     1
	continuation callable call(s)        :     0
	direct callable call(s)              :     0
	basic block(s) in entry functions    :    67
	instruction(s) in entry functions    :  1011
	non-entry function(s)                :     1
	basic block(s) in non-entry functions:     1
	instruction(s) in non-entry functions:     1
	debug information                    :    no
I0924 16:42:28.065982 690300 rt_engine.cu:282] Info: Pipeline statistics
	module(s)                            :     1
	entry function(s)                    :     2
	trace call(s)                        :     1
	continuation callable call(s)        :     0
	direct callable call(s)              :     0
	basic block(s) in entry functions    :    43
	instruction(s) in entry functions    :   831
	non-entry function(s)                :     1
	basic block(s) in non-entry functions:     1
	instruction(s) in non-entry functions:     1
	debug information                    :    no
I0924 16:42:28.081701 690300 primitive.h:252] Enlarge limit: 5 ne: 28473335 aabbs: 2189670 Compress ratio: 0.923097 Time: 14.959 ms
I0924 16:42:28.081748 690300 rt_engine.cu:397] Building AS, num prims: 2189670, Required Temp Size: 166759168 Output Size: 81927680
I0924 16:42:28.088848 690300 rt_engine.h:159] Parm size: 152
I0924 16:42:28.088866 690300 rt_engine.cu:554] optixLaunch, [w,h,d] = 28007655,1,1
I0924 16:42:28.130539 690300 rt_engine.h:159] Parm size: 152
I0924 16:42:28.130546 690300 rt_engine.cu:554] optixLaunch, [w,h,d] = 28007655,1,1
I0924 16:42:28.171905 690300 rt_engine.h:159] Parm size: 152
I0924 16:42:28.171911 690300 rt_engine.cu:554] optixLaunch, [w,h,d] = 28007655,1,1
I0924 16:42:28.213263 690300 rt_engine.h:159] Parm size: 152
I0924 16:42:28.213269 690300 rt_engine.cu:554] optixLaunch, [w,h,d] = 28007655,1,1
I0924 16:42:28.252858 690300 rt_engine.h:159] Parm size: 152
I0924 16:42:28.252866 690300 rt_engine.cu:554] optixLaunch, [w,h,d] = 28007655,1,1
I0924 16:42:28.289991 690300 rt_engine.h:159] Parm size: 152
I0924 16:42:28.289999 690300 rt_engine.cu:554] optixLaunch, [w,h,d] = 28007655,1,1
I0924 16:42:28.327127 690300 rt_engine.h:159] Parm size: 152
I0924 16:42:28.327133 690300 rt_engine.cu:554] optixLaunch, [w,h,d] = 28007655,1,1
I0924 16:42:28.364252 690300 rt_engine.h:159] Parm size: 152
I0924 16:42:28.364259 690300 rt_engine.cu:554] optixLaunch, [w,h,d] = 28007655,1,1
I0924 16:42:28.401381 690300 rt_engine.h:159] Parm size: 152
I0924 16:42:28.401387 690300 rt_engine.cu:554] optixLaunch, [w,h,d] = 28007655,1,1
I0924 16:42:28.438504 690300 rt_engine.h:159] Parm size: 152
I0924 16:42:28.438510 690300 rt_engine.cu:554] optixLaunch, [w,h,d] = 28007655,1,1
I0924 16:42:28.475955 690300 uniform_grid.h:267] Creating the uniform grid, resolution: 2048, Size: 112 MB
I0924 16:42:28.478988 690300 uniform_grid.h:323] Total Edges in the grid: 29125993, Size: 222 MB
I0924 16:42:28.485078 690300 run_query.cu:32] Checking point in polygon
I0924 16:42:28.821871 690300 run_query.cu:95] Map: 0 passed check
Timing results:
 - Read map: 722.904 ms

 - Create Context: 0.000953674 ms

 - Generate Workloads: 6037.36 ms

 - Create App: 83.113 ms

 - Init: 0.0779629 ms

 - Adaptive Grouping: 14.9822 ms

 - Build Index: 6.82282 ms

 - Warmup: 201.315 ms

 - Query: 37.1274 ms

 - Check: 387.424 ms

 - Cleanup: 9.50003 ms

