/local/storage/liang/.clion/RayJoin/cmake-build-release-dl190/bin/query_exec -poly1 /local/storage/liang/Downloads/Datasets/point_cdb/USACensusBlockGroupBoundaries/USACensusBlockGroupBoundaries_Point.cdb              -poly2 /local/storage/liang/Downloads/Datasets/point_cdb/USADetailedWaterBodies/USADetailedWaterBodies_Point.cdb              -serialize=/dev/shm              -mode=rt              -v=1              -query=pip              -seed=1              -xsect_factor 0.1              -sample_map_id=1              -sample=points              -sample_rate=1.0              -warmup=5              -repeat=5              -ag=0              -check=false
I1012 17:22:29.237772 2538458 planar_graph.h:216] Map /dev/shm/-local-storage-liang-Downloads-Datasets-point_cdb-USACensusBlockGroupBoundaries-USACensusBlockGroupBoundaries_Point.cdb.bin is deserialized, chains: 872624 points: 29345959 edges: 28473335
I1012 17:22:29.979776 2538458 planar_graph.h:216] Map /dev/shm/-local-storage-liang-Downloads-Datasets-point_cdb-USADetailedWaterBodies-USADetailedWaterBodies_Point.cdb.bin is deserialized, chains: 2442900 points: 28007655 edges: 25564755
I1012 17:22:29.979818 2538458 context.h:51] Bounding Box, Bottom-left: (-179.149, 18.9107), Top-right: (-66.9496, 71.3652)
I1012 17:22:29.979835 2538458 context.h:58] Scaled Bounding Box, Bottom-left: (-69136359329185, -67784245771247), Top-right: (69136359329184, 67784245771246)
I1012 17:22:29.979837 2538458 context.h:61] Unscaled Bounding Box, Bottom-left: (-179.149, 18.9107), Top-right: (-66.9496, 71.3652)
I1012 17:22:35.382413 2538458 run_query.cu:400] Sampling points, sample rate: 1, seed: 1 Points: 28007656
I1012 17:22:35.530543 2538458 rt_engine.cu:282] Info: Pipeline statistics
	module(s)                            :     1
	entry function(s)                    :     2
	trace call(s)                        :     1
	continuation callable call(s)        :     0
	direct callable call(s)              :     0
	basic block(s) in entry functions    :    67
	instruction(s) in entry functions    :  1011
	non-entry function(s)                :     1
	basic block(s) in non-entry functions:     1
	instruction(s) in non-entry functions:     1
	debug information                    :    no
I1012 17:22:35.535506 2538458 rt_engine.cu:282] Info: Pipeline statistics
	module(s)                            :     1
	entry function(s)                    :     2
	trace call(s)                        :     1
	continuation callable call(s)        :     0
	direct callable call(s)              :     0
	basic block(s) in entry functions    :    43
	instruction(s) in entry functions    :   831
	non-entry function(s)                :     1
	basic block(s) in non-entry functions:     1
	instruction(s) in non-entry functions:     1
	debug information                    :    no
I1012 17:22:35.541635 2538458 rt_engine.cu:397] Building AS, num prims: 28473335, Required Temp Size: 2168424320 Output Size: 1065310208
I1012 17:22:35.614900 2538458 rt_engine.h:159] Parm size: 152
I1012 17:22:35.614919 2538458 rt_engine.cu:554] optixLaunch, [w,h,d] = 28007656,1,1
I1012 17:22:35.662250 2538458 rt_engine.h:159] Parm size: 152
I1012 17:22:35.662258 2538458 rt_engine.cu:554] optixLaunch, [w,h,d] = 28007656,1,1
I1012 17:22:35.708860 2538458 rt_engine.h:159] Parm size: 152
I1012 17:22:35.708868 2538458 rt_engine.cu:554] optixLaunch, [w,h,d] = 28007656,1,1
I1012 17:22:35.755584 2538458 rt_engine.h:159] Parm size: 152
I1012 17:22:35.755591 2538458 rt_engine.cu:554] optixLaunch, [w,h,d] = 28007656,1,1
I1012 17:22:35.802381 2538458 rt_engine.h:159] Parm size: 152
I1012 17:22:35.802386 2538458 rt_engine.cu:554] optixLaunch, [w,h,d] = 28007656,1,1
I1012 17:22:35.849220 2538458 rt_engine.h:159] Parm size: 152
I1012 17:22:35.849226 2538458 rt_engine.cu:554] optixLaunch, [w,h,d] = 28007656,1,1
I1012 17:22:35.896051 2538458 rt_engine.h:159] Parm size: 152
I1012 17:22:35.896059 2538458 rt_engine.cu:554] optixLaunch, [w,h,d] = 28007656,1,1
I1012 17:22:35.942896 2538458 rt_engine.h:159] Parm size: 152
I1012 17:22:35.942903 2538458 rt_engine.cu:554] optixLaunch, [w,h,d] = 28007656,1,1
I1012 17:22:35.989735 2538458 rt_engine.h:159] Parm size: 152
I1012 17:22:35.989742 2538458 rt_engine.cu:554] optixLaunch, [w,h,d] = 28007656,1,1
I1012 17:22:36.036562 2538458 rt_engine.h:159] Parm size: 152
I1012 17:22:36.036572 2538458 rt_engine.cu:554] optixLaunch, [w,h,d] = 28007656,1,1
Timing results:
 - Read map: 756.762 ms

 - Create Context: 0.00119209 ms

 - Generate Workloads: 6199.57 ms

 - Create App: 97.3551 ms

 - Init: 0.497818 ms

 - Adaptive Grouping: 4.98319 ms

 - Build Index: 72.9759 ms

 - Warmup: 234.503 ms

 - Query: 46.8336 ms

 - Cleanup: 12.064 ms

