/local/storage/liang/.clion/RayJoin/cmake-build-release-dl190/bin/query_exec -poly1 /local/storage/liang/Downloads/Datasets/point_cdb/USACensusBlockGroupBoundaries/USACensusBlockGroupBoundaries_Point.cdb              -poly2 /local/storage/liang/Downloads/Datasets/point_cdb/USADetailedWaterBodies/USADetailedWaterBodies_Point.cdb              -serialize=/dev/shm              -mode=rt              -v=1              -query=pip              -seed=1              -xsect_factor 0.1              -sample_map_id=1              -sample=map              -sample_rate=0.7              -warmup=5              -repeat=5              -enlarge=5
I0924 16:39:53.750669 689064 planar_graph.h:216] Map /dev/shm/-local-storage-liang-Downloads-Datasets-point_cdb-USACensusBlockGroupBoundaries-USACensusBlockGroupBoundaries_Point.cdb.bin is deserialized, chains: 872624 points: 29345959 edges: 28473335
I0924 16:39:54.469223 689064 planar_graph.h:216] Map /dev/shm/-local-storage-liang-Downloads-Datasets-point_cdb-USADetailedWaterBodies-USADetailedWaterBodies_Point.cdb.bin is deserialized, chains: 2442900 points: 28007655 edges: 25564755
I0924 16:39:54.469254 689064 context.h:51] Bounding Box, Bottom-left: (-179.149, 18.9107), Top-right: (-66.9496, 71.3652)
I0924 16:39:54.469273 689064 context.h:58] Scaled Bounding Box, Bottom-left: (-69136359329185, -67784245771247), Top-right: (69136359329184, 67784245771246)
I0924 16:39:54.469275 689064 context.h:61] Unscaled Bounding Box, Bottom-left: (-179.149, 18.9107), Top-right: (-66.9496, 71.3652)
I0924 16:39:58.914654 689064 run_query.cu:348] Sampling map, sample rate: 0.7, seed: 1
I0924 16:39:59.589182 689064 planar_graph.h:310] Map is sampled, chains: 2442900 points: 20699604 edges: 18256704
I0924 16:39:59.727905 689064 rt_engine.cu:282] Info: Pipeline statistics
	module(s)                            :     1
	entry function(s)                    :     2
	trace call(s)                        :     1
	continuation callable call(s)        :     0
	direct callable call(s)              :     0
	basic block(s) in entry functions    :    67
	instruction(s) in entry functions    :  1011
	non-entry function(s)                :     1
	basic block(s) in non-entry functions:     1
	instruction(s) in non-entry functions:     1
	debug information                    :    no
I0924 16:39:59.732841 689064 rt_engine.cu:282] Info: Pipeline statistics
	module(s)                            :     1
	entry function(s)                    :     2
	trace call(s)                        :     1
	continuation callable call(s)        :     0
	direct callable call(s)              :     0
	basic block(s) in entry functions    :    43
	instruction(s) in entry functions    :   831
	non-entry function(s)                :     1
	basic block(s) in non-entry functions:     1
	instruction(s) in non-entry functions:     1
	debug information                    :    no
I0924 16:39:59.747015 689064 primitive.h:252] Enlarge limit: 5 ne: 28473335 aabbs: 2189670 Compress ratio: 0.923097 Time: 13.427 ms
I0924 16:39:59.747063 689064 rt_engine.cu:397] Building AS, num prims: 2189670, Required Temp Size: 166759168 Output Size: 81927680
I0924 16:39:59.753825 689064 rt_engine.h:159] Parm size: 152
I0924 16:39:59.753842 689064 rt_engine.cu:554] optixLaunch, [w,h,d] = 28007655,1,1
I0924 16:39:59.791819 689064 rt_engine.h:159] Parm size: 152
I0924 16:39:59.791826 689064 rt_engine.cu:554] optixLaunch, [w,h,d] = 28007655,1,1
I0924 16:39:59.829205 689064 rt_engine.h:159] Parm size: 152
I0924 16:39:59.829212 689064 rt_engine.cu:554] optixLaunch, [w,h,d] = 28007655,1,1
I0924 16:39:59.866343 689064 rt_engine.h:159] Parm size: 152
I0924 16:39:59.866349 689064 rt_engine.cu:554] optixLaunch, [w,h,d] = 28007655,1,1
I0924 16:39:59.903483 689064 rt_engine.h:159] Parm size: 152
I0924 16:39:59.903491 689064 rt_engine.cu:554] optixLaunch, [w,h,d] = 28007655,1,1
I0924 16:39:59.940616 689064 rt_engine.h:159] Parm size: 152
I0924 16:39:59.940622 689064 rt_engine.cu:554] optixLaunch, [w,h,d] = 28007655,1,1
I0924 16:39:59.977761 689064 rt_engine.h:159] Parm size: 152
I0924 16:39:59.977767 689064 rt_engine.cu:554] optixLaunch, [w,h,d] = 28007655,1,1
I0924 16:40:00.014895 689064 rt_engine.h:159] Parm size: 152
I0924 16:40:00.014902 689064 rt_engine.cu:554] optixLaunch, [w,h,d] = 28007655,1,1
I0924 16:40:00.052029 689064 rt_engine.h:159] Parm size: 152
I0924 16:40:00.052037 689064 rt_engine.cu:554] optixLaunch, [w,h,d] = 28007655,1,1
I0924 16:40:00.089164 689064 rt_engine.h:159] Parm size: 152
I0924 16:40:00.089170 689064 rt_engine.cu:554] optixLaunch, [w,h,d] = 28007655,1,1
I0924 16:40:00.126621 689064 uniform_grid.h:267] Creating the uniform grid, resolution: 2048, Size: 112 MB
I0924 16:40:00.129657 689064 uniform_grid.h:323] Total Edges in the grid: 29125993, Size: 222 MB
I0924 16:40:00.135716 689064 run_query.cu:32] Checking point in polygon
I0924 16:40:00.471889 689064 run_query.cu:95] Map: 0 passed check
Timing results:
 - Read map: 732.121 ms

 - Create Context: 0.00214577 ms

 - Generate Workloads: 5899.35 ms

 - Create App: 83.2889 ms

 - Init: 0.0779629 ms

 - Adaptive Grouping: 13.4492 ms

 - Build Index: 6.48594 ms

 - Warmup: 186.963 ms

 - Query: 37.1356 ms

 - Check: 386.662 ms

 - Cleanup: 9.49597 ms

