/local/storage/liang/.clion/RayJoin/cmake-build-release-dl190/bin/query_exec -poly1 /local/storage/liang/Downloads/Datasets/point_cdb/USACensusBlockGroupBoundaries/USACensusBlockGroupBoundaries_Point.cdb              -poly2 /local/storage/liang/Downloads/Datasets/point_cdb/USADetailedWaterBodies/USADetailedWaterBodies_Point.cdb              -serialize=/dev/shm              -mode=rt              -v=1              -query=pip              -seed=1              -xsect_factor 0.1              -sample_map_id=1              -sample=points              -sample_rate=0.2              -warmup=5              -repeat=5              -ag=0              -check=false
I1012 17:19:38.126864 2536905 planar_graph.h:216] Map /dev/shm/-local-storage-liang-Downloads-Datasets-point_cdb-USACensusBlockGroupBoundaries-USACensusBlockGroupBoundaries_Point.cdb.bin is deserialized, chains: 872624 points: 29345959 edges: 28473335
I1012 17:19:38.856262 2536905 planar_graph.h:216] Map /dev/shm/-local-storage-liang-Downloads-Datasets-point_cdb-USADetailedWaterBodies-USADetailedWaterBodies_Point.cdb.bin is deserialized, chains: 2442900 points: 28007655 edges: 25564755
I1012 17:19:38.856292 2536905 context.h:51] Bounding Box, Bottom-left: (-179.149, 18.9107), Top-right: (-66.9496, 71.3652)
I1012 17:19:38.856307 2536905 context.h:58] Scaled Bounding Box, Bottom-left: (-69136359329185, -67784245771247), Top-right: (69136359329184, 67784245771246)
I1012 17:19:38.856308 2536905 context.h:61] Unscaled Bounding Box, Bottom-left: (-179.149, 18.9107), Top-right: (-66.9496, 71.3652)
I1012 17:19:44.112116 2536905 run_query.cu:400] Sampling points, sample rate: 0.2, seed: 1 Points: 5601531
I1012 17:19:44.234597 2536905 rt_engine.cu:282] Info: Pipeline statistics
	module(s)                            :     1
	entry function(s)                    :     2
	trace call(s)                        :     1
	continuation callable call(s)        :     0
	direct callable call(s)              :     0
	basic block(s) in entry functions    :    67
	instruction(s) in entry functions    :  1011
	non-entry function(s)                :     1
	basic block(s) in non-entry functions:     1
	instruction(s) in non-entry functions:     1
	debug information                    :    no
I1012 17:19:44.239648 2536905 rt_engine.cu:282] Info: Pipeline statistics
	module(s)                            :     1
	entry function(s)                    :     2
	trace call(s)                        :     1
	continuation callable call(s)        :     0
	direct callable call(s)              :     0
	basic block(s) in entry functions    :    43
	instruction(s) in entry functions    :   831
	non-entry function(s)                :     1
	basic block(s) in non-entry functions:     1
	instruction(s) in non-entry functions:     1
	debug information                    :    no
I1012 17:19:44.245694 2536905 rt_engine.cu:397] Building AS, num prims: 28473335, Required Temp Size: 2168424320 Output Size: 1065310208
I1012 17:19:44.318096 2536905 rt_engine.h:159] Parm size: 152
I1012 17:19:44.318117 2536905 rt_engine.cu:554] optixLaunch, [w,h,d] = 5601531,1,1
I1012 17:19:44.327858 2536905 rt_engine.h:159] Parm size: 152
I1012 17:19:44.327865 2536905 rt_engine.cu:554] optixLaunch, [w,h,d] = 5601531,1,1
I1012 17:19:44.337503 2536905 rt_engine.h:159] Parm size: 152
I1012 17:19:44.337510 2536905 rt_engine.cu:554] optixLaunch, [w,h,d] = 5601531,1,1
I1012 17:19:44.346781 2536905 rt_engine.h:159] Parm size: 152
I1012 17:19:44.346787 2536905 rt_engine.cu:554] optixLaunch, [w,h,d] = 5601531,1,1
I1012 17:19:44.356030 2536905 rt_engine.h:159] Parm size: 152
I1012 17:19:44.356036 2536905 rt_engine.cu:554] optixLaunch, [w,h,d] = 5601531,1,1
I1012 17:19:44.365280 2536905 rt_engine.h:159] Parm size: 152
I1012 17:19:44.365288 2536905 rt_engine.cu:554] optixLaunch, [w,h,d] = 5601531,1,1
I1012 17:19:44.374581 2536905 rt_engine.h:159] Parm size: 152
I1012 17:19:44.374588 2536905 rt_engine.cu:554] optixLaunch, [w,h,d] = 5601531,1,1
I1012 17:19:44.383873 2536905 rt_engine.h:159] Parm size: 152
I1012 17:19:44.383880 2536905 rt_engine.cu:554] optixLaunch, [w,h,d] = 5601531,1,1
I1012 17:19:44.393165 2536905 rt_engine.h:159] Parm size: 152
I1012 17:19:44.393172 2536905 rt_engine.cu:554] optixLaunch, [w,h,d] = 5601531,1,1
I1012 17:19:44.402457 2536905 rt_engine.h:159] Parm size: 152
I1012 17:19:44.402464 2536905 rt_engine.cu:554] optixLaunch, [w,h,d] = 5601531,1,1
Timing results:
 - Read map: 743.174 ms

 - Create Context: 0.00190735 ms

 - Generate Workloads: 6016.61 ms

 - Create App: 96.5972 ms

 - Init: 0.460863 ms

 - Adaptive Grouping: 4.951 ms

 - Build Index: 72.32 ms

 - Warmup: 47.262 ms

 - Query: 9.29341 ms

 - Cleanup: 11.116 ms

