/local/storage/liang/.clion/RayJoin/cmake-build-release-dl190/bin/query_exec -poly1 /local/storage/liang/Downloads/Datasets/point_cdb/USACensusBlockGroupBoundaries/USACensusBlockGroupBoundaries_Point.cdb              -poly2 /local/storage/liang/Downloads/Datasets/point_cdb/USADetailedWaterBodies/USADetailedWaterBodies_Point.cdb              -serialize=/dev/shm              -mode=rt              -v=1              -query=pip              -seed=1              -xsect_factor 0.1              -sample_map_id=1              -sample=points              -sample_rate=0.1              -warmup=5              -repeat=5              -enlarge=1              -check=false
I0924 17:04:28.223186 701396 planar_graph.h:216] Map /dev/shm/-local-storage-liang-Downloads-Datasets-point_cdb-USACensusBlockGroupBoundaries-USACensusBlockGroupBoundaries_Point.cdb.bin is deserialized, chains: 872624 points: 29345959 edges: 28473335
I0924 17:04:28.939971 701396 planar_graph.h:216] Map /dev/shm/-local-storage-liang-Downloads-Datasets-point_cdb-USADetailedWaterBodies-USADetailedWaterBodies_Point.cdb.bin is deserialized, chains: 2442900 points: 28007655 edges: 25564755
I0924 17:04:28.940007 701396 context.h:51] Bounding Box, Bottom-left: (-179.149, 18.9107), Top-right: (-66.9496, 71.3652)
I0924 17:04:28.940022 701396 context.h:58] Scaled Bounding Box, Bottom-left: (-69136359329185, -67784245771247), Top-right: (69136359329184, 67784245771246)
I0924 17:04:28.940024 701396 context.h:61] Unscaled Bounding Box, Bottom-left: (-179.149, 18.9107), Top-right: (-66.9496, 71.3652)
I0924 17:04:34.048413 701396 run_query.cu:394] Sampling points, sample rate: 0.1, seed: 1 Points: 2800765
I0924 17:04:34.172024 701396 rt_engine.cu:282] Info: Pipeline statistics
	module(s)                            :     1
	entry function(s)                    :     2
	trace call(s)                        :     1
	continuation callable call(s)        :     0
	direct callable call(s)              :     0
	basic block(s) in entry functions    :    67
	instruction(s) in entry functions    :  1011
	non-entry function(s)                :     1
	basic block(s) in non-entry functions:     1
	instruction(s) in non-entry functions:     1
	debug information                    :    no
I0924 17:04:34.177012 701396 rt_engine.cu:282] Info: Pipeline statistics
	module(s)                            :     1
	entry function(s)                    :     2
	trace call(s)                        :     1
	continuation callable call(s)        :     0
	direct callable call(s)              :     0
	basic block(s) in entry functions    :    43
	instruction(s) in entry functions    :   831
	non-entry function(s)                :     1
	basic block(s) in non-entry functions:     1
	instruction(s) in non-entry functions:     1
	debug information                    :    no
I0924 17:04:34.182624 701396 primitive.h:252] Enlarge limit: 1 ne: 28473335 aabbs: 28471769 Compress ratio: 5.49988e-05 Time: 4.888 ms
I0924 17:04:34.182672 701396 rt_engine.cu:397] Building AS, num prims: 28471769, Required Temp Size: 2168305280 Output Size: 1065251584
I0924 17:04:34.255204 701396 rt_engine.h:159] Parm size: 152
I0924 17:04:34.255223 701396 rt_engine.cu:554] optixLaunch, [w,h,d] = 2800765,1,1
I0924 17:04:34.260154 701396 rt_engine.h:159] Parm size: 152
I0924 17:04:34.260160 701396 rt_engine.cu:554] optixLaunch, [w,h,d] = 2800765,1,1
I0924 17:04:34.265105 701396 rt_engine.h:159] Parm size: 152
I0924 17:04:34.265112 701396 rt_engine.cu:554] optixLaunch, [w,h,d] = 2800765,1,1
I0924 17:04:34.270054 701396 rt_engine.h:159] Parm size: 152
I0924 17:04:34.270061 701396 rt_engine.cu:554] optixLaunch, [w,h,d] = 2800765,1,1
I0924 17:04:34.274873 701396 rt_engine.h:159] Parm size: 152
I0924 17:04:34.274881 701396 rt_engine.cu:554] optixLaunch, [w,h,d] = 2800765,1,1
I0924 17:04:34.279552 701396 rt_engine.h:159] Parm size: 152
I0924 17:04:34.279559 701396 rt_engine.cu:554] optixLaunch, [w,h,d] = 2800765,1,1
I0924 17:04:34.284225 701396 rt_engine.h:159] Parm size: 152
I0924 17:04:34.284232 701396 rt_engine.cu:554] optixLaunch, [w,h,d] = 2800765,1,1
I0924 17:04:34.288900 701396 rt_engine.h:159] Parm size: 152
I0924 17:04:34.288906 701396 rt_engine.cu:554] optixLaunch, [w,h,d] = 2800765,1,1
I0924 17:04:34.293591 701396 rt_engine.h:159] Parm size: 152
I0924 17:04:34.293597 701396 rt_engine.cu:554] optixLaunch, [w,h,d] = 2800765,1,1
I0924 17:04:34.298285 701396 rt_engine.h:159] Parm size: 152
I0924 17:04:34.298292 701396 rt_engine.cu:554] optixLaunch, [w,h,d] = 2800765,1,1
Timing results:
 - Read map: 729.323 ms

 - Create Context: 0.00119209 ms

 - Generate Workloads: 5852.68 ms

 - Create App: 101.64 ms

 - Init: 0.0391006 ms

 - Adaptive Grouping: 4.9119 ms

 - Build Index: 72.4871 ms

 - Warmup: 24.4019 ms

 - Query: 4.68783 ms

 - Cleanup: 10.91 ms

