/local/storage/liang/.clion/RayJoin/cmake-build-release-dl190/bin/query_exec -poly1 /local/storage/liang/Downloads/Datasets/point_cdb/USACensusBlockGroupBoundaries/USACensusBlockGroupBoundaries_Point.cdb              -poly2 /local/storage/liang/Downloads/Datasets/point_cdb/USADetailedWaterBodies/USADetailedWaterBodies_Point.cdb              -serialize=/dev/shm              -mode=rt              -v=1              -query=pip              -seed=1              -xsect_factor 0.1              -sample_map_id=1              -sample=map              -sample_rate=0.4              -warmup=5              -repeat=5              -enlarge=5
I0924 16:37:29.804023 687869 planar_graph.h:216] Map /dev/shm/-local-storage-liang-Downloads-Datasets-point_cdb-USACensusBlockGroupBoundaries-USACensusBlockGroupBoundaries_Point.cdb.bin is deserialized, chains: 872624 points: 29345959 edges: 28473335
I0924 16:37:30.521210 687869 planar_graph.h:216] Map /dev/shm/-local-storage-liang-Downloads-Datasets-point_cdb-USADetailedWaterBodies-USADetailedWaterBodies_Point.cdb.bin is deserialized, chains: 2442900 points: 28007655 edges: 25564755
I0924 16:37:30.521245 687869 context.h:51] Bounding Box, Bottom-left: (-179.149, 18.9107), Top-right: (-66.9496, 71.3652)
I0924 16:37:30.521262 687869 context.h:58] Scaled Bounding Box, Bottom-left: (-69136359329185, -67784245771247), Top-right: (69136359329184, 67784245771246)
I0924 16:37:30.521265 687869 context.h:61] Unscaled Bounding Box, Bottom-left: (-179.149, 18.9107), Top-right: (-66.9496, 71.3652)
I0924 16:37:34.953274 687869 run_query.cu:348] Sampling map, sample rate: 0.4, seed: 1
I0924 16:37:35.393741 687869 planar_graph.h:310] Map is sampled, chains: 2442900 points: 14178883 edges: 11735983
I0924 16:37:35.514809 687869 rt_engine.cu:282] Info: Pipeline statistics
	module(s)                            :     1
	entry function(s)                    :     2
	trace call(s)                        :     1
	continuation callable call(s)        :     0
	direct callable call(s)              :     0
	basic block(s) in entry functions    :    67
	instruction(s) in entry functions    :  1011
	non-entry function(s)                :     1
	basic block(s) in non-entry functions:     1
	instruction(s) in non-entry functions:     1
	debug information                    :    no
I0924 16:37:35.519949 687869 rt_engine.cu:282] Info: Pipeline statistics
	module(s)                            :     1
	entry function(s)                    :     2
	trace call(s)                        :     1
	continuation callable call(s)        :     0
	direct callable call(s)              :     0
	basic block(s) in entry functions    :    43
	instruction(s) in entry functions    :   831
	non-entry function(s)                :     1
	basic block(s) in non-entry functions:     1
	instruction(s) in non-entry functions:     1
	debug information                    :    no
I0924 16:37:35.534096 687869 primitive.h:252] Enlarge limit: 5 ne: 28473335 aabbs: 2189670 Compress ratio: 0.923097 Time: 13.429 ms
I0924 16:37:35.534157 687869 rt_engine.cu:397] Building AS, num prims: 2189670, Required Temp Size: 166759168 Output Size: 81927680
I0924 16:37:35.540899 687869 rt_engine.h:159] Parm size: 152
I0924 16:37:35.540915 687869 rt_engine.cu:554] optixLaunch, [w,h,d] = 28007655,1,1
I0924 16:37:35.578645 687869 rt_engine.h:159] Parm size: 152
I0924 16:37:35.578652 687869 rt_engine.cu:554] optixLaunch, [w,h,d] = 28007655,1,1
I0924 16:37:35.615806 687869 rt_engine.h:159] Parm size: 152
I0924 16:37:35.615813 687869 rt_engine.cu:554] optixLaunch, [w,h,d] = 28007655,1,1
I0924 16:37:35.652915 687869 rt_engine.h:159] Parm size: 152
I0924 16:37:35.652922 687869 rt_engine.cu:554] optixLaunch, [w,h,d] = 28007655,1,1
I0924 16:37:35.690022 687869 rt_engine.h:159] Parm size: 152
I0924 16:37:35.690029 687869 rt_engine.cu:554] optixLaunch, [w,h,d] = 28007655,1,1
I0924 16:37:35.727123 687869 rt_engine.h:159] Parm size: 152
I0924 16:37:35.727130 687869 rt_engine.cu:554] optixLaunch, [w,h,d] = 28007655,1,1
I0924 16:37:35.764230 687869 rt_engine.h:159] Parm size: 152
I0924 16:37:35.764236 687869 rt_engine.cu:554] optixLaunch, [w,h,d] = 28007655,1,1
I0924 16:37:35.801333 687869 rt_engine.h:159] Parm size: 152
I0924 16:37:35.801339 687869 rt_engine.cu:554] optixLaunch, [w,h,d] = 28007655,1,1
I0924 16:37:35.838426 687869 rt_engine.h:159] Parm size: 152
I0924 16:37:35.838433 687869 rt_engine.cu:554] optixLaunch, [w,h,d] = 28007655,1,1
I0924 16:37:35.875530 687869 rt_engine.h:159] Parm size: 152
I0924 16:37:35.875535 687869 rt_engine.cu:554] optixLaunch, [w,h,d] = 28007655,1,1
I0924 16:37:35.913199 687869 uniform_grid.h:267] Creating the uniform grid, resolution: 2048, Size: 112 MB
I0924 16:37:35.916260 687869 uniform_grid.h:323] Total Edges in the grid: 29125993, Size: 222 MB
I0924 16:37:35.922317 687869 run_query.cu:32] Checking point in polygon
I0924 16:37:36.257539 687869 run_query.cu:95] Map: 0 passed check
Timing results:
 - Read map: 735.771 ms

 - Create Context: 0.000953674 ms

 - Generate Workloads: 5635.78 ms

 - Create App: 80.595 ms

 - Init: 0.0801086 ms

 - Adaptive Grouping: 13.4518 ms

 - Build Index: 6.48022 ms

 - Warmup: 186.396 ms

 - Query: 37.1516 ms

 - Check: 385.444 ms

 - Cleanup: 9.49597 ms

