/local/storage/liang/.clion/RayJoin/cmake-build-release-dl190/bin/query_exec -poly1 /local/storage/liang/Downloads/Datasets/point_cdb/USACensusBlockGroupBoundaries/USACensusBlockGroupBoundaries_Point.cdb              -poly2 /local/storage/liang/Downloads/Datasets/point_cdb/USADetailedWaterBodies/USADetailedWaterBodies_Point.cdb              -serialize=/dev/shm              -mode=rt              -v=1              -query=pip              -seed=1              -xsect_factor 0.1              -sample_map_id=1              -sample=points              -sample_rate=0.4              -warmup=5              -repeat=5              -enlarge=1              -check=false
I0924 17:06:29.910216 702455 planar_graph.h:216] Map /dev/shm/-local-storage-liang-Downloads-Datasets-point_cdb-USACensusBlockGroupBoundaries-USACensusBlockGroupBoundaries_Point.cdb.bin is deserialized, chains: 872624 points: 29345959 edges: 28473335
I0924 17:06:30.628679 702455 planar_graph.h:216] Map /dev/shm/-local-storage-liang-Downloads-Datasets-point_cdb-USADetailedWaterBodies-USADetailedWaterBodies_Point.cdb.bin is deserialized, chains: 2442900 points: 28007655 edges: 25564755
I0924 17:06:30.628715 702455 context.h:51] Bounding Box, Bottom-left: (-179.149, 18.9107), Top-right: (-66.9496, 71.3652)
I0924 17:06:30.628731 702455 context.h:58] Scaled Bounding Box, Bottom-left: (-69136359329185, -67784245771247), Top-right: (69136359329184, 67784245771246)
I0924 17:06:30.628733 702455 context.h:61] Unscaled Bounding Box, Bottom-left: (-179.149, 18.9107), Top-right: (-66.9496, 71.3652)
I0924 17:06:35.781599 702455 run_query.cu:394] Sampling points, sample rate: 0.4, seed: 1 Points: 11203063
I0924 17:06:35.903493 702455 rt_engine.cu:282] Info: Pipeline statistics
	module(s)                            :     1
	entry function(s)                    :     2
	trace call(s)                        :     1
	continuation callable call(s)        :     0
	direct callable call(s)              :     0
	basic block(s) in entry functions    :    67
	instruction(s) in entry functions    :  1011
	non-entry function(s)                :     1
	basic block(s) in non-entry functions:     1
	instruction(s) in non-entry functions:     1
	debug information                    :    no
I0924 17:06:35.908440 702455 rt_engine.cu:282] Info: Pipeline statistics
	module(s)                            :     1
	entry function(s)                    :     2
	trace call(s)                        :     1
	continuation callable call(s)        :     0
	direct callable call(s)              :     0
	basic block(s) in entry functions    :    43
	instruction(s) in entry functions    :   831
	non-entry function(s)                :     1
	basic block(s) in non-entry functions:     1
	instruction(s) in non-entry functions:     1
	debug information                    :    no
I0924 17:06:35.914374 702455 primitive.h:252] Enlarge limit: 1 ne: 28473335 aabbs: 28471769 Compress ratio: 5.49988e-05 Time: 5.188 ms
I0924 17:06:35.914420 702455 rt_engine.cu:397] Building AS, num prims: 28471769, Required Temp Size: 2168305280 Output Size: 1065251584
I0924 17:06:35.988828 702455 rt_engine.h:159] Parm size: 152
I0924 17:06:35.988847 702455 rt_engine.cu:554] optixLaunch, [w,h,d] = 11203063,1,1
I0924 17:06:36.008622 702455 rt_engine.h:159] Parm size: 152
I0924 17:06:36.008630 702455 rt_engine.cu:554] optixLaunch, [w,h,d] = 11203063,1,1
I0924 17:06:36.027493 702455 rt_engine.h:159] Parm size: 152
I0924 17:06:36.027500 702455 rt_engine.cu:554] optixLaunch, [w,h,d] = 11203063,1,1
I0924 17:06:36.046381 702455 rt_engine.h:159] Parm size: 152
I0924 17:06:36.046388 702455 rt_engine.cu:554] optixLaunch, [w,h,d] = 11203063,1,1
I0924 17:06:36.065258 702455 rt_engine.h:159] Parm size: 152
I0924 17:06:36.065265 702455 rt_engine.cu:554] optixLaunch, [w,h,d] = 11203063,1,1
I0924 17:06:36.084131 702455 rt_engine.h:159] Parm size: 152
I0924 17:06:36.084137 702455 rt_engine.cu:554] optixLaunch, [w,h,d] = 11203063,1,1
I0924 17:06:36.103003 702455 rt_engine.h:159] Parm size: 152
I0924 17:06:36.103009 702455 rt_engine.cu:554] optixLaunch, [w,h,d] = 11203063,1,1
I0924 17:06:36.121877 702455 rt_engine.h:159] Parm size: 152
I0924 17:06:36.121884 702455 rt_engine.cu:554] optixLaunch, [w,h,d] = 11203063,1,1
I0924 17:06:36.140758 702455 rt_engine.h:159] Parm size: 152
I0924 17:06:36.140764 702455 rt_engine.cu:554] optixLaunch, [w,h,d] = 11203063,1,1
I0924 17:06:36.159654 702455 rt_engine.h:159] Parm size: 152
I0924 17:06:36.159660 702455 rt_engine.cu:554] optixLaunch, [w,h,d] = 11203063,1,1
Timing results:
 - Read map: 717.951 ms

 - Create Context: 0.00119209 ms

 - Generate Workloads: 5906.22 ms

 - Create App: 92.484 ms

 - Init: 0.0600815 ms

 - Adaptive Grouping: 5.20897 ms

 - Build Index: 74.286 ms

 - Warmup: 95.3951 ms

 - Query: 18.8836 ms

 - Cleanup: 12.033 ms

