/local/storage/liang/.clion/RayJoin/cmake-build-release-dl190/bin/query_exec -poly1 /local/storage/liang/Downloads/Datasets/point_cdb/USACensusBlockGroupBoundaries/USACensusBlockGroupBoundaries_Point.cdb              -poly2 /local/storage/liang/Downloads/Datasets/point_cdb/USADetailedWaterBodies/USADetailedWaterBodies_Point.cdb              -serialize=/dev/shm              -mode=rt              -v=1              -query=pip              -seed=1              -xsect_factor 0.1              -sample_map_id=1              -sample=map              -sample_rate=0.5              -warmup=5              -repeat=5              -enlarge=5
I0924 16:38:17.243256 688284 planar_graph.h:216] Map /dev/shm/-local-storage-liang-Downloads-Datasets-point_cdb-USACensusBlockGroupBoundaries-USACensusBlockGroupBoundaries_Point.cdb.bin is deserialized, chains: 872624 points: 29345959 edges: 28473335
I0924 16:38:17.957093 688284 planar_graph.h:216] Map /dev/shm/-local-storage-liang-Downloads-Datasets-point_cdb-USADetailedWaterBodies-USADetailedWaterBodies_Point.cdb.bin is deserialized, chains: 2442900 points: 28007655 edges: 25564755
I0924 16:38:17.957123 688284 context.h:51] Bounding Box, Bottom-left: (-179.149, 18.9107), Top-right: (-66.9496, 71.3652)
I0924 16:38:17.957141 688284 context.h:58] Scaled Bounding Box, Bottom-left: (-69136359329185, -67784245771247), Top-right: (69136359329184, 67784245771246)
I0924 16:38:17.957144 688284 context.h:61] Unscaled Bounding Box, Bottom-left: (-179.149, 18.9107), Top-right: (-66.9496, 71.3652)
I0924 16:38:22.409446 688284 run_query.cu:348] Sampling map, sample rate: 0.5, seed: 1
I0924 16:38:22.888278 688284 planar_graph.h:310] Map is sampled, chains: 2442900 points: 16440578 edges: 13997678
I0924 16:38:23.016274 688284 rt_engine.cu:282] Info: Pipeline statistics
	module(s)                            :     1
	entry function(s)                    :     2
	trace call(s)                        :     1
	continuation callable call(s)        :     0
	direct callable call(s)              :     0
	basic block(s) in entry functions    :    67
	instruction(s) in entry functions    :  1011
	non-entry function(s)                :     1
	basic block(s) in non-entry functions:     1
	instruction(s) in non-entry functions:     1
	debug information                    :    no
I0924 16:38:23.021255 688284 rt_engine.cu:282] Info: Pipeline statistics
	module(s)                            :     1
	entry function(s)                    :     2
	trace call(s)                        :     1
	continuation callable call(s)        :     0
	direct callable call(s)              :     0
	basic block(s) in entry functions    :    43
	instruction(s) in entry functions    :   831
	non-entry function(s)                :     1
	basic block(s) in non-entry functions:     1
	instruction(s) in non-entry functions:     1
	debug information                    :    no
I0924 16:38:23.036967 688284 primitive.h:252] Enlarge limit: 5 ne: 28473335 aabbs: 2189670 Compress ratio: 0.923097 Time: 14.961 ms
I0924 16:38:23.037014 688284 rt_engine.cu:397] Building AS, num prims: 2189670, Required Temp Size: 166759168 Output Size: 81927680
I0924 16:38:23.044185 688284 rt_engine.h:159] Parm size: 152
I0924 16:38:23.044202 688284 rt_engine.cu:554] optixLaunch, [w,h,d] = 28007655,1,1
I0924 16:38:23.085649 688284 rt_engine.h:159] Parm size: 152
I0924 16:38:23.085655 688284 rt_engine.cu:554] optixLaunch, [w,h,d] = 28007655,1,1
I0924 16:38:23.126356 688284 rt_engine.h:159] Parm size: 152
I0924 16:38:23.126363 688284 rt_engine.cu:554] optixLaunch, [w,h,d] = 28007655,1,1
I0924 16:38:23.165760 688284 rt_engine.h:159] Parm size: 152
I0924 16:38:23.165767 688284 rt_engine.cu:554] optixLaunch, [w,h,d] = 28007655,1,1
I0924 16:38:23.205168 688284 rt_engine.h:159] Parm size: 152
I0924 16:38:23.205174 688284 rt_engine.cu:554] optixLaunch, [w,h,d] = 28007655,1,1
I0924 16:38:23.244570 688284 rt_engine.h:159] Parm size: 152
I0924 16:38:23.244576 688284 rt_engine.cu:554] optixLaunch, [w,h,d] = 28007655,1,1
I0924 16:38:23.283984 688284 rt_engine.h:159] Parm size: 152
I0924 16:38:23.283991 688284 rt_engine.cu:554] optixLaunch, [w,h,d] = 28007655,1,1
I0924 16:38:23.322810 688284 rt_engine.h:159] Parm size: 152
I0924 16:38:23.322818 688284 rt_engine.cu:554] optixLaunch, [w,h,d] = 28007655,1,1
I0924 16:38:23.359915 688284 rt_engine.h:159] Parm size: 152
I0924 16:38:23.359921 688284 rt_engine.cu:554] optixLaunch, [w,h,d] = 28007655,1,1
I0924 16:38:23.397022 688284 rt_engine.h:159] Parm size: 152
I0924 16:38:23.397028 688284 rt_engine.cu:554] optixLaunch, [w,h,d] = 28007655,1,1
I0924 16:38:23.434438 688284 uniform_grid.h:267] Creating the uniform grid, resolution: 2048, Size: 112 MB
I0924 16:38:23.437469 688284 uniform_grid.h:323] Total Edges in the grid: 29125993, Size: 222 MB
I0924 16:38:23.443500 688284 run_query.cu:32] Checking point in polygon
I0924 16:38:23.780098 688284 run_query.cu:95] Map: 0 passed check
Timing results:
 - Read map: 721.159 ms

 - Create Context: 0.00214577 ms

 - Generate Workloads: 5691.95 ms

 - Create App: 86.5071 ms

 - Init: 0.0798702 ms

 - Adaptive Grouping: 14.9832 ms

 - Build Index: 6.89387 ms

 - Warmup: 200.557 ms

 - Query: 37.9096 ms

 - Check: 386.984 ms

 - Cleanup: 9.49788 ms

