/local/storage/liang/.clion/RayJoin/cmake-build-release-dl190/bin/query_exec -poly1 /local/storage/liang/Downloads/Datasets/point_cdb/USACensusBlockGroupBoundaries/USACensusBlockGroupBoundaries_Point.cdb              -poly2 /local/storage/liang/Downloads/Datasets/point_cdb/USADetailedWaterBodies/USADetailedWaterBodies_Point.cdb              -serialize=/dev/shm              -mode=rt              -v=1              -query=pip              -seed=1              -xsect_factor 0.1              -sample_map_id=1              -sample=points              -sample_rate=0.7              -warmup=5              -repeat=5              -enlarge=1              -check=false
I0924 17:08:34.914366 703533 planar_graph.h:216] Map /dev/shm/-local-storage-liang-Downloads-Datasets-point_cdb-USACensusBlockGroupBoundaries-USACensusBlockGroupBoundaries_Point.cdb.bin is deserialized, chains: 872624 points: 29345959 edges: 28473335
I0924 17:08:35.631747 703533 planar_graph.h:216] Map /dev/shm/-local-storage-liang-Downloads-Datasets-point_cdb-USADetailedWaterBodies-USADetailedWaterBodies_Point.cdb.bin is deserialized, chains: 2442900 points: 28007655 edges: 25564755
I0924 17:08:35.631783 703533 context.h:51] Bounding Box, Bottom-left: (-179.149, 18.9107), Top-right: (-66.9496, 71.3652)
I0924 17:08:35.631827 703533 context.h:58] Scaled Bounding Box, Bottom-left: (-69136359329185, -67784245771247), Top-right: (69136359329184, 67784245771246)
I0924 17:08:35.631829 703533 context.h:61] Unscaled Bounding Box, Bottom-left: (-179.149, 18.9107), Top-right: (-66.9496, 71.3652)
I0924 17:08:40.826649 703533 run_query.cu:394] Sampling points, sample rate: 0.7, seed: 1 Points: 19605358
I0924 17:08:40.956569 703533 rt_engine.cu:282] Info: Pipeline statistics
	module(s)                            :     1
	entry function(s)                    :     2
	trace call(s)                        :     1
	continuation callable call(s)        :     0
	direct callable call(s)              :     0
	basic block(s) in entry functions    :    67
	instruction(s) in entry functions    :  1011
	non-entry function(s)                :     1
	basic block(s) in non-entry functions:     1
	instruction(s) in non-entry functions:     1
	debug information                    :    no
I0924 17:08:40.961472 703533 rt_engine.cu:282] Info: Pipeline statistics
	module(s)                            :     1
	entry function(s)                    :     2
	trace call(s)                        :     1
	continuation callable call(s)        :     0
	direct callable call(s)              :     0
	basic block(s) in entry functions    :    43
	instruction(s) in entry functions    :   831
	non-entry function(s)                :     1
	basic block(s) in non-entry functions:     1
	instruction(s) in non-entry functions:     1
	debug information                    :    no
I0924 17:08:40.967243 703533 primitive.h:252] Enlarge limit: 1 ne: 28473335 aabbs: 28471769 Compress ratio: 5.49988e-05 Time: 5.011 ms
I0924 17:08:40.967289 703533 rt_engine.cu:397] Building AS, num prims: 28471769, Required Temp Size: 2168305280 Output Size: 1065251584
I0924 17:08:41.041103 703533 rt_engine.h:159] Parm size: 152
I0924 17:08:41.041122 703533 rt_engine.cu:554] optixLaunch, [w,h,d] = 19605358,1,1
I0924 17:08:41.074769 703533 rt_engine.h:159] Parm size: 152
I0924 17:08:41.074776 703533 rt_engine.cu:554] optixLaunch, [w,h,d] = 19605358,1,1
I0924 17:08:41.107594 703533 rt_engine.h:159] Parm size: 152
I0924 17:08:41.107601 703533 rt_engine.cu:554] optixLaunch, [w,h,d] = 19605358,1,1
I0924 17:08:41.140539 703533 rt_engine.h:159] Parm size: 152
I0924 17:08:41.140547 703533 rt_engine.cu:554] optixLaunch, [w,h,d] = 19605358,1,1
I0924 17:08:41.173485 703533 rt_engine.h:159] Parm size: 152
I0924 17:08:41.173493 703533 rt_engine.cu:554] optixLaunch, [w,h,d] = 19605358,1,1
I0924 17:08:41.206492 703533 rt_engine.h:159] Parm size: 152
I0924 17:08:41.206499 703533 rt_engine.cu:554] optixLaunch, [w,h,d] = 19605358,1,1
I0924 17:08:41.239516 703533 rt_engine.h:159] Parm size: 152
I0924 17:08:41.239522 703533 rt_engine.cu:554] optixLaunch, [w,h,d] = 19605358,1,1
I0924 17:08:41.272567 703533 rt_engine.h:159] Parm size: 152
I0924 17:08:41.272572 703533 rt_engine.cu:554] optixLaunch, [w,h,d] = 19605358,1,1
I0924 17:08:41.305590 703533 rt_engine.h:159] Parm size: 152
I0924 17:08:41.305596 703533 rt_engine.cu:554] optixLaunch, [w,h,d] = 19605358,1,1
I0924 17:08:41.338624 703533 rt_engine.h:159] Parm size: 152
I0924 17:08:41.338629 703533 rt_engine.cu:554] optixLaunch, [w,h,d] = 19605358,1,1
Timing results:
 - Read map: 699.564 ms

 - Create Context: 0.0150204 ms

 - Generate Workloads: 5953.71 ms

 - Create App: 93.8702 ms

 - Init: 0.0720024 ms

 - Adaptive Grouping: 5.03302 ms

 - Build Index: 73.6148 ms

 - Warmup: 165.522 ms

 - Query: 33.0348 ms

 - Cleanup: 10.9861 ms

