/local/storage/liang/.clion/RayJoin/cmake-build-release-dl190/bin/query_exec -poly1 /local/storage/liang/Downloads/Datasets/point_cdb/USACensusBlockGroupBoundaries/USACensusBlockGroupBoundaries_Point.cdb              -poly2 /local/storage/liang/Downloads/Datasets/point_cdb/USADetailedWaterBodies/USADetailedWaterBodies_Point.cdb              -serialize=/dev/shm              -mode=rt              -v=1              -query=pip              -seed=1              -xsect_factor 0.1              -sample_map_id=1              -sample=map              -sample_rate=0.9              -warmup=5              -repeat=5              -enlarge=5
I0924 16:41:32.256714 689883 planar_graph.h:216] Map /dev/shm/-local-storage-liang-Downloads-Datasets-point_cdb-USACensusBlockGroupBoundaries-USACensusBlockGroupBoundaries_Point.cdb.bin is deserialized, chains: 872624 points: 29345959 edges: 28473335
I0924 16:41:32.972689 689883 planar_graph.h:216] Map /dev/shm/-local-storage-liang-Downloads-Datasets-point_cdb-USADetailedWaterBodies-USADetailedWaterBodies_Point.cdb.bin is deserialized, chains: 2442900 points: 28007655 edges: 25564755
I0924 16:41:32.972723 689883 context.h:51] Bounding Box, Bottom-left: (-179.149, 18.9107), Top-right: (-66.9496, 71.3652)
I0924 16:41:32.972739 689883 context.h:58] Scaled Bounding Box, Bottom-left: (-69136359329185, -67784245771247), Top-right: (69136359329184, 67784245771246)
I0924 16:41:32.972741 689883 context.h:61] Unscaled Bounding Box, Bottom-left: (-179.149, 18.9107), Top-right: (-66.9496, 71.3652)
I0924 16:41:37.433877 689883 run_query.cu:348] Sampling map, sample rate: 0.9, seed: 1
I0924 16:41:38.198211 689883 planar_graph.h:310] Map is sampled, chains: 2442900 points: 25167235 edges: 22724335
I0924 16:41:38.336565 689883 rt_engine.cu:282] Info: Pipeline statistics
	module(s)                            :     1
	entry function(s)                    :     2
	trace call(s)                        :     1
	continuation callable call(s)        :     0
	direct callable call(s)              :     0
	basic block(s) in entry functions    :    67
	instruction(s) in entry functions    :  1011
	non-entry function(s)                :     1
	basic block(s) in non-entry functions:     1
	instruction(s) in non-entry functions:     1
	debug information                    :    no
I0924 16:41:38.341534 689883 rt_engine.cu:282] Info: Pipeline statistics
	module(s)                            :     1
	entry function(s)                    :     2
	trace call(s)                        :     1
	continuation callable call(s)        :     0
	direct callable call(s)              :     0
	basic block(s) in entry functions    :    43
	instruction(s) in entry functions    :   831
	non-entry function(s)                :     1
	basic block(s) in non-entry functions:     1
	instruction(s) in non-entry functions:     1
	debug information                    :    no
I0924 16:41:38.355748 689883 primitive.h:252] Enlarge limit: 5 ne: 28473335 aabbs: 2189670 Compress ratio: 0.923097 Time: 13.427 ms
I0924 16:41:38.355810 689883 rt_engine.cu:397] Building AS, num prims: 2189670, Required Temp Size: 166759168 Output Size: 81927680
I0924 16:41:38.362583 689883 rt_engine.h:159] Parm size: 152
I0924 16:41:38.362601 689883 rt_engine.cu:554] optixLaunch, [w,h,d] = 28007655,1,1
I0924 16:41:38.400543 689883 rt_engine.h:159] Parm size: 152
I0924 16:41:38.400550 689883 rt_engine.cu:554] optixLaunch, [w,h,d] = 28007655,1,1
I0924 16:41:38.437930 689883 rt_engine.h:159] Parm size: 152
I0924 16:41:38.437937 689883 rt_engine.cu:554] optixLaunch, [w,h,d] = 28007655,1,1
I0924 16:41:38.475080 689883 rt_engine.h:159] Parm size: 152
I0924 16:41:38.475085 689883 rt_engine.cu:554] optixLaunch, [w,h,d] = 28007655,1,1
I0924 16:41:38.512199 689883 rt_engine.h:159] Parm size: 152
I0924 16:41:38.512207 689883 rt_engine.cu:554] optixLaunch, [w,h,d] = 28007655,1,1
I0924 16:41:38.549329 689883 rt_engine.h:159] Parm size: 152
I0924 16:41:38.549335 689883 rt_engine.cu:554] optixLaunch, [w,h,d] = 28007655,1,1
I0924 16:41:38.586455 689883 rt_engine.h:159] Parm size: 152
I0924 16:41:38.586462 689883 rt_engine.cu:554] optixLaunch, [w,h,d] = 28007655,1,1
I0924 16:41:38.623586 689883 rt_engine.h:159] Parm size: 152
I0924 16:41:38.623593 689883 rt_engine.cu:554] optixLaunch, [w,h,d] = 28007655,1,1
I0924 16:41:38.660727 689883 rt_engine.h:159] Parm size: 152
I0924 16:41:38.660734 689883 rt_engine.cu:554] optixLaunch, [w,h,d] = 28007655,1,1
I0924 16:41:38.697860 689883 rt_engine.h:159] Parm size: 152
I0924 16:41:38.697867 689883 rt_engine.cu:554] optixLaunch, [w,h,d] = 28007655,1,1
I0924 16:41:38.735333 689883 uniform_grid.h:267] Creating the uniform grid, resolution: 2048, Size: 112 MB
I0924 16:41:38.738368 689883 uniform_grid.h:323] Total Edges in the grid: 29125993, Size: 222 MB
I0924 16:41:38.744374 689883 run_query.cu:32] Checking point in polygon
I0924 16:41:39.082156 689883 run_query.cu:95] Map: 0 passed check
Timing results:
 - Read map: 727.952 ms

 - Create Context: 0.000953674 ms

 - Generate Workloads: 6002.3 ms

 - Create App: 83.019 ms

 - Init: 0.0829697 ms

 - Adaptive Grouping: 13.453 ms

 - Build Index: 6.50716 ms

 - Warmup: 186.92 ms

 - Query: 37.1352 ms

 - Check: 389.383 ms

 - Cleanup: 10.555 ms

