/local/storage/liang/.clion/RayJoin/cmake-build-release-dl190/bin/query_exec -poly1 /local/storage/liang/Downloads/Datasets/point_cdb/USACensusBlockGroupBoundaries/USACensusBlockGroupBoundaries_Point.cdb              -poly2 /local/storage/liang/Downloads/Datasets/point_cdb/USADetailedWaterBodies/USADetailedWaterBodies_Point.cdb              -serialize=/dev/shm              -mode=rt              -v=1              -query=pip              -seed=1              -xsect_factor 0.1              -sample_map_id=1              -sample=points              -sample_rate=0.9              -warmup=5              -repeat=5              -enlarge=1              -check=false
I0924 17:10:00.133908 704273 planar_graph.h:216] Map /dev/shm/-local-storage-liang-Downloads-Datasets-point_cdb-USACensusBlockGroupBoundaries-USACensusBlockGroupBoundaries_Point.cdb.bin is deserialized, chains: 872624 points: 29345959 edges: 28473335
I0924 17:10:00.852097 704273 planar_graph.h:216] Map /dev/shm/-local-storage-liang-Downloads-Datasets-point_cdb-USADetailedWaterBodies-USADetailedWaterBodies_Point.cdb.bin is deserialized, chains: 2442900 points: 28007655 edges: 25564755
I0924 17:10:00.852129 704273 context.h:51] Bounding Box, Bottom-left: (-179.149, 18.9107), Top-right: (-66.9496, 71.3652)
I0924 17:10:00.852149 704273 context.h:58] Scaled Bounding Box, Bottom-left: (-69136359329185, -67784245771247), Top-right: (69136359329184, 67784245771246)
I0924 17:10:00.852150 704273 context.h:61] Unscaled Bounding Box, Bottom-left: (-179.149, 18.9107), Top-right: (-66.9496, 71.3652)
I0924 17:10:06.088037 704273 run_query.cu:394] Sampling points, sample rate: 0.9, seed: 1 Points: 25206890
I0924 17:10:06.220571 704273 rt_engine.cu:282] Info: Pipeline statistics
	module(s)                            :     1
	entry function(s)                    :     2
	trace call(s)                        :     1
	continuation callable call(s)        :     0
	direct callable call(s)              :     0
	basic block(s) in entry functions    :    67
	instruction(s) in entry functions    :  1011
	non-entry function(s)                :     1
	basic block(s) in non-entry functions:     1
	instruction(s) in non-entry functions:     1
	debug information                    :    no
I0924 17:10:06.225544 704273 rt_engine.cu:282] Info: Pipeline statistics
	module(s)                            :     1
	entry function(s)                    :     2
	trace call(s)                        :     1
	continuation callable call(s)        :     0
	direct callable call(s)              :     0
	basic block(s) in entry functions    :    43
	instruction(s) in entry functions    :   831
	non-entry function(s)                :     1
	basic block(s) in non-entry functions:     1
	instruction(s) in non-entry functions:     1
	debug information                    :    no
I0924 17:10:06.231197 704273 primitive.h:252] Enlarge limit: 1 ne: 28473335 aabbs: 28471769 Compress ratio: 5.49988e-05 Time: 4.906 ms
I0924 17:10:06.231267 704273 rt_engine.cu:397] Building AS, num prims: 28471769, Required Temp Size: 2168305280 Output Size: 1065251584
I0924 17:10:06.304414 704273 rt_engine.h:159] Parm size: 152
I0924 17:10:06.304431 704273 rt_engine.cu:554] optixLaunch, [w,h,d] = 25206890,1,1
I0924 17:10:06.346752 704273 rt_engine.h:159] Parm size: 152
I0924 17:10:06.346760 704273 rt_engine.cu:554] optixLaunch, [w,h,d] = 25206890,1,1
I0924 17:10:06.388320 704273 rt_engine.h:159] Parm size: 152
I0924 17:10:06.388327 704273 rt_engine.cu:554] optixLaunch, [w,h,d] = 25206890,1,1
I0924 17:10:06.429982 704273 rt_engine.h:159] Parm size: 152
I0924 17:10:06.429989 704273 rt_engine.cu:554] optixLaunch, [w,h,d] = 25206890,1,1
I0924 17:10:06.471714 704273 rt_engine.h:159] Parm size: 152
I0924 17:10:06.471721 704273 rt_engine.cu:554] optixLaunch, [w,h,d] = 25206890,1,1
I0924 17:10:06.513455 704273 rt_engine.h:159] Parm size: 152
I0924 17:10:06.513463 704273 rt_engine.cu:554] optixLaunch, [w,h,d] = 25206890,1,1
I0924 17:10:06.555202 704273 rt_engine.h:159] Parm size: 152
I0924 17:10:06.555209 704273 rt_engine.cu:554] optixLaunch, [w,h,d] = 25206890,1,1
I0924 17:10:06.596946 704273 rt_engine.h:159] Parm size: 152
I0924 17:10:06.596952 704273 rt_engine.cu:554] optixLaunch, [w,h,d] = 25206890,1,1
I0924 17:10:06.638701 704273 rt_engine.h:159] Parm size: 152
I0924 17:10:06.638708 704273 rt_engine.cu:554] optixLaunch, [w,h,d] = 25206890,1,1
I0924 17:10:06.680467 704273 rt_engine.h:159] Parm size: 152
I0924 17:10:06.680474 704273 rt_engine.cu:554] optixLaunch, [w,h,d] = 25206890,1,1
Timing results:
 - Read map: 726.936 ms

 - Create Context: 0.000953674 ms

 - Generate Workloads: 6001.28 ms

 - Create App: 90.8091 ms

 - Init: 0.0760555 ms

 - Adaptive Grouping: 4.92787 ms

 - Build Index: 72.9151 ms

 - Warmup: 209.205 ms

 - Query: 41.7454 ms

 - Cleanup: 12.0459 ms

