/local/storage/liang/.clion/RayJoin/cmake-build-release-dl190/bin/query_exec -poly1 /local/storage/liang/Downloads/Datasets/point_cdb/USACensusBlockGroupBoundaries/USACensusBlockGroupBoundaries_Point.cdb              -poly2 /local/storage/liang/Downloads/Datasets/point_cdb/USADetailedWaterBodies/USADetailedWaterBodies_Point.cdb              -serialize=/dev/shm              -mode=rt              -v=1              -query=pip              -seed=1              -xsect_factor 0.1              -sample_map_id=1              -sample=map              -sample_rate=0.8              -warmup=5              -repeat=5              -enlarge=5
I0924 16:40:42.761056 689465 planar_graph.h:216] Map /dev/shm/-local-storage-liang-Downloads-Datasets-point_cdb-USACensusBlockGroupBoundaries-USACensusBlockGroupBoundaries_Point.cdb.bin is deserialized, chains: 872624 points: 29345959 edges: 28473335
I0924 16:40:43.478018 689465 planar_graph.h:216] Map /dev/shm/-local-storage-liang-Downloads-Datasets-point_cdb-USADetailedWaterBodies-USADetailedWaterBodies_Point.cdb.bin is deserialized, chains: 2442900 points: 28007655 edges: 25564755
I0924 16:40:43.478046 689465 context.h:51] Bounding Box, Bottom-left: (-179.149, 18.9107), Top-right: (-66.9496, 71.3652)
I0924 16:40:43.478062 689465 context.h:58] Scaled Bounding Box, Bottom-left: (-69136359329185, -67784245771247), Top-right: (69136359329184, 67784245771246)
I0924 16:40:43.478065 689465 context.h:61] Unscaled Bounding Box, Bottom-left: (-179.149, 18.9107), Top-right: (-66.9496, 71.3652)
I0924 16:40:47.934055 689465 run_query.cu:348] Sampling map, sample rate: 0.8, seed: 1
I0924 16:40:48.655304 689465 planar_graph.h:310] Map is sampled, chains: 2442900 points: 23015551 edges: 20572651
I0924 16:40:48.792001 689465 rt_engine.cu:282] Info: Pipeline statistics
	module(s)                            :     1
	entry function(s)                    :     2
	trace call(s)                        :     1
	continuation callable call(s)        :     0
	direct callable call(s)              :     0
	basic block(s) in entry functions    :    67
	instruction(s) in entry functions    :  1011
	non-entry function(s)                :     1
	basic block(s) in non-entry functions:     1
	instruction(s) in non-entry functions:     1
	debug information                    :    no
I0924 16:40:48.796996 689465 rt_engine.cu:282] Info: Pipeline statistics
	module(s)                            :     1
	entry function(s)                    :     2
	trace call(s)                        :     1
	continuation callable call(s)        :     0
	direct callable call(s)              :     0
	basic block(s) in entry functions    :    43
	instruction(s) in entry functions    :   831
	non-entry function(s)                :     1
	basic block(s) in non-entry functions:     1
	instruction(s) in non-entry functions:     1
	debug information                    :    no
I0924 16:40:48.812716 689465 primitive.h:252] Enlarge limit: 5 ne: 28473335 aabbs: 2189670 Compress ratio: 0.923097 Time: 14.968 ms
I0924 16:40:48.812764 689465 rt_engine.cu:397] Building AS, num prims: 2189670, Required Temp Size: 166759168 Output Size: 81927680
I0924 16:40:48.819885 689465 rt_engine.h:159] Parm size: 152
I0924 16:40:48.819902 689465 rt_engine.cu:554] optixLaunch, [w,h,d] = 28007655,1,1
I0924 16:40:48.861316 689465 rt_engine.h:159] Parm size: 152
I0924 16:40:48.861325 689465 rt_engine.cu:554] optixLaunch, [w,h,d] = 28007655,1,1
I0924 16:40:48.902683 689465 rt_engine.h:159] Parm size: 152
I0924 16:40:48.902689 689465 rt_engine.cu:554] optixLaunch, [w,h,d] = 28007655,1,1
I0924 16:40:48.944052 689465 rt_engine.h:159] Parm size: 152
I0924 16:40:48.944059 689465 rt_engine.cu:554] optixLaunch, [w,h,d] = 28007655,1,1
I0924 16:40:48.985410 689465 rt_engine.h:159] Parm size: 152
I0924 16:40:48.985417 689465 rt_engine.cu:554] optixLaunch, [w,h,d] = 28007655,1,1
I0924 16:40:49.026773 689465 rt_engine.h:159] Parm size: 152
I0924 16:40:49.026782 689465 rt_engine.cu:554] optixLaunch, [w,h,d] = 28007655,1,1
I0924 16:40:49.068117 689465 rt_engine.h:159] Parm size: 152
I0924 16:40:49.068125 689465 rt_engine.cu:554] optixLaunch, [w,h,d] = 28007655,1,1
I0924 16:40:49.105396 689465 rt_engine.h:159] Parm size: 152
I0924 16:40:49.105402 689465 rt_engine.cu:554] optixLaunch, [w,h,d] = 28007655,1,1
I0924 16:40:49.142524 689465 rt_engine.h:159] Parm size: 152
I0924 16:40:49.142531 689465 rt_engine.cu:554] optixLaunch, [w,h,d] = 28007655,1,1
I0924 16:40:49.179654 689465 rt_engine.h:159] Parm size: 152
I0924 16:40:49.179661 689465 rt_engine.cu:554] optixLaunch, [w,h,d] = 28007655,1,1
I0924 16:40:49.217104 689465 uniform_grid.h:267] Creating the uniform grid, resolution: 2048, Size: 112 MB
I0924 16:40:49.220139 689465 uniform_grid.h:323] Total Edges in the grid: 29125993, Size: 222 MB
I0924 16:40:49.226208 689465 run_query.cu:32] Checking point in polygon
I0924 16:40:49.562718 689465 run_query.cu:95] Map: 0 passed check
Timing results:
 - Read map: 721.066 ms

 - Create Context: 0.000953674 ms

 - Generate Workloads: 5954.85 ms

 - Create App: 81.5611 ms

 - Init: 0.0770092 ms

 - Adaptive Grouping: 14.992 ms

 - Build Index: 6.8419 ms

 - Warmup: 207.062 ms

 - Query: 38.003 ms

 - Check: 387.145 ms

 - Cleanup: 10.5219 ms

