/local/storage/liang/.clion/RayJoin/cmake-build-release-dl190/bin/query_exec -poly1 /local/storage/liang/Downloads/Datasets/point_cdb/USACensusBlockGroupBoundaries/USACensusBlockGroupBoundaries_Point.cdb              -poly2 /local/storage/liang/Downloads/Datasets/point_cdb/USADetailedWaterBodies/USADetailedWaterBodies_Point.cdb              -serialize=/dev/shm              -mode=rt              -v=1              -query=pip              -seed=1              -xsect_factor 0.1              -sample_map_id=1              -sample=map              -sample_rate=0.2              -warmup=5              -repeat=5              -enlarge=5
I0924 16:35:55.911978 687116 planar_graph.h:216] Map /dev/shm/-local-storage-liang-Downloads-Datasets-point_cdb-USACensusBlockGroupBoundaries-USACensusBlockGroupBoundaries_Point.cdb.bin is deserialized, chains: 872624 points: 29345959 edges: 28473335
I0924 16:35:56.627967 687116 planar_graph.h:216] Map /dev/shm/-local-storage-liang-Downloads-Datasets-point_cdb-USADetailedWaterBodies-USADetailedWaterBodies_Point.cdb.bin is deserialized, chains: 2442900 points: 28007655 edges: 25564755
I0924 16:35:56.628002 687116 context.h:51] Bounding Box, Bottom-left: (-179.149, 18.9107), Top-right: (-66.9496, 71.3652)
I0924 16:35:56.628018 687116 context.h:58] Scaled Bounding Box, Bottom-left: (-69136359329185, -67784245771247), Top-right: (69136359329184, 67784245771246)
I0924 16:35:56.628021 687116 context.h:61] Unscaled Bounding Box, Bottom-left: (-179.149, 18.9107), Top-right: (-66.9496, 71.3652)
I0924 16:36:01.076647 687116 run_query.cu:348] Sampling map, sample rate: 0.2, seed: 1
I0924 16:36:01.449672 687116 planar_graph.h:310] Map is sampled, chains: 2442900 points: 9942971 edges: 7500071
I0924 16:36:01.574863 687116 rt_engine.cu:282] Info: Pipeline statistics
	module(s)                            :     1
	entry function(s)                    :     2
	trace call(s)                        :     1
	continuation callable call(s)        :     0
	direct callable call(s)              :     0
	basic block(s) in entry functions    :    67
	instruction(s) in entry functions    :  1011
	non-entry function(s)                :     1
	basic block(s) in non-entry functions:     1
	instruction(s) in non-entry functions:     1
	debug information                    :    no
I0924 16:36:01.579890 687116 rt_engine.cu:282] Info: Pipeline statistics
	module(s)                            :     1
	entry function(s)                    :     2
	trace call(s)                        :     1
	continuation callable call(s)        :     0
	direct callable call(s)              :     0
	basic block(s) in entry functions    :    43
	instruction(s) in entry functions    :   831
	non-entry function(s)                :     1
	basic block(s) in non-entry functions:     1
	instruction(s) in non-entry functions:     1
	debug information                    :    no
I0924 16:36:01.595587 687116 primitive.h:252] Enlarge limit: 5 ne: 28473335 aabbs: 2189670 Compress ratio: 0.923097 Time: 14.969 ms
I0924 16:36:01.595635 687116 rt_engine.cu:397] Building AS, num prims: 2189670, Required Temp Size: 166759168 Output Size: 81927680
I0924 16:36:01.602751 687116 rt_engine.h:159] Parm size: 152
I0924 16:36:01.602769 687116 rt_engine.cu:554] optixLaunch, [w,h,d] = 28007655,1,1
I0924 16:36:01.644199 687116 rt_engine.h:159] Parm size: 152
I0924 16:36:01.644207 687116 rt_engine.cu:554] optixLaunch, [w,h,d] = 28007655,1,1
I0924 16:36:01.685560 687116 rt_engine.h:159] Parm size: 152
I0924 16:36:01.685567 687116 rt_engine.cu:554] optixLaunch, [w,h,d] = 28007655,1,1
I0924 16:36:01.726912 687116 rt_engine.h:159] Parm size: 152
I0924 16:36:01.726919 687116 rt_engine.cu:554] optixLaunch, [w,h,d] = 28007655,1,1
I0924 16:36:01.767247 687116 rt_engine.h:159] Parm size: 152
I0924 16:36:01.767254 687116 rt_engine.cu:554] optixLaunch, [w,h,d] = 28007655,1,1
I0924 16:36:01.804361 687116 rt_engine.h:159] Parm size: 152
I0924 16:36:01.804368 687116 rt_engine.cu:554] optixLaunch, [w,h,d] = 28007655,1,1
I0924 16:36:01.841472 687116 rt_engine.h:159] Parm size: 152
I0924 16:36:01.841480 687116 rt_engine.cu:554] optixLaunch, [w,h,d] = 28007655,1,1
I0924 16:36:01.878576 687116 rt_engine.h:159] Parm size: 152
I0924 16:36:01.878582 687116 rt_engine.cu:554] optixLaunch, [w,h,d] = 28007655,1,1
I0924 16:36:01.915679 687116 rt_engine.h:159] Parm size: 152
I0924 16:36:01.915686 687116 rt_engine.cu:554] optixLaunch, [w,h,d] = 28007655,1,1
I0924 16:36:01.952780 687116 rt_engine.h:159] Parm size: 152
I0924 16:36:01.952787 687116 rt_engine.cu:554] optixLaunch, [w,h,d] = 28007655,1,1
I0924 16:36:01.990219 687116 uniform_grid.h:267] Creating the uniform grid, resolution: 2048, Size: 112 MB
I0924 16:36:01.993252 687116 uniform_grid.h:323] Total Edges in the grid: 29125993, Size: 222 MB
I0924 16:36:01.999336 687116 run_query.cu:32] Checking point in polygon
I0924 16:36:02.336963 687116 run_query.cu:95] Map: 0 passed check
Timing results:
 - Read map: 729.323 ms

 - Create Context: 0.00190735 ms

 - Generate Workloads: 5584.42 ms

 - Create App: 83.941 ms

 - Init: 0.0770092 ms

 - Adaptive Grouping: 14.992 ms

 - Build Index: 6.83498 ms

 - Warmup: 201.786 ms

 - Query: 37.1054 ms

 - Check: 388.916 ms

 - Cleanup: 9.50098 ms

