/local/storage/liang/.clion/RayJoin/cmake-build-release-dl190/bin/query_exec -poly1 /local/storage/liang/Downloads/Datasets/point_cdb/USACensusBlockGroupBoundaries/USACensusBlockGroupBoundaries_Point.cdb              -poly2 /local/storage/liang/Downloads/Datasets/point_cdb/USADetailedWaterBodies/USADetailedWaterBodies_Point.cdb              -serialize=/dev/shm              -mode=rt              -v=1              -query=pip              -seed=1              -xsect_factor 0.1              -sample_map_id=1              -sample=points              -sample_rate=0.6              -warmup=5              -repeat=5              -enlarge=1              -check=false
I0924 17:07:52.851323 703166 planar_graph.h:216] Map /dev/shm/-local-storage-liang-Downloads-Datasets-point_cdb-USACensusBlockGroupBoundaries-USACensusBlockGroupBoundaries_Point.cdb.bin is deserialized, chains: 872624 points: 29345959 edges: 28473335
I0924 17:07:53.568434 703166 planar_graph.h:216] Map /dev/shm/-local-storage-liang-Downloads-Datasets-point_cdb-USADetailedWaterBodies-USADetailedWaterBodies_Point.cdb.bin is deserialized, chains: 2442900 points: 28007655 edges: 25564755
I0924 17:07:53.568466 703166 context.h:51] Bounding Box, Bottom-left: (-179.149, 18.9107), Top-right: (-66.9496, 71.3652)
I0924 17:07:53.568481 703166 context.h:58] Scaled Bounding Box, Bottom-left: (-69136359329185, -67784245771247), Top-right: (69136359329184, 67784245771246)
I0924 17:07:53.568483 703166 context.h:61] Unscaled Bounding Box, Bottom-left: (-179.149, 18.9107), Top-right: (-66.9496, 71.3652)
I0924 17:07:58.759794 703166 run_query.cu:394] Sampling points, sample rate: 0.6, seed: 1 Points: 16804594
I0924 17:07:58.883221 703166 rt_engine.cu:282] Info: Pipeline statistics
	module(s)                            :     1
	entry function(s)                    :     2
	trace call(s)                        :     1
	continuation callable call(s)        :     0
	direct callable call(s)              :     0
	basic block(s) in entry functions    :    67
	instruction(s) in entry functions    :  1011
	non-entry function(s)                :     1
	basic block(s) in non-entry functions:     1
	instruction(s) in non-entry functions:     1
	debug information                    :    no
I0924 17:07:58.888197 703166 rt_engine.cu:282] Info: Pipeline statistics
	module(s)                            :     1
	entry function(s)                    :     2
	trace call(s)                        :     1
	continuation callable call(s)        :     0
	direct callable call(s)              :     0
	basic block(s) in entry functions    :    43
	instruction(s) in entry functions    :   831
	non-entry function(s)                :     1
	basic block(s) in non-entry functions:     1
	instruction(s) in non-entry functions:     1
	debug information                    :    no
I0924 17:07:58.894140 703166 primitive.h:252] Enlarge limit: 1 ne: 28473335 aabbs: 28471769 Compress ratio: 5.49988e-05 Time: 5.197 ms
I0924 17:07:58.894186 703166 rt_engine.cu:397] Building AS, num prims: 28471769, Required Temp Size: 2168305280 Output Size: 1065251584
I0924 17:07:58.969877 703166 rt_engine.h:159] Parm size: 152
I0924 17:07:58.969895 703166 rt_engine.cu:554] optixLaunch, [w,h,d] = 16804594,1,1
I0924 17:07:58.998390 703166 rt_engine.h:159] Parm size: 152
I0924 17:07:58.998397 703166 rt_engine.cu:554] optixLaunch, [w,h,d] = 16804594,1,1
I0924 17:07:59.025979 703166 rt_engine.h:159] Parm size: 152
I0924 17:07:59.025985 703166 rt_engine.cu:554] optixLaunch, [w,h,d] = 16804594,1,1
I0924 17:07:59.053565 703166 rt_engine.h:159] Parm size: 152
I0924 17:07:59.053572 703166 rt_engine.cu:554] optixLaunch, [w,h,d] = 16804594,1,1
I0924 17:07:59.081153 703166 rt_engine.h:159] Parm size: 152
I0924 17:07:59.081161 703166 rt_engine.cu:554] optixLaunch, [w,h,d] = 16804594,1,1
I0924 17:07:59.108737 703166 rt_engine.h:159] Parm size: 152
I0924 17:07:59.108743 703166 rt_engine.cu:554] optixLaunch, [w,h,d] = 16804594,1,1
I0924 17:07:59.136319 703166 rt_engine.h:159] Parm size: 152
I0924 17:07:59.136327 703166 rt_engine.cu:554] optixLaunch, [w,h,d] = 16804594,1,1
I0924 17:07:59.163952 703166 rt_engine.h:159] Parm size: 152
I0924 17:07:59.163959 703166 rt_engine.cu:554] optixLaunch, [w,h,d] = 16804594,1,1
I0924 17:07:59.191670 703166 rt_engine.h:159] Parm size: 152
I0924 17:07:59.191677 703166 rt_engine.cu:554] optixLaunch, [w,h,d] = 16804594,1,1
I0924 17:07:59.219424 703166 rt_engine.h:159] Parm size: 152
I0924 17:07:59.219431 703166 rt_engine.cu:554] optixLaunch, [w,h,d] = 16804594,1,1
Timing results:
 - Read map: 728.316 ms

 - Create Context: 0.000953674 ms

 - Generate Workloads: 5947.78 ms

 - Create App: 89.5319 ms

 - Init: 0.0669956 ms

 - Adaptive Grouping: 5.21898 ms

 - Build Index: 75.5181 ms

 - Warmup: 138.979 ms

 - Query: 27.6912 ms

 - Cleanup: 10.993 ms

