/local/storage/liang/.clion/RayJoin/cmake-build-release-dl190/bin/polyover_exec -poly1 /local/storage/liang/Downloads/Datasets/point_cdb/dtl_cnty/dtl_cnty_Point.cdb              -poly2 /local/storage/liang/Downloads/Datasets/point_cdb/USAZIPCodeArea/USAZIPCodeArea_Point.cdb              -serialize=/dev/shm              -grid_size=15000              -mode=grid              -v=1              -fau              -xsect_factor 0.1              -enlarge=3.5              -check=false
I0113 14:10:16.167250 1220863 run_overlay.cu:148] Reading map 0 from /local/storage/liang/Downloads/Datasets/point_cdb/dtl_cnty/dtl_cnty_Point.cdb
I0113 14:10:16.419217 1220863 planar_graph.h:215] Map /dev/shm/-local-storage-liang-Downloads-Datasets-point_cdb-dtl_cnty-dtl_cnty_Point.cdb.bin is deserialized, chains: 21620 points: 7134426 edges: 7112806
I0113 14:10:16.419231 1220863 run_overlay.cu:152] Reading map 1 from /local/storage/liang/Downloads/Datasets/point_cdb/USAZIPCodeArea/USAZIPCodeArea_Point.cdb
I0113 14:10:16.924675 1220863 planar_graph.h:215] Map /dev/shm/-local-storage-liang-Downloads-Datasets-point_cdb-USAZIPCodeArea-USAZIPCodeArea_Point.cdb.bin is deserialized, chains: 134894 points: 23894675 edges: 23759781
I0113 14:10:16.924697 1220863 context.h:51] Bounding Box, Bottom-left: (-179.149, -14.5487), Top-right: (179.778, 71.3905)
I0113 14:10:16.924715 1220863 context.h:58] Scaled Bounding Box, Bottom-left: (-69978811192544, -68768348336364), Top-right: (69978811192543, 68768348336363)
I0113 14:10:16.924717 1220863 context.h:61] Unscaled Bounding Box, Bottom-left: (-179.149, -14.5487), Top-right: (179.778, 71.3905)
I0113 14:10:16.964684 1220863 lsi.h:22] Queue size: 141 MB
I0113 14:10:16.974710 1220863 uniform_grid.h:148] Creating the uniform grid, resolution: 15000, Size: 6008 MB
I0113 14:10:16.990803 1220863 uniform_grid.h:207] Total Edges in the grid: 33360767, Size: 254 MB
Timing results:
 - Read map 0: 251.997 ms

 - Read map 1: 505.456 ms

 - Create App: 0.0450611 ms

 - Load Data: 39.3679 ms

 - Init: 1.14608 ms

 - Build Index: 41.9261 ms

 - Intersection edges: 1316.22 ms

 - Map 0: Locate vertices in other map: 76.4799 ms

 - Map 1: Locate vertices in other map: 334.985 ms

 - Computer output polygons: 88.552 ms

