/local/storage/liang/.clion/RayJoin/cmake-build-release-dl190/bin/polyover_exec -poly1 /local/storage/liang/Downloads/Datasets/point_cdb/dtl_cnty/dtl_cnty_Point.cdb              -poly2 /local/storage/liang/Downloads/Datasets/point_cdb/USAZIPCodeArea/USAZIPCodeArea_Point.cdb              -serialize=/dev/shm              -grid_size=15000              -mode=lbvh              -v=1              -fau              -xsect_factor 0.1              -enlarge=3.5              -check=false
I0113 14:11:42.946835 1221612 run_overlay.cu:148] Reading map 0 from /local/storage/liang/Downloads/Datasets/point_cdb/dtl_cnty/dtl_cnty_Point.cdb
I0113 14:11:43.166078 1221612 planar_graph.h:215] Map /dev/shm/-local-storage-liang-Downloads-Datasets-point_cdb-dtl_cnty-dtl_cnty_Point.cdb.bin is deserialized, chains: 21620 points: 7134426 edges: 7112806
I0113 14:11:43.166091 1221612 run_overlay.cu:152] Reading map 1 from /local/storage/liang/Downloads/Datasets/point_cdb/USAZIPCodeArea/USAZIPCodeArea_Point.cdb
I0113 14:11:43.672784 1221612 planar_graph.h:215] Map /dev/shm/-local-storage-liang-Downloads-Datasets-point_cdb-USAZIPCodeArea-USAZIPCodeArea_Point.cdb.bin is deserialized, chains: 134894 points: 23894675 edges: 23759781
I0113 14:11:43.672812 1221612 context.h:51] Bounding Box, Bottom-left: (-179.149, -14.5487), Top-right: (179.778, 71.3905)
I0113 14:11:43.672828 1221612 context.h:58] Scaled Bounding Box, Bottom-left: (-69978811192544, -68768348336364), Top-right: (69978811192543, 68768348336363)
I0113 14:11:43.672830 1221612 context.h:61] Unscaled Bounding Box, Bottom-left: (-179.149, -14.5487), Top-right: (179.778, 71.3905)
I0113 14:11:43.712385 1221612 lsi.h:22] Queue size: 141 MB
Timing results:
 - Read map 0: 219.261 ms

 - Read map 1: 506.706 ms

 - Create App: 0.429153 ms

 - Load Data: 38.6789 ms

 - Init: 1.0221 ms

 - Build Index: 75.8989 ms

 - Intersection edges: 54.9769 ms

 - Map 0: Locate vertices in other map: 6079.69 ms

 - Map 1: Locate vertices in other map: 1735.53 ms

 - Computer output polygons: 196.293 ms

