/local/storage/liang/.clion/RayJoin/cmake-build-release-dl190/bin/polyover_exec -poly1 /local/storage/liang/Downloads/Datasets/point_cdb/lakes/Australia/lakes_Australia_Point.cdb              -poly2 /local/storage/liang/Downloads/Datasets/point_cdb/parks/Australia/parks_Australia_Point.cdb              -serialize=/dev/shm              -grid_size=15000              -mode=lbvh              -v=1              -fau              -xsect_factor 0.1              -enlarge=3.5              -check=false
I0113 14:12:52.440488 1222063 run_overlay.cu:148] Reading map 0 from /local/storage/liang/Downloads/Datasets/point_cdb/lakes/Australia/lakes_Australia_Point.cdb
I0113 14:12:52.557219 1222063 planar_graph.h:215] Map /dev/shm/-local-storage-liang-Downloads-Datasets-point_cdb-lakes-Australia-lakes_Australia_Point.cdb.bin is deserialized, chains: 16702 points: 1254743 edges: 1238041
I0113 14:12:52.557230 1222063 run_overlay.cu:152] Reading map 1 from /local/storage/liang/Downloads/Datasets/point_cdb/parks/Australia/parks_Australia_Point.cdb
I0113 14:12:52.572293 1222063 planar_graph.h:215] Map /dev/shm/-local-storage-liang-Downloads-Datasets-point_cdb-parks-Australia-parks_Australia_Point.cdb.bin is deserialized, chains: 22386 points: 589464 edges: 567078
I0113 14:12:52.572307 1222063 context.h:51] Bounding Box, Bottom-left: (112.971, -54.7384), Top-right: (158.947, -10.1168)
I0113 14:12:52.572317 1222063 context.h:58] Scaled Bounding Box, Bottom-left: (-67435232688127, -67350025946940), Top-right: (67435232688126, 67350025946939)
I0113 14:12:52.572319 1222063 context.h:61] Unscaled Bounding Box, Bottom-left: (112.971, -54.7384), Top-right: (158.947, -10.1168)
I0113 14:12:52.575191 1222063 lsi.h:22] Queue size: 8 MB
Timing results:
 - Read map 0: 116.749 ms

 - Read map 1: 15.069 ms

 - Create App: 0.237942 ms

 - Load Data: 2.51102 ms

 - Init: 0.252962 ms

 - Build Index: 9.13095 ms

 - Intersection edges: 2.10714 ms

 - Map 0: Locate vertices in other map: 15.4369 ms

 - Map 1: Locate vertices in other map: 14.2121 ms

 - Computer output polygons: 14.219 ms

