/local/storage/liang/.clion/RayJoin/cmake-build-release-dl190/bin/polyover_exec -poly1 /local/storage/liang/Downloads/Datasets/point_cdb/lakes/South_America/lakes_South_America_Point.cdb              -poly2 /local/storage/liang/Downloads/Datasets/point_cdb/parks/South_America/parks_South_America_Point.cdb              -serialize=/dev/shm              -grid_size=15000              -mode=lbvh              -v=1              -fau              -xsect_factor 0.1              -enlarge=3.5              -check=false
I0113 14:14:12.944139 1222555 run_overlay.cu:148] Reading map 0 from /local/storage/liang/Downloads/Datasets/point_cdb/lakes/South_America/lakes_South_America_Point.cdb
I0113 14:14:13.136034 1222555 planar_graph.h:215] Map /dev/shm/-local-storage-liang-Downloads-Datasets-point_cdb-lakes-South_America-lakes_South_America_Point.cdb.bin is deserialized, chains: 43757 points: 2418375 edges: 2374618
I0113 14:14:13.136046 1222555 run_overlay.cu:152] Reading map 1 from /local/storage/liang/Downloads/Datasets/point_cdb/parks/South_America/parks_South_America_Point.cdb
I0113 14:14:13.220742 1222555 planar_graph.h:215] Map /dev/shm/-local-storage-liang-Downloads-Datasets-point_cdb-parks-South_America-parks_South_America_Point.cdb.bin is deserialized, chains: 85371 points: 3264379 edges: 3179008
I0113 14:14:13.220779 1222555 context.h:51] Bounding Box, Bottom-left: (-92.6829, -55.9828), Top-right: (-34.788, 12.5803)
I0113 14:14:13.220794 1222555 context.h:58] Scaled Bounding Box, Bottom-left: (-68019003758318, -68374252432450), Top-right: (68019003758317, 68374252432449)
I0113 14:14:13.220796 1222555 context.h:61] Unscaled Bounding Box, Bottom-left: (-92.6829, -55.9828), Top-right: (-34.788, 12.5803)
I0113 14:14:13.229758 1222555 lsi.h:22] Queue size: 25 MB
Timing results:
 - Read map 0: 191.913 ms

 - Read map 1: 84.7061 ms

 - Create App: 1.54209 ms

 - Load Data: 7.27606 ms

 - Init: 0.394821 ms

 - Build Index: 23.083 ms

 - Intersection edges: 2.75707 ms

 - Map 0: Locate vertices in other map: 140.69 ms

 - Map 1: Locate vertices in other map: 97.4269 ms

 - Computer output polygons: 18.7011 ms

