/local/storage/liang/.clion/RayJoin/cmake-build-release-dl190/bin/polyover_exec -poly1 /local/storage/liang/Downloads/Datasets/point_cdb/lakes/South_America/lakes_South_America_Point.cdb              -poly2 /local/storage/liang/Downloads/Datasets/point_cdb/parks/South_America/parks_South_America_Point.cdb              -serialize=/dev/shm              -grid_size=15000              -mode=grid              -v=1              -fau              -xsect_factor 0.1              -enlarge=3.5              -check=false
I0113 14:10:51.059316 1221174 run_overlay.cu:148] Reading map 0 from /local/storage/liang/Downloads/Datasets/point_cdb/lakes/South_America/lakes_South_America_Point.cdb
I0113 14:10:51.247581 1221174 planar_graph.h:215] Map /dev/shm/-local-storage-liang-Downloads-Datasets-point_cdb-lakes-South_America-lakes_South_America_Point.cdb.bin is deserialized, chains: 43757 points: 2418375 edges: 2374618
I0113 14:10:51.247596 1221174 run_overlay.cu:152] Reading map 1 from /local/storage/liang/Downloads/Datasets/point_cdb/parks/South_America/parks_South_America_Point.cdb
I0113 14:10:51.325847 1221174 planar_graph.h:215] Map /dev/shm/-local-storage-liang-Downloads-Datasets-point_cdb-parks-South_America-parks_South_America_Point.cdb.bin is deserialized, chains: 85371 points: 3264379 edges: 3179008
I0113 14:10:51.325863 1221174 context.h:51] Bounding Box, Bottom-left: (-92.6829, -55.9828), Top-right: (-34.788, 12.5803)
I0113 14:10:51.325879 1221174 context.h:58] Scaled Bounding Box, Bottom-left: (-68019003758318, -68374252432450), Top-right: (68019003758317, 68374252432449)
I0113 14:10:51.325881 1221174 context.h:61] Unscaled Bounding Box, Bottom-left: (-92.6829, -55.9828), Top-right: (-34.788, 12.5803)
I0113 14:10:51.333822 1221174 lsi.h:22] Queue size: 25 MB
I0113 14:10:51.343039 1221174 uniform_grid.h:148] Creating the uniform grid, resolution: 15000, Size: 6008 MB
I0113 14:10:51.357347 1221174 uniform_grid.h:207] Total Edges in the grid: 8405145, Size: 64 MB
Timing results:
 - Read map 0: 188.284 ms

 - Read map 1: 78.2599 ms

 - Create App: 0.0391006 ms

 - Load Data: 7.64704 ms

 - Init: 0.423908 ms

 - Build Index: 55.9831 ms

 - Intersection edges: 121.841 ms

 - Map 0: Locate vertices in other map: 268.221 ms

 - Map 1: Locate vertices in other map: 400.116 ms

 - Computer output polygons: 16.9232 ms

