/local/storage/liang/.clion/RayJoin/cmake-build-release-dl190/bin/polyover_exec -poly1 /local/storage/liang/Downloads/Datasets/point_cdb/lakes/Asia/lakes_Asia_Point.cdb              -poly2 /local/storage/liang/Downloads/Datasets/point_cdb/parks/Asia/parks_Asia_Point.cdb              -serialize=/dev/shm              -grid_size=15000              -mode=rt              -lb=false              -v=1              -fau              -xsect_factor 0.1              -enlarge=3.5
I1010 14:24:15.588542 1923842 planar_graph.h:216] Map /dev/shm/-local-storage-liang-Downloads-Datasets-point_cdb-lakes-Asia-lakes_Asia_Point.cdb.bin is deserialized, chains: 194573 points: 10541220 edges: 10346647
I1010 14:24:15.865649 1923842 planar_graph.h:216] Map /dev/shm/-local-storage-liang-Downloads-Datasets-point_cdb-parks-Asia-parks_Asia_Point.cdb.bin is deserialized, chains: 277198 points: 12209639 edges: 11932441
I1010 14:24:15.865691 1923842 context.h:51] Bounding Box, Bottom-left: (-179.972, -10.8197), Top-right: (179.984, 81.2255)
I1010 14:24:15.865708 1923842 context.h:58] Scaled Bounding Box, Bottom-left: (-69979919611218, -68872256062147), Top-right: (69979919611217, 68872256062146)
I1010 14:24:15.865710 1923842 context.h:61] Unscaled Bounding Box, Bottom-left: (-179.972, -10.8197), Top-right: (179.984, 81.2255)
I1010 14:24:17.744807 1923842 rt_engine.cu:282] Info: Pipeline statistics
	module(s)                            :     1
	entry function(s)                    :     2
	trace call(s)                        :     1
	continuation callable call(s)        :     0
	direct callable call(s)              :     0
	basic block(s) in entry functions    :    67
	instruction(s) in entry functions    :  1011
	non-entry function(s)                :     1
	basic block(s) in non-entry functions:     1
	instruction(s) in non-entry functions:     1
	debug information                    :    no
I1010 14:24:17.750021 1923842 rt_engine.cu:282] Info: Pipeline statistics
	module(s)                            :     1
	entry function(s)                    :     2
	trace call(s)                        :     1
	continuation callable call(s)        :     0
	direct callable call(s)              :     0
	basic block(s) in entry functions    :    43
	instruction(s) in entry functions    :   831
	non-entry function(s)                :     1
	basic block(s) in non-entry functions:     1
	instruction(s) in non-entry functions:     1
	debug information                    :    no
I1010 14:24:17.750085 1923842 lsi.h:22] Queue size: 101 MB
I1010 14:24:17.756207 1923842 primitive.h:252] Enlarge limit: 3.5 max iter:5 ne: 10346647 aabbs: 1701675 Compress ratio: 0.835534 Time: 5.572 ms
I1010 14:24:17.756248 1923842 rt_engine.cu:397] Building AS, num prims: 1701675, Required Temp Size: 129595136 Output Size: 63669632
I1010 14:24:17.769093 1923842 primitive.h:252] Enlarge limit: 3.5 max iter:5 ne: 11932441 aabbs: 1905833 Compress ratio: 0.840281 Time: 7.447 ms
I1010 14:24:17.769109 1923842 rt_engine.cu:397] Building AS, num prims: 1905833, Required Temp Size: 145143296 Output Size: 71308032
I1010 14:24:17.774542 1923842 lsi_rt.h:50] queries: 10346647
I1010 14:24:17.774585 1923842 rt_engine.h:159] Parm size: 176
I1010 14:24:17.774600 1923842 rt_engine.cu:554] optixLaunch, [w,h,d] = 10346647,1,1
I1010 14:24:17.779011 1923842 rt_engine.h:159] Parm size: 152
I1010 14:24:17.779017 1923842 rt_engine.cu:554] optixLaunch, [w,h,d] = 10541220,1,1
I1010 14:24:17.789353 1923842 rt_engine.h:159] Parm size: 152
I1010 14:24:17.789361 1923842 rt_engine.cu:554] optixLaunch, [w,h,d] = 12209639,1,1
I1010 14:24:17.810063 1923842 rt_engine.h:159] Parm size: 152
I1010 14:24:17.810074 1923842 rt_engine.cu:554] optixLaunch, [w,h,d] = 1754,1,1
I1010 14:24:17.813457 1923842 rt_engine.h:159] Parm size: 152
I1010 14:24:17.813467 1923842 rt_engine.cu:554] optixLaunch, [w,h,d] = 2572,1,1
I1010 14:24:17.814287 1923842 lsi.h:22] Queue size: 101 MB
I1010 14:24:17.814985 1923842 uniform_grid.h:148] Creating the uniform grid, resolution: 2048, Size: 112 MB
I1010 14:24:17.817673 1923842 uniform_grid.h:207] Total Edges in the grid: 22535290, Size: 171 MB
E1010 14:24:19.248273 1923842 run_overlay.cu:37] LSI  xsects (Answer): 37333 xsects (Result): 37411 Error rate: 0.20893 %
I1010 14:24:19.249810 1923842 run_overlay.cu:48] Checking point in polygon
I1010 14:24:19.249936 1923842 rt_engine.h:159] Parm size: 152
I1010 14:24:19.249945 1923842 rt_engine.cu:554] optixLaunch, [w,h,d] = 10541220,1,1
I1010 14:24:19.713291 1923842 run_overlay.cu:112] Map: 0 passed check
I1010 14:24:19.716089 1923842 run_overlay.cu:48] Checking point in polygon
I1010 14:24:19.716181 1923842 rt_engine.h:159] Parm size: 152
I1010 14:24:19.716189 1923842 rt_engine.cu:554] optixLaunch, [w,h,d] = 12209639,1,1
I1010 14:24:20.287761 1923842 run_overlay.cu:112] Map: 1 passed check
Timing results:
 - Read map 0: 310.287 ms

 - Read map 1: 276.948 ms

 - Create Context: 1800.1 ms

 - Create App: 0.185966 ms

 - Init: 84.686 ms

 - Build Index: 23.9091 ms

 - Intersection edges: 4.3478 ms

 - Map 0: Locate vertices in other map: 10.3872 ms

 - Map 1: Locate vertices in other map: 17.143 ms

 - Computer output polygons: 7.40981 ms

 - Check result: 2486.51 ms

