/local/storage/liang/.clion/RayJoin/cmake-build-release-dl190/bin/polyover_exec -poly1 /local/storage/liang/Downloads/Datasets/point_cdb/lakes/Australia/lakes_Australia_Point.cdb              -poly2 /local/storage/liang/Downloads/Datasets/point_cdb/parks/Australia/parks_Australia_Point.cdb              -serialize=/dev/shm              -grid_size=15000              -mode=grid              -v=1              -fau              -xsect_factor 0.1              -enlarge=3.5              -check=false
I0113 14:10:27.810029 1220980 run_overlay.cu:148] Reading map 0 from /local/storage/liang/Downloads/Datasets/point_cdb/lakes/Australia/lakes_Australia_Point.cdb
I0113 14:10:27.925508 1220980 planar_graph.h:215] Map /dev/shm/-local-storage-liang-Downloads-Datasets-point_cdb-lakes-Australia-lakes_Australia_Point.cdb.bin is deserialized, chains: 16702 points: 1254743 edges: 1238041
I0113 14:10:27.925522 1220980 run_overlay.cu:152] Reading map 1 from /local/storage/liang/Downloads/Datasets/point_cdb/parks/Australia/parks_Australia_Point.cdb
I0113 14:10:27.940605 1220980 planar_graph.h:215] Map /dev/shm/-local-storage-liang-Downloads-Datasets-point_cdb-parks-Australia-parks_Australia_Point.cdb.bin is deserialized, chains: 22386 points: 589464 edges: 567078
I0113 14:10:27.940618 1220980 context.h:51] Bounding Box, Bottom-left: (112.971, -54.7384), Top-right: (158.947, -10.1168)
I0113 14:10:27.940634 1220980 context.h:58] Scaled Bounding Box, Bottom-left: (-67435232688127, -67350025946940), Top-right: (67435232688126, 67350025946939)
I0113 14:10:27.940636 1220980 context.h:61] Unscaled Bounding Box, Bottom-left: (112.971, -54.7384), Top-right: (158.947, -10.1168)
I0113 14:10:27.943444 1220980 lsi.h:22] Queue size: 8 MB
I0113 14:10:27.953234 1220980 uniform_grid.h:148] Creating the uniform grid, resolution: 15000, Size: 6008 MB
I0113 14:10:27.966446 1220980 uniform_grid.h:207] Total Edges in the grid: 2473889, Size: 18 MB
Timing results:
 - Read map 0: 115.5 ms

 - Read map 1: 15.09 ms

 - Create App: 0.0369549 ms

 - Load Data: 2.5599 ms

 - Init: 0.324011 ms

 - Build Index: 32.022 ms

 - Intersection edges: 37.4181 ms

 - Map 0: Locate vertices in other map: 156.392 ms

 - Map 1: Locate vertices in other map: 174.955 ms

 - Computer output polygons: 11.7149 ms

