/local/storage/liang/.clion/RayJoin/cmake-build-release-dl190/bin/polyover_exec -poly1 /local/storage/liang/Downloads/Datasets/point_cdb/lakes/North_America/lakes_North_America_Point.cdb              -poly2 /local/storage/liang/Downloads/Datasets/point_cdb/parks/North_America/parks_North_America_Point.cdb              -serialize=/dev/shm              -grid_size=15000              -mode=grid              -v=1              -fau              -xsect_factor 0.1              -enlarge=3.5              -check=false
I0113 14:10:40.917037 1221108 run_overlay.cu:148] Reading map 0 from /local/storage/liang/Downloads/Datasets/point_cdb/lakes/North_America/lakes_North_America_Point.cdb
I0113 14:10:42.684875 1221108 planar_graph.h:215] Map /dev/shm/-local-storage-liang-Downloads-Datasets-point_cdb-lakes-North_America-lakes_North_America_Point.cdb.bin is deserialized, chains: 1910184 points: 69273661 edges: 67363477
I0113 14:10:42.684890 1221108 run_overlay.cu:152] Reading map 1 from /local/storage/liang/Downloads/Datasets/point_cdb/parks/North_America/parks_North_America_Point.cdb
I0113 14:10:43.307256 1221108 planar_graph.h:215] Map /dev/shm/-local-storage-liang-Downloads-Datasets-point_cdb-parks-North_America-parks_North_America_Point.cdb.bin is deserialized, chains: 603325 points: 27465008 edges: 26861683
I0113 14:10:43.307278 1221108 context.h:51] Bounding Box, Bottom-left: (-178.058, 7.22476), Top-right: (-45.5202, 71.2885)
I0113 14:10:43.307292 1221108 context.h:58] Scaled Bounding Box, Bottom-left: (-69322661498935, -68238415890814), Top-right: (69322661498934, 68238415890813)
I0113 14:10:43.307294 1221108 context.h:61] Unscaled Bounding Box, Bottom-left: (-178.058, 7.22476), Top-right: (-45.5202, 71.2885)
I0113 14:10:43.421068 1221108 lsi.h:22] Queue size: 431 MB
I0113 14:10:43.431978 1221108 uniform_grid.h:148] Creating the uniform grid, resolution: 15000, Size: 6008 MB
I0113 14:10:43.454794 1221108 uniform_grid.h:207] Total Edges in the grid: 102231462, Size: 779 MB
Timing results:
 - Read map 0: 1767.86 ms

 - Read map 1: 622.379 ms

 - Create App: 0.0398159 ms

 - Load Data: 111.998 ms

 - Init: 3.2351 ms

 - Build Index: 83.673 ms

 - Intersection edges: 2525.67 ms

 - Map 0: Locate vertices in other map: 4026.46 ms

 - Map 1: Locate vertices in other map: 605.747 ms

 - Computer output polygons: 136.073 ms

