/local/storage/liang/.clion/RayJoin/cmake-build-release-dl190/bin/polyover_exec -poly1 /local/storage/liang/Downloads/Datasets/point_cdb/lakes/North_America/lakes_North_America_Point.cdb              -poly2 /local/storage/liang/Downloads/Datasets/point_cdb/parks/North_America/parks_North_America_Point.cdb              -serialize=/dev/shm              -grid_size=15000              -mode=lbvh              -v=1              -fau              -xsect_factor 0.1              -enlarge=3.5              -check=false
I0113 14:13:11.393988 1222201 run_overlay.cu:148] Reading map 0 from /local/storage/liang/Downloads/Datasets/point_cdb/lakes/North_America/lakes_North_America_Point.cdb
I0113 14:13:13.172693 1222201 planar_graph.h:215] Map /dev/shm/-local-storage-liang-Downloads-Datasets-point_cdb-lakes-North_America-lakes_North_America_Point.cdb.bin is deserialized, chains: 1910184 points: 69273661 edges: 67363477
I0113 14:13:13.172706 1222201 run_overlay.cu:152] Reading map 1 from /local/storage/liang/Downloads/Datasets/point_cdb/parks/North_America/parks_North_America_Point.cdb
I0113 14:13:13.797717 1222201 planar_graph.h:215] Map /dev/shm/-local-storage-liang-Downloads-Datasets-point_cdb-parks-North_America-parks_North_America_Point.cdb.bin is deserialized, chains: 603325 points: 27465008 edges: 26861683
I0113 14:13:13.797744 1222201 context.h:51] Bounding Box, Bottom-left: (-178.058, 7.22476), Top-right: (-45.5202, 71.2885)
I0113 14:13:13.797762 1222201 context.h:58] Scaled Bounding Box, Bottom-left: (-69322661498935, -68238415890814), Top-right: (69322661498934, 68238415890813)
I0113 14:13:13.797765 1222201 context.h:61] Unscaled Bounding Box, Bottom-left: (-178.058, 7.22476), Top-right: (-45.5202, 71.2885)
I0113 14:13:13.912199 1222201 lsi.h:22] Queue size: 431 MB
Timing results:
 - Read map 0: 1778.72 ms

 - Read map 1: 625.024 ms

 - Create App: 2.45714 ms

 - Load Data: 110.774 ms

 - Init: 2.69198 ms

 - Build Index: 364.134 ms

 - Intersection edges: 133.189 ms

 - Map 0: Locate vertices in other map: 32646.4 ms

 - Map 1: Locate vertices in other map: 25262.8 ms

 - Computer output polygons: 352.823 ms

