/local/storage/liang/.clion/RayJoin/cmake-build-release-dl190/bin/polyover_exec -poly1 /local/storage/liang/Downloads/Datasets/point_cdb/lakes/Africa/lakes_Africa_Point.cdb              -poly2 /local/storage/liang/Downloads/Datasets/point_cdb/parks/Africa/parks_Africa_Point.cdb              -serialize=/dev/shm              -grid_size=15000              -mode=lbvh              -v=1              -fau              -xsect_factor 0.1              -enlarge=3.5              -check=false
I0113 14:12:48.891634 1221998 run_overlay.cu:148] Reading map 0 from /local/storage/liang/Downloads/Datasets/point_cdb/lakes/Africa/lakes_Africa_Point.cdb
I0113 14:12:49.033571 1221998 planar_graph.h:215] Map /dev/shm/-local-storage-liang-Downloads-Datasets-point_cdb-lakes-Africa-lakes_Africa_Point.cdb.bin is deserialized, chains: 27178 points: 1872496 edges: 1845318
I0113 14:12:49.033584 1221998 run_overlay.cu:152] Reading map 1 from /local/storage/liang/Downloads/Datasets/point_cdb/parks/Africa/parks_Africa_Point.cdb
I0113 14:12:49.067312 1221998 planar_graph.h:215] Map /dev/shm/-local-storage-liang-Downloads-Datasets-point_cdb-parks-Africa-parks_Africa_Point.cdb.bin is deserialized, chains: 41991 points: 1358103 edges: 1316112
I0113 14:12:49.067330 1221998 context.h:51] Bounding Box, Bottom-left: (-25.2135, -34.7852), Top-right: (63.4371, 37.3456)
I0113 14:12:49.067345 1221998 context.h:58] Scaled Bounding Box, Bottom-left: (-68816217462298, -68470241806767), Top-right: (68816217462297, 68470241806766)
I0113 14:12:49.067348 1221998 context.h:61] Unscaled Bounding Box, Bottom-left: (-25.2135, -34.7852), Top-right: (63.4371, 37.3456)
I0113 14:12:49.071766 1221998 lsi.h:22] Queue size: 14 MB
Timing results:
 - Read map 0: 141.955 ms

 - Read map 1: 33.7369 ms

 - Create App: 0.253916 ms

 - Load Data: 4.03905 ms

 - Init: 0.307083 ms

 - Build Index: 14.689 ms

 - Intersection edges: 1.27602 ms

 - Map 0: Locate vertices in other map: 21.565 ms

 - Map 1: Locate vertices in other map: 13.201 ms

 - Computer output polygons: 9.39083 ms

