/local/storage/liang/.clion/RayJoin/cmake-build-release-dl190/bin/polyover_exec -poly1 /local/storage/liang/Downloads/Datasets/point_cdb/lakes/Asia/lakes_Asia_Point.cdb              -poly2 /local/storage/liang/Downloads/Datasets/point_cdb/parks/Asia/parks_Asia_Point.cdb              -serialize=/dev/shm              -grid_size=15000              -mode=lbvh              -v=1              -fau              -xsect_factor 0.1              -enlarge=3.5              -check=false
I0113 14:12:49.169095 1222009 run_overlay.cu:148] Reading map 0 from /local/storage/liang/Downloads/Datasets/point_cdb/lakes/Asia/lakes_Asia_Point.cdb
I0113 14:12:49.476847 1222009 planar_graph.h:215] Map /dev/shm/-local-storage-liang-Downloads-Datasets-point_cdb-lakes-Asia-lakes_Asia_Point.cdb.bin is deserialized, chains: 194573 points: 10541220 edges: 10346647
I0113 14:12:49.476861 1222009 run_overlay.cu:152] Reading map 1 from /local/storage/liang/Downloads/Datasets/point_cdb/parks/Asia/parks_Asia_Point.cdb
I0113 14:12:49.758113 1222009 planar_graph.h:215] Map /dev/shm/-local-storage-liang-Downloads-Datasets-point_cdb-parks-Asia-parks_Asia_Point.cdb.bin is deserialized, chains: 277198 points: 12209639 edges: 11932441
I0113 14:12:49.758138 1222009 context.h:51] Bounding Box, Bottom-left: (-179.972, -10.8197), Top-right: (179.984, 81.2255)
I0113 14:12:49.758155 1222009 context.h:58] Scaled Bounding Box, Bottom-left: (-69979919611218, -68872256062147), Top-right: (69979919611217, 68872256062146)
I0113 14:12:49.758157 1222009 context.h:61] Unscaled Bounding Box, Bottom-left: (-179.972, -10.8197), Top-right: (179.984, 81.2255)
I0113 14:12:49.786068 1222009 lsi.h:22] Queue size: 101 MB
Timing results:
 - Read map 0: 307.771 ms

 - Read map 1: 281.264 ms

 - Create App: 0.325918 ms

 - Load Data: 27.23 ms

 - Init: 0.799894 ms

 - Build Index: 65.5642 ms

 - Intersection edges: 8.93283 ms

 - Map 0: Locate vertices in other map: 1061.94 ms

 - Map 1: Locate vertices in other map: 1347.82 ms

 - Computer output polygons: 40.2319 ms

