/local/storage/liang/.clion/RayJoin/cmake-build-release-dl190/bin/polyover_exec -poly1 /local/storage/liang/Downloads/Datasets/point_cdb/USACensusBlockGroupBoundaries/USACensusBlockGroupBoundaries_Point.cdb              -poly2 /local/storage/liang/Downloads/Datasets/point_cdb/USADetailedWaterBodies/USADetailedWaterBodies_Point.cdb              -serialize=/dev/shm              -grid_size=15000              -mode=grid              -v=1              -fau              -xsect_factor 0.1              -enlarge=3.5              -check=false
I0113 14:10:18.986724 1220877 run_overlay.cu:148] Reading map 0 from /local/storage/liang/Downloads/Datasets/point_cdb/USACensusBlockGroupBoundaries/USACensusBlockGroupBoundaries_Point.cdb
I0113 14:10:19.800877 1220877 planar_graph.h:215] Map /dev/shm/-local-storage-liang-Downloads-Datasets-point_cdb-USACensusBlockGroupBoundaries-USACensusBlockGroupBoundaries_Point.cdb.bin is deserialized, chains: 872624 points: 29345959 edges: 28473335
I0113 14:10:19.800891 1220877 run_overlay.cu:152] Reading map 1 from /local/storage/liang/Downloads/Datasets/point_cdb/USADetailedWaterBodies/USADetailedWaterBodies_Point.cdb
I0113 14:10:20.678539 1220877 planar_graph.h:215] Map /dev/shm/-local-storage-liang-Downloads-Datasets-point_cdb-USADetailedWaterBodies-USADetailedWaterBodies_Point.cdb.bin is deserialized, chains: 2442900 points: 28007655 edges: 25564755
I0113 14:10:20.678570 1220877 context.h:51] Bounding Box, Bottom-left: (-179.149, 18.9107), Top-right: (-66.9496, 71.3652)
I0113 14:10:20.678584 1220877 context.h:58] Scaled Bounding Box, Bottom-left: (-69136359329185, -67784245771247), Top-right: (69136359329184, 67784245771246)
I0113 14:10:20.678586 1220877 context.h:61] Unscaled Bounding Box, Bottom-left: (-179.149, 18.9107), Top-right: (-66.9496, 71.3652)
I0113 14:10:20.744850 1220877 lsi.h:22] Queue size: 247 MB
I0113 14:10:20.754688 1220877 uniform_grid.h:148] Creating the uniform grid, resolution: 15000, Size: 6008 MB
I0113 14:10:20.772854 1220877 uniform_grid.h:207] Total Edges in the grid: 63817246, Size: 486 MB
Timing results:
 - Read map 0: 814.173 ms

 - Read map 1: 877.661 ms

 - Create App: 0.0519753 ms

 - Load Data: 64.9228 ms

 - Init: 2.1472 ms

 - Build Index: 62.7029 ms

 - Intersection edges: 211.209 ms

 - Map 0: Locate vertices in other map: 785.592 ms

 - Map 1: Locate vertices in other map: 131.778 ms

 - Computer output polygons: 158.769 ms

