/local/storage/liang/.clion/RayJoin/cmake-build-release-dl190/bin/polyover_exec -poly1 /local/storage/liang/Downloads/Datasets/point_cdb/USACensusBlockGroupBoundaries/USACensusBlockGroupBoundaries_Point.cdb              -poly2 /local/storage/liang/Downloads/Datasets/point_cdb/USADetailedWaterBodies/USADetailedWaterBodies_Point.cdb              -serialize=/dev/shm              -grid_size=15000              -mode=lbvh              -v=1              -fau              -xsect_factor 0.1              -enlarge=3.5              -check=false
I0113 14:11:52.020267 1221698 run_overlay.cu:148] Reading map 0 from /local/storage/liang/Downloads/Datasets/point_cdb/USACensusBlockGroupBoundaries/USACensusBlockGroupBoundaries_Point.cdb
I0113 14:11:52.809720 1221698 planar_graph.h:215] Map /dev/shm/-local-storage-liang-Downloads-Datasets-point_cdb-USACensusBlockGroupBoundaries-USACensusBlockGroupBoundaries_Point.cdb.bin is deserialized, chains: 872624 points: 29345959 edges: 28473335
I0113 14:11:52.809733 1221698 run_overlay.cu:152] Reading map 1 from /local/storage/liang/Downloads/Datasets/point_cdb/USADetailedWaterBodies/USADetailedWaterBodies_Point.cdb
I0113 14:11:53.670795 1221698 planar_graph.h:215] Map /dev/shm/-local-storage-liang-Downloads-Datasets-point_cdb-USADetailedWaterBodies-USADetailedWaterBodies_Point.cdb.bin is deserialized, chains: 2442900 points: 28007655 edges: 25564755
I0113 14:11:53.670825 1221698 context.h:51] Bounding Box, Bottom-left: (-179.149, 18.9107), Top-right: (-66.9496, 71.3652)
I0113 14:11:53.670837 1221698 context.h:58] Scaled Bounding Box, Bottom-left: (-69136359329185, -67784245771247), Top-right: (69136359329184, 67784245771246)
I0113 14:11:53.670840 1221698 context.h:61] Unscaled Bounding Box, Bottom-left: (-179.149, 18.9107), Top-right: (-66.9496, 71.3652)
I0113 14:11:53.736789 1221698 lsi.h:22] Queue size: 247 MB
Timing results:
 - Read map 0: 789.473 ms

 - Read map 1: 861.074 ms

 - Create App: 0.813007 ms

 - Load Data: 64.3859 ms

 - Init: 1.64914 ms

 - Build Index: 118.023 ms

 - Intersection edges: 75.376 ms

 - Map 0: Locate vertices in other map: 29760.8 ms

 - Map 1: Locate vertices in other map: 24420.3 ms

 - Computer output polygons: 561.737 ms

