/local/storage/liang/.clion/RayJoin/cmake-build-release-dl190/bin/query_exec -poly1 /local/storage/liang/Downloads/Datasets/point_cdb/lakes/South_America/lakes_South_America_Point.cdb              -poly2 /local/storage/liang/Downloads/Datasets/point_cdb/parks/South_America/parks_South_America_Point.cdb              -serialize=/dev/shm              -mode=rt              -query=lsi              -v=1              -fau              -xsect_factor 0.1              -enlarge=1.5              -check=false
I1002 17:17:10.172327 192815 planar_graph.h:216] Map /dev/shm/-local-storage-liang-Downloads-Datasets-point_cdb-lakes-South_America-lakes_South_America_Point.cdb.bin is deserialized, chains: 43757 points: 2418375 edges: 2374618
I1002 17:17:10.243849 192815 planar_graph.h:216] Map /dev/shm/-local-storage-liang-Downloads-Datasets-point_cdb-parks-South_America-parks_South_America_Point.cdb.bin is deserialized, chains: 85371 points: 3264379 edges: 3179008
I1002 17:17:10.243860 192815 run_query.cu:213] After sampling , edges: 3179008
I1002 17:17:10.243878 192815 context.h:51] Bounding Box, Bottom-left: (-92.6829, -55.9828), Top-right: (-34.788, 12.5803)
I1002 17:17:10.243894 192815 context.h:58] Scaled Bounding Box, Bottom-left: (-68019003758318, -68374252432450), Top-right: (68019003758317, 68374252432449)
I1002 17:17:10.243896 192815 context.h:61] Unscaled Bounding Box, Bottom-left: (-92.6829, -55.9828), Top-right: (-34.788, 12.5803)
I1002 17:17:10.723804 192815 rt_engine.cu:282] Info: Pipeline statistics
	module(s)                            :     1
	entry function(s)                    :     2
	trace call(s)                        :     1
	continuation callable call(s)        :     0
	direct callable call(s)              :     0
	basic block(s) in entry functions    :    67
	instruction(s) in entry functions    :  1011
	non-entry function(s)                :     1
	basic block(s) in non-entry functions:     1
	instruction(s) in non-entry functions:     1
	debug information                    :    no
I1002 17:17:10.728669 192815 rt_engine.cu:282] Info: Pipeline statistics
	module(s)                            :     1
	entry function(s)                    :     2
	trace call(s)                        :     1
	continuation callable call(s)        :     0
	direct callable call(s)              :     0
	basic block(s) in entry functions    :    43
	instruction(s) in entry functions    :   831
	non-entry function(s)                :     1
	basic block(s) in non-entry functions:     1
	instruction(s) in non-entry functions:     1
	debug information                    :    no
I1002 17:17:10.728868 192815 run_query.cu:251] Queue capacity: 555362
I1002 17:17:10.728873 192815 lsi.h:22] Queue size: 25 MB
I1002 17:17:10.730023 192815 primitive.h:252] Enlarge limit: 1.5 max iter:5 ne: 2374618 aabbs: 2111335 Compress ratio: 0.110874 Time: 0.868 ms
I1002 17:17:10.730077 192815 rt_engine.cu:397] Building AS, num prims: 2111335, Required Temp Size: 160793344 Output Size: 78996736
I1002 17:17:10.736001 192815 lsi_rt.h:50] queries: 3179008
I1002 17:17:10.736032 192815 rt_engine.h:159] Parm size: 176
I1002 17:17:10.736047 192815 rt_engine.cu:554] optixLaunch, [w,h,d] = 3179008,1,1
I1002 17:17:10.737032 192815 lsi_rt.h:50] queries: 3179008
I1002 17:17:10.737039 192815 rt_engine.h:159] Parm size: 176
I1002 17:17:10.737046 192815 rt_engine.cu:554] optixLaunch, [w,h,d] = 3179008,1,1
I1002 17:17:10.737988 192815 lsi_rt.h:50] queries: 3179008
I1002 17:17:10.737994 192815 rt_engine.h:159] Parm size: 176
I1002 17:17:10.738000 192815 rt_engine.cu:554] optixLaunch, [w,h,d] = 3179008,1,1
I1002 17:17:10.738932 192815 lsi_rt.h:50] queries: 3179008
I1002 17:17:10.738940 192815 rt_engine.h:159] Parm size: 176
I1002 17:17:10.738945 192815 rt_engine.cu:554] optixLaunch, [w,h,d] = 3179008,1,1
I1002 17:17:10.739864 192815 lsi_rt.h:50] queries: 3179008
I1002 17:17:10.739871 192815 rt_engine.h:159] Parm size: 176
I1002 17:17:10.739876 192815 rt_engine.cu:554] optixLaunch, [w,h,d] = 3179008,1,1
I1002 17:17:10.740809 192815 run_query.cu:318] Iter: 0
I1002 17:17:10.740811 192815 lsi_rt.h:50] queries: 3179008
I1002 17:17:10.740818 192815 rt_engine.h:159] Parm size: 176
I1002 17:17:10.740823 192815 rt_engine.cu:554] optixLaunch, [w,h,d] = 3179008,1,1
I1002 17:17:10.741752 192815 run_query.cu:318] Iter: 1
I1002 17:17:10.741753 192815 lsi_rt.h:50] queries: 3179008
I1002 17:17:10.741760 192815 rt_engine.h:159] Parm size: 176
I1002 17:17:10.741765 192815 rt_engine.cu:554] optixLaunch, [w,h,d] = 3179008,1,1
I1002 17:17:10.742689 192815 run_query.cu:318] Iter: 2
I1002 17:17:10.742691 192815 lsi_rt.h:50] queries: 3179008
I1002 17:17:10.742697 192815 rt_engine.h:159] Parm size: 176
I1002 17:17:10.742702 192815 rt_engine.cu:554] optixLaunch, [w,h,d] = 3179008,1,1
I1002 17:17:10.743630 192815 run_query.cu:318] Iter: 3
I1002 17:17:10.743649 192815 lsi_rt.h:50] queries: 3179008
I1002 17:17:10.743667 192815 rt_engine.h:159] Parm size: 176
I1002 17:17:10.743674 192815 rt_engine.cu:554] optixLaunch, [w,h,d] = 3179008,1,1
I1002 17:17:10.744616 192815 run_query.cu:318] Iter: 4
I1002 17:17:10.744617 192815 lsi_rt.h:50] queries: 3179008
I1002 17:17:10.744623 192815 rt_engine.h:159] Parm size: 176
I1002 17:17:10.744629 192815 rt_engine.cu:554] optixLaunch, [w,h,d] = 3179008,1,1
I1002 17:17:10.745564 192815 run_query.cu:323] Intersections: 22383 Selective: 2.2383 Queue Load Factor: 0.0403034
Timing results:
 - Read map: 132.788 ms

 - Create Context: 0.000953674 ms

 - Generate Workloads: 486.22 ms

 - Create App: 70.1091 ms

 - Init: 0.285864 ms

 - Adaptive Grouping: 0.885963 ms

 - Build Index: 5.96118 ms

 - Warmup: 4.80986 ms

 - Query: 0.951624 ms

 - Cleanup: 45.887 ms

