/local/storage/liang/.clion/RayJoin/cmake-build-release-dl190/bin/query_exec -poly1 /local/storage/liang/Downloads/Datasets/point_cdb/lakes/North_America/lakes_North_America_Point.cdb              -poly2 /local/storage/liang/Downloads/Datasets/point_cdb/parks/North_America/parks_North_America_Point.cdb              -serialize=/dev/shm              -mode=rt              -query=lsi              -v=1              -fau              -xsect_factor 0.1              -enlarge=3.0              -check=false
I1002 17:18:45.296710 193593 planar_graph.h:216] Map /dev/shm/-local-storage-liang-Downloads-Datasets-point_cdb-lakes-North_America-lakes_North_America_Point.cdb.bin is deserialized, chains: 1910184 points: 69273661 edges: 67363477
I1002 17:18:45.888100 193593 planar_graph.h:216] Map /dev/shm/-local-storage-liang-Downloads-Datasets-point_cdb-parks-North_America-parks_North_America_Point.cdb.bin is deserialized, chains: 603325 points: 27465008 edges: 26861683
I1002 17:18:45.888113 193593 run_query.cu:213] After sampling , edges: 26861683
I1002 17:18:45.888134 193593 context.h:51] Bounding Box, Bottom-left: (-178.058, 7.22476), Top-right: (-45.5202, 71.2885)
I1002 17:18:45.888150 193593 context.h:58] Scaled Bounding Box, Bottom-left: (-69322661498935, -68238415890814), Top-right: (69322661498934, 68238415890813)
I1002 17:18:45.888152 193593 context.h:61] Unscaled Bounding Box, Bottom-left: (-178.058, 7.22476), Top-right: (-45.5202, 71.2885)
I1002 17:18:53.429059 193593 rt_engine.cu:282] Info: Pipeline statistics
	module(s)                            :     1
	entry function(s)                    :     2
	trace call(s)                        :     1
	continuation callable call(s)        :     0
	direct callable call(s)              :     0
	basic block(s) in entry functions    :    67
	instruction(s) in entry functions    :  1011
	non-entry function(s)                :     1
	basic block(s) in non-entry functions:     1
	instruction(s) in non-entry functions:     1
	debug information                    :    no
I1002 17:18:53.434020 193593 rt_engine.cu:282] Info: Pipeline statistics
	module(s)                            :     1
	entry function(s)                    :     2
	trace call(s)                        :     1
	continuation callable call(s)        :     0
	direct callable call(s)              :     0
	basic block(s) in entry functions    :    43
	instruction(s) in entry functions    :   831
	non-entry function(s)                :     1
	basic block(s) in non-entry functions:     1
	instruction(s) in non-entry functions:     1
	debug information                    :    no
I1002 17:18:53.434742 193593 run_query.cu:251] Queue capacity: 9422516
I1002 17:18:53.434749 193593 lsi.h:22] Queue size: 431 MB
I1002 17:18:53.470233 193593 primitive.h:252] Enlarge limit: 3 max iter:5 ne: 67363477 aabbs: 18561758 Compress ratio: 0.724454 Time: 33.118 ms
I1002 17:18:53.470276 193593 rt_engine.cu:397] Building AS, num prims: 18561758, Required Temp Size: 1413595776 Output Size: 694476288
I1002 17:18:53.518617 193593 lsi_rt.h:50] queries: 26861683
I1002 17:18:53.518652 193593 rt_engine.h:159] Parm size: 176
I1002 17:18:53.518666 193593 rt_engine.cu:554] optixLaunch, [w,h,d] = 26861683,1,1
I1002 17:18:53.546921 193593 lsi_rt.h:50] queries: 26861683
I1002 17:18:53.546928 193593 rt_engine.h:159] Parm size: 176
I1002 17:18:53.546936 193593 rt_engine.cu:554] optixLaunch, [w,h,d] = 26861683,1,1
I1002 17:18:53.573065 193593 lsi_rt.h:50] queries: 26861683
I1002 17:18:53.573072 193593 rt_engine.h:159] Parm size: 176
I1002 17:18:53.573078 193593 rt_engine.cu:554] optixLaunch, [w,h,d] = 26861683,1,1
I1002 17:18:53.598338 193593 lsi_rt.h:50] queries: 26861683
I1002 17:18:53.598345 193593 rt_engine.h:159] Parm size: 176
I1002 17:18:53.598351 193593 rt_engine.cu:554] optixLaunch, [w,h,d] = 26861683,1,1
I1002 17:18:53.623132 193593 lsi_rt.h:50] queries: 26861683
I1002 17:18:53.623138 193593 rt_engine.h:159] Parm size: 176
I1002 17:18:53.623144 193593 rt_engine.cu:554] optixLaunch, [w,h,d] = 26861683,1,1
I1002 17:18:53.647750 193593 run_query.cu:318] Iter: 0
I1002 17:18:53.647753 193593 lsi_rt.h:50] queries: 26861683
I1002 17:18:53.647758 193593 rt_engine.h:159] Parm size: 176
I1002 17:18:53.647764 193593 rt_engine.cu:554] optixLaunch, [w,h,d] = 26861683,1,1
I1002 17:18:53.672127 193593 run_query.cu:318] Iter: 1
I1002 17:18:53.672128 193593 lsi_rt.h:50] queries: 26861683
I1002 17:18:53.672134 193593 rt_engine.h:159] Parm size: 176
I1002 17:18:53.672140 193593 rt_engine.cu:554] optixLaunch, [w,h,d] = 26861683,1,1
I1002 17:18:53.696586 193593 run_query.cu:318] Iter: 2
I1002 17:18:53.696588 193593 lsi_rt.h:50] queries: 26861683
I1002 17:18:53.696594 193593 rt_engine.h:159] Parm size: 176
I1002 17:18:53.696599 193593 rt_engine.cu:554] optixLaunch, [w,h,d] = 26861683,1,1
I1002 17:18:53.721050 193593 run_query.cu:318] Iter: 3
I1002 17:18:53.721067 193593 lsi_rt.h:50] queries: 26861683
I1002 17:18:53.721073 193593 rt_engine.h:159] Parm size: 176
I1002 17:18:53.721102 193593 rt_engine.cu:554] optixLaunch, [w,h,d] = 26861683,1,1
I1002 17:18:53.745640 193593 run_query.cu:318] Iter: 4
I1002 17:18:53.745641 193593 lsi_rt.h:50] queries: 26861683
I1002 17:18:53.745647 193593 rt_engine.h:159] Parm size: 176
I1002 17:18:53.745653 193593 rt_engine.cu:554] optixLaunch, [w,h,d] = 26861683,1,1
I1002 17:18:53.770187 193593 run_query.cu:323] Intersections: 1251343 Selective: 125.134 Queue Load Factor: 0.132803
Timing results:
 - Read map: 1578.36 ms

 - Create Context: 0 ms

 - Generate Workloads: 8056.27 ms

 - Create App: 81.568 ms

 - Init: 2.37107 ms

 - Adaptive Grouping: 33.1409 ms

 - Build Index: 48.363 ms

 - Warmup: 129.135 ms

 - Query: 24.4882 ms

 - Cleanup: 527.358 ms

