/local/storage/liang/.clion/RayJoin/cmake-build-release-dl190/bin/query_exec -poly1 /local/storage/liang/Downloads/Datasets/point_cdb/lakes/North_America/lakes_North_America_Point.cdb              -poly2 /local/storage/liang/Downloads/Datasets/point_cdb/parks/North_America/parks_North_America_Point.cdb              -serialize=/dev/shm              -mode=rt              -query=lsi              -v=1              -fau              -xsect_factor 0.1              -enlarge=3.5              -check=false
I1002 17:19:20.327005 193807 planar_graph.h:216] Map /dev/shm/-local-storage-liang-Downloads-Datasets-point_cdb-lakes-North_America-lakes_North_America_Point.cdb.bin is deserialized, chains: 1910184 points: 69273661 edges: 67363477
I1002 17:19:20.921640 193807 planar_graph.h:216] Map /dev/shm/-local-storage-liang-Downloads-Datasets-point_cdb-parks-North_America-parks_North_America_Point.cdb.bin is deserialized, chains: 603325 points: 27465008 edges: 26861683
I1002 17:19:20.921653 193807 run_query.cu:213] After sampling , edges: 26861683
I1002 17:19:20.921674 193807 context.h:51] Bounding Box, Bottom-left: (-178.058, 7.22476), Top-right: (-45.5202, 71.2885)
I1002 17:19:20.921689 193807 context.h:58] Scaled Bounding Box, Bottom-left: (-69322661498935, -68238415890814), Top-right: (69322661498934, 68238415890813)
I1002 17:19:20.921691 193807 context.h:61] Unscaled Bounding Box, Bottom-left: (-178.058, 7.22476), Top-right: (-45.5202, 71.2885)
I1002 17:19:28.506752 193807 rt_engine.cu:282] Info: Pipeline statistics
	module(s)                            :     1
	entry function(s)                    :     2
	trace call(s)                        :     1
	continuation callable call(s)        :     0
	direct callable call(s)              :     0
	basic block(s) in entry functions    :    67
	instruction(s) in entry functions    :  1011
	non-entry function(s)                :     1
	basic block(s) in non-entry functions:     1
	instruction(s) in non-entry functions:     1
	debug information                    :    no
I1002 17:19:28.511700 193807 rt_engine.cu:282] Info: Pipeline statistics
	module(s)                            :     1
	entry function(s)                    :     2
	trace call(s)                        :     1
	continuation callable call(s)        :     0
	direct callable call(s)              :     0
	basic block(s) in entry functions    :    43
	instruction(s) in entry functions    :   831
	non-entry function(s)                :     1
	basic block(s) in non-entry functions:     1
	instruction(s) in non-entry functions:     1
	debug information                    :    no
I1002 17:19:28.512439 193807 run_query.cu:251] Queue capacity: 9422516
I1002 17:19:28.512449 193807 lsi.h:22] Queue size: 431 MB
I1002 17:19:28.550776 193807 primitive.h:252] Enlarge limit: 3.5 max iter:5 ne: 67363477 aabbs: 11432681 Compress ratio: 0.830284 Time: 35.812 ms
I1002 17:19:28.550813 193807 rt_engine.cu:397] Building AS, num prims: 11432681, Required Temp Size: 870672256 Output Size: 427747584
I1002 17:19:28.581136 193807 lsi_rt.h:50] queries: 26861683
I1002 17:19:28.581166 193807 rt_engine.h:159] Parm size: 176
I1002 17:19:28.581180 193807 rt_engine.cu:554] optixLaunch, [w,h,d] = 26861683,1,1
I1002 17:19:28.613986 193807 lsi_rt.h:50] queries: 26861683
I1002 17:19:28.613993 193807 rt_engine.h:159] Parm size: 176
I1002 17:19:28.614001 193807 rt_engine.cu:554] optixLaunch, [w,h,d] = 26861683,1,1
I1002 17:19:28.646692 193807 lsi_rt.h:50] queries: 26861683
I1002 17:19:28.646697 193807 rt_engine.h:159] Parm size: 176
I1002 17:19:28.646704 193807 rt_engine.cu:554] optixLaunch, [w,h,d] = 26861683,1,1
I1002 17:19:28.679375 193807 lsi_rt.h:50] queries: 26861683
I1002 17:19:28.679383 193807 rt_engine.h:159] Parm size: 176
I1002 17:19:28.679388 193807 rt_engine.cu:554] optixLaunch, [w,h,d] = 26861683,1,1
I1002 17:19:28.712051 193807 lsi_rt.h:50] queries: 26861683
I1002 17:19:28.712059 193807 rt_engine.h:159] Parm size: 176
I1002 17:19:28.712064 193807 rt_engine.cu:554] optixLaunch, [w,h,d] = 26861683,1,1
I1002 17:19:28.744715 193807 run_query.cu:318] Iter: 0
I1002 17:19:28.744717 193807 lsi_rt.h:50] queries: 26861683
I1002 17:19:28.744722 193807 rt_engine.h:159] Parm size: 176
I1002 17:19:28.744729 193807 rt_engine.cu:554] optixLaunch, [w,h,d] = 26861683,1,1
I1002 17:19:28.776386 193807 run_query.cu:318] Iter: 1
I1002 17:19:28.776387 193807 lsi_rt.h:50] queries: 26861683
I1002 17:19:28.776393 193807 rt_engine.h:159] Parm size: 176
I1002 17:19:28.776399 193807 rt_engine.cu:554] optixLaunch, [w,h,d] = 26861683,1,1
I1002 17:19:28.806249 193807 run_query.cu:318] Iter: 2
I1002 17:19:28.806252 193807 lsi_rt.h:50] queries: 26861683
I1002 17:19:28.806257 193807 rt_engine.h:159] Parm size: 176
I1002 17:19:28.806262 193807 rt_engine.cu:554] optixLaunch, [w,h,d] = 26861683,1,1
I1002 17:19:28.835870 193807 run_query.cu:318] Iter: 3
I1002 17:19:28.835887 193807 lsi_rt.h:50] queries: 26861683
I1002 17:19:28.835893 193807 rt_engine.h:159] Parm size: 176
I1002 17:19:28.835899 193807 rt_engine.cu:554] optixLaunch, [w,h,d] = 26861683,1,1
I1002 17:19:28.865554 193807 run_query.cu:318] Iter: 4
I1002 17:19:28.865556 193807 lsi_rt.h:50] queries: 26861683
I1002 17:19:28.865561 193807 rt_engine.h:159] Parm size: 176
I1002 17:19:28.865567 193807 rt_engine.cu:554] optixLaunch, [w,h,d] = 26861683,1,1
I1002 17:19:28.895172 193807 run_query.cu:323] Intersections: 1251343 Selective: 125.134 Queue Load Factor: 0.132803
Timing results:
 - Read map: 1592.71 ms

 - Create Context: 0 ms

 - Generate Workloads: 8052.11 ms

 - Create App: 133.131 ms

 - Init: 2.52104 ms

 - Adaptive Grouping: 35.831 ms

 - Build Index: 30.3459 ms

 - Warmup: 163.579 ms

 - Query: 30.0924 ms

 - Cleanup: 526.23 ms

