/local/storage/liang/.clion/RayJoin/cmake-build-release-dl190/bin/query_exec -poly1 /local/storage/liang/Downloads/Datasets/point_cdb/lakes/North_America/lakes_North_America_Point.cdb              -poly2 /local/storage/liang/Downloads/Datasets/point_cdb/parks/North_America/parks_North_America_Point.cdb              -serialize=/dev/shm              -mode=rt              -query=lsi              -v=1              -fau              -xsect_factor 0.1              -enlarge=4.5              -check=false
I1002 17:20:31.022473 194294 planar_graph.h:216] Map /dev/shm/-local-storage-liang-Downloads-Datasets-point_cdb-lakes-North_America-lakes_North_America_Point.cdb.bin is deserialized, chains: 1910184 points: 69273661 edges: 67363477
I1002 17:20:31.612864 194294 planar_graph.h:216] Map /dev/shm/-local-storage-liang-Downloads-Datasets-point_cdb-parks-North_America-parks_North_America_Point.cdb.bin is deserialized, chains: 603325 points: 27465008 edges: 26861683
I1002 17:20:31.612875 194294 run_query.cu:213] After sampling , edges: 26861683
I1002 17:20:31.612895 194294 context.h:51] Bounding Box, Bottom-left: (-178.058, 7.22476), Top-right: (-45.5202, 71.2885)
I1002 17:20:31.612910 194294 context.h:58] Scaled Bounding Box, Bottom-left: (-69322661498935, -68238415890814), Top-right: (69322661498934, 68238415890813)
I1002 17:20:31.612911 194294 context.h:61] Unscaled Bounding Box, Bottom-left: (-178.058, 7.22476), Top-right: (-45.5202, 71.2885)
I1002 17:20:39.130019 194294 rt_engine.cu:282] Info: Pipeline statistics
	module(s)                            :     1
	entry function(s)                    :     2
	trace call(s)                        :     1
	continuation callable call(s)        :     0
	direct callable call(s)              :     0
	basic block(s) in entry functions    :    67
	instruction(s) in entry functions    :  1011
	non-entry function(s)                :     1
	basic block(s) in non-entry functions:     1
	instruction(s) in non-entry functions:     1
	debug information                    :    no
I1002 17:20:39.135015 194294 rt_engine.cu:282] Info: Pipeline statistics
	module(s)                            :     1
	entry function(s)                    :     2
	trace call(s)                        :     1
	continuation callable call(s)        :     0
	direct callable call(s)              :     0
	basic block(s) in entry functions    :    43
	instruction(s) in entry functions    :   831
	non-entry function(s)                :     1
	basic block(s) in non-entry functions:     1
	instruction(s) in non-entry functions:     1
	debug information                    :    no
I1002 17:20:39.135713 194294 run_query.cu:251] Queue capacity: 9422516
I1002 17:20:39.135721 194294 lsi.h:22] Queue size: 431 MB
I1002 17:20:39.168983 194294 primitive.h:252] Enlarge limit: 4.5 max iter:5 ne: 67363477 aabbs: 5416136 Compress ratio: 0.919598 Time: 30.889 ms
I1002 17:20:39.169021 194294 rt_engine.cu:397] Building AS, num prims: 5416136, Required Temp Size: 412474624 Output Size: 202643328
I1002 17:20:39.183300 194294 lsi_rt.h:50] queries: 26861683
I1002 17:20:39.183331 194294 rt_engine.h:159] Parm size: 176
I1002 17:20:39.183346 194294 rt_engine.cu:554] optixLaunch, [w,h,d] = 26861683,1,1
I1002 17:20:39.225267 194294 lsi_rt.h:50] queries: 26861683
I1002 17:20:39.225275 194294 rt_engine.h:159] Parm size: 176
I1002 17:20:39.225281 194294 rt_engine.cu:554] optixLaunch, [w,h,d] = 26861683,1,1
I1002 17:20:39.266754 194294 lsi_rt.h:50] queries: 26861683
I1002 17:20:39.266762 194294 rt_engine.h:159] Parm size: 176
I1002 17:20:39.266767 194294 rt_engine.cu:554] optixLaunch, [w,h,d] = 26861683,1,1
I1002 17:20:39.307569 194294 lsi_rt.h:50] queries: 26861683
I1002 17:20:39.307574 194294 rt_engine.h:159] Parm size: 176
I1002 17:20:39.307580 194294 rt_engine.cu:554] optixLaunch, [w,h,d] = 26861683,1,1
I1002 17:20:39.348176 194294 lsi_rt.h:50] queries: 26861683
I1002 17:20:39.348181 194294 rt_engine.h:159] Parm size: 176
I1002 17:20:39.348188 194294 rt_engine.cu:554] optixLaunch, [w,h,d] = 26861683,1,1
I1002 17:20:39.388821 194294 run_query.cu:318] Iter: 0
I1002 17:20:39.388823 194294 lsi_rt.h:50] queries: 26861683
I1002 17:20:39.388828 194294 rt_engine.h:159] Parm size: 176
I1002 17:20:39.388834 194294 rt_engine.cu:554] optixLaunch, [w,h,d] = 26861683,1,1
I1002 17:20:39.429620 194294 run_query.cu:318] Iter: 1
I1002 17:20:39.429621 194294 lsi_rt.h:50] queries: 26861683
I1002 17:20:39.429626 194294 rt_engine.h:159] Parm size: 176
I1002 17:20:39.429633 194294 rt_engine.cu:554] optixLaunch, [w,h,d] = 26861683,1,1
I1002 17:20:39.470239 194294 run_query.cu:318] Iter: 2
I1002 17:20:39.470240 194294 lsi_rt.h:50] queries: 26861683
I1002 17:20:39.470247 194294 rt_engine.h:159] Parm size: 176
I1002 17:20:39.470252 194294 rt_engine.cu:554] optixLaunch, [w,h,d] = 26861683,1,1
I1002 17:20:39.510833 194294 run_query.cu:318] Iter: 3
I1002 17:20:39.510851 194294 lsi_rt.h:50] queries: 26861683
I1002 17:20:39.510857 194294 rt_engine.h:159] Parm size: 176
I1002 17:20:39.510864 194294 rt_engine.cu:554] optixLaunch, [w,h,d] = 26861683,1,1
I1002 17:20:39.551477 194294 run_query.cu:318] Iter: 4
I1002 17:20:39.551479 194294 lsi_rt.h:50] queries: 26861683
I1002 17:20:39.551486 194294 rt_engine.h:159] Parm size: 176
I1002 17:20:39.551491 194294 rt_engine.cu:554] optixLaunch, [w,h,d] = 26861683,1,1
I1002 17:20:39.592105 194294 run_query.cu:323] Intersections: 1251343 Selective: 125.134 Queue Load Factor: 0.132803
Timing results:
 - Read map: 1606.12 ms

 - Create Context: 0 ms

 - Generate Workloads: 8031.23 ms

 - Create App: 81.8231 ms

 - Init: 2.37799 ms

 - Adaptive Grouping: 30.9079 ms

 - Build Index: 14.3001 ms

 - Warmup: 205.522 ms

 - Query: 40.6578 ms

 - Cleanup: 523.737 ms

