/local/storage/liang/.clion/RayJoin/cmake-build-release-dl190/bin/query_exec -poly1 /local/storage/liang/Downloads/Datasets/point_cdb/lakes/Africa/lakes_Africa_Point.cdb              -poly2 /local/storage/liang/Downloads/Datasets/point_cdb/parks/Africa/parks_Africa_Point.cdb              -serialize=/dev/shm              -mode=rt              -query=lsi              -v=1              -fau              -xsect_factor 0.1              -enlarge=2.5              -check=false
I1002 17:17:55.018577 193166 planar_graph.h:216] Map /dev/shm/-local-storage-liang-Downloads-Datasets-point_cdb-lakes-Africa-lakes_Africa_Point.cdb.bin is deserialized, chains: 27178 points: 1872496 edges: 1845318
I1002 17:17:55.048844 193166 planar_graph.h:216] Map /dev/shm/-local-storage-liang-Downloads-Datasets-point_cdb-parks-Africa-parks_Africa_Point.cdb.bin is deserialized, chains: 41991 points: 1358103 edges: 1316112
I1002 17:17:55.048857 193166 run_query.cu:213] After sampling , edges: 1316112
I1002 17:17:55.048878 193166 context.h:51] Bounding Box, Bottom-left: (-25.2135, -34.7852), Top-right: (63.4371, 37.3456)
I1002 17:17:55.048894 193166 context.h:58] Scaled Bounding Box, Bottom-left: (-68816217462298, -68470241806767), Top-right: (68816217462297, 68470241806766)
I1002 17:17:55.048895 193166 context.h:61] Unscaled Bounding Box, Bottom-left: (-25.2135, -34.7852), Top-right: (63.4371, 37.3456)
I1002 17:17:55.336184 193166 rt_engine.cu:282] Info: Pipeline statistics
	module(s)                            :     1
	entry function(s)                    :     2
	trace call(s)                        :     1
	continuation callable call(s)        :     0
	direct callable call(s)              :     0
	basic block(s) in entry functions    :    67
	instruction(s) in entry functions    :  1011
	non-entry function(s)                :     1
	basic block(s) in non-entry functions:     1
	instruction(s) in non-entry functions:     1
	debug information                    :    no
I1002 17:17:55.341141 193166 rt_engine.cu:282] Info: Pipeline statistics
	module(s)                            :     1
	entry function(s)                    :     2
	trace call(s)                        :     1
	continuation callable call(s)        :     0
	direct callable call(s)              :     0
	basic block(s) in entry functions    :    43
	instruction(s) in entry functions    :   831
	non-entry function(s)                :     1
	basic block(s) in non-entry functions:     1
	instruction(s) in non-entry functions:     1
	debug information                    :    no
I1002 17:17:55.341353 193166 run_query.cu:251] Queue capacity: 316143
I1002 17:17:55.341359 193166 lsi.h:22] Queue size: 14 MB
I1002 17:17:55.342590 193166 primitive.h:252] Enlarge limit: 2.5 max iter:5 ne: 1845318 aabbs: 829076 Compress ratio: 0.550714 Time: 1.015 ms
I1002 17:17:55.342624 193166 rt_engine.cu:397] Building AS, num prims: 829076, Required Temp Size: 63141248 Output Size: 31022080
I1002 17:17:55.345045 193166 lsi_rt.h:50] queries: 1316112
I1002 17:17:55.345072 193166 rt_engine.h:159] Parm size: 176
I1002 17:17:55.345085 193166 rt_engine.cu:554] optixLaunch, [w,h,d] = 1316112,1,1
I1002 17:17:55.345655 193166 lsi_rt.h:50] queries: 1316112
I1002 17:17:55.345661 193166 rt_engine.h:159] Parm size: 176
I1002 17:17:55.345669 193166 rt_engine.cu:554] optixLaunch, [w,h,d] = 1316112,1,1
I1002 17:17:55.346163 193166 lsi_rt.h:50] queries: 1316112
I1002 17:17:55.346168 193166 rt_engine.h:159] Parm size: 176
I1002 17:17:55.346174 193166 rt_engine.cu:554] optixLaunch, [w,h,d] = 1316112,1,1
I1002 17:17:55.346652 193166 lsi_rt.h:50] queries: 1316112
I1002 17:17:55.346657 193166 rt_engine.h:159] Parm size: 176
I1002 17:17:55.346663 193166 rt_engine.cu:554] optixLaunch, [w,h,d] = 1316112,1,1
I1002 17:17:55.347147 193166 lsi_rt.h:50] queries: 1316112
I1002 17:17:55.347153 193166 rt_engine.h:159] Parm size: 176
I1002 17:17:55.347159 193166 rt_engine.cu:554] optixLaunch, [w,h,d] = 1316112,1,1
I1002 17:17:55.347644 193166 run_query.cu:318] Iter: 0
I1002 17:17:55.347646 193166 lsi_rt.h:50] queries: 1316112
I1002 17:17:55.347651 193166 rt_engine.h:159] Parm size: 176
I1002 17:17:55.347657 193166 rt_engine.cu:554] optixLaunch, [w,h,d] = 1316112,1,1
I1002 17:17:55.348143 193166 run_query.cu:318] Iter: 1
I1002 17:17:55.348145 193166 lsi_rt.h:50] queries: 1316112
I1002 17:17:55.348150 193166 rt_engine.h:159] Parm size: 176
I1002 17:17:55.348157 193166 rt_engine.cu:554] optixLaunch, [w,h,d] = 1316112,1,1
I1002 17:17:55.348642 193166 run_query.cu:318] Iter: 2
I1002 17:17:55.348644 193166 lsi_rt.h:50] queries: 1316112
I1002 17:17:55.348650 193166 rt_engine.h:159] Parm size: 176
I1002 17:17:55.348656 193166 rt_engine.cu:554] optixLaunch, [w,h,d] = 1316112,1,1
I1002 17:17:55.349143 193166 run_query.cu:318] Iter: 3
I1002 17:17:55.349144 193166 lsi_rt.h:50] queries: 1316112
I1002 17:17:55.349167 193166 rt_engine.h:159] Parm size: 176
I1002 17:17:55.349174 193166 rt_engine.cu:554] optixLaunch, [w,h,d] = 1316112,1,1
I1002 17:17:55.349653 193166 run_query.cu:318] Iter: 4
I1002 17:17:55.349655 193166 lsi_rt.h:50] queries: 1316112
I1002 17:17:55.349661 193166 rt_engine.h:159] Parm size: 176
I1002 17:17:55.349668 193166 rt_engine.cu:554] optixLaunch, [w,h,d] = 1316112,1,1
I1002 17:17:55.350159 193166 run_query.cu:323] Intersections: 4765 Selective: 0.4765 Queue Load Factor: 0.0150723
Timing results:
 - Read map: 107.037 ms

 - Create Context: 0 ms

 - Generate Workloads: 269.946 ms

 - Create App: 52.6059 ms

 - Init: 0.219107 ms

 - Adaptive Grouping: 1.03188 ms

 - Build Index: 2.43998 ms

 - Warmup: 2.60115 ms

 - Query: 0.503778 ms

 - Cleanup: 32.6371 ms

