/local/storage/liang/.clion/RayJoin/cmake-build-release-dl190/bin/query_exec -poly1 /local/storage/liang/Downloads/Datasets/point_cdb/lakes/Africa/lakes_Africa_Point.cdb              -poly2 /local/storage/liang/Downloads/Datasets/point_cdb/parks/Africa/parks_Africa_Point.cdb              -serialize=/dev/shm              -mode=rt              -query=lsi              -v=1              -fau              -xsect_factor 0.1              -enlarge=4.0              -check=false
I1002 17:19:40.104426 193951 planar_graph.h:216] Map /dev/shm/-local-storage-liang-Downloads-Datasets-point_cdb-lakes-Africa-lakes_Africa_Point.cdb.bin is deserialized, chains: 27178 points: 1872496 edges: 1845318
I1002 17:19:40.134980 193951 planar_graph.h:216] Map /dev/shm/-local-storage-liang-Downloads-Datasets-point_cdb-parks-Africa-parks_Africa_Point.cdb.bin is deserialized, chains: 41991 points: 1358103 edges: 1316112
I1002 17:19:40.134994 193951 run_query.cu:213] After sampling , edges: 1316112
I1002 17:19:40.135025 193951 context.h:51] Bounding Box, Bottom-left: (-25.2135, -34.7852), Top-right: (63.4371, 37.3456)
I1002 17:19:40.135043 193951 context.h:58] Scaled Bounding Box, Bottom-left: (-68816217462298, -68470241806767), Top-right: (68816217462297, 68470241806766)
I1002 17:19:40.135046 193951 context.h:61] Unscaled Bounding Box, Bottom-left: (-25.2135, -34.7852), Top-right: (63.4371, 37.3456)
I1002 17:19:40.441329 193951 rt_engine.cu:282] Info: Pipeline statistics
	module(s)                            :     1
	entry function(s)                    :     2
	trace call(s)                        :     1
	continuation callable call(s)        :     0
	direct callable call(s)              :     0
	basic block(s) in entry functions    :    67
	instruction(s) in entry functions    :  1011
	non-entry function(s)                :     1
	basic block(s) in non-entry functions:     1
	instruction(s) in non-entry functions:     1
	debug information                    :    no
I1002 17:19:40.446235 193951 rt_engine.cu:282] Info: Pipeline statistics
	module(s)                            :     1
	entry function(s)                    :     2
	trace call(s)                        :     1
	continuation callable call(s)        :     0
	direct callable call(s)              :     0
	basic block(s) in entry functions    :    43
	instruction(s) in entry functions    :   831
	non-entry function(s)                :     1
	basic block(s) in non-entry functions:     1
	instruction(s) in non-entry functions:     1
	debug information                    :    no
I1002 17:19:40.446456 193951 run_query.cu:251] Queue capacity: 316143
I1002 17:19:40.446462 193951 lsi.h:22] Queue size: 14 MB
I1002 17:19:40.447636 193951 primitive.h:252] Enlarge limit: 4 max iter:5 ne: 1845318 aabbs: 174055 Compress ratio: 0.905677 Time: 0.974 ms
I1002 17:19:40.447697 193951 rt_engine.cu:397] Building AS, num prims: 174055, Required Temp Size: 13257344 Output Size: 6514944
I1002 17:19:40.448596 193951 lsi_rt.h:50] queries: 1316112
I1002 17:19:40.448623 193951 rt_engine.h:159] Parm size: 176
I1002 17:19:40.448637 193951 rt_engine.cu:554] optixLaunch, [w,h,d] = 1316112,1,1
I1002 17:19:40.449362 193951 lsi_rt.h:50] queries: 1316112
I1002 17:19:40.449369 193951 rt_engine.h:159] Parm size: 176
I1002 17:19:40.449375 193951 rt_engine.cu:554] optixLaunch, [w,h,d] = 1316112,1,1
I1002 17:19:40.450070 193951 lsi_rt.h:50] queries: 1316112
I1002 17:19:40.450076 193951 rt_engine.h:159] Parm size: 176
I1002 17:19:40.450083 193951 rt_engine.cu:554] optixLaunch, [w,h,d] = 1316112,1,1
I1002 17:19:40.450755 193951 lsi_rt.h:50] queries: 1316112
I1002 17:19:40.450762 193951 rt_engine.h:159] Parm size: 176
I1002 17:19:40.450767 193951 rt_engine.cu:554] optixLaunch, [w,h,d] = 1316112,1,1
I1002 17:19:40.451432 193951 lsi_rt.h:50] queries: 1316112
I1002 17:19:40.451438 193951 rt_engine.h:159] Parm size: 176
I1002 17:19:40.451444 193951 rt_engine.cu:554] optixLaunch, [w,h,d] = 1316112,1,1
I1002 17:19:40.452109 193951 run_query.cu:318] Iter: 0
I1002 17:19:40.452111 193951 lsi_rt.h:50] queries: 1316112
I1002 17:19:40.452117 193951 rt_engine.h:159] Parm size: 176
I1002 17:19:40.452122 193951 rt_engine.cu:554] optixLaunch, [w,h,d] = 1316112,1,1
I1002 17:19:40.452786 193951 run_query.cu:318] Iter: 1
I1002 17:19:40.452788 193951 lsi_rt.h:50] queries: 1316112
I1002 17:19:40.452795 193951 rt_engine.h:159] Parm size: 176
I1002 17:19:40.452800 193951 rt_engine.cu:554] optixLaunch, [w,h,d] = 1316112,1,1
I1002 17:19:40.453464 193951 run_query.cu:318] Iter: 2
I1002 17:19:40.453466 193951 lsi_rt.h:50] queries: 1316112
I1002 17:19:40.453472 193951 rt_engine.h:159] Parm size: 176
I1002 17:19:40.453478 193951 rt_engine.cu:554] optixLaunch, [w,h,d] = 1316112,1,1
I1002 17:19:40.454159 193951 run_query.cu:318] Iter: 3
I1002 17:19:40.454161 193951 lsi_rt.h:50] queries: 1316112
I1002 17:19:40.454185 193951 rt_engine.h:159] Parm size: 176
I1002 17:19:40.454203 193951 rt_engine.cu:554] optixLaunch, [w,h,d] = 1316112,1,1
I1002 17:19:40.454866 193951 run_query.cu:318] Iter: 4
I1002 17:19:40.454869 193951 lsi_rt.h:50] queries: 1316112
I1002 17:19:40.454874 193951 rt_engine.h:159] Parm size: 176
I1002 17:19:40.454879 193951 rt_engine.cu:554] optixLaunch, [w,h,d] = 1316112,1,1
I1002 17:19:40.455561 193951 run_query.cu:323] Intersections: 4765 Selective: 0.4765 Queue Load Factor: 0.0150723
Timing results:
 - Read map: 105.472 ms

 - Create Context: 0 ms

 - Generate Workloads: 269.154 ms

 - Create App: 72.648 ms

 - Init: 0.204086 ms

 - Adaptive Grouping: 1.0159 ms

 - Build Index: 0.920057 ms

 - Warmup: 3.5131 ms

 - Query: 0.691175 ms

 - Cleanup: 32.5031 ms

