/local/storage/liang/.clion/RayJoin/cmake-build-release-dl190/bin/query_exec -poly1 /local/storage/liang/Downloads/Datasets/point_cdb/lakes/North_America/lakes_North_America_Point.cdb              -poly2 /local/storage/liang/Downloads/Datasets/point_cdb/parks/North_America/parks_North_America_Point.cdb              -serialize=/dev/shm              -mode=rt              -query=lsi              -v=1              -fau              -xsect_factor 0.1              -enlarge=2.5              -check=false
I1002 17:18:10.429924 193252 planar_graph.h:216] Map /dev/shm/-local-storage-liang-Downloads-Datasets-point_cdb-lakes-North_America-lakes_North_America_Point.cdb.bin is deserialized, chains: 1910184 points: 69273661 edges: 67363477
I1002 17:18:11.020331 193252 planar_graph.h:216] Map /dev/shm/-local-storage-liang-Downloads-Datasets-point_cdb-parks-North_America-parks_North_America_Point.cdb.bin is deserialized, chains: 603325 points: 27465008 edges: 26861683
I1002 17:18:11.020344 193252 run_query.cu:213] After sampling , edges: 26861683
I1002 17:18:11.020361 193252 context.h:51] Bounding Box, Bottom-left: (-178.058, 7.22476), Top-right: (-45.5202, 71.2885)
I1002 17:18:11.020377 193252 context.h:58] Scaled Bounding Box, Bottom-left: (-69322661498935, -68238415890814), Top-right: (69322661498934, 68238415890813)
I1002 17:18:11.020380 193252 context.h:61] Unscaled Bounding Box, Bottom-left: (-178.058, 7.22476), Top-right: (-45.5202, 71.2885)
I1002 17:18:18.568702 193252 rt_engine.cu:282] Info: Pipeline statistics
	module(s)                            :     1
	entry function(s)                    :     2
	trace call(s)                        :     1
	continuation callable call(s)        :     0
	direct callable call(s)              :     0
	basic block(s) in entry functions    :    67
	instruction(s) in entry functions    :  1011
	non-entry function(s)                :     1
	basic block(s) in non-entry functions:     1
	instruction(s) in non-entry functions:     1
	debug information                    :    no
I1002 17:18:18.573676 193252 rt_engine.cu:282] Info: Pipeline statistics
	module(s)                            :     1
	entry function(s)                    :     2
	trace call(s)                        :     1
	continuation callable call(s)        :     0
	direct callable call(s)              :     0
	basic block(s) in entry functions    :    43
	instruction(s) in entry functions    :   831
	non-entry function(s)                :     1
	basic block(s) in non-entry functions:     1
	instruction(s) in non-entry functions:     1
	debug information                    :    no
I1002 17:18:18.574388 193252 run_query.cu:251] Queue capacity: 9422516
I1002 17:18:18.574395 193252 lsi.h:22] Queue size: 431 MB
I1002 17:18:18.609992 193252 primitive.h:252] Enlarge limit: 2.5 max iter:5 ne: 67363477 aabbs: 29096201 Compress ratio: 0.568072 Time: 33.26 ms
I1002 17:18:18.610031 193252 rt_engine.cu:397] Building AS, num prims: 29096201, Required Temp Size: 2215859712 Output Size: 1088614144
I1002 17:18:18.685259 193252 lsi_rt.h:50] queries: 26861683
I1002 17:18:18.685292 193252 rt_engine.h:159] Parm size: 176
I1002 17:18:18.685307 193252 rt_engine.cu:554] optixLaunch, [w,h,d] = 26861683,1,1
I1002 17:18:18.709924 193252 lsi_rt.h:50] queries: 26861683
I1002 17:18:18.709931 193252 rt_engine.h:159] Parm size: 176
I1002 17:18:18.709939 193252 rt_engine.cu:554] optixLaunch, [w,h,d] = 26861683,1,1
I1002 17:18:18.732969 193252 lsi_rt.h:50] queries: 26861683
I1002 17:18:18.732975 193252 rt_engine.h:159] Parm size: 176
I1002 17:18:18.732981 193252 rt_engine.cu:554] optixLaunch, [w,h,d] = 26861683,1,1
I1002 17:18:18.754598 193252 lsi_rt.h:50] queries: 26861683
I1002 17:18:18.754604 193252 rt_engine.h:159] Parm size: 176
I1002 17:18:18.754611 193252 rt_engine.cu:554] optixLaunch, [w,h,d] = 26861683,1,1
I1002 17:18:18.775815 193252 lsi_rt.h:50] queries: 26861683
I1002 17:18:18.775820 193252 rt_engine.h:159] Parm size: 176
I1002 17:18:18.775826 193252 rt_engine.cu:554] optixLaunch, [w,h,d] = 26861683,1,1
I1002 17:18:18.796825 193252 run_query.cu:318] Iter: 0
I1002 17:18:18.796828 193252 lsi_rt.h:50] queries: 26861683
I1002 17:18:18.796833 193252 rt_engine.h:159] Parm size: 176
I1002 17:18:18.796839 193252 rt_engine.cu:554] optixLaunch, [w,h,d] = 26861683,1,1
I1002 17:18:18.817705 193252 run_query.cu:318] Iter: 1
I1002 17:18:18.817706 193252 lsi_rt.h:50] queries: 26861683
I1002 17:18:18.817713 193252 rt_engine.h:159] Parm size: 176
I1002 17:18:18.817718 193252 rt_engine.cu:554] optixLaunch, [w,h,d] = 26861683,1,1
I1002 17:18:18.838373 193252 run_query.cu:318] Iter: 2
I1002 17:18:18.838375 193252 lsi_rt.h:50] queries: 26861683
I1002 17:18:18.838382 193252 rt_engine.h:159] Parm size: 176
I1002 17:18:18.838387 193252 rt_engine.cu:554] optixLaunch, [w,h,d] = 26861683,1,1
I1002 17:18:18.859030 193252 run_query.cu:318] Iter: 3
I1002 17:18:18.859048 193252 lsi_rt.h:50] queries: 26861683
I1002 17:18:18.859055 193252 rt_engine.h:159] Parm size: 176
I1002 17:18:18.859082 193252 rt_engine.cu:554] optixLaunch, [w,h,d] = 26861683,1,1
I1002 17:18:18.879737 193252 run_query.cu:318] Iter: 4
I1002 17:18:18.879738 193252 lsi_rt.h:50] queries: 26861683
I1002 17:18:18.879745 193252 rt_engine.h:159] Parm size: 176
I1002 17:18:18.879750 193252 rt_engine.cu:554] optixLaunch, [w,h,d] = 26861683,1,1
I1002 17:18:18.900370 193252 run_query.cu:323] Intersections: 1251343 Selective: 125.134 Queue Load Factor: 0.132803
Timing results:
 - Read map: 1550.25 ms

 - Create Context: 0 ms

 - Generate Workloads: 8062.75 ms

 - Create App: 81.5251 ms

 - Init: 2.34008 ms

 - Adaptive Grouping: 33.2799 ms

 - Build Index: 75.2499 ms

 - Warmup: 111.568 ms

 - Query: 20.7098 ms

 - Cleanup: 555.83 ms

