/local/storage/liang/.clion/RayJoin/cmake-build-release-dl190/bin/query_exec -poly1 /local/storage/liang/Downloads/Datasets/point_cdb/lakes/Africa/lakes_Africa_Point.cdb              -poly2 /local/storage/liang/Downloads/Datasets/point_cdb/parks/Africa/parks_Africa_Point.cdb              -serialize=/dev/shm              -mode=rt              -query=lsi              -v=1              -fau              -xsect_factor 0.1              -enlarge=1              -check=false
I1002 17:16:10.634079 192400 planar_graph.h:216] Map /dev/shm/-local-storage-liang-Downloads-Datasets-point_cdb-lakes-Africa-lakes_Africa_Point.cdb.bin is deserialized, chains: 27178 points: 1872496 edges: 1845318
I1002 17:16:10.665748 192400 planar_graph.h:216] Map /dev/shm/-local-storage-liang-Downloads-Datasets-point_cdb-parks-Africa-parks_Africa_Point.cdb.bin is deserialized, chains: 41991 points: 1358103 edges: 1316112
I1002 17:16:10.665760 192400 run_query.cu:213] After sampling , edges: 1316112
I1002 17:16:10.665777 192400 context.h:51] Bounding Box, Bottom-left: (-25.2135, -34.7852), Top-right: (63.4371, 37.3456)
I1002 17:16:10.665792 192400 context.h:58] Scaled Bounding Box, Bottom-left: (-68816217462298, -68470241806767), Top-right: (68816217462297, 68470241806766)
I1002 17:16:10.665794 192400 context.h:61] Unscaled Bounding Box, Bottom-left: (-25.2135, -34.7852), Top-right: (63.4371, 37.3456)
I1002 17:16:10.951499 192400 rt_engine.cu:282] Info: Pipeline statistics
	module(s)                            :     1
	entry function(s)                    :     2
	trace call(s)                        :     1
	continuation callable call(s)        :     0
	direct callable call(s)              :     0
	basic block(s) in entry functions    :    67
	instruction(s) in entry functions    :  1011
	non-entry function(s)                :     1
	basic block(s) in non-entry functions:     1
	instruction(s) in non-entry functions:     1
	debug information                    :    no
I1002 17:16:10.956471 192400 rt_engine.cu:282] Info: Pipeline statistics
	module(s)                            :     1
	entry function(s)                    :     2
	trace call(s)                        :     1
	continuation callable call(s)        :     0
	direct callable call(s)              :     0
	basic block(s) in entry functions    :    43
	instruction(s) in entry functions    :   831
	non-entry function(s)                :     1
	basic block(s) in non-entry functions:     1
	instruction(s) in non-entry functions:     1
	debug information                    :    no
I1002 17:16:10.956679 192400 run_query.cu:251] Queue capacity: 316143
I1002 17:16:10.956689 192400 lsi.h:22] Queue size: 14 MB
I1002 17:16:10.957279 192400 primitive.h:252] Enlarge limit: 1 max iter:5 ne: 1845318 aabbs: 1844852 Compress ratio: 0.000252531 Time: 0.365 ms
I1002 17:16:10.957316 192400 rt_engine.cu:397] Building AS, num prims: 1844852, Required Temp Size: 140498944 Output Size: 69026560
I1002 17:16:10.962477 192400 lsi_rt.h:50] queries: 1316112
I1002 17:16:10.962508 192400 rt_engine.h:159] Parm size: 176
I1002 17:16:10.962522 192400 rt_engine.cu:554] optixLaunch, [w,h,d] = 1316112,1,1
I1002 17:16:10.963027 192400 lsi_rt.h:50] queries: 1316112
I1002 17:16:10.963032 192400 rt_engine.h:159] Parm size: 176
I1002 17:16:10.963039 192400 rt_engine.cu:554] optixLaunch, [w,h,d] = 1316112,1,1
I1002 17:16:10.963465 192400 lsi_rt.h:50] queries: 1316112
I1002 17:16:10.963474 192400 rt_engine.h:159] Parm size: 176
I1002 17:16:10.963480 192400 rt_engine.cu:554] optixLaunch, [w,h,d] = 1316112,1,1
I1002 17:16:10.963905 192400 lsi_rt.h:50] queries: 1316112
I1002 17:16:10.963912 192400 rt_engine.h:159] Parm size: 176
I1002 17:16:10.963917 192400 rt_engine.cu:554] optixLaunch, [w,h,d] = 1316112,1,1
I1002 17:16:10.964334 192400 lsi_rt.h:50] queries: 1316112
I1002 17:16:10.964339 192400 rt_engine.h:159] Parm size: 176
I1002 17:16:10.964349 192400 rt_engine.cu:554] optixLaunch, [w,h,d] = 1316112,1,1
I1002 17:16:10.964762 192400 run_query.cu:318] Iter: 0
I1002 17:16:10.964763 192400 lsi_rt.h:50] queries: 1316112
I1002 17:16:10.964769 192400 rt_engine.h:159] Parm size: 176
I1002 17:16:10.964776 192400 rt_engine.cu:554] optixLaunch, [w,h,d] = 1316112,1,1
I1002 17:16:10.965188 192400 run_query.cu:318] Iter: 1
I1002 17:16:10.965190 192400 lsi_rt.h:50] queries: 1316112
I1002 17:16:10.965196 192400 rt_engine.h:159] Parm size: 176
I1002 17:16:10.965202 192400 rt_engine.cu:554] optixLaunch, [w,h,d] = 1316112,1,1
I1002 17:16:10.965613 192400 run_query.cu:318] Iter: 2
I1002 17:16:10.965615 192400 lsi_rt.h:50] queries: 1316112
I1002 17:16:10.965621 192400 rt_engine.h:159] Parm size: 176
I1002 17:16:10.965627 192400 rt_engine.cu:554] optixLaunch, [w,h,d] = 1316112,1,1
I1002 17:16:10.966040 192400 run_query.cu:318] Iter: 3
I1002 17:16:10.966058 192400 lsi_rt.h:50] queries: 1316112
I1002 17:16:10.966064 192400 rt_engine.h:159] Parm size: 176
I1002 17:16:10.966071 192400 rt_engine.cu:554] optixLaunch, [w,h,d] = 1316112,1,1
I1002 17:16:10.966481 192400 run_query.cu:318] Iter: 4
I1002 17:16:10.966483 192400 lsi_rt.h:50] queries: 1316112
I1002 17:16:10.966490 192400 rt_engine.h:159] Parm size: 176
I1002 17:16:10.966495 192400 rt_engine.cu:554] optixLaunch, [w,h,d] = 1316112,1,1
I1002 17:16:10.966917 192400 run_query.cu:323] Intersections: 4765 Selective: 0.4765 Queue Load Factor: 0.0150723
Timing results:
 - Read map: 114.475 ms

 - Create Context: 0.000953674 ms

 - Generate Workloads: 270.726 ms

 - Create App: 51.7151 ms

 - Init: 0.232935 ms

 - Adaptive Grouping: 0.381947 ms

 - Build Index: 5.18298 ms

 - Warmup: 2.285 ms

 - Query: 0.432205 ms

 - Cleanup: 34.6301 ms

