/local/storage/liang/.clion/RayJoin/cmake-build-release-dl190/bin/query_exec -poly1 /local/storage/liang/Downloads/Datasets/point_cdb/lakes/Africa/lakes_Africa_Point.cdb              -poly2 /local/storage/liang/Downloads/Datasets/point_cdb/parks/Africa/parks_Africa_Point.cdb              -serialize=/dev/shm              -mode=rt              -query=lsi              -v=1              -fau              -xsect_factor 0.1              -enlarge=2.0              -check=false
I1002 17:17:20.209136 192891 planar_graph.h:216] Map /dev/shm/-local-storage-liang-Downloads-Datasets-point_cdb-lakes-Africa-lakes_Africa_Point.cdb.bin is deserialized, chains: 27178 points: 1872496 edges: 1845318
I1002 17:17:20.239879 192891 planar_graph.h:216] Map /dev/shm/-local-storage-liang-Downloads-Datasets-point_cdb-parks-Africa-parks_Africa_Point.cdb.bin is deserialized, chains: 41991 points: 1358103 edges: 1316112
I1002 17:17:20.239893 192891 run_query.cu:213] After sampling , edges: 1316112
I1002 17:17:20.239914 192891 context.h:51] Bounding Box, Bottom-left: (-25.2135, -34.7852), Top-right: (63.4371, 37.3456)
I1002 17:17:20.239930 192891 context.h:58] Scaled Bounding Box, Bottom-left: (-68816217462298, -68470241806767), Top-right: (68816217462297, 68470241806766)
I1002 17:17:20.239933 192891 context.h:61] Unscaled Bounding Box, Bottom-left: (-25.2135, -34.7852), Top-right: (63.4371, 37.3456)
I1002 17:17:20.548914 192891 rt_engine.cu:282] Info: Pipeline statistics
	module(s)                            :     1
	entry function(s)                    :     2
	trace call(s)                        :     1
	continuation callable call(s)        :     0
	direct callable call(s)              :     0
	basic block(s) in entry functions    :    67
	instruction(s) in entry functions    :  1011
	non-entry function(s)                :     1
	basic block(s) in non-entry functions:     1
	instruction(s) in non-entry functions:     1
	debug information                    :    no
I1002 17:17:20.553934 192891 rt_engine.cu:282] Info: Pipeline statistics
	module(s)                            :     1
	entry function(s)                    :     2
	trace call(s)                        :     1
	continuation callable call(s)        :     0
	direct callable call(s)              :     0
	basic block(s) in entry functions    :    43
	instruction(s) in entry functions    :   831
	non-entry function(s)                :     1
	basic block(s) in non-entry functions:     1
	instruction(s) in non-entry functions:     1
	debug information                    :    no
I1002 17:17:20.554144 192891 run_query.cu:251] Queue capacity: 316143
I1002 17:17:20.554150 192891 lsi.h:22] Queue size: 14 MB
I1002 17:17:20.555315 192891 primitive.h:252] Enlarge limit: 2 max iter:5 ne: 1845318 aabbs: 1268842 Compress ratio: 0.312399 Time: 0.952 ms
I1002 17:17:20.555353 192891 rt_engine.cu:397] Building AS, num prims: 1268842, Required Temp Size: 96632320 Output Size: 47475584
I1002 17:17:20.558948 192891 lsi_rt.h:50] queries: 1316112
I1002 17:17:20.558977 192891 rt_engine.h:159] Parm size: 176
I1002 17:17:20.558990 192891 rt_engine.cu:554] optixLaunch, [w,h,d] = 1316112,1,1
I1002 17:17:20.559499 192891 lsi_rt.h:50] queries: 1316112
I1002 17:17:20.559505 192891 rt_engine.h:159] Parm size: 176
I1002 17:17:20.559512 192891 rt_engine.cu:554] optixLaunch, [w,h,d] = 1316112,1,1
I1002 17:17:20.559962 192891 lsi_rt.h:50] queries: 1316112
I1002 17:17:20.559969 192891 rt_engine.h:159] Parm size: 176
I1002 17:17:20.559975 192891 rt_engine.cu:554] optixLaunch, [w,h,d] = 1316112,1,1
I1002 17:17:20.560412 192891 lsi_rt.h:50] queries: 1316112
I1002 17:17:20.560418 192891 rt_engine.h:159] Parm size: 176
I1002 17:17:20.560424 192891 rt_engine.cu:554] optixLaunch, [w,h,d] = 1316112,1,1
I1002 17:17:20.560861 192891 lsi_rt.h:50] queries: 1316112
I1002 17:17:20.560868 192891 rt_engine.h:159] Parm size: 176
I1002 17:17:20.560873 192891 rt_engine.cu:554] optixLaunch, [w,h,d] = 1316112,1,1
I1002 17:17:20.561309 192891 run_query.cu:318] Iter: 0
I1002 17:17:20.561311 192891 lsi_rt.h:50] queries: 1316112
I1002 17:17:20.561316 192891 rt_engine.h:159] Parm size: 176
I1002 17:17:20.561322 192891 rt_engine.cu:554] optixLaunch, [w,h,d] = 1316112,1,1
I1002 17:17:20.561755 192891 run_query.cu:318] Iter: 1
I1002 17:17:20.561758 192891 lsi_rt.h:50] queries: 1316112
I1002 17:17:20.561762 192891 rt_engine.h:159] Parm size: 176
I1002 17:17:20.561769 192891 rt_engine.cu:554] optixLaunch, [w,h,d] = 1316112,1,1
I1002 17:17:20.562208 192891 run_query.cu:318] Iter: 2
I1002 17:17:20.562211 192891 lsi_rt.h:50] queries: 1316112
I1002 17:17:20.562216 192891 rt_engine.h:159] Parm size: 176
I1002 17:17:20.562222 192891 rt_engine.cu:554] optixLaunch, [w,h,d] = 1316112,1,1
I1002 17:17:20.562659 192891 run_query.cu:318] Iter: 3
I1002 17:17:20.562660 192891 lsi_rt.h:50] queries: 1316112
I1002 17:17:20.562685 192891 rt_engine.h:159] Parm size: 176
I1002 17:17:20.562690 192891 rt_engine.cu:554] optixLaunch, [w,h,d] = 1316112,1,1
I1002 17:17:20.563129 192891 run_query.cu:318] Iter: 4
I1002 17:17:20.563131 192891 lsi_rt.h:50] queries: 1316112
I1002 17:17:20.563138 192891 rt_engine.h:159] Parm size: 176
I1002 17:17:20.563143 192891 rt_engine.cu:554] optixLaunch, [w,h,d] = 1316112,1,1
I1002 17:17:20.563585 192891 run_query.cu:323] Intersections: 4765 Selective: 0.4765 Queue Load Factor: 0.0150723
Timing results:
 - Read map: 117.585 ms

 - Create Context: 0.000953674 ms

 - Generate Workloads: 270.265 ms

 - Create App: 74.528 ms

 - Init: 0.217199 ms

 - Adaptive Grouping: 0.968933 ms

 - Build Index: 3.61705 ms

 - Warmup: 2.36201 ms

 - Query: 0.456381 ms

 - Cleanup: 33.1979 ms

