/local/storage/liang/.clion/RayJoin/cmake-build-release-dl190/bin/query_exec -poly1 /local/storage/liang/Downloads/Datasets/point_cdb/lakes/Europe/lakes_Europe_Point.cdb              -poly2 /local/storage/liang/Downloads/Datasets/point_cdb/parks/Europe/parks_Europe_Point.cdb              -serialize=/dev/shm              -mode=rt              -query=lsi              -v=1              -fau              -xsect_factor 0.1              -enlarge=1              -check=false
I1002 17:16:14.628172 192475 planar_graph.h:216] Map /dev/shm/-local-storage-liang-Downloads-Datasets-point_cdb-lakes-Europe-lakes_Europe_Point.cdb.bin is deserialized, chains: 831264 points: 28687526 edges: 27856262
I1002 17:16:16.238364 192475 planar_graph.h:216] Map /dev/shm/-local-storage-liang-Downloads-Datasets-point_cdb-parks-Europe-parks_Europe_Point.cdb.bin is deserialized, chains: 3299874 points: 69273661 edges: 65973787
I1002 17:16:16.238379 192475 run_query.cu:213] After sampling , edges: 65973787
I1002 17:16:16.238399 192475 context.h:51] Bounding Box, Bottom-left: (-31.2515, 35.0264), Top-right: (68.8331, 81.3082)
I1002 17:16:16.238416 192475 context.h:58] Scaled Bounding Box, Bottom-left: (-68990108085658, -67453827351386), Top-right: (68990108085657, 67453827351385)
I1002 17:16:16.238417 192475 context.h:61] Unscaled Bounding Box, Bottom-left: (-31.2515, 35.0264), Top-right: (68.8331, 81.3082)
I1002 17:16:23.664484 192475 rt_engine.cu:282] Info: Pipeline statistics
	module(s)                            :     1
	entry function(s)                    :     2
	trace call(s)                        :     1
	continuation callable call(s)        :     0
	direct callable call(s)              :     0
	basic block(s) in entry functions    :    67
	instruction(s) in entry functions    :  1011
	non-entry function(s)                :     1
	basic block(s) in non-entry functions:     1
	instruction(s) in non-entry functions:     1
	debug information                    :    no
I1002 17:16:23.669409 192475 rt_engine.cu:282] Info: Pipeline statistics
	module(s)                            :     1
	entry function(s)                    :     2
	trace call(s)                        :     1
	continuation callable call(s)        :     0
	direct callable call(s)              :     0
	basic block(s) in entry functions    :    43
	instruction(s) in entry functions    :   831
	non-entry function(s)                :     1
	basic block(s) in non-entry functions:     1
	instruction(s) in non-entry functions:     1
	debug information                    :    no
I1002 17:16:23.670096 192475 run_query.cu:251] Queue capacity: 9383005
I1002 17:16:23.670102 192475 lsi.h:22] Queue size: 429 MB
I1002 17:16:23.676326 192475 primitive.h:252] Enlarge limit: 1 max iter:5 ne: 27856262 aabbs: 27849772 Compress ratio: 0.000232982 Time: 4.327 ms
I1002 17:16:23.676378 192475 rt_engine.cu:397] Building AS, num prims: 27849772, Required Temp Size: 2120936192 Output Size: 1041979904
I1002 17:16:23.745433 192475 lsi_rt.h:50] queries: 65973787
I1002 17:16:23.745465 192475 rt_engine.h:159] Parm size: 176
I1002 17:16:23.745479 192475 rt_engine.cu:554] optixLaunch, [w,h,d] = 65973787,1,1
I1002 17:16:23.763512 192475 lsi_rt.h:50] queries: 65973787
I1002 17:16:23.763520 192475 rt_engine.h:159] Parm size: 176
I1002 17:16:23.763526 192475 rt_engine.cu:554] optixLaunch, [w,h,d] = 65973787,1,1
I1002 17:16:23.780967 192475 lsi_rt.h:50] queries: 65973787
I1002 17:16:23.780974 192475 rt_engine.h:159] Parm size: 176
I1002 17:16:23.780980 192475 rt_engine.cu:554] optixLaunch, [w,h,d] = 65973787,1,1
I1002 17:16:23.798352 192475 lsi_rt.h:50] queries: 65973787
I1002 17:16:23.798357 192475 rt_engine.h:159] Parm size: 176
I1002 17:16:23.798363 192475 rt_engine.cu:554] optixLaunch, [w,h,d] = 65973787,1,1
I1002 17:16:23.815143 192475 lsi_rt.h:50] queries: 65973787
I1002 17:16:23.815150 192475 rt_engine.h:159] Parm size: 176
I1002 17:16:23.815156 192475 rt_engine.cu:554] optixLaunch, [w,h,d] = 65973787,1,1
I1002 17:16:23.831845 192475 run_query.cu:318] Iter: 0
I1002 17:16:23.831847 192475 lsi_rt.h:50] queries: 65973787
I1002 17:16:23.831852 192475 rt_engine.h:159] Parm size: 176
I1002 17:16:23.831858 192475 rt_engine.cu:554] optixLaunch, [w,h,d] = 65973787,1,1
I1002 17:16:23.848414 192475 run_query.cu:318] Iter: 1
I1002 17:16:23.848416 192475 lsi_rt.h:50] queries: 65973787
I1002 17:16:23.848423 192475 rt_engine.h:159] Parm size: 176
I1002 17:16:23.848428 192475 rt_engine.cu:554] optixLaunch, [w,h,d] = 65973787,1,1
I1002 17:16:23.864907 192475 run_query.cu:318] Iter: 2
I1002 17:16:23.864908 192475 lsi_rt.h:50] queries: 65973787
I1002 17:16:23.864914 192475 rt_engine.h:159] Parm size: 176
I1002 17:16:23.864920 192475 rt_engine.cu:554] optixLaunch, [w,h,d] = 65973787,1,1
I1002 17:16:23.881419 192475 run_query.cu:318] Iter: 3
I1002 17:16:23.881438 192475 lsi_rt.h:50] queries: 65973787
I1002 17:16:23.881443 192475 rt_engine.h:159] Parm size: 176
I1002 17:16:23.881474 192475 rt_engine.cu:554] optixLaunch, [w,h,d] = 65973787,1,1
I1002 17:16:23.897969 192475 run_query.cu:318] Iter: 4
I1002 17:16:23.897971 192475 lsi_rt.h:50] queries: 65973787
I1002 17:16:23.897977 192475 rt_engine.h:159] Parm size: 176
I1002 17:16:23.897984 192475 rt_engine.cu:554] optixLaunch, [w,h,d] = 65973787,1,1
I1002 17:16:23.914476 192475 run_query.cu:323] Intersections: 278461 Selective: 27.8461 Queue Load Factor: 0.0296772
Timing results:
 - Read map: 712.122 ms

 - Create Context: 0 ms

 - Generate Workloads: 8959.03 ms

 - Create App: 82.706 ms

 - Init: 1.90115 ms

 - Adaptive Grouping: 4.34494 ms

 - Build Index: 69.0908 ms

 - Warmup: 86.4131 ms

 - Query: 16.5272 ms

 - Cleanup: 561.532 ms

