/local/storage/liang/.clion/RayJoin/cmake-build-release-dl190/bin/query_exec -poly1 /local/storage/liang/Downloads/Datasets/point_cdb/USACensusBlockGroupBoundaries/USACensusBlockGroupBoundaries_Point.cdb              -poly2 /local/storage/liang/Downloads/Datasets/point_cdb/USADetailedWaterBodies/USADetailedWaterBodies_Point.cdb              -serialize=/dev/shm              -mode=rt              -query=lsi              -v=1              -fau              -xsect_factor 0.1              -enlarge=4.5              -check=false
I1002 17:20:09.232070 194154 planar_graph.h:216] Map /dev/shm/-local-storage-liang-Downloads-Datasets-point_cdb-USACensusBlockGroupBoundaries-USACensusBlockGroupBoundaries_Point.cdb.bin is deserialized, chains: 872624 points: 29345959 edges: 28473335
I1002 17:20:09.939899 194154 planar_graph.h:216] Map /dev/shm/-local-storage-liang-Downloads-Datasets-point_cdb-USADetailedWaterBodies-USADetailedWaterBodies_Point.cdb.bin is deserialized, chains: 2442900 points: 28007655 edges: 25564755
I1002 17:20:09.939911 194154 run_query.cu:213] After sampling , edges: 25564755
I1002 17:20:09.939929 194154 context.h:51] Bounding Box, Bottom-left: (-179.149, 18.9107), Top-right: (-66.9496, 71.3652)
I1002 17:20:09.939942 194154 context.h:58] Scaled Bounding Box, Bottom-left: (-69136359329185, -67784245771247), Top-right: (69136359329184, 67784245771246)
I1002 17:20:09.939944 194154 context.h:61] Unscaled Bounding Box, Bottom-left: (-179.149, 18.9107), Top-right: (-66.9496, 71.3652)
I1002 17:20:14.322952 194154 rt_engine.cu:282] Info: Pipeline statistics
	module(s)                            :     1
	entry function(s)                    :     2
	trace call(s)                        :     1
	continuation callable call(s)        :     0
	direct callable call(s)              :     0
	basic block(s) in entry functions    :    67
	instruction(s) in entry functions    :  1011
	non-entry function(s)                :     1
	basic block(s) in non-entry functions:     1
	instruction(s) in non-entry functions:     1
	debug information                    :    no
I1002 17:20:14.327944 194154 rt_engine.cu:282] Info: Pipeline statistics
	module(s)                            :     1
	entry function(s)                    :     2
	trace call(s)                        :     1
	continuation callable call(s)        :     0
	direct callable call(s)              :     0
	basic block(s) in entry functions    :    43
	instruction(s) in entry functions    :   831
	non-entry function(s)                :     1
	basic block(s) in non-entry functions:     1
	instruction(s) in non-entry functions:     1
	debug information                    :    no
I1002 17:20:14.328635 194154 run_query.cu:251] Queue capacity: 5403809
I1002 17:20:14.328641 194154 lsi.h:22] Queue size: 247 MB
I1002 17:20:14.342998 194154 primitive.h:252] Enlarge limit: 4.5 max iter:5 ne: 28473335 aabbs: 2346215 Compress ratio: 0.9176 Time: 13.063 ms
I1002 17:20:14.343037 194154 rt_engine.cu:397] Building AS, num prims: 2346215, Required Temp Size: 178680960 Output Size: 87784576
I1002 17:20:14.349820 194154 lsi_rt.h:50] queries: 25564755
I1002 17:20:14.349849 194154 rt_engine.h:159] Parm size: 176
I1002 17:20:14.349864 194154 rt_engine.cu:554] optixLaunch, [w,h,d] = 25564755,1,1
I1002 17:20:14.419219 194154 lsi_rt.h:50] queries: 25564755
I1002 17:20:14.419226 194154 rt_engine.h:159] Parm size: 176
I1002 17:20:14.419234 194154 rt_engine.cu:554] optixLaunch, [w,h,d] = 25564755,1,1
I1002 17:20:14.488442 194154 lsi_rt.h:50] queries: 25564755
I1002 17:20:14.488448 194154 rt_engine.h:159] Parm size: 176
I1002 17:20:14.488456 194154 rt_engine.cu:554] optixLaunch, [w,h,d] = 25564755,1,1
I1002 17:20:14.557744 194154 lsi_rt.h:50] queries: 25564755
I1002 17:20:14.557749 194154 rt_engine.h:159] Parm size: 176
I1002 17:20:14.557755 194154 rt_engine.cu:554] optixLaunch, [w,h,d] = 25564755,1,1
I1002 17:20:14.626813 194154 lsi_rt.h:50] queries: 25564755
I1002 17:20:14.626819 194154 rt_engine.h:159] Parm size: 176
I1002 17:20:14.626825 194154 rt_engine.cu:554] optixLaunch, [w,h,d] = 25564755,1,1
I1002 17:20:14.696576 194154 run_query.cu:318] Iter: 0
I1002 17:20:14.696578 194154 lsi_rt.h:50] queries: 25564755
I1002 17:20:14.696584 194154 rt_engine.h:159] Parm size: 176
I1002 17:20:14.696590 194154 rt_engine.cu:554] optixLaunch, [w,h,d] = 25564755,1,1
I1002 17:20:14.766024 194154 run_query.cu:318] Iter: 1
I1002 17:20:14.766026 194154 lsi_rt.h:50] queries: 25564755
I1002 17:20:14.766031 194154 rt_engine.h:159] Parm size: 176
I1002 17:20:14.766037 194154 rt_engine.cu:554] optixLaunch, [w,h,d] = 25564755,1,1
I1002 17:20:14.835248 194154 run_query.cu:318] Iter: 2
I1002 17:20:14.835249 194154 lsi_rt.h:50] queries: 25564755
I1002 17:20:14.835255 194154 rt_engine.h:159] Parm size: 176
I1002 17:20:14.835261 194154 rt_engine.cu:554] optixLaunch, [w,h,d] = 25564755,1,1
I1002 17:20:14.904423 194154 run_query.cu:318] Iter: 3
I1002 17:20:14.904443 194154 lsi_rt.h:50] queries: 25564755
I1002 17:20:14.904448 194154 rt_engine.h:159] Parm size: 176
I1002 17:20:14.904454 194154 rt_engine.cu:554] optixLaunch, [w,h,d] = 25564755,1,1
I1002 17:20:14.973680 194154 run_query.cu:318] Iter: 4
I1002 17:20:14.973681 194154 lsi_rt.h:50] queries: 25564755
I1002 17:20:14.973687 194154 rt_engine.h:159] Parm size: 176
I1002 17:20:14.973693 194154 rt_engine.cu:554] optixLaunch, [w,h,d] = 25564755,1,1
I1002 17:20:15.043299 194154 run_query.cu:323] Intersections: 771537 Selective: 77.1537 Queue Load Factor: 0.142777
Timing results:
 - Read map: 710.43 ms

 - Create Context: 0.000953674 ms

 - Generate Workloads: 5010.93 ms

 - Create App: 85.443 ms

 - Init: 1.297 ms

 - Adaptive Grouping: 13.0811 ms

 - Build Index: 6.80685 ms

 - Warmup: 346.758 ms

 - Query: 69.3456 ms

 - Cleanup: 322.552 ms

