/local/storage/liang/.clion/RayJoin/cmake-build-release-dl190/bin/query_exec -poly1 /local/storage/liang/Downloads/Datasets/point_cdb/USACensusBlockGroupBoundaries/USACensusBlockGroupBoundaries_Point.cdb              -poly2 /local/storage/liang/Downloads/Datasets/point_cdb/USADetailedWaterBodies/USADetailedWaterBodies_Point.cdb              -serialize=/dev/shm              -mode=rt              -query=lsi              -v=1              -fau              -xsect_factor 0.1              -enlarge=4.0              -check=false
I1002 17:19:33.885742 193940 planar_graph.h:216] Map /dev/shm/-local-storage-liang-Downloads-Datasets-point_cdb-USACensusBlockGroupBoundaries-USACensusBlockGroupBoundaries_Point.cdb.bin is deserialized, chains: 872624 points: 29345959 edges: 28473335
I1002 17:19:34.596632 193940 planar_graph.h:216] Map /dev/shm/-local-storage-liang-Downloads-Datasets-point_cdb-USADetailedWaterBodies-USADetailedWaterBodies_Point.cdb.bin is deserialized, chains: 2442900 points: 28007655 edges: 25564755
I1002 17:19:34.596644 193940 run_query.cu:213] After sampling , edges: 25564755
I1002 17:19:34.596666 193940 context.h:51] Bounding Box, Bottom-left: (-179.149, 18.9107), Top-right: (-66.9496, 71.3652)
I1002 17:19:34.596683 193940 context.h:58] Scaled Bounding Box, Bottom-left: (-69136359329185, -67784245771247), Top-right: (69136359329184, 67784245771246)
I1002 17:19:34.596685 193940 context.h:61] Unscaled Bounding Box, Bottom-left: (-179.149, 18.9107), Top-right: (-66.9496, 71.3652)
I1002 17:19:38.966364 193940 rt_engine.cu:282] Info: Pipeline statistics
	module(s)                            :     1
	entry function(s)                    :     2
	trace call(s)                        :     1
	continuation callable call(s)        :     0
	direct callable call(s)              :     0
	basic block(s) in entry functions    :    67
	instruction(s) in entry functions    :  1011
	non-entry function(s)                :     1
	basic block(s) in non-entry functions:     1
	instruction(s) in non-entry functions:     1
	debug information                    :    no
I1002 17:19:38.971377 193940 rt_engine.cu:282] Info: Pipeline statistics
	module(s)                            :     1
	entry function(s)                    :     2
	trace call(s)                        :     1
	continuation callable call(s)        :     0
	direct callable call(s)              :     0
	basic block(s) in entry functions    :    43
	instruction(s) in entry functions    :   831
	non-entry function(s)                :     1
	basic block(s) in non-entry functions:     1
	instruction(s) in non-entry functions:     1
	debug information                    :    no
I1002 17:19:38.972079 193940 run_query.cu:251] Queue capacity: 5403809
I1002 17:19:38.972085 193940 lsi.h:22] Queue size: 247 MB
I1002 17:19:38.986604 193940 primitive.h:252] Enlarge limit: 4 max iter:5 ne: 28473335 aabbs: 2807634 Compress ratio: 0.901394 Time: 13.229 ms
I1002 17:19:38.986642 193940 rt_engine.cu:397] Building AS, num prims: 2807634, Required Temp Size: 213820928 Output Size: 105048320
I1002 17:19:38.994624 193940 lsi_rt.h:50] queries: 25564755
I1002 17:19:38.994653 193940 rt_engine.h:159] Parm size: 176
I1002 17:19:38.994666 193940 rt_engine.cu:554] optixLaunch, [w,h,d] = 25564755,1,1
I1002 17:19:39.059159 193940 lsi_rt.h:50] queries: 25564755
I1002 17:19:39.059165 193940 rt_engine.h:159] Parm size: 176
I1002 17:19:39.059172 193940 rt_engine.cu:554] optixLaunch, [w,h,d] = 25564755,1,1
I1002 17:19:39.122625 193940 lsi_rt.h:50] queries: 25564755
I1002 17:19:39.122632 193940 rt_engine.h:159] Parm size: 176
I1002 17:19:39.122638 193940 rt_engine.cu:554] optixLaunch, [w,h,d] = 25564755,1,1
I1002 17:19:39.185642 193940 lsi_rt.h:50] queries: 25564755
I1002 17:19:39.185647 193940 rt_engine.h:159] Parm size: 176
I1002 17:19:39.185653 193940 rt_engine.cu:554] optixLaunch, [w,h,d] = 25564755,1,1
I1002 17:19:39.248819 193940 lsi_rt.h:50] queries: 25564755
I1002 17:19:39.248826 193940 rt_engine.h:159] Parm size: 176
I1002 17:19:39.248832 193940 rt_engine.cu:554] optixLaunch, [w,h,d] = 25564755,1,1
I1002 17:19:39.311960 193940 run_query.cu:318] Iter: 0
I1002 17:19:39.311962 193940 lsi_rt.h:50] queries: 25564755
I1002 17:19:39.311967 193940 rt_engine.h:159] Parm size: 176
I1002 17:19:39.311973 193940 rt_engine.cu:554] optixLaunch, [w,h,d] = 25564755,1,1
I1002 17:19:39.375062 193940 run_query.cu:318] Iter: 1
I1002 17:19:39.375064 193940 lsi_rt.h:50] queries: 25564755
I1002 17:19:39.375069 193940 rt_engine.h:159] Parm size: 176
I1002 17:19:39.375075 193940 rt_engine.cu:554] optixLaunch, [w,h,d] = 25564755,1,1
I1002 17:19:39.438165 193940 run_query.cu:318] Iter: 2
I1002 17:19:39.438167 193940 lsi_rt.h:50] queries: 25564755
I1002 17:19:39.438174 193940 rt_engine.h:159] Parm size: 176
I1002 17:19:39.438179 193940 rt_engine.cu:554] optixLaunch, [w,h,d] = 25564755,1,1
I1002 17:19:39.501211 193940 run_query.cu:318] Iter: 3
I1002 17:19:39.501231 193940 lsi_rt.h:50] queries: 25564755
I1002 17:19:39.501237 193940 rt_engine.h:159] Parm size: 176
I1002 17:19:39.501243 193940 rt_engine.cu:554] optixLaunch, [w,h,d] = 25564755,1,1
I1002 17:19:39.564363 193940 run_query.cu:318] Iter: 4
I1002 17:19:39.564364 193940 lsi_rt.h:50] queries: 25564755
I1002 17:19:39.564369 193940 rt_engine.h:159] Parm size: 176
I1002 17:19:39.564375 193940 rt_engine.cu:554] optixLaunch, [w,h,d] = 25564755,1,1
I1002 17:19:39.627617 193940 run_query.cu:323] Intersections: 771537 Selective: 77.1537 Queue Load Factor: 0.142777
Timing results:
 - Read map: 711.529 ms

 - Create Context: 0 ms

 - Generate Workloads: 5001.86 ms

 - Create App: 84.2829 ms

 - Init: 1.29509 ms

 - Adaptive Grouping: 13.247 ms

 - Build Index: 8.0049 ms

 - Warmup: 317.336 ms

 - Query: 63.1328 ms

 - Cleanup: 322.179 ms

