/local/storage/liang/.clion/RayJoin/cmake-build-release-dl190/bin/query_exec -poly1 /local/storage/liang/Downloads/Datasets/point_cdb/USACensusBlockGroupBoundaries/USACensusBlockGroupBoundaries_Point.cdb              -poly2 /local/storage/liang/Downloads/Datasets/point_cdb/USADetailedWaterBodies/USADetailedWaterBodies_Point.cdb              -serialize=/dev/shm              -mode=rt              -query=lsi              -v=1              -fau              -xsect_factor 0.1              -enlarge=2.5              -check=false
I1002 17:17:49.104658 193111 planar_graph.h:216] Map /dev/shm/-local-storage-liang-Downloads-Datasets-point_cdb-USACensusBlockGroupBoundaries-USACensusBlockGroupBoundaries_Point.cdb.bin is deserialized, chains: 872624 points: 29345959 edges: 28473335
I1002 17:17:49.811270 193111 planar_graph.h:216] Map /dev/shm/-local-storage-liang-Downloads-Datasets-point_cdb-USADetailedWaterBodies-USADetailedWaterBodies_Point.cdb.bin is deserialized, chains: 2442900 points: 28007655 edges: 25564755
I1002 17:17:49.811281 193111 run_query.cu:213] After sampling , edges: 25564755
I1002 17:17:49.811300 193111 context.h:51] Bounding Box, Bottom-left: (-179.149, 18.9107), Top-right: (-66.9496, 71.3652)
I1002 17:17:49.811317 193111 context.h:58] Scaled Bounding Box, Bottom-left: (-69136359329185, -67784245771247), Top-right: (69136359329184, 67784245771246)
I1002 17:17:49.811319 193111 context.h:61] Unscaled Bounding Box, Bottom-left: (-179.149, 18.9107), Top-right: (-66.9496, 71.3652)
I1002 17:17:54.209563 193111 rt_engine.cu:282] Info: Pipeline statistics
	module(s)                            :     1
	entry function(s)                    :     2
	trace call(s)                        :     1
	continuation callable call(s)        :     0
	direct callable call(s)              :     0
	basic block(s) in entry functions    :    67
	instruction(s) in entry functions    :  1011
	non-entry function(s)                :     1
	basic block(s) in non-entry functions:     1
	instruction(s) in non-entry functions:     1
	debug information                    :    no
I1002 17:17:54.214653 193111 rt_engine.cu:282] Info: Pipeline statistics
	module(s)                            :     1
	entry function(s)                    :     2
	trace call(s)                        :     1
	continuation callable call(s)        :     0
	direct callable call(s)              :     0
	basic block(s) in entry functions    :    43
	instruction(s) in entry functions    :   831
	non-entry function(s)                :     1
	basic block(s) in non-entry functions:     1
	instruction(s) in non-entry functions:     1
	debug information                    :    no
I1002 17:17:54.215371 193111 run_query.cu:251] Queue capacity: 5403809
I1002 17:17:54.215379 193111 lsi.h:22] Queue size: 247 MB
I1002 17:17:54.230485 193111 primitive.h:252] Enlarge limit: 2.5 max iter:5 ne: 28473335 aabbs: 10974938 Compress ratio: 0.614554 Time: 13.842 ms
I1002 17:17:54.230540 193111 rt_engine.cu:397] Building AS, num prims: 10974938, Required Temp Size: 835812096 Output Size: 410621440
I1002 17:17:54.257984 193111 lsi_rt.h:50] queries: 25564755
I1002 17:17:54.258014 193111 rt_engine.h:159] Parm size: 176
I1002 17:17:54.258028 193111 rt_engine.cu:554] optixLaunch, [w,h,d] = 25564755,1,1
I1002 17:17:54.288204 193111 lsi_rt.h:50] queries: 25564755
I1002 17:17:54.288213 193111 rt_engine.h:159] Parm size: 176
I1002 17:17:54.288220 193111 rt_engine.cu:554] optixLaunch, [w,h,d] = 25564755,1,1
I1002 17:17:54.317132 193111 lsi_rt.h:50] queries: 25564755
I1002 17:17:54.317138 193111 rt_engine.h:159] Parm size: 176
I1002 17:17:54.317145 193111 rt_engine.cu:554] optixLaunch, [w,h,d] = 25564755,1,1
I1002 17:17:54.345526 193111 lsi_rt.h:50] queries: 25564755
I1002 17:17:54.345532 193111 rt_engine.h:159] Parm size: 176
I1002 17:17:54.345538 193111 rt_engine.cu:554] optixLaunch, [w,h,d] = 25564755,1,1
I1002 17:17:54.373754 193111 lsi_rt.h:50] queries: 25564755
I1002 17:17:54.373760 193111 rt_engine.h:159] Parm size: 176
I1002 17:17:54.373767 193111 rt_engine.cu:554] optixLaunch, [w,h,d] = 25564755,1,1
I1002 17:17:54.401983 193111 run_query.cu:318] Iter: 0
I1002 17:17:54.401984 193111 lsi_rt.h:50] queries: 25564755
I1002 17:17:54.401989 193111 rt_engine.h:159] Parm size: 176
I1002 17:17:54.401996 193111 rt_engine.cu:554] optixLaunch, [w,h,d] = 25564755,1,1
I1002 17:17:54.430385 193111 run_query.cu:318] Iter: 1
I1002 17:17:54.430387 193111 lsi_rt.h:50] queries: 25564755
I1002 17:17:54.430392 193111 rt_engine.h:159] Parm size: 176
I1002 17:17:54.430398 193111 rt_engine.cu:554] optixLaunch, [w,h,d] = 25564755,1,1
I1002 17:17:54.458786 193111 run_query.cu:318] Iter: 2
I1002 17:17:54.458787 193111 lsi_rt.h:50] queries: 25564755
I1002 17:17:54.458793 193111 rt_engine.h:159] Parm size: 176
I1002 17:17:54.458799 193111 rt_engine.cu:554] optixLaunch, [w,h,d] = 25564755,1,1
I1002 17:17:54.487206 193111 run_query.cu:318] Iter: 3
I1002 17:17:54.487224 193111 lsi_rt.h:50] queries: 25564755
I1002 17:17:54.487231 193111 rt_engine.h:159] Parm size: 176
I1002 17:17:54.487257 193111 rt_engine.cu:554] optixLaunch, [w,h,d] = 25564755,1,1
I1002 17:17:54.515709 193111 run_query.cu:318] Iter: 4
I1002 17:17:54.515712 193111 lsi_rt.h:50] queries: 25564755
I1002 17:17:54.515717 193111 rt_engine.h:159] Parm size: 176
I1002 17:17:54.515722 193111 rt_engine.cu:554] optixLaunch, [w,h,d] = 25564755,1,1
I1002 17:17:54.544082 193111 run_query.cu:323] Intersections: 771537 Selective: 77.1537 Queue Load Factor: 0.142777
Timing results:
 - Read map: 715.696 ms

 - Create Context: 0 ms

 - Generate Workloads: 5026.8 ms

 - Create App: 83.7178 ms

 - Init: 1.27006 ms

 - Adaptive Grouping: 13.8609 ms

 - Build Index: 27.483 ms

 - Warmup: 143.999 ms

 - Query: 28.421 ms

 - Cleanup: 318.662 ms

