/local/storage/liang/.clion/RayJoin/cmake-build-release-dl190/bin/query_exec -poly1 /local/storage/liang/Downloads/Datasets/point_cdb/USACensusBlockGroupBoundaries/USACensusBlockGroupBoundaries_Point.cdb              -poly2 /local/storage/liang/Downloads/Datasets/point_cdb/USADetailedWaterBodies/USADetailedWaterBodies_Point.cdb              -serialize=/dev/shm              -mode=rt              -query=lsi              -v=1              -fau              -xsect_factor 0.1              -enlarge=3.0              -check=false
I1002 17:18:23.889370 193437 planar_graph.h:216] Map /dev/shm/-local-storage-liang-Downloads-Datasets-point_cdb-USACensusBlockGroupBoundaries-USACensusBlockGroupBoundaries_Point.cdb.bin is deserialized, chains: 872624 points: 29345959 edges: 28473335
I1002 17:18:24.602000 193437 planar_graph.h:216] Map /dev/shm/-local-storage-liang-Downloads-Datasets-point_cdb-USADetailedWaterBodies-USADetailedWaterBodies_Point.cdb.bin is deserialized, chains: 2442900 points: 28007655 edges: 25564755
I1002 17:18:24.602013 193437 run_query.cu:213] After sampling , edges: 25564755
I1002 17:18:24.602035 193437 context.h:51] Bounding Box, Bottom-left: (-179.149, 18.9107), Top-right: (-66.9496, 71.3652)
I1002 17:18:24.602051 193437 context.h:58] Scaled Bounding Box, Bottom-left: (-69136359329185, -67784245771247), Top-right: (69136359329184, 67784245771246)
I1002 17:18:24.602053 193437 context.h:61] Unscaled Bounding Box, Bottom-left: (-179.149, 18.9107), Top-right: (-66.9496, 71.3652)
I1002 17:18:28.992035 193437 rt_engine.cu:282] Info: Pipeline statistics
	module(s)                            :     1
	entry function(s)                    :     2
	trace call(s)                        :     1
	continuation callable call(s)        :     0
	direct callable call(s)              :     0
	basic block(s) in entry functions    :    67
	instruction(s) in entry functions    :  1011
	non-entry function(s)                :     1
	basic block(s) in non-entry functions:     1
	instruction(s) in non-entry functions:     1
	debug information                    :    no
I1002 17:18:28.997121 193437 rt_engine.cu:282] Info: Pipeline statistics
	module(s)                            :     1
	entry function(s)                    :     2
	trace call(s)                        :     1
	continuation callable call(s)        :     0
	direct callable call(s)              :     0
	basic block(s) in entry functions    :    43
	instruction(s) in entry functions    :   831
	non-entry function(s)                :     1
	basic block(s) in non-entry functions:     1
	instruction(s) in non-entry functions:     1
	debug information                    :    no
I1002 17:18:28.997838 193437 run_query.cu:251] Queue capacity: 5403809
I1002 17:18:28.997844 193437 lsi.h:22] Queue size: 247 MB
I1002 17:18:29.012814 193437 primitive.h:252] Enlarge limit: 3 max iter:5 ne: 28473335 aabbs: 7097481 Compress ratio: 0.750732 Time: 13.674 ms
I1002 17:18:29.012852 193437 rt_engine.cu:397] Building AS, num prims: 7097481, Required Temp Size: 540519680 Output Size: 265549440
I1002 17:18:29.031378 193437 lsi_rt.h:50] queries: 25564755
I1002 17:18:29.031409 193437 rt_engine.h:159] Parm size: 176
I1002 17:18:29.031423 193437 rt_engine.cu:554] optixLaunch, [w,h,d] = 25564755,1,1
I1002 17:18:29.068789 193437 lsi_rt.h:50] queries: 25564755
I1002 17:18:29.068796 193437 rt_engine.h:159] Parm size: 176
I1002 17:18:29.068804 193437 rt_engine.cu:554] optixLaunch, [w,h,d] = 25564755,1,1
I1002 17:18:29.105696 193437 lsi_rt.h:50] queries: 25564755
I1002 17:18:29.105702 193437 rt_engine.h:159] Parm size: 176
I1002 17:18:29.105710 193437 rt_engine.cu:554] optixLaunch, [w,h,d] = 25564755,1,1
I1002 17:18:29.142079 193437 lsi_rt.h:50] queries: 25564755
I1002 17:18:29.142086 193437 rt_engine.h:159] Parm size: 176
I1002 17:18:29.142091 193437 rt_engine.cu:554] optixLaunch, [w,h,d] = 25564755,1,1
I1002 17:18:29.178216 193437 lsi_rt.h:50] queries: 25564755
I1002 17:18:29.178222 193437 rt_engine.h:159] Parm size: 176
I1002 17:18:29.178228 193437 rt_engine.cu:554] optixLaunch, [w,h,d] = 25564755,1,1
I1002 17:18:29.214388 193437 run_query.cu:318] Iter: 0
I1002 17:18:29.214390 193437 lsi_rt.h:50] queries: 25564755
I1002 17:18:29.214395 193437 rt_engine.h:159] Parm size: 176
I1002 17:18:29.214401 193437 rt_engine.cu:554] optixLaunch, [w,h,d] = 25564755,1,1
I1002 17:18:29.250479 193437 run_query.cu:318] Iter: 1
I1002 17:18:29.250481 193437 lsi_rt.h:50] queries: 25564755
I1002 17:18:29.250487 193437 rt_engine.h:159] Parm size: 176
I1002 17:18:29.250494 193437 rt_engine.cu:554] optixLaunch, [w,h,d] = 25564755,1,1
I1002 17:18:29.286657 193437 run_query.cu:318] Iter: 2
I1002 17:18:29.286659 193437 lsi_rt.h:50] queries: 25564755
I1002 17:18:29.286664 193437 rt_engine.h:159] Parm size: 176
I1002 17:18:29.286670 193437 rt_engine.cu:554] optixLaunch, [w,h,d] = 25564755,1,1
I1002 17:18:29.322782 193437 run_query.cu:318] Iter: 3
I1002 17:18:29.322800 193437 lsi_rt.h:50] queries: 25564755
I1002 17:18:29.322806 193437 rt_engine.h:159] Parm size: 176
I1002 17:18:29.322813 193437 rt_engine.cu:554] optixLaunch, [w,h,d] = 25564755,1,1
I1002 17:18:29.358990 193437 run_query.cu:318] Iter: 4
I1002 17:18:29.358992 193437 lsi_rt.h:50] queries: 25564755
I1002 17:18:29.358999 193437 rt_engine.h:159] Parm size: 176
I1002 17:18:29.359004 193437 rt_engine.cu:554] optixLaunch, [w,h,d] = 25564755,1,1
I1002 17:18:29.395148 193437 run_query.cu:323] Intersections: 771537 Selective: 77.1537 Queue Load Factor: 0.142777
Timing results:
 - Read map: 711.826 ms

 - Create Context: 0.00309944 ms

 - Generate Workloads: 5028.34 ms

 - Create App: 78.7151 ms

 - Init: 1.30105 ms

 - Adaptive Grouping: 13.6909 ms

 - Build Index: 18.548 ms

 - Warmup: 183.011 ms

 - Query: 36.1528 ms

 - Cleanup: 321.932 ms

