Setting universal min/max...
Done: -171.743 13.4141,144.957 70.5057
Creating Raster Intervals approximations...
  Average intervals per polygon: 386.34 intervals/polygon.
  Average cells per interval: 238.76 cells/interval.
Computed intervals for dataset dtl_cnty in 256.286735 seconds
Creating Raster Intervals approximations...
  Average intervals per polygon: 137.582770 intervals/polygon.
  Average cells per interval: 40.342187 cells/interval.
Computed intervals for dataset USAZIPCodeArea in 324.117096 seconds
Loading rasterintervals/interval_data/dtl_cnty_binary_interval_data.dat...
Loaded in 0.026509 seconds
Loading rasterintervals/interval_data/USAZIPCodeArea_binary_interval_data.dat...
Loaded in 0.050166 seconds
Loading MBRs...
dtl_cnty: 2813 polygons.
USAZIPCodeArea: 30307 polygons.
Begin evaluation...
Join in pipeline: 
-----------------------------------
MBR Filter -> Raster Intervals Filter -> Refinement -> result
-----------------------------------
Finished in 2.943051 seconds.
   MBR Filter time: 0.072705 seconds.
   Raster Intervals time: 0.475743 seconds.
   Refinement time: 2.394603 seconds.
Candidate pairs analysis: 
   Candidates after MBR Filter: 69521
   Accepted by RI: 65.926842%
   Rejected by RI: 17.351592%
   Inconclusive by RI: 16.721566%
   Accepted AFTER refinement (as a percentage of the refinement candiadtes): 5.608377%
Result: 49732 pairs.
