Setting universal min/max...
Done: -179.972 -10.8197,179.984 81.2255
Creating Raster Intervals approximations...
  Average intervals per polygon: 6.89334 intervals/polygon.
  Average cells per interval: 11.5136 cells/interval.
Computed intervals for dataset lakes_Asia in 31.194454 seconds
Creating Raster Intervals approximations...
  Average intervals per polygon: 4.827793 intervals/polygon.
  Average cells per interval: 28.755288 cells/interval.
Computed intervals for dataset parks_Asia in 50.836329 seconds
Loading rasterintervals/interval_data/lakes_Asia_binary_interval_data.dat...
Loaded in 0.041429 seconds
Loading rasterintervals/interval_data/parks_Asia_binary_interval_data.dat...
Loaded in 0.063973 seconds
Loading MBRs...
lakes_Asia: 151616 polygons.
parks_Asia: 172647 polygons.
Begin evaluation...
Join in pipeline: 
-----------------------------------
MBR Filter -> Raster Intervals Filter -> Refinement -> result
-----------------------------------
Finished in 5.288871 seconds.
   MBR Filter time: 0.070076 seconds.
   Raster Intervals time: 0.218175 seconds.
   Refinement time: 5.000620 seconds.
Candidate pairs analysis: 
   Candidates after MBR Filter: 52747
   Accepted by RI: 7.270556%
   Rejected by RI: 55.125410%
   Inconclusive by RI: 37.604034%
   Accepted AFTER refinement (as a percentage of the refinement candiadtes): 10.842323%
Result: 9554 pairs.
