Setting universal min/max...
Done: -178.058 7.22476,179.302 83.4028
Loading rasterintervals/interval_data/lakes_North_America_binary_interval_data.dat...
Loaded in 0.691588 seconds
Loading rasterintervals/interval_data/parks_North_America_binary_interval_data.dat...
Loaded in 0.134155 seconds
Loading MBRs...
parks_North_America: 303013 polygons.
lakes_North_America: 1584556 polygons.
Begin evaluation...
Join in pipeline: 
-----------------------------------
MBR Filter -> Raster Intervals Filter -> Refinement -> result
-----------------------------------
Finished in 21.235513 seconds.
   MBR Filter time: 0.744126 seconds.
   Raster Intervals time: 2.042208 seconds.
   Refinement time: 18.449179 seconds.
Candidate pairs analysis: 
   Candidates after MBR Filter: 714830
   Accepted by RI: 45.376663%
   Rejected by RI: 27.226753%
   Inconclusive by RI: 27.396584%
   Accepted AFTER refinement (as a percentage of the refinement candiadtes): 16.250577%
Result: 440530 pairs.
