Setting universal min/max...
Done: -31.2515 35.0264,68.8331 82.5
Creating Raster Intervals approximations...
  Average intervals per polygon: 5.55662 intervals/polygon.
  Average cells per interval: 15.0238 cells/interval.
Computed intervals for dataset lakes_Europe in 93.712484 seconds
Creating Raster Intervals approximations...
  Average intervals per polygon: 7.574596 intervals/polygon.
  Average cells per interval: 27.747771 cells/interval.
Computed intervals for dataset parks_Europe in 418.110522 seconds
Loading rasterintervals/interval_data/lakes_Europe_binary_interval_data.dat...
Loaded in 0.179299 seconds
Loading rasterintervals/interval_data/parks_Europe_binary_interval_data.dat...
Loaded in 0.633855 seconds
Loading MBRs...
lakes_Europe: 654836 polygons.
parks_Europe: 1856318 polygons.
Begin evaluation...
Join in pipeline: 
-----------------------------------
MBR Filter -> Raster Intervals Filter -> Refinement -> result
-----------------------------------
Finished in 15.474054 seconds.
   MBR Filter time: 0.851081 seconds.
   Raster Intervals time: 3.790046 seconds.
   Refinement time: 10.832927 seconds.
Candidate pairs analysis: 
   Candidates after MBR Filter: 782534
   Accepted by RI: 13.059752%
   Rejected by RI: 55.661735%
   Inconclusive by RI: 31.278513%
   Accepted AFTER refinement (as a percentage of the refinement candiadtes): 13.648608%
Result: 209002 pairs.
