/local/storage/liang/.clion/RayJoin/cmake-build-release-dl190/bin/query_exec -poly1 /local/storage/liang/Downloads/Datasets/point_cdb/USACensusBlockGroupBoundaries/USACensusBlockGroupBoundaries_Point.cdb              -poly2 /local/storage/liang/Downloads/Datasets/point_cdb/USADetailedWaterBodies/USADetailedWaterBodies_Point.cdb              -serialize=/dev/shm              -grid_size=15000              -mode=rt              -lb=false              -v=1              -query=pip              -xsect_factor 0.1              -enlarge=3.5              -check=false
I0110 12:30:37.376224 1517091 planar_graph.h:215] Map /dev/shm/-local-storage-liang-Downloads-Datasets-point_cdb-USACensusBlockGroupBoundaries-USACensusBlockGroupBoundaries_Point.cdb.bin is deserialized, chains: 872624 points: 29345959 edges: 28473335
I0110 12:30:38.218397 1517091 planar_graph.h:215] Map /dev/shm/-local-storage-liang-Downloads-Datasets-point_cdb-USADetailedWaterBodies-USADetailedWaterBodies_Point.cdb.bin is deserialized, chains: 2442900 points: 28007655 edges: 25564755
I0110 12:30:38.218421 1517091 context.h:51] Bounding Box, Bottom-left: (-179.149, 18.9107), Top-right: (-66.9496, 71.3652)
I0110 12:30:38.218439 1517091 context.h:58] Scaled Bounding Box, Bottom-left: (-69136359329185, -67784245771247), Top-right: (69136359329184, 67784245771246)
I0110 12:30:38.218441 1517091 context.h:61] Unscaled Bounding Box, Bottom-left: (-179.149, 18.9107), Top-right: (-66.9496, 71.3652)
I0110 12:30:38.367571 1517091 rt_engine.cu:282] Info: Pipeline statistics
	module(s)                            :     1
	entry function(s)                    :     2
	trace call(s)                        :     1
	continuation callable call(s)        :     0
	direct callable call(s)              :     0
	basic block(s) in entry functions    :    67
	instruction(s) in entry functions    :  1011
	non-entry function(s)                :     1
	basic block(s) in non-entry functions:     1
	instruction(s) in non-entry functions:     1
	debug information                    :    no
I0110 12:30:38.372762 1517091 rt_engine.cu:282] Info: Pipeline statistics
	module(s)                            :     1
	entry function(s)                    :     2
	trace call(s)                        :     1
	continuation callable call(s)        :     0
	direct callable call(s)              :     0
	basic block(s) in entry functions    :    43
	instruction(s) in entry functions    :   831
	non-entry function(s)                :     1
	basic block(s) in non-entry functions:     1
	instruction(s) in non-entry functions:     1
	debug information                    :    no
I0110 12:30:38.387732 1517091 primitive.h:256] Enlarge limit: 3.5 max iter:5 ne: 28473335 aabbs: 4573423 Compress ratio: 0.839379 Time: 13.809 ms
I0110 12:30:38.387778 1517091 rt_engine.cu:397] Building AS, num prims: 4573423, Required Temp Size: 348296704 Output Size: 171112704
I0110 12:30:38.400468 1517091 rt_engine.h:159] Parm size: 152
I0110 12:30:38.400481 1517091 rt_engine.cu:554] optixLaunch, [w,h,d] = 28007655,1,1
I0110 12:30:38.430990 1517091 rt_engine.h:159] Parm size: 152
I0110 12:30:38.430997 1517091 rt_engine.cu:554] optixLaunch, [w,h,d] = 28007655,1,1
I0110 12:30:38.460700 1517091 rt_engine.h:159] Parm size: 152
I0110 12:30:38.460706 1517091 rt_engine.cu:554] optixLaunch, [w,h,d] = 28007655,1,1
I0110 12:30:38.490011 1517091 rt_engine.h:159] Parm size: 152
I0110 12:30:38.490018 1517091 rt_engine.cu:554] optixLaunch, [w,h,d] = 28007655,1,1
I0110 12:30:38.519282 1517091 rt_engine.h:159] Parm size: 152
I0110 12:30:38.519289 1517091 rt_engine.cu:554] optixLaunch, [w,h,d] = 28007655,1,1
I0110 12:30:38.548556 1517091 rt_engine.h:159] Parm size: 152
I0110 12:30:38.548563 1517091 rt_engine.cu:554] optixLaunch, [w,h,d] = 28007655,1,1
I0110 12:30:38.577823 1517091 rt_engine.h:159] Parm size: 152
I0110 12:30:38.577831 1517091 rt_engine.cu:554] optixLaunch, [w,h,d] = 28007655,1,1
I0110 12:30:38.607100 1517091 rt_engine.h:159] Parm size: 152
I0110 12:30:38.607105 1517091 rt_engine.cu:554] optixLaunch, [w,h,d] = 28007655,1,1
I0110 12:30:38.636368 1517091 rt_engine.h:159] Parm size: 152
I0110 12:30:38.636374 1517091 rt_engine.cu:554] optixLaunch, [w,h,d] = 28007655,1,1
I0110 12:30:38.665635 1517091 rt_engine.h:159] Parm size: 152
I0110 12:30:38.665642 1517091 rt_engine.cu:554] optixLaunch, [w,h,d] = 28007655,1,1
Timing results:
 - Read map 0: 768.038 ms

 - Read map 1: 842.037 ms

 - Load Data: 65.9029 ms

 - Create App: 89.0961 ms

 - Init: 0.463009 ms

 - Adaptive Grouping: 13.8309 ms

 - Build Index: 12.4102 ms

 - Warmup: 148.263 ms

 - Query: 29.2688 ms

 - Cleanup: 9.81498 ms

