/local/storage/liang/.clion/RayJoin/cmake-build-release-dl190/bin/query_exec -poly1 /local/storage/liang/Downloads/Datasets/point_cdb/synthetic/gaussian_n_5000000_seed_1.cdb              -poly2 /local/storage/liang/Downloads/Datasets/point_cdb/synthetic/gaussian_n_5000000_seed_2.cdb              -serialize=/dev/shm              -mode=rt              -v=1              -query=pip              -seed=1              -xsect_factor 1              -warmup=5              -repeat=5              -ag=0              -check=false
I1014 22:23:46.009613 3306395 planar_graph.h:216] Map /dev/shm/-local-storage-liang-Downloads-Datasets-point_cdb-synthetic-gaussian_n_5000000_seed_1.cdb.bin is deserialized, chains: 9297218 points: 50160026 edges: 40862808
I1014 22:23:47.619072 3306395 planar_graph.h:216] Map /dev/shm/-local-storage-liang-Downloads-Datasets-point_cdb-synthetic-gaussian_n_5000000_seed_2.cdb.bin is deserialized, chains: 9311493 points: 50191940 edges: 40880447
I1014 22:23:47.619103 3306395 context.h:51] Bounding Box, Bottom-left: (-117.958, 35.1402), Top-right: (-69.1152, 64.8991)
I1014 22:23:47.619123 3306395 context.h:58] Scaled Bounding Box, Bottom-left: (-67600647612605, -65937309988390), Top-right: (67600647612604, 65937309988389)
I1014 22:23:47.619125 3306395 context.h:61] Unscaled Bounding Box, Bottom-left: (-117.958, 35.1402), Top-right: (-69.1152, 64.8991)
I1014 22:23:54.777153 3306395 rt_engine.cu:282] Info: Pipeline statistics
	module(s)                            :     1
	entry function(s)                    :     2
	trace call(s)                        :     1
	continuation callable call(s)        :     0
	direct callable call(s)              :     0
	basic block(s) in entry functions    :    67
	instruction(s) in entry functions    :  1011
	non-entry function(s)                :     1
	basic block(s) in non-entry functions:     1
	instruction(s) in non-entry functions:     1
	debug information                    :    no
I1014 22:23:54.782145 3306395 rt_engine.cu:282] Info: Pipeline statistics
	module(s)                            :     1
	entry function(s)                    :     2
	trace call(s)                        :     1
	continuation callable call(s)        :     0
	direct callable call(s)              :     0
	basic block(s) in entry functions    :    43
	instruction(s) in entry functions    :   831
	non-entry function(s)                :     1
	basic block(s) in non-entry functions:     1
	instruction(s) in non-entry functions:     1
	debug information                    :    no
I1014 22:23:54.790689 3306395 rt_engine.cu:397] Building AS, num prims: 40862808, Required Temp Size: 3111960192 Output Size: 1528852480
I1014 22:23:54.894142 3306395 rt_engine.h:159] Parm size: 152
I1014 22:23:54.894162 3306395 rt_engine.cu:554] optixLaunch, [w,h,d] = 50191940,1,1
I1014 22:23:54.928941 3306395 rt_engine.h:159] Parm size: 152
I1014 22:23:54.928948 3306395 rt_engine.cu:554] optixLaunch, [w,h,d] = 50191940,1,1
I1014 22:23:54.961767 3306395 rt_engine.h:159] Parm size: 152
I1014 22:23:54.961774 3306395 rt_engine.cu:554] optixLaunch, [w,h,d] = 50191940,1,1
I1014 22:23:54.993963 3306395 rt_engine.h:159] Parm size: 152
I1014 22:23:54.993970 3306395 rt_engine.cu:554] optixLaunch, [w,h,d] = 50191940,1,1
I1014 22:23:55.025827 3306395 rt_engine.h:159] Parm size: 152
I1014 22:23:55.025835 3306395 rt_engine.cu:554] optixLaunch, [w,h,d] = 50191940,1,1
I1014 22:23:55.057586 3306395 rt_engine.h:159] Parm size: 152
I1014 22:23:55.057593 3306395 rt_engine.cu:554] optixLaunch, [w,h,d] = 50191940,1,1
I1014 22:23:55.089463 3306395 rt_engine.h:159] Parm size: 152
I1014 22:23:55.089469 3306395 rt_engine.cu:554] optixLaunch, [w,h,d] = 50191940,1,1
I1014 22:23:55.121219 3306395 rt_engine.h:159] Parm size: 152
I1014 22:23:55.121225 3306395 rt_engine.cu:554] optixLaunch, [w,h,d] = 50191940,1,1
I1014 22:23:55.152977 3306395 rt_engine.h:159] Parm size: 152
I1014 22:23:55.152983 3306395 rt_engine.cu:554] optixLaunch, [w,h,d] = 50191940,1,1
I1014 22:23:55.184756 3306395 rt_engine.h:159] Parm size: 152
I1014 22:23:55.184763 3306395 rt_engine.cu:554] optixLaunch, [w,h,d] = 50191940,1,1
Timing results:
 - Read map: 1684.37 ms

 - Create Context: 0.00190735 ms

 - Generate Workloads: 8693.03 ms

 - Create App: 79.937 ms

 - Init: 0.656843 ms

 - Adaptive Grouping: 7.2372 ms

 - Build Index: 102.957 ms

 - Warmup: 163.736 ms

 - Query: 31.786 ms

 - Cleanup: 12.1129 ms

