/local/storage/liang/.clion/RayJoin/cmake-build-release-dl190/bin/query_exec -poly1 /local/storage/liang/Downloads/Datasets/point_cdb/synthetic/uniform_n_5000000_seed_1.cdb              -poly2 /local/storage/liang/Downloads/Datasets/point_cdb/synthetic/uniform_n_3000000_seed_2.cdb              -serialize=/dev/shm              -mode=rt              -v=1              -query=pip              -seed=1              -xsect_factor 1              -warmup=5              -repeat=5              -ag=0              -check=false
I1014 22:22:47.667868 3305897 planar_graph.h:216] Map /dev/shm/-local-storage-liang-Downloads-Datasets-point_cdb-synthetic-uniform_n_5000000_seed_1.cdb.bin is deserialized, chains: 5490309 points: 41155537 edges: 35665228
I1014 22:22:48.376840 3305897 planar_graph.h:216] Map /dev/shm/-local-storage-liang-Downloads-Datasets-point_cdb-synthetic-uniform_n_3000000_seed_2.cdb.bin is deserialized, chains: 3176901 points: 24420290 edges: 21243389
I1014 22:22:48.376873 3305897 context.h:51] Bounding Box, Bottom-left: (-119.001, 34.999), Top-right: (-68.9991, 65.001)
I1014 22:22:48.376890 3305897 context.h:58] Scaled Bounding Box, Bottom-left: (-67662352484674, -65970968077566), Top-right: (67662352484673, 65970968077565)
I1014 22:22:48.376892 3305897 context.h:61] Unscaled Bounding Box, Bottom-left: (-119.001, 34.999), Top-right: (-68.9991, 65.001)
I1014 22:22:52.665721 3305897 rt_engine.cu:282] Info: Pipeline statistics
	module(s)                            :     1
	entry function(s)                    :     2
	trace call(s)                        :     1
	continuation callable call(s)        :     0
	direct callable call(s)              :     0
	basic block(s) in entry functions    :    67
	instruction(s) in entry functions    :  1011
	non-entry function(s)                :     1
	basic block(s) in non-entry functions:     1
	instruction(s) in non-entry functions:     1
	debug information                    :    no
I1014 22:22:52.670784 3305897 rt_engine.cu:282] Info: Pipeline statistics
	module(s)                            :     1
	entry function(s)                    :     2
	trace call(s)                        :     1
	continuation callable call(s)        :     0
	direct callable call(s)              :     0
	basic block(s) in entry functions    :    43
	instruction(s) in entry functions    :   831
	non-entry function(s)                :     1
	basic block(s) in non-entry functions:     1
	instruction(s) in non-entry functions:     1
	debug information                    :    no
I1014 22:22:52.678546 3305897 rt_engine.cu:397] Building AS, num prims: 35665228, Required Temp Size: 2716131968 Output Size: 1334388992
I1014 22:22:52.769434 3305897 rt_engine.h:159] Parm size: 152
I1014 22:22:52.769454 3305897 rt_engine.cu:554] optixLaunch, [w,h,d] = 24420290,1,1
I1014 22:22:52.788092 3305897 rt_engine.h:159] Parm size: 152
I1014 22:22:52.788100 3305897 rt_engine.cu:554] optixLaunch, [w,h,d] = 24420290,1,1
I1014 22:22:52.806393 3305897 rt_engine.h:159] Parm size: 152
I1014 22:22:52.806401 3305897 rt_engine.cu:554] optixLaunch, [w,h,d] = 24420290,1,1
I1014 22:22:52.824646 3305897 rt_engine.h:159] Parm size: 152
I1014 22:22:52.824653 3305897 rt_engine.cu:554] optixLaunch, [w,h,d] = 24420290,1,1
I1014 22:22:52.842896 3305897 rt_engine.h:159] Parm size: 152
I1014 22:22:52.842903 3305897 rt_engine.cu:554] optixLaunch, [w,h,d] = 24420290,1,1
I1014 22:22:52.861148 3305897 rt_engine.h:159] Parm size: 152
I1014 22:22:52.861155 3305897 rt_engine.cu:554] optixLaunch, [w,h,d] = 24420290,1,1
I1014 22:22:52.879074 3305897 rt_engine.h:159] Parm size: 152
I1014 22:22:52.879081 3305897 rt_engine.cu:554] optixLaunch, [w,h,d] = 24420290,1,1
I1014 22:22:52.896462 3305897 rt_engine.h:159] Parm size: 152
I1014 22:22:52.896468 3305897 rt_engine.cu:554] optixLaunch, [w,h,d] = 24420290,1,1
I1014 22:22:52.913781 3305897 rt_engine.h:159] Parm size: 152
I1014 22:22:52.913787 3305897 rt_engine.cu:554] optixLaunch, [w,h,d] = 24420290,1,1
I1014 22:22:52.931030 3305897 rt_engine.h:159] Parm size: 152
I1014 22:22:52.931036 3305897 rt_engine.cu:554] optixLaunch, [w,h,d] = 24420290,1,1
Timing results:
 - Read map: 1284.22 ms

 - Create Context: 0.00190735 ms

 - Generate Workloads: 4921.88 ms

 - Create App: 81.47 ms

 - Init: 0.656128 ms

 - Adaptive Grouping: 6.46091 ms

 - Build Index: 90.6401 ms

 - Warmup: 91.877 ms

 - Query: 17.412 ms

 - Cleanup: 12.0471 ms

