/local/storage/liang/.clion/RayJoin/cmake-build-release-dl190/bin/query_exec -poly1 /local/storage/liang/Downloads/Datasets/point_cdb/synthetic/uniform_n_5000000_seed_1.cdb              -poly2 /local/storage/liang/Downloads/Datasets/point_cdb/synthetic/uniform_n_1000000_seed_2.cdb              -serialize=/dev/shm              -mode=rt              -v=1              -query=lsi              -seed=1              -xsect_factor 1              -warmup=5              -repeat=5              -ag=0              -check=false
I1014 22:15:40.402194 3301920 planar_graph.h:117] Map /local/storage/liang/Downloads/Datasets/point_cdb/synthetic/uniform_n_5000000_seed_1.cdb is loaded, chains: 5490309 points: 41155537 edges: 35665228, min seg len: 1.89737e-08, max seg len: 0.002, avg seg len: 0.000756528, stdev: 0.000574342
I1014 22:15:45.362565 3301920 planar_graph.h:117] Map /local/storage/liang/Downloads/Datasets/point_cdb/synthetic/uniform_n_1000000_seed_2.cdb is loaded, chains: 1019274 points: 8042719 edges: 7023445, min seg len: 2.54951e-08, max seg len: 0.002, avg seg len: 0.000764658, stdev: 0.000576729
I1014 22:15:45.578670 3301920 run_query.cu:213] After sampling , edges: 7023445
I1014 22:15:45.579252 3301920 context.h:51] Bounding Box, Bottom-left: (-119.001, 34.999), Top-right: (-68.9991, 65.001)
I1014 22:15:45.579259 3301920 context.h:58] Scaled Bounding Box, Bottom-left: (-67662351271213, -65970968077566), Top-right: (67662351271212, 65970968077565)
I1014 22:15:45.579262 3301920 context.h:61] Unscaled Bounding Box, Bottom-left: (-119.001, 34.999), Top-right: (-68.9991, 65.001)
I1014 22:15:49.096416 3301920 rt_engine.cu:282] Info: Pipeline statistics
	module(s)                            :     1
	entry function(s)                    :     2
	trace call(s)                        :     1
	continuation callable call(s)        :     0
	direct callable call(s)              :     0
	basic block(s) in entry functions    :    67
	instruction(s) in entry functions    :  1011
	non-entry function(s)                :     1
	basic block(s) in non-entry functions:     1
	instruction(s) in non-entry functions:     1
	debug information                    :    no
I1014 22:15:49.102514 3301920 rt_engine.cu:282] Info: Pipeline statistics
	module(s)                            :     1
	entry function(s)                    :     2
	trace call(s)                        :     1
	continuation callable call(s)        :     0
	direct callable call(s)              :     0
	basic block(s) in entry functions    :    43
	instruction(s) in entry functions    :   831
	non-entry function(s)                :     1
	basic block(s) in non-entry functions:     1
	instruction(s) in non-entry functions:     1
	debug information                    :    no
I1014 22:15:49.103230 3301920 run_query.cu:251] Queue capacity: 42688672
I1014 22:15:49.103236 3301920 lsi.h:22] Queue size: 1954 MB
I1014 22:15:49.116720 3301920 rt_engine.cu:397] Building AS, num prims: 35665228, Required Temp Size: 2716131968 Output Size: 1334388992
I1014 22:15:49.204042 3301920 lsi_rt.h:50] queries: 7023445
I1014 22:15:49.204090 3301920 rt_engine.h:159] Parm size: 176
I1014 22:15:49.204104 3301920 rt_engine.cu:554] optixLaunch, [w,h,d] = 7023445,1,1
I1014 22:15:49.207020 3301920 lsi_rt.h:50] queries: 7023445
I1014 22:15:49.207028 3301920 rt_engine.h:159] Parm size: 176
I1014 22:15:49.207036 3301920 rt_engine.cu:554] optixLaunch, [w,h,d] = 7023445,1,1
I1014 22:15:49.209863 3301920 lsi_rt.h:50] queries: 7023445
I1014 22:15:49.209870 3301920 rt_engine.h:159] Parm size: 176
I1014 22:15:49.209877 3301920 rt_engine.cu:554] optixLaunch, [w,h,d] = 7023445,1,1
I1014 22:15:49.212680 3301920 lsi_rt.h:50] queries: 7023445
I1014 22:15:49.212687 3301920 rt_engine.h:159] Parm size: 176
I1014 22:15:49.212693 3301920 rt_engine.cu:554] optixLaunch, [w,h,d] = 7023445,1,1
I1014 22:15:49.215489 3301920 lsi_rt.h:50] queries: 7023445
I1014 22:15:49.215497 3301920 rt_engine.h:159] Parm size: 176
I1014 22:15:49.215502 3301920 rt_engine.cu:554] optixLaunch, [w,h,d] = 7023445,1,1
I1014 22:15:49.218345 3301920 run_query.cu:320] Iter: 0
I1014 22:15:49.218348 3301920 lsi_rt.h:50] queries: 7023445
I1014 22:15:49.218353 3301920 rt_engine.h:159] Parm size: 176
I1014 22:15:49.218360 3301920 rt_engine.cu:554] optixLaunch, [w,h,d] = 7023445,1,1
I1014 22:15:49.221201 3301920 run_query.cu:320] Iter: 1
I1014 22:15:49.221203 3301920 lsi_rt.h:50] queries: 7023445
I1014 22:15:49.221210 3301920 rt_engine.h:159] Parm size: 176
I1014 22:15:49.221215 3301920 rt_engine.cu:554] optixLaunch, [w,h,d] = 7023445,1,1
I1014 22:15:49.224077 3301920 run_query.cu:320] Iter: 2
I1014 22:15:49.224078 3301920 lsi_rt.h:50] queries: 7023445
I1014 22:15:49.224084 3301920 rt_engine.h:159] Parm size: 176
I1014 22:15:49.224092 3301920 rt_engine.cu:554] optixLaunch, [w,h,d] = 7023445,1,1
I1014 22:15:49.226912 3301920 run_query.cu:320] Iter: 3
I1014 22:15:49.226914 3301920 lsi_rt.h:50] queries: 7023445
I1014 22:15:49.226951 3301920 rt_engine.h:159] Parm size: 176
I1014 22:15:49.226980 3301920 rt_engine.cu:554] optixLaunch, [w,h,d] = 7023445,1,1
I1014 22:15:49.229779 3301920 run_query.cu:320] Iter: 4
I1014 22:15:49.229780 3301920 lsi_rt.h:50] queries: 7023445
I1014 22:15:49.229786 3301920 rt_engine.h:159] Parm size: 176
I1014 22:15:49.229792 3301920 rt_engine.cu:554] optixLaunch, [w,h,d] = 7023445,1,1
I1014 22:15:49.232635 3301920 run_query.cu:325] Intersections: 61502 Selective: 6.1502 Queue Load Factor: 0.00144071
Timing results:
 - Read map: 19886.5 ms

 - Create Context: 0.000953674 ms

 - Generate Workloads: 7298.58 ms

 - Create App: 292.719 ms

 - Init: 7.01094 ms

 - Adaptive Grouping: 6.28591 ms

 - Build Index: 87.5151 ms

 - Warmup: 14.3051 ms

 - Query: 2.85897 ms

 - Cleanup: 339.684 ms

