/local/storage/liang/.clion/RayJoin/cmake-build-release-dl190/bin/query_exec -poly1 /local/storage/liang/Downloads/Datasets/point_cdb/dtl_cnty/dtl_cnty_Point.cdb              -poly2 /local/storage/liang/Downloads/Datasets/point_cdb/USAZIPCodeArea/USAZIPCodeArea_Point.cdb              -serialize=/dev/shm              -mode=rt              -query=pip              -v=1              -fau              -xsect_factor 0.1              -enlarge=1              -check=false
I1002 17:21:16.731113 194634 planar_graph.h:216] Map /dev/shm/-local-storage-liang-Downloads-Datasets-point_cdb-dtl_cnty-dtl_cnty_Point.cdb.bin is deserialized, chains: 3157 points: 1028000 edges: 1024843
I1002 17:21:17.222448 194634 planar_graph.h:216] Map /dev/shm/-local-storage-liang-Downloads-Datasets-point_cdb-USAZIPCodeArea-USAZIPCodeArea_Point.cdb.bin is deserialized, chains: 134894 points: 23894675 edges: 23759781
I1002 17:21:17.222479 194634 context.h:51] Bounding Box, Bottom-left: (-179.147, -14.5487), Top-right: (179.778, 71.3905)
I1002 17:21:17.222493 194634 context.h:58] Scaled Bounding Box, Bottom-left: (-69978809497444, -68768348336364), Top-right: (69978809497443, 68768348336363)
I1002 17:21:17.222494 194634 context.h:61] Unscaled Bounding Box, Bottom-left: (-179.147, -14.5487), Top-right: (179.778, 71.3905)
I1002 17:21:19.441906 194634 rt_engine.cu:282] Info: Pipeline statistics
	module(s)                            :     1
	entry function(s)                    :     2
	trace call(s)                        :     1
	continuation callable call(s)        :     0
	direct callable call(s)              :     0
	basic block(s) in entry functions    :    67
	instruction(s) in entry functions    :  1011
	non-entry function(s)                :     1
	basic block(s) in non-entry functions:     1
	instruction(s) in non-entry functions:     1
	debug information                    :    no
I1002 17:21:19.446734 194634 rt_engine.cu:282] Info: Pipeline statistics
	module(s)                            :     1
	entry function(s)                    :     2
	trace call(s)                        :     1
	continuation callable call(s)        :     0
	direct callable call(s)              :     0
	basic block(s) in entry functions    :    43
	instruction(s) in entry functions    :   831
	non-entry function(s)                :     1
	basic block(s) in non-entry functions:     1
	instruction(s) in non-entry functions:     1
	debug information                    :    no
I1002 17:21:19.447378 194634 primitive.h:252] Enlarge limit: 1 max iter:5 ne: 1024843 aabbs: 1024787 Compress ratio: 5.46425e-05 Time: 0.265 ms
I1002 17:21:19.447414 194634 rt_engine.cu:397] Building AS, num prims: 1024787, Required Temp Size: 78045952 Output Size: 38344448
I1002 17:21:19.450707 194634 rt_engine.h:159] Parm size: 152
I1002 17:21:19.450723 194634 rt_engine.cu:554] optixLaunch, [w,h,d] = 23894675,1,1
I1002 17:21:19.453801 194634 rt_engine.h:159] Parm size: 152
I1002 17:21:19.453809 194634 rt_engine.cu:554] optixLaunch, [w,h,d] = 23894675,1,1
I1002 17:21:19.456876 194634 rt_engine.h:159] Parm size: 152
I1002 17:21:19.456882 194634 rt_engine.cu:554] optixLaunch, [w,h,d] = 23894675,1,1
I1002 17:21:19.459945 194634 rt_engine.h:159] Parm size: 152
I1002 17:21:19.459952 194634 rt_engine.cu:554] optixLaunch, [w,h,d] = 23894675,1,1
I1002 17:21:19.463017 194634 rt_engine.h:159] Parm size: 152
I1002 17:21:19.463024 194634 rt_engine.cu:554] optixLaunch, [w,h,d] = 23894675,1,1
I1002 17:21:19.466087 194634 rt_engine.h:159] Parm size: 152
I1002 17:21:19.466094 194634 rt_engine.cu:554] optixLaunch, [w,h,d] = 23894675,1,1
I1002 17:21:19.469159 194634 rt_engine.h:159] Parm size: 152
I1002 17:21:19.469166 194634 rt_engine.cu:554] optixLaunch, [w,h,d] = 23894675,1,1
I1002 17:21:19.472230 194634 rt_engine.h:159] Parm size: 152
I1002 17:21:19.472236 194634 rt_engine.cu:554] optixLaunch, [w,h,d] = 23894675,1,1
I1002 17:21:19.475301 194634 rt_engine.h:159] Parm size: 152
I1002 17:21:19.475308 194634 rt_engine.cu:554] optixLaunch, [w,h,d] = 23894675,1,1
I1002 17:21:19.478374 194634 rt_engine.h:159] Parm size: 152
I1002 17:21:19.478379 194634 rt_engine.cu:554] optixLaunch, [w,h,d] = 23894675,1,1
Timing results:
 - Read map: 98.069 ms

 - Create Context: 0.00214577 ms

 - Generate Workloads: 2592.05 ms

 - Create App: 123.607 ms

 - Init: 0.138044 ms

 - Adaptive Grouping: 0.28491 ms

 - Build Index: 3.04914 ms

 - Warmup: 15.5299 ms

 - Query: 3.07164 ms

 - Cleanup: 5.57399 ms

