/local/storage/liang/.clion/RayJoin/cmake-build-release-dl190/bin/query_exec -poly1 /local/storage/liang/Downloads/Datasets/point_cdb/lakes/South_America/lakes_South_America_Point.cdb              -poly2 /local/storage/liang/Downloads/Datasets/point_cdb/parks/South_America/parks_South_America_Point.cdb              -serialize=/dev/shm              -mode=rt              -query=pip              -v=1              -fau              -xsect_factor 0.1              -enlarge=4.0              -check=false
I1002 17:25:40.932670 196420 planar_graph.h:216] Map /dev/shm/-local-storage-liang-Downloads-Datasets-point_cdb-lakes-South_America-lakes_South_America_Point.cdb.bin is deserialized, chains: 43757 points: 2418375 edges: 2374618
I1002 17:25:41.004467 196420 planar_graph.h:216] Map /dev/shm/-local-storage-liang-Downloads-Datasets-point_cdb-parks-South_America-parks_South_America_Point.cdb.bin is deserialized, chains: 85371 points: 3264379 edges: 3179008
I1002 17:25:41.004498 196420 context.h:51] Bounding Box, Bottom-left: (-92.6829, -55.9828), Top-right: (-34.788, 12.5803)
I1002 17:25:41.004513 196420 context.h:58] Scaled Bounding Box, Bottom-left: (-68019003758318, -68374252432450), Top-right: (68019003758317, 68374252432449)
I1002 17:25:41.004515 196420 context.h:61] Unscaled Bounding Box, Bottom-left: (-92.6829, -55.9828), Top-right: (-34.788, 12.5803)
I1002 17:25:41.520359 196420 rt_engine.cu:282] Info: Pipeline statistics
	module(s)                            :     1
	entry function(s)                    :     2
	trace call(s)                        :     1
	continuation callable call(s)        :     0
	direct callable call(s)              :     0
	basic block(s) in entry functions    :    67
	instruction(s) in entry functions    :  1011
	non-entry function(s)                :     1
	basic block(s) in non-entry functions:     1
	instruction(s) in non-entry functions:     1
	debug information                    :    no
I1002 17:25:41.525197 196420 rt_engine.cu:282] Info: Pipeline statistics
	module(s)                            :     1
	entry function(s)                    :     2
	trace call(s)                        :     1
	continuation callable call(s)        :     0
	direct callable call(s)              :     0
	basic block(s) in entry functions    :    43
	instruction(s) in entry functions    :   831
	non-entry function(s)                :     1
	basic block(s) in non-entry functions:     1
	instruction(s) in non-entry functions:     1
	debug information                    :    no
I1002 17:25:41.526777 196420 primitive.h:252] Enlarge limit: 4 max iter:5 ne: 2374618 aabbs: 223012 Compress ratio: 0.906085 Time: 1.222 ms
I1002 17:25:41.526815 196420 rt_engine.cu:397] Building AS, num prims: 223012, Required Temp Size: 16985728 Output Size: 8346752
I1002 17:25:41.527926 196420 rt_engine.h:159] Parm size: 152
I1002 17:25:41.527942 196420 rt_engine.cu:554] optixLaunch, [w,h,d] = 3264379,1,1
I1002 17:25:41.532557 196420 rt_engine.h:159] Parm size: 152
I1002 17:25:41.532563 196420 rt_engine.cu:554] optixLaunch, [w,h,d] = 3264379,1,1
I1002 17:25:41.537153 196420 rt_engine.h:159] Parm size: 152
I1002 17:25:41.537159 196420 rt_engine.cu:554] optixLaunch, [w,h,d] = 3264379,1,1
I1002 17:25:41.541754 196420 rt_engine.h:159] Parm size: 152
I1002 17:25:41.541761 196420 rt_engine.cu:554] optixLaunch, [w,h,d] = 3264379,1,1
I1002 17:25:41.546350 196420 rt_engine.h:159] Parm size: 152
I1002 17:25:41.546356 196420 rt_engine.cu:554] optixLaunch, [w,h,d] = 3264379,1,1
I1002 17:25:41.550958 196420 rt_engine.h:159] Parm size: 152
I1002 17:25:41.550966 196420 rt_engine.cu:554] optixLaunch, [w,h,d] = 3264379,1,1
I1002 17:25:41.555558 196420 rt_engine.h:159] Parm size: 152
I1002 17:25:41.555564 196420 rt_engine.cu:554] optixLaunch, [w,h,d] = 3264379,1,1
I1002 17:25:41.560153 196420 rt_engine.h:159] Parm size: 152
I1002 17:25:41.560159 196420 rt_engine.cu:554] optixLaunch, [w,h,d] = 3264379,1,1
I1002 17:25:41.564749 196420 rt_engine.h:159] Parm size: 152
I1002 17:25:41.564756 196420 rt_engine.cu:554] optixLaunch, [w,h,d] = 3264379,1,1
I1002 17:25:41.569341 196420 rt_engine.h:159] Parm size: 152
I1002 17:25:41.569348 196420 rt_engine.cu:554] optixLaunch, [w,h,d] = 3264379,1,1
Timing results:
 - Read map: 122.495 ms

 - Create Context: 0.000953674 ms

 - Generate Workloads: 519.917 ms

 - Create App: 72.5789 ms

 - Init: 0.163078 ms

 - Adaptive Grouping: 1.24192 ms

 - Build Index: 1.06096 ms

 - Warmup: 23.082 ms

 - Query: 4.59661 ms

 - Cleanup: 4.498 ms

