/local/storage/liang/.clion/RayJoin/cmake-build-release-dl190/bin/query_exec -poly1 /local/storage/liang/Downloads/Datasets/point_cdb/lakes/North_America/lakes_North_America_Point.cdb              -poly2 /local/storage/liang/Downloads/Datasets/point_cdb/parks/North_America/parks_North_America_Point.cdb              -serialize=/dev/shm              -mode=rt              -query=pip              -v=1              -fau              -xsect_factor 0.1              -enlarge=2.0              -check=false
I1002 17:22:58.155822 195333 planar_graph.h:216] Map /dev/shm/-local-storage-liang-Downloads-Datasets-point_cdb-lakes-North_America-lakes_North_America_Point.cdb.bin is deserialized, chains: 1910184 points: 69273661 edges: 67363477
I1002 17:22:58.742334 195333 planar_graph.h:216] Map /dev/shm/-local-storage-liang-Downloads-Datasets-point_cdb-parks-North_America-parks_North_America_Point.cdb.bin is deserialized, chains: 603325 points: 27465008 edges: 26861683
I1002 17:22:58.742362 195333 context.h:51] Bounding Box, Bottom-left: (-178.058, 7.22476), Top-right: (-45.5202, 71.2885)
I1002 17:22:58.742381 195333 context.h:58] Scaled Bounding Box, Bottom-left: (-69322661498935, -68238415890814), Top-right: (69322661498934, 68238415890813)
I1002 17:22:58.742383 195333 context.h:61] Unscaled Bounding Box, Bottom-left: (-178.058, 7.22476), Top-right: (-45.5202, 71.2885)
I1002 17:23:06.583281 195333 rt_engine.cu:282] Info: Pipeline statistics
	module(s)                            :     1
	entry function(s)                    :     2
	trace call(s)                        :     1
	continuation callable call(s)        :     0
	direct callable call(s)              :     0
	basic block(s) in entry functions    :    67
	instruction(s) in entry functions    :  1011
	non-entry function(s)                :     1
	basic block(s) in non-entry functions:     1
	instruction(s) in non-entry functions:     1
	debug information                    :    no
I1002 17:23:06.588356 195333 rt_engine.cu:282] Info: Pipeline statistics
	module(s)                            :     1
	entry function(s)                    :     2
	trace call(s)                        :     1
	continuation callable call(s)        :     0
	direct callable call(s)              :     0
	basic block(s) in entry functions    :    43
	instruction(s) in entry functions    :   831
	non-entry function(s)                :     1
	basic block(s) in non-entry functions:     1
	instruction(s) in non-entry functions:     1
	debug information                    :    no
I1002 17:23:06.622117 195333 primitive.h:252] Enlarge limit: 2 max iter:5 ne: 67363477 aabbs: 44153474 Compress ratio: 0.344549 Time: 32.134 ms
I1002 17:23:06.622159 195333 rt_engine.cu:397] Building AS, num prims: 44153474, Required Temp Size: 3362565120 Output Size: 1651970176
I1002 17:23:06.732900 195333 rt_engine.h:159] Parm size: 152
I1002 17:23:06.732919 195333 rt_engine.cu:554] optixLaunch, [w,h,d] = 27465008,1,1
I1002 17:23:06.762240 195333 rt_engine.h:159] Parm size: 152
I1002 17:23:06.762248 195333 rt_engine.cu:554] optixLaunch, [w,h,d] = 27465008,1,1
I1002 17:23:06.790127 195333 rt_engine.h:159] Parm size: 152
I1002 17:23:06.790133 195333 rt_engine.cu:554] optixLaunch, [w,h,d] = 27465008,1,1
I1002 17:23:06.817276 195333 rt_engine.h:159] Parm size: 152
I1002 17:23:06.817282 195333 rt_engine.cu:554] optixLaunch, [w,h,d] = 27465008,1,1
I1002 17:23:06.844137 195333 rt_engine.h:159] Parm size: 152
I1002 17:23:06.844144 195333 rt_engine.cu:554] optixLaunch, [w,h,d] = 27465008,1,1
I1002 17:23:06.870909 195333 rt_engine.h:159] Parm size: 152
I1002 17:23:06.870915 195333 rt_engine.cu:554] optixLaunch, [w,h,d] = 27465008,1,1
I1002 17:23:06.897655 195333 rt_engine.h:159] Parm size: 152
I1002 17:23:06.897661 195333 rt_engine.cu:554] optixLaunch, [w,h,d] = 27465008,1,1
I1002 17:23:06.924415 195333 rt_engine.h:159] Parm size: 152
I1002 17:23:06.924422 195333 rt_engine.cu:554] optixLaunch, [w,h,d] = 27465008,1,1
I1002 17:23:06.951154 195333 rt_engine.h:159] Parm size: 152
I1002 17:23:06.951161 195333 rt_engine.cu:554] optixLaunch, [w,h,d] = 27465008,1,1
I1002 17:23:06.977888 195333 rt_engine.h:159] Parm size: 152
I1002 17:23:06.977895 195333 rt_engine.cu:554] optixLaunch, [w,h,d] = 27465008,1,1
Timing results:
 - Read map: 1572.92 ms

 - Create Context: 0.00119209 ms

 - Generate Workloads: 8350.61 ms

 - Create App: 82.387 ms

 - Init: 0.94986 ms

 - Adaptive Grouping: 32.1572 ms

 - Build Index: 110.45 ms

 - Warmup: 138.193 ms

 - Query: 26.754 ms

 - Cleanup: 13.355 ms

