/local/storage/liang/.clion/RayJoin/cmake-build-release-dl190/bin/query_exec -poly1 /local/storage/liang/Downloads/Datasets/point_cdb/lakes/Africa/lakes_Africa_Point.cdb              -poly2 /local/storage/liang/Downloads/Datasets/point_cdb/parks/Africa/parks_Africa_Point.cdb              -serialize=/dev/shm              -mode=rt              -query=pip              -v=1              -fau              -xsect_factor 0.1              -enlarge=3.0              -check=false
I1002 17:23:56.422397 195733 planar_graph.h:216] Map /dev/shm/-local-storage-liang-Downloads-Datasets-point_cdb-lakes-Africa-lakes_Africa_Point.cdb.bin is deserialized, chains: 27178 points: 1872496 edges: 1845318
I1002 17:23:56.453346 195733 planar_graph.h:216] Map /dev/shm/-local-storage-liang-Downloads-Datasets-point_cdb-parks-Africa-parks_Africa_Point.cdb.bin is deserialized, chains: 41991 points: 1358103 edges: 1316112
I1002 17:23:56.453392 195733 context.h:51] Bounding Box, Bottom-left: (-25.2135, -34.7852), Top-right: (63.4371, 37.3456)
I1002 17:23:56.453409 195733 context.h:58] Scaled Bounding Box, Bottom-left: (-68816217462298, -68470241806767), Top-right: (68816217462297, 68470241806766)
I1002 17:23:56.453411 195733 context.h:61] Unscaled Bounding Box, Bottom-left: (-25.2135, -34.7852), Top-right: (63.4371, 37.3456)
I1002 17:23:56.775187 195733 rt_engine.cu:282] Info: Pipeline statistics
	module(s)                            :     1
	entry function(s)                    :     2
	trace call(s)                        :     1
	continuation callable call(s)        :     0
	direct callable call(s)              :     0
	basic block(s) in entry functions    :    67
	instruction(s) in entry functions    :  1011
	non-entry function(s)                :     1
	basic block(s) in non-entry functions:     1
	instruction(s) in non-entry functions:     1
	debug information                    :    no
I1002 17:23:56.780148 195733 rt_engine.cu:282] Info: Pipeline statistics
	module(s)                            :     1
	entry function(s)                    :     2
	trace call(s)                        :     1
	continuation callable call(s)        :     0
	direct callable call(s)              :     0
	basic block(s) in entry functions    :    43
	instruction(s) in entry functions    :   831
	non-entry function(s)                :     1
	basic block(s) in non-entry functions:     1
	instruction(s) in non-entry functions:     1
	debug information                    :    no
I1002 17:23:56.781515 195733 primitive.h:252] Enlarge limit: 3 max iter:5 ne: 1845318 aabbs: 502846 Compress ratio: 0.727502 Time: 0.994 ms
I1002 17:23:56.781555 195733 rt_engine.cu:397] Building AS, num prims: 502846, Required Temp Size: 38296832 Output Size: 18816384
I1002 17:23:56.783298 195733 rt_engine.h:159] Parm size: 152
I1002 17:23:56.783313 195733 rt_engine.cu:554] optixLaunch, [w,h,d] = 1358103,1,1
I1002 17:23:56.784387 195733 rt_engine.h:159] Parm size: 152
I1002 17:23:56.784394 195733 rt_engine.cu:554] optixLaunch, [w,h,d] = 1358103,1,1
I1002 17:23:56.785459 195733 rt_engine.h:159] Parm size: 152
I1002 17:23:56.785465 195733 rt_engine.cu:554] optixLaunch, [w,h,d] = 1358103,1,1
I1002 17:23:56.786522 195733 rt_engine.h:159] Parm size: 152
I1002 17:23:56.786530 195733 rt_engine.cu:554] optixLaunch, [w,h,d] = 1358103,1,1
I1002 17:23:56.787587 195733 rt_engine.h:159] Parm size: 152
I1002 17:23:56.787595 195733 rt_engine.cu:554] optixLaunch, [w,h,d] = 1358103,1,1
I1002 17:23:56.788653 195733 rt_engine.h:159] Parm size: 152
I1002 17:23:56.788661 195733 rt_engine.cu:554] optixLaunch, [w,h,d] = 1358103,1,1
I1002 17:23:56.789726 195733 rt_engine.h:159] Parm size: 152
I1002 17:23:56.789732 195733 rt_engine.cu:554] optixLaunch, [w,h,d] = 1358103,1,1
I1002 17:23:56.790792 195733 rt_engine.h:159] Parm size: 152
I1002 17:23:56.790799 195733 rt_engine.cu:554] optixLaunch, [w,h,d] = 1358103,1,1
I1002 17:23:56.791857 195733 rt_engine.h:159] Parm size: 152
I1002 17:23:56.791863 195733 rt_engine.cu:554] optixLaunch, [w,h,d] = 1358103,1,1
I1002 17:23:56.792927 195733 rt_engine.h:159] Parm size: 152
I1002 17:23:56.792934 195733 rt_engine.cu:554] optixLaunch, [w,h,d] = 1358103,1,1
Timing results:
 - Read map: 108.162 ms

 - Create Context: 0.00190735 ms

 - Generate Workloads: 284.952 ms

 - Create App: 72.8061 ms

 - Init: 0.133038 ms

 - Adaptive Grouping: 1.01495 ms

 - Build Index: 1.71494 ms

 - Warmup: 5.39207 ms

 - Query: 1.0674 ms

 - Cleanup: 4.44198 ms

