/local/storage/liang/.clion/RayJoin/cmake-build-release-dl190/bin/query_exec -poly1 /local/storage/liang/Downloads/Datasets/point_cdb/lakes/South_America/lakes_South_America_Point.cdb              -poly2 /local/storage/liang/Downloads/Datasets/point_cdb/parks/South_America/parks_South_America_Point.cdb              -serialize=/dev/shm              -mode=rt              -query=pip              -v=1              -fau              -xsect_factor 0.1              -enlarge=1              -check=false
I1002 17:21:53.292333 194896 planar_graph.h:216] Map /dev/shm/-local-storage-liang-Downloads-Datasets-point_cdb-lakes-South_America-lakes_South_America_Point.cdb.bin is deserialized, chains: 43757 points: 2418375 edges: 2374618
I1002 17:21:53.363546 194896 planar_graph.h:216] Map /dev/shm/-local-storage-liang-Downloads-Datasets-point_cdb-parks-South_America-parks_South_America_Point.cdb.bin is deserialized, chains: 85371 points: 3264379 edges: 3179008
I1002 17:21:53.363572 194896 context.h:51] Bounding Box, Bottom-left: (-92.6829, -55.9828), Top-right: (-34.788, 12.5803)
I1002 17:21:53.363587 194896 context.h:58] Scaled Bounding Box, Bottom-left: (-68019003758318, -68374252432450), Top-right: (68019003758317, 68374252432449)
I1002 17:21:53.363590 194896 context.h:61] Unscaled Bounding Box, Bottom-left: (-92.6829, -55.9828), Top-right: (-34.788, 12.5803)
I1002 17:21:53.857800 194896 rt_engine.cu:282] Info: Pipeline statistics
	module(s)                            :     1
	entry function(s)                    :     2
	trace call(s)                        :     1
	continuation callable call(s)        :     0
	direct callable call(s)              :     0
	basic block(s) in entry functions    :    67
	instruction(s) in entry functions    :  1011
	non-entry function(s)                :     1
	basic block(s) in non-entry functions:     1
	instruction(s) in non-entry functions:     1
	debug information                    :    no
I1002 17:21:53.862588 194896 rt_engine.cu:282] Info: Pipeline statistics
	module(s)                            :     1
	entry function(s)                    :     2
	trace call(s)                        :     1
	continuation callable call(s)        :     0
	direct callable call(s)              :     0
	basic block(s) in entry functions    :    43
	instruction(s) in entry functions    :   831
	non-entry function(s)                :     1
	basic block(s) in non-entry functions:     1
	instruction(s) in non-entry functions:     1
	debug information                    :    no
I1002 17:21:53.863427 194896 primitive.h:252] Enlarge limit: 1 max iter:5 ne: 2374618 aabbs: 2373613 Compress ratio: 0.000423226 Time: 0.483 ms
I1002 17:21:53.863467 194896 rt_engine.cu:397] Building AS, num prims: 2373613, Required Temp Size: 180767488 Output Size: 88809600
I1002 17:21:53.869967 194896 rt_engine.h:159] Parm size: 152
I1002 17:21:53.869983 194896 rt_engine.cu:554] optixLaunch, [w,h,d] = 3264379,1,1
I1002 17:21:53.871343 194896 rt_engine.h:159] Parm size: 152
I1002 17:21:53.871351 194896 rt_engine.cu:554] optixLaunch, [w,h,d] = 3264379,1,1
I1002 17:21:53.872697 194896 rt_engine.h:159] Parm size: 152
I1002 17:21:53.872704 194896 rt_engine.cu:554] optixLaunch, [w,h,d] = 3264379,1,1
I1002 17:21:53.874051 194896 rt_engine.h:159] Parm size: 152
I1002 17:21:53.874058 194896 rt_engine.cu:554] optixLaunch, [w,h,d] = 3264379,1,1
I1002 17:21:53.875402 194896 rt_engine.h:159] Parm size: 152
I1002 17:21:53.875409 194896 rt_engine.cu:554] optixLaunch, [w,h,d] = 3264379,1,1
I1002 17:21:53.876755 194896 rt_engine.h:159] Parm size: 152
I1002 17:21:53.876762 194896 rt_engine.cu:554] optixLaunch, [w,h,d] = 3264379,1,1
I1002 17:21:53.878108 194896 rt_engine.h:159] Parm size: 152
I1002 17:21:53.878115 194896 rt_engine.cu:554] optixLaunch, [w,h,d] = 3264379,1,1
I1002 17:21:53.879459 194896 rt_engine.h:159] Parm size: 152
I1002 17:21:53.879467 194896 rt_engine.cu:554] optixLaunch, [w,h,d] = 3264379,1,1
I1002 17:21:53.880812 194896 rt_engine.h:159] Parm size: 152
I1002 17:21:53.880820 194896 rt_engine.cu:554] optixLaunch, [w,h,d] = 3264379,1,1
I1002 17:21:53.882164 194896 rt_engine.h:159] Parm size: 152
I1002 17:21:53.882170 194896 rt_engine.cu:554] optixLaunch, [w,h,d] = 3264379,1,1
Timing results:
 - Read map: 121.645 ms

 - Create Context: 0.000953674 ms

 - Generate Workloads: 519.089 ms

 - Create App: 51.126 ms

 - Init: 0.166178 ms

 - Adaptive Grouping: 0.504971 ms

 - Build Index: 6.45185 ms

 - Warmup: 6.83713 ms

 - Query: 1.35198 ms

 - Cleanup: 6.26612 ms

