/local/storage/liang/.clion/RayJoin/cmake-build-release-dl190/bin/query_exec -poly1 /local/storage/liang/Downloads/Datasets/point_cdb/lakes/North_America/lakes_North_America_Point.cdb              -poly2 /local/storage/liang/Downloads/Datasets/point_cdb/parks/North_America/parks_North_America_Point.cdb              -serialize=/dev/shm              -mode=rt              -query=pip              -v=1              -fau              -xsect_factor 0.1              -enlarge=1.5              -check=false
I1002 17:22:20.742235 195057 planar_graph.h:216] Map /dev/shm/-local-storage-liang-Downloads-Datasets-point_cdb-lakes-North_America-lakes_North_America_Point.cdb.bin is deserialized, chains: 1910184 points: 69273661 edges: 67363477
I1002 17:22:21.330634 195057 planar_graph.h:216] Map /dev/shm/-local-storage-liang-Downloads-Datasets-point_cdb-parks-North_America-parks_North_America_Point.cdb.bin is deserialized, chains: 603325 points: 27465008 edges: 26861683
I1002 17:22:21.330663 195057 context.h:51] Bounding Box, Bottom-left: (-178.058, 7.22476), Top-right: (-45.5202, 71.2885)
I1002 17:22:21.330678 195057 context.h:58] Scaled Bounding Box, Bottom-left: (-69322661498935, -68238415890814), Top-right: (69322661498934, 68238415890813)
I1002 17:22:21.330679 195057 context.h:61] Unscaled Bounding Box, Bottom-left: (-178.058, 7.22476), Top-right: (-45.5202, 71.2885)
I1002 17:22:29.155321 195057 rt_engine.cu:282] Info: Pipeline statistics
	module(s)                            :     1
	entry function(s)                    :     2
	trace call(s)                        :     1
	continuation callable call(s)        :     0
	direct callable call(s)              :     0
	basic block(s) in entry functions    :    67
	instruction(s) in entry functions    :  1011
	non-entry function(s)                :     1
	basic block(s) in non-entry functions:     1
	instruction(s) in non-entry functions:     1
	debug information                    :    no
I1002 17:22:29.160454 195057 rt_engine.cu:282] Info: Pipeline statistics
	module(s)                            :     1
	entry function(s)                    :     2
	trace call(s)                        :     1
	continuation callable call(s)        :     0
	direct callable call(s)              :     0
	basic block(s) in entry functions    :    43
	instruction(s) in entry functions    :   831
	non-entry function(s)                :     1
	basic block(s) in non-entry functions:     1
	instruction(s) in non-entry functions:     1
	debug information                    :    no
I1002 17:22:29.184618 195057 primitive.h:252] Enlarge limit: 1.5 max iter:5 ne: 67363477 aabbs: 60385701 Compress ratio: 0.103584 Time: 22.529 ms
I1002 17:22:29.184659 195057 rt_engine.cu:397] Building AS, num prims: 60385701, Required Temp Size: 4598750720 Output Size: 2259286144
I1002 17:22:29.334395 195057 rt_engine.h:159] Parm size: 152
I1002 17:22:29.334414 195057 rt_engine.cu:554] optixLaunch, [w,h,d] = 27465008,1,1
I1002 17:22:29.357527 195057 rt_engine.h:159] Parm size: 152
I1002 17:22:29.357535 195057 rt_engine.cu:554] optixLaunch, [w,h,d] = 27465008,1,1
I1002 17:22:29.379724 195057 rt_engine.h:159] Parm size: 152
I1002 17:22:29.379731 195057 rt_engine.cu:554] optixLaunch, [w,h,d] = 27465008,1,1
I1002 17:22:29.401175 195057 rt_engine.h:159] Parm size: 152
I1002 17:22:29.401182 195057 rt_engine.cu:554] optixLaunch, [w,h,d] = 27465008,1,1
I1002 17:22:29.422264 195057 rt_engine.h:159] Parm size: 152
I1002 17:22:29.422271 195057 rt_engine.cu:554] optixLaunch, [w,h,d] = 27465008,1,1
I1002 17:22:29.443159 195057 rt_engine.h:159] Parm size: 152
I1002 17:22:29.443166 195057 rt_engine.cu:554] optixLaunch, [w,h,d] = 27465008,1,1
I1002 17:22:29.463892 195057 rt_engine.h:159] Parm size: 152
I1002 17:22:29.463899 195057 rt_engine.cu:554] optixLaunch, [w,h,d] = 27465008,1,1
I1002 17:22:29.484606 195057 rt_engine.h:159] Parm size: 152
I1002 17:22:29.484612 195057 rt_engine.cu:554] optixLaunch, [w,h,d] = 27465008,1,1
I1002 17:22:29.505335 195057 rt_engine.h:159] Parm size: 152
I1002 17:22:29.505342 195057 rt_engine.cu:554] optixLaunch, [w,h,d] = 27465008,1,1
I1002 17:22:29.526067 195057 rt_engine.h:159] Parm size: 152
I1002 17:22:29.526074 195057 rt_engine.cu:554] optixLaunch, [w,h,d] = 27465008,1,1
Timing results:
 - Read map: 1566.11 ms

 - Create Context: 0.00715256 ms

 - Generate Workloads: 8334.68 ms

 - Create App: 83.9851 ms

 - Init: 0.972033 ms

 - Adaptive Grouping: 22.5511 ms

 - Build Index: 149.455 ms

 - Warmup: 108.937 ms

 - Query: 20.7244 ms

 - Cleanup: 13.4082 ms

