/local/storage/liang/.clion/RayJoin/cmake-build-release-dl190/bin/query_exec -poly1 /local/storage/liang/Downloads/Datasets/point_cdb/lakes/Africa/lakes_Africa_Point.cdb              -poly2 /local/storage/liang/Downloads/Datasets/point_cdb/parks/Africa/parks_Africa_Point.cdb              -serialize=/dev/shm              -mode=rt              -query=pip              -v=1              -fau              -xsect_factor 0.1              -enlarge=2.0              -check=false
I1002 17:22:41.203747 195243 planar_graph.h:216] Map /dev/shm/-local-storage-liang-Downloads-Datasets-point_cdb-lakes-Africa-lakes_Africa_Point.cdb.bin is deserialized, chains: 27178 points: 1872496 edges: 1845318
I1002 17:22:41.234302 195243 planar_graph.h:216] Map /dev/shm/-local-storage-liang-Downloads-Datasets-point_cdb-parks-Africa-parks_Africa_Point.cdb.bin is deserialized, chains: 41991 points: 1358103 edges: 1316112
I1002 17:22:41.234335 195243 context.h:51] Bounding Box, Bottom-left: (-25.2135, -34.7852), Top-right: (63.4371, 37.3456)
I1002 17:22:41.234351 195243 context.h:58] Scaled Bounding Box, Bottom-left: (-68816217462298, -68470241806767), Top-right: (68816217462297, 68470241806766)
I1002 17:22:41.234354 195243 context.h:61] Unscaled Bounding Box, Bottom-left: (-25.2135, -34.7852), Top-right: (63.4371, 37.3456)
I1002 17:22:41.559561 195243 rt_engine.cu:282] Info: Pipeline statistics
	module(s)                            :     1
	entry function(s)                    :     2
	trace call(s)                        :     1
	continuation callable call(s)        :     0
	direct callable call(s)              :     0
	basic block(s) in entry functions    :    67
	instruction(s) in entry functions    :  1011
	non-entry function(s)                :     1
	basic block(s) in non-entry functions:     1
	instruction(s) in non-entry functions:     1
	debug information                    :    no
I1002 17:22:41.564520 195243 rt_engine.cu:282] Info: Pipeline statistics
	module(s)                            :     1
	entry function(s)                    :     2
	trace call(s)                        :     1
	continuation callable call(s)        :     0
	direct callable call(s)              :     0
	basic block(s) in entry functions    :    43
	instruction(s) in entry functions    :   831
	non-entry function(s)                :     1
	basic block(s) in non-entry functions:     1
	instruction(s) in non-entry functions:     1
	debug information                    :    no
I1002 17:22:41.565819 195243 primitive.h:252] Enlarge limit: 2 max iter:5 ne: 1845318 aabbs: 1268842 Compress ratio: 0.312399 Time: 0.976 ms
I1002 17:22:41.565858 195243 rt_engine.cu:397] Building AS, num prims: 1268842, Required Temp Size: 96632320 Output Size: 47475584
I1002 17:22:41.569603 195243 rt_engine.h:159] Parm size: 152
I1002 17:22:41.569620 195243 rt_engine.cu:554] optixLaunch, [w,h,d] = 1358103,1,1
I1002 17:22:41.570314 195243 rt_engine.h:159] Parm size: 152
I1002 17:22:41.570322 195243 rt_engine.cu:554] optixLaunch, [w,h,d] = 1358103,1,1
I1002 17:22:41.571003 195243 rt_engine.h:159] Parm size: 152
I1002 17:22:41.571010 195243 rt_engine.cu:554] optixLaunch, [w,h,d] = 1358103,1,1
I1002 17:22:41.571691 195243 rt_engine.h:159] Parm size: 152
I1002 17:22:41.571698 195243 rt_engine.cu:554] optixLaunch, [w,h,d] = 1358103,1,1
I1002 17:22:41.572379 195243 rt_engine.h:159] Parm size: 152
I1002 17:22:41.572386 195243 rt_engine.cu:554] optixLaunch, [w,h,d] = 1358103,1,1
I1002 17:22:41.573067 195243 rt_engine.h:159] Parm size: 152
I1002 17:22:41.573074 195243 rt_engine.cu:554] optixLaunch, [w,h,d] = 1358103,1,1
I1002 17:22:41.573755 195243 rt_engine.h:159] Parm size: 152
I1002 17:22:41.573762 195243 rt_engine.cu:554] optixLaunch, [w,h,d] = 1358103,1,1
I1002 17:22:41.574442 195243 rt_engine.h:159] Parm size: 152
I1002 17:22:41.574450 195243 rt_engine.cu:554] optixLaunch, [w,h,d] = 1358103,1,1
I1002 17:22:41.575132 195243 rt_engine.h:159] Parm size: 152
I1002 17:22:41.575139 195243 rt_engine.cu:554] optixLaunch, [w,h,d] = 1358103,1,1
I1002 17:22:41.575821 195243 rt_engine.h:159] Parm size: 152
I1002 17:22:41.575829 195243 rt_engine.cu:554] optixLaunch, [w,h,d] = 1358103,1,1
Timing results:
 - Read map: 110.418 ms

 - Create Context: 0.000953674 ms

 - Generate Workloads: 285.043 ms

 - Create App: 75.6719 ms

 - Init: 0.144958 ms

 - Adaptive Grouping: 0.997066 ms

 - Build Index: 3.71408 ms

 - Warmup: 3.50404 ms

 - Query: 0.688362 ms

 - Cleanup: 4.92907 ms

