/local/storage/liang/.clion/RayJoin/cmake-build-release-dl190/bin/query_exec -poly1 /local/storage/liang/Downloads/Datasets/point_cdb/lakes/North_America/lakes_North_America_Point.cdb              -poly2 /local/storage/liang/Downloads/Datasets/point_cdb/parks/North_America/parks_North_America_Point.cdb              -serialize=/dev/shm              -mode=rt              -query=pip              -v=1              -fau              -xsect_factor 0.1              -enlarge=5.0              -check=false
I1002 17:26:48.992270 196896 planar_graph.h:216] Map /dev/shm/-local-storage-liang-Downloads-Datasets-point_cdb-lakes-North_America-lakes_North_America_Point.cdb.bin is deserialized, chains: 1910184 points: 69273661 edges: 67363477
I1002 17:26:49.585772 196896 planar_graph.h:216] Map /dev/shm/-local-storage-liang-Downloads-Datasets-point_cdb-parks-North_America-parks_North_America_Point.cdb.bin is deserialized, chains: 603325 points: 27465008 edges: 26861683
I1002 17:26:49.585805 196896 context.h:51] Bounding Box, Bottom-left: (-178.058, 7.22476), Top-right: (-45.5202, 71.2885)
I1002 17:26:49.585824 196896 context.h:58] Scaled Bounding Box, Bottom-left: (-69322661498935, -68238415890814), Top-right: (69322661498934, 68238415890813)
I1002 17:26:49.585826 196896 context.h:61] Unscaled Bounding Box, Bottom-left: (-178.058, 7.22476), Top-right: (-45.5202, 71.2885)
I1002 17:26:57.433243 196896 rt_engine.cu:282] Info: Pipeline statistics
	module(s)                            :     1
	entry function(s)                    :     2
	trace call(s)                        :     1
	continuation callable call(s)        :     0
	direct callable call(s)              :     0
	basic block(s) in entry functions    :    67
	instruction(s) in entry functions    :  1011
	non-entry function(s)                :     1
	basic block(s) in non-entry functions:     1
	instruction(s) in non-entry functions:     1
	debug information                    :    no
I1002 17:26:57.438277 196896 rt_engine.cu:282] Info: Pipeline statistics
	module(s)                            :     1
	entry function(s)                    :     2
	trace call(s)                        :     1
	continuation callable call(s)        :     0
	direct callable call(s)              :     0
	basic block(s) in entry functions    :    43
	instruction(s) in entry functions    :   831
	non-entry function(s)                :     1
	basic block(s) in non-entry functions:     1
	instruction(s) in non-entry functions:     1
	debug information                    :    no
I1002 17:26:57.474367 196896 primitive.h:252] Enlarge limit: 5 max iter:5 ne: 67363477 aabbs: 4933878 Compress ratio: 0.926757 Time: 34.324 ms
I1002 17:26:57.474411 196896 rt_engine.cu:397] Building AS, num prims: 4933878, Required Temp Size: 375747712 Output Size: 184600064
I1002 17:26:57.488526 196896 rt_engine.h:159] Parm size: 152
I1002 17:26:57.488543 196896 rt_engine.cu:554] optixLaunch, [w,h,d] = 27465008,1,1
I1002 17:26:57.564956 196896 rt_engine.h:159] Parm size: 152
I1002 17:26:57.564965 196896 rt_engine.cu:554] optixLaunch, [w,h,d] = 27465008,1,1
I1002 17:26:57.639355 196896 rt_engine.h:159] Parm size: 152
I1002 17:26:57.639362 196896 rt_engine.cu:554] optixLaunch, [w,h,d] = 27465008,1,1
I1002 17:26:57.707913 196896 rt_engine.h:159] Parm size: 152
I1002 17:26:57.707919 196896 rt_engine.cu:554] optixLaunch, [w,h,d] = 27465008,1,1
I1002 17:26:57.776432 196896 rt_engine.h:159] Parm size: 152
I1002 17:26:57.776438 196896 rt_engine.cu:554] optixLaunch, [w,h,d] = 27465008,1,1
I1002 17:26:57.844978 196896 rt_engine.h:159] Parm size: 152
I1002 17:26:57.844985 196896 rt_engine.cu:554] optixLaunch, [w,h,d] = 27465008,1,1
I1002 17:26:57.913528 196896 rt_engine.h:159] Parm size: 152
I1002 17:26:57.913535 196896 rt_engine.cu:554] optixLaunch, [w,h,d] = 27465008,1,1
I1002 17:26:57.982050 196896 rt_engine.h:159] Parm size: 152
I1002 17:26:57.982057 196896 rt_engine.cu:554] optixLaunch, [w,h,d] = 27465008,1,1
I1002 17:26:58.050616 196896 rt_engine.h:159] Parm size: 152
I1002 17:26:58.050622 196896 rt_engine.cu:554] optixLaunch, [w,h,d] = 27465008,1,1
I1002 17:26:58.119146 196896 rt_engine.h:159] Parm size: 152
I1002 17:26:58.119153 196896 rt_engine.cu:554] optixLaunch, [w,h,d] = 27465008,1,1
Timing results:
 - Read map: 1580.85 ms

 - Create Context: 0.00214577 ms

 - Generate Workloads: 8361.8 ms

 - Create App: 84.693 ms

 - Init: 1.07718 ms

 - Adaptive Grouping: 34.3459 ms

 - Build Index: 13.8371 ms

 - Warmup: 356.625 ms

 - Query: 68.5392 ms

 - Cleanup: 11.3568 ms

