/local/storage/liang/.clion/RayJoin/cmake-build-release-dl190/bin/query_exec -poly1 /local/storage/liang/Downloads/Datasets/point_cdb/lakes/Australia/lakes_Australia_Point.cdb              -poly2 /local/storage/liang/Downloads/Datasets/point_cdb/parks/Australia/parks_Australia_Point.cdb              -serialize=/dev/shm              -mode=rt              -query=pip              -v=1              -fau              -xsect_factor 0.1              -enlarge=3.0              -check=false
I1002 17:23:59.767614 195755 planar_graph.h:216] Map /dev/shm/-local-storage-liang-Downloads-Datasets-point_cdb-lakes-Australia-lakes_Australia_Point.cdb.bin is deserialized, chains: 16702 points: 1254743 edges: 1238041
I1002 17:23:59.781396 195755 planar_graph.h:216] Map /dev/shm/-local-storage-liang-Downloads-Datasets-point_cdb-parks-Australia-parks_Australia_Point.cdb.bin is deserialized, chains: 22386 points: 589464 edges: 567078
I1002 17:23:59.781423 195755 context.h:51] Bounding Box, Bottom-left: (112.971, -54.7384), Top-right: (158.947, -10.1168)
I1002 17:23:59.781442 195755 context.h:58] Scaled Bounding Box, Bottom-left: (-67435232688127, -67350025946940), Top-right: (67435232688126, 67350025946939)
I1002 17:23:59.781445 195755 context.h:61] Unscaled Bounding Box, Bottom-left: (112.971, -54.7384), Top-right: (158.947, -10.1168)
I1002 17:23:59.979029 195755 rt_engine.cu:282] Info: Pipeline statistics
	module(s)                            :     1
	entry function(s)                    :     2
	trace call(s)                        :     1
	continuation callable call(s)        :     0
	direct callable call(s)              :     0
	basic block(s) in entry functions    :    67
	instruction(s) in entry functions    :  1011
	non-entry function(s)                :     1
	basic block(s) in non-entry functions:     1
	instruction(s) in non-entry functions:     1
	debug information                    :    no
I1002 17:23:59.983891 195755 rt_engine.cu:282] Info: Pipeline statistics
	module(s)                            :     1
	entry function(s)                    :     2
	trace call(s)                        :     1
	continuation callable call(s)        :     0
	direct callable call(s)              :     0
	basic block(s) in entry functions    :    43
	instruction(s) in entry functions    :   831
	non-entry function(s)                :     1
	basic block(s) in non-entry functions:     1
	instruction(s) in non-entry functions:     1
	debug information                    :    no
I1002 17:23:59.984902 195755 primitive.h:252] Enlarge limit: 3 max iter:5 ne: 1238041 aabbs: 349360 Compress ratio: 0.717812 Time: 0.7 ms
I1002 17:23:59.984941 195755 rt_engine.cu:397] Building AS, num prims: 349360, Required Temp Size: 26607872 Output Size: 13073792
I1002 17:23:59.986249 195755 rt_engine.h:159] Parm size: 152
I1002 17:23:59.986264 195755 rt_engine.cu:554] optixLaunch, [w,h,d] = 589464,1,1
I1002 17:23:59.986979 195755 rt_engine.h:159] Parm size: 152
I1002 17:23:59.986986 195755 rt_engine.cu:554] optixLaunch, [w,h,d] = 589464,1,1
I1002 17:23:59.987692 195755 rt_engine.h:159] Parm size: 152
I1002 17:23:59.987699 195755 rt_engine.cu:554] optixLaunch, [w,h,d] = 589464,1,1
I1002 17:23:59.988404 195755 rt_engine.h:159] Parm size: 152
I1002 17:23:59.988410 195755 rt_engine.cu:554] optixLaunch, [w,h,d] = 589464,1,1
I1002 17:23:59.989112 195755 rt_engine.h:159] Parm size: 152
I1002 17:23:59.989118 195755 rt_engine.cu:554] optixLaunch, [w,h,d] = 589464,1,1
I1002 17:23:59.989818 195755 rt_engine.h:159] Parm size: 152
I1002 17:23:59.989825 195755 rt_engine.cu:554] optixLaunch, [w,h,d] = 589464,1,1
I1002 17:23:59.990535 195755 rt_engine.h:159] Parm size: 152
I1002 17:23:59.990541 195755 rt_engine.cu:554] optixLaunch, [w,h,d] = 589464,1,1
I1002 17:23:59.991243 195755 rt_engine.h:159] Parm size: 152
I1002 17:23:59.991250 195755 rt_engine.cu:554] optixLaunch, [w,h,d] = 589464,1,1
I1002 17:23:59.991957 195755 rt_engine.h:159] Parm size: 152
I1002 17:23:59.991964 195755 rt_engine.cu:554] optixLaunch, [w,h,d] = 589464,1,1
I1002 17:23:59.992666 195755 rt_engine.h:159] Parm size: 152
I1002 17:23:59.992673 195755 rt_engine.cu:554] optixLaunch, [w,h,d] = 589464,1,1
Timing results:
 - Read map: 80.476 ms

 - Create Context: 0.00500679 ms

 - Generate Workloads: 160.531 ms

 - Create App: 55.692 ms

 - Init: 0.132084 ms

 - Adaptive Grouping: 0.720024 ms

 - Build Index: 1.28889 ms

 - Warmup: 3.60107 ms

 - Query: 0.711775 ms

 - Cleanup: 4.10199 ms

