/local/storage/liang/.clion/RayJoin/cmake-build-release-dl190/bin/query_exec -poly1 /local/storage/liang/Downloads/Datasets/point_cdb/lakes/Africa/lakes_Africa_Point.cdb              -poly2 /local/storage/liang/Downloads/Datasets/point_cdb/parks/Africa/parks_Africa_Point.cdb              -serialize=/dev/shm              -mode=rt              -query=pip              -v=1              -fau              -xsect_factor 0.1              -enlarge=1              -check=false
I1002 17:21:26.631163 194698 planar_graph.h:216] Map /dev/shm/-local-storage-liang-Downloads-Datasets-point_cdb-lakes-Africa-lakes_Africa_Point.cdb.bin is deserialized, chains: 27178 points: 1872496 edges: 1845318
I1002 17:21:26.662317 194698 planar_graph.h:216] Map /dev/shm/-local-storage-liang-Downloads-Datasets-point_cdb-parks-Africa-parks_Africa_Point.cdb.bin is deserialized, chains: 41991 points: 1358103 edges: 1316112
I1002 17:21:26.662348 194698 context.h:51] Bounding Box, Bottom-left: (-25.2135, -34.7852), Top-right: (63.4371, 37.3456)
I1002 17:21:26.662365 194698 context.h:58] Scaled Bounding Box, Bottom-left: (-68816217462298, -68470241806767), Top-right: (68816217462297, 68470241806766)
I1002 17:21:26.662367 194698 context.h:61] Unscaled Bounding Box, Bottom-left: (-25.2135, -34.7852), Top-right: (63.4371, 37.3456)
I1002 17:21:26.970115 194698 rt_engine.cu:282] Info: Pipeline statistics
	module(s)                            :     1
	entry function(s)                    :     2
	trace call(s)                        :     1
	continuation callable call(s)        :     0
	direct callable call(s)              :     0
	basic block(s) in entry functions    :    67
	instruction(s) in entry functions    :  1011
	non-entry function(s)                :     1
	basic block(s) in non-entry functions:     1
	instruction(s) in non-entry functions:     1
	debug information                    :    no
I1002 17:21:26.975134 194698 rt_engine.cu:282] Info: Pipeline statistics
	module(s)                            :     1
	entry function(s)                    :     2
	trace call(s)                        :     1
	continuation callable call(s)        :     0
	direct callable call(s)              :     0
	basic block(s) in entry functions    :    43
	instruction(s) in entry functions    :   831
	non-entry function(s)                :     1
	basic block(s) in non-entry functions:     1
	instruction(s) in non-entry functions:     1
	debug information                    :    no
I1002 17:21:26.975797 194698 primitive.h:252] Enlarge limit: 1 max iter:5 ne: 1845318 aabbs: 1844852 Compress ratio: 0.000252531 Time: 0.375 ms
I1002 17:21:26.975838 194698 rt_engine.cu:397] Building AS, num prims: 1844852, Required Temp Size: 140498944 Output Size: 69026560
I1002 17:21:26.981096 194698 rt_engine.h:159] Parm size: 152
I1002 17:21:26.981112 194698 rt_engine.cu:554] optixLaunch, [w,h,d] = 1358103,1,1
I1002 17:21:26.981602 194698 rt_engine.h:159] Parm size: 152
I1002 17:21:26.981608 194698 rt_engine.cu:554] optixLaunch, [w,h,d] = 1358103,1,1
I1002 17:21:26.982087 194698 rt_engine.h:159] Parm size: 152
I1002 17:21:26.982095 194698 rt_engine.cu:554] optixLaunch, [w,h,d] = 1358103,1,1
I1002 17:21:26.982569 194698 rt_engine.h:159] Parm size: 152
I1002 17:21:26.982576 194698 rt_engine.cu:554] optixLaunch, [w,h,d] = 1358103,1,1
I1002 17:21:26.983052 194698 rt_engine.h:159] Parm size: 152
I1002 17:21:26.983059 194698 rt_engine.cu:554] optixLaunch, [w,h,d] = 1358103,1,1
I1002 17:21:26.983536 194698 rt_engine.h:159] Parm size: 152
I1002 17:21:26.983542 194698 rt_engine.cu:554] optixLaunch, [w,h,d] = 1358103,1,1
I1002 17:21:26.984055 194698 rt_engine.h:159] Parm size: 152
I1002 17:21:26.984076 194698 rt_engine.cu:554] optixLaunch, [w,h,d] = 1358103,1,1
I1002 17:21:26.984582 194698 rt_engine.h:159] Parm size: 152
I1002 17:21:26.984589 194698 rt_engine.cu:554] optixLaunch, [w,h,d] = 1358103,1,1
I1002 17:21:26.985066 194698 rt_engine.h:159] Parm size: 152
I1002 17:21:26.985072 194698 rt_engine.cu:554] optixLaunch, [w,h,d] = 1358103,1,1
I1002 17:21:26.985548 194698 rt_engine.h:159] Parm size: 152
I1002 17:21:26.985555 194698 rt_engine.cu:554] optixLaunch, [w,h,d] = 1358103,1,1
Timing results:
 - Read map: 119.969 ms

 - Create Context: 0.00190735 ms

 - Generate Workloads: 287.918 ms

 - Create App: 55.9909 ms

 - Init: 0.120163 ms

 - Adaptive Grouping: 0.396967 ms

 - Build Index: 5.22685 ms

 - Warmup: 2.48003 ms

 - Query: 0.499201 ms

 - Cleanup: 6.23918 ms

