/local/storage/liang/.clion/RayJoin/cmake-build-release-dl190/bin/query_exec -poly1 /local/storage/liang/Downloads/Datasets/point_cdb/lakes/Europe/lakes_Europe_Point.cdb              -poly2 /local/storage/liang/Downloads/Datasets/point_cdb/parks/Europe/parks_Europe_Point.cdb              -serialize=/dev/shm              -mode=rt              -query=pip              -v=1              -fau              -xsect_factor 0.1              -enlarge=5.0              -check=false
I1002 17:26:35.245090 196843 planar_graph.h:216] Map /dev/shm/-local-storage-liang-Downloads-Datasets-point_cdb-lakes-Europe-lakes_Europe_Point.cdb.bin is deserialized, chains: 831264 points: 28687526 edges: 27856262
I1002 17:26:36.832258 196843 planar_graph.h:216] Map /dev/shm/-local-storage-liang-Downloads-Datasets-point_cdb-parks-Europe-parks_Europe_Point.cdb.bin is deserialized, chains: 3299874 points: 69273661 edges: 65973787
I1002 17:26:36.832302 196843 context.h:51] Bounding Box, Bottom-left: (-31.2515, 35.0264), Top-right: (68.8331, 81.3082)
I1002 17:26:36.832320 196843 context.h:58] Scaled Bounding Box, Bottom-left: (-68990108085658, -67453827351386), Top-right: (68990108085657, 67453827351385)
I1002 17:26:36.832322 196843 context.h:61] Unscaled Bounding Box, Bottom-left: (-31.2515, 35.0264), Top-right: (68.8331, 81.3082)
I1002 17:26:45.046480 196843 rt_engine.cu:282] Info: Pipeline statistics
	module(s)                            :     1
	entry function(s)                    :     2
	trace call(s)                        :     1
	continuation callable call(s)        :     0
	direct callable call(s)              :     0
	basic block(s) in entry functions    :    67
	instruction(s) in entry functions    :  1011
	non-entry function(s)                :     1
	basic block(s) in non-entry functions:     1
	instruction(s) in non-entry functions:     1
	debug information                    :    no
I1002 17:26:45.051470 196843 rt_engine.cu:282] Info: Pipeline statistics
	module(s)                            :     1
	entry function(s)                    :     2
	trace call(s)                        :     1
	continuation callable call(s)        :     0
	direct callable call(s)              :     0
	basic block(s) in entry functions    :    43
	instruction(s) in entry functions    :   831
	non-entry function(s)                :     1
	basic block(s) in non-entry functions:     1
	instruction(s) in non-entry functions:     1
	debug information                    :    no
I1002 17:26:45.067059 196843 primitive.h:252] Enlarge limit: 5 max iter:5 ne: 27856262 aabbs: 2149052 Compress ratio: 0.922852 Time: 14.316 ms
I1002 17:26:45.067101 196843 rt_engine.cu:397] Building AS, num prims: 2149052, Required Temp Size: 163665536 Output Size: 80407936
I1002 17:26:45.074398 196843 rt_engine.h:159] Parm size: 152
I1002 17:26:45.074414 196843 rt_engine.cu:554] optixLaunch, [w,h,d] = 69273661,1,1
I1002 17:26:45.245571 196843 rt_engine.h:159] Parm size: 152
I1002 17:26:45.245579 196843 rt_engine.cu:554] optixLaunch, [w,h,d] = 69273661,1,1
I1002 17:26:45.401024 196843 rt_engine.h:159] Parm size: 152
I1002 17:26:45.401031 196843 rt_engine.cu:554] optixLaunch, [w,h,d] = 69273661,1,1
I1002 17:26:45.556466 196843 rt_engine.h:159] Parm size: 152
I1002 17:26:45.556473 196843 rt_engine.cu:554] optixLaunch, [w,h,d] = 69273661,1,1
I1002 17:26:45.711894 196843 rt_engine.h:159] Parm size: 152
I1002 17:26:45.711900 196843 rt_engine.cu:554] optixLaunch, [w,h,d] = 69273661,1,1
I1002 17:26:45.867318 196843 rt_engine.h:159] Parm size: 152
I1002 17:26:45.867326 196843 rt_engine.cu:554] optixLaunch, [w,h,d] = 69273661,1,1
I1002 17:26:46.022742 196843 rt_engine.h:159] Parm size: 152
I1002 17:26:46.022748 196843 rt_engine.cu:554] optixLaunch, [w,h,d] = 69273661,1,1
I1002 17:26:46.178145 196843 rt_engine.h:159] Parm size: 152
I1002 17:26:46.178153 196843 rt_engine.cu:554] optixLaunch, [w,h,d] = 69273661,1,1
I1002 17:26:46.333544 196843 rt_engine.h:159] Parm size: 152
I1002 17:26:46.333550 196843 rt_engine.cu:554] optixLaunch, [w,h,d] = 69273661,1,1
I1002 17:26:46.488971 196843 rt_engine.h:159] Parm size: 152
I1002 17:26:46.488978 196843 rt_engine.cu:554] optixLaunch, [w,h,d] = 69273661,1,1
Timing results:
 - Read map: 941.842 ms

 - Create Context: 0.000953674 ms

 - Generate Workloads: 9716.22 ms

 - Create App: 89.4151 ms

 - Init: 0.519991 ms

 - Adaptive Grouping: 14.3402 ms

 - Build Index: 6.62684 ms

 - Warmup: 793.296 ms

 - Query: 155.414 ms

 - Cleanup: 9.866 ms

