/local/storage/liang/.clion/RayJoin/cmake-build-release-dl190/bin/query_exec -poly1 /local/storage/liang/Downloads/Datasets/point_cdb/lakes/Europe/lakes_Europe_Point.cdb              -poly2 /local/storage/liang/Downloads/Datasets/point_cdb/parks/Europe/parks_Europe_Point.cdb              -serialize=/dev/shm              -mode=rt              -query=pip              -v=1              -fau              -xsect_factor 0.1              -enlarge=1.5              -check=false
I1002 17:22:08.094586 195004 planar_graph.h:216] Map /dev/shm/-local-storage-liang-Downloads-Datasets-point_cdb-lakes-Europe-lakes_Europe_Point.cdb.bin is deserialized, chains: 831264 points: 28687526 edges: 27856262
I1002 17:22:09.680554 195004 planar_graph.h:216] Map /dev/shm/-local-storage-liang-Downloads-Datasets-point_cdb-parks-Europe-parks_Europe_Point.cdb.bin is deserialized, chains: 3299874 points: 69273661 edges: 65973787
I1002 17:22:09.680586 195004 context.h:51] Bounding Box, Bottom-left: (-31.2515, 35.0264), Top-right: (68.8331, 81.3082)
I1002 17:22:09.680603 195004 context.h:58] Scaled Bounding Box, Bottom-left: (-68990108085658, -67453827351386), Top-right: (68990108085657, 67453827351385)
I1002 17:22:09.680605 195004 context.h:61] Unscaled Bounding Box, Bottom-left: (-31.2515, 35.0264), Top-right: (68.8331, 81.3082)
I1002 17:22:17.871608 195004 rt_engine.cu:282] Info: Pipeline statistics
	module(s)                            :     1
	entry function(s)                    :     2
	trace call(s)                        :     1
	continuation callable call(s)        :     0
	direct callable call(s)              :     0
	basic block(s) in entry functions    :    67
	instruction(s) in entry functions    :  1011
	non-entry function(s)                :     1
	basic block(s) in non-entry functions:     1
	instruction(s) in non-entry functions:     1
	debug information                    :    no
I1002 17:22:17.876637 195004 rt_engine.cu:282] Info: Pipeline statistics
	module(s)                            :     1
	entry function(s)                    :     2
	trace call(s)                        :     1
	continuation callable call(s)        :     0
	direct callable call(s)              :     0
	basic block(s) in entry functions    :    43
	instruction(s) in entry functions    :   831
	non-entry function(s)                :     1
	basic block(s) in non-entry functions:     1
	instruction(s) in non-entry functions:     1
	debug information                    :    no
I1002 17:22:17.888823 195004 primitive.h:252] Enlarge limit: 1.5 max iter:5 ne: 27856262 aabbs: 24529675 Compress ratio: 0.11942 Time: 10.964 ms
I1002 17:22:17.888864 195004 rt_engine.cu:397] Building AS, num prims: 24529675, Required Temp Size: 1868089984 Output Size: 917761152
I1002 17:22:17.953352 195004 rt_engine.h:159] Parm size: 152
I1002 17:22:17.953370 195004 rt_engine.cu:554] optixLaunch, [w,h,d] = 69273661,1,1
I1002 17:22:18.001305 195004 rt_engine.h:159] Parm size: 152
I1002 17:22:18.001313 195004 rt_engine.cu:554] optixLaunch, [w,h,d] = 69273661,1,1
I1002 17:22:18.048911 195004 rt_engine.h:159] Parm size: 152
I1002 17:22:18.048918 195004 rt_engine.cu:554] optixLaunch, [w,h,d] = 69273661,1,1
I1002 17:22:18.096518 195004 rt_engine.h:159] Parm size: 152
I1002 17:22:18.096524 195004 rt_engine.cu:554] optixLaunch, [w,h,d] = 69273661,1,1
I1002 17:22:18.141299 195004 rt_engine.h:159] Parm size: 152
I1002 17:22:18.141305 195004 rt_engine.cu:554] optixLaunch, [w,h,d] = 69273661,1,1
I1002 17:22:18.184429 195004 rt_engine.h:159] Parm size: 152
I1002 17:22:18.184437 195004 rt_engine.cu:554] optixLaunch, [w,h,d] = 69273661,1,1
I1002 17:22:18.227535 195004 rt_engine.h:159] Parm size: 152
I1002 17:22:18.227541 195004 rt_engine.cu:554] optixLaunch, [w,h,d] = 69273661,1,1
I1002 17:22:18.270895 195004 rt_engine.h:159] Parm size: 152
I1002 17:22:18.270901 195004 rt_engine.cu:554] optixLaunch, [w,h,d] = 69273661,1,1
I1002 17:22:18.313993 195004 rt_engine.h:159] Parm size: 152
I1002 17:22:18.314000 195004 rt_engine.cu:554] optixLaunch, [w,h,d] = 69273661,1,1
I1002 17:22:18.357205 195004 rt_engine.h:159] Parm size: 152
I1002 17:22:18.357211 195004 rt_engine.cu:554] optixLaunch, [w,h,d] = 69273661,1,1
Timing results:
 - Read map: 695.772 ms

 - Create Context: 0.00214577 ms

 - Generate Workloads: 9696.35 ms

 - Create App: 84.8739 ms

 - Init: 0.519037 ms

 - Adaptive Grouping: 10.987 ms

 - Build Index: 63.8139 ms

 - Warmup: 231.455 ms

 - Query: 43.1738 ms

 - Cleanup: 12.074 ms

