/local/storage/liang/.clion/RayJoin/cmake-build-release-dl190/bin/query_exec -poly1 /local/storage/liang/Downloads/Datasets/point_cdb/USACensusBlockGroupBoundaries/USACensusBlockGroupBoundaries_Point.cdb              -poly2 /local/storage/liang/Downloads/Datasets/point_cdb/USADetailedWaterBodies/USADetailedWaterBodies_Point.cdb              -serialize=/dev/shm              -mode=rt              -query=pip              -v=1              -fau              -xsect_factor 0.1              -enlarge=3.0              -check=false
I1002 17:23:50.163975 195680 planar_graph.h:216] Map /dev/shm/-local-storage-liang-Downloads-Datasets-point_cdb-USACensusBlockGroupBoundaries-USACensusBlockGroupBoundaries_Point.cdb.bin is deserialized, chains: 872624 points: 29345959 edges: 28473335
I1002 17:23:50.874452 195680 planar_graph.h:216] Map /dev/shm/-local-storage-liang-Downloads-Datasets-point_cdb-USADetailedWaterBodies-USADetailedWaterBodies_Point.cdb.bin is deserialized, chains: 2442900 points: 28007655 edges: 25564755
I1002 17:23:50.874485 195680 context.h:51] Bounding Box, Bottom-left: (-179.149, 18.9107), Top-right: (-66.9496, 71.3652)
I1002 17:23:50.874500 195680 context.h:58] Scaled Bounding Box, Bottom-left: (-69136359329185, -67784245771247), Top-right: (69136359329184, 67784245771246)
I1002 17:23:50.874501 195680 context.h:61] Unscaled Bounding Box, Bottom-left: (-179.149, 18.9107), Top-right: (-66.9496, 71.3652)
I1002 17:23:55.543898 195680 rt_engine.cu:282] Info: Pipeline statistics
	module(s)                            :     1
	entry function(s)                    :     2
	trace call(s)                        :     1
	continuation callable call(s)        :     0
	direct callable call(s)              :     0
	basic block(s) in entry functions    :    67
	instruction(s) in entry functions    :  1011
	non-entry function(s)                :     1
	basic block(s) in non-entry functions:     1
	instruction(s) in non-entry functions:     1
	debug information                    :    no
I1002 17:23:55.548863 195680 rt_engine.cu:282] Info: Pipeline statistics
	module(s)                            :     1
	entry function(s)                    :     2
	trace call(s)                        :     1
	continuation callable call(s)        :     0
	direct callable call(s)              :     0
	basic block(s) in entry functions    :    43
	instruction(s) in entry functions    :   831
	non-entry function(s)                :     1
	basic block(s) in non-entry functions:     1
	instruction(s) in non-entry functions:     1
	debug information                    :    no
I1002 17:23:55.563742 195680 primitive.h:252] Enlarge limit: 3 max iter:5 ne: 28473335 aabbs: 7097481 Compress ratio: 0.750732 Time: 13.77 ms
I1002 17:23:55.563786 195680 rt_engine.cu:397] Building AS, num prims: 7097481, Required Temp Size: 540519680 Output Size: 265549440
I1002 17:23:55.582470 195680 rt_engine.h:159] Parm size: 152
I1002 17:23:55.582487 195680 rt_engine.cu:554] optixLaunch, [w,h,d] = 28007655,1,1
I1002 17:23:55.608054 195680 rt_engine.h:159] Parm size: 152
I1002 17:23:55.608062 195680 rt_engine.cu:554] optixLaunch, [w,h,d] = 28007655,1,1
I1002 17:23:55.633196 195680 rt_engine.h:159] Parm size: 152
I1002 17:23:55.633203 195680 rt_engine.cu:554] optixLaunch, [w,h,d] = 28007655,1,1
I1002 17:23:55.657811 195680 rt_engine.h:159] Parm size: 152
I1002 17:23:55.657819 195680 rt_engine.cu:554] optixLaunch, [w,h,d] = 28007655,1,1
I1002 17:23:55.682197 195680 rt_engine.h:159] Parm size: 152
I1002 17:23:55.682204 195680 rt_engine.cu:554] optixLaunch, [w,h,d] = 28007655,1,1
I1002 17:23:55.706588 195680 rt_engine.h:159] Parm size: 152
I1002 17:23:55.706595 195680 rt_engine.cu:554] optixLaunch, [w,h,d] = 28007655,1,1
I1002 17:23:55.730978 195680 rt_engine.h:159] Parm size: 152
I1002 17:23:55.730984 195680 rt_engine.cu:554] optixLaunch, [w,h,d] = 28007655,1,1
I1002 17:23:55.755359 195680 rt_engine.h:159] Parm size: 152
I1002 17:23:55.755367 195680 rt_engine.cu:554] optixLaunch, [w,h,d] = 28007655,1,1
I1002 17:23:55.779744 195680 rt_engine.h:159] Parm size: 152
I1002 17:23:55.779750 195680 rt_engine.cu:554] optixLaunch, [w,h,d] = 28007655,1,1
I1002 17:23:55.804133 195680 rt_engine.h:159] Parm size: 152
I1002 17:23:55.804139 195680 rt_engine.cu:554] optixLaunch, [w,h,d] = 28007655,1,1
Timing results:
 - Read map: 708.86 ms

 - Create Context: 0.000953674 ms

 - Generate Workloads: 5301.37 ms

 - Create App: 83.9441 ms

 - Init: 0.475883 ms

 - Adaptive Grouping: 13.792 ms

 - Build Index: 18.405 ms

 - Warmup: 124.29 ms

 - Query: 24.3854 ms

 - Cleanup: 9.81498 ms

