/local/storage/liang/.clion/RayJoin/cmake-build-release-dl190/bin/query_exec -poly1 /local/storage/liang/Downloads/Datasets/point_cdb/USACensusBlockGroupBoundaries/USACensusBlockGroupBoundaries_Point.cdb              -poly2 /local/storage/liang/Downloads/Datasets/point_cdb/USADetailedWaterBodies/USADetailedWaterBodies_Point.cdb              -serialize=/dev/shm              -mode=rt              -query=pip              -v=1              -fau              -xsect_factor 0.1              -enlarge=1.5              -check=false
I1002 17:21:57.655092 194918 planar_graph.h:216] Map /dev/shm/-local-storage-liang-Downloads-Datasets-point_cdb-USACensusBlockGroupBoundaries-USACensusBlockGroupBoundaries_Point.cdb.bin is deserialized, chains: 872624 points: 29345959 edges: 28473335
I1002 17:21:58.362347 194918 planar_graph.h:216] Map /dev/shm/-local-storage-liang-Downloads-Datasets-point_cdb-USADetailedWaterBodies-USADetailedWaterBodies_Point.cdb.bin is deserialized, chains: 2442900 points: 28007655 edges: 25564755
I1002 17:21:58.362378 194918 context.h:51] Bounding Box, Bottom-left: (-179.149, 18.9107), Top-right: (-66.9496, 71.3652)
I1002 17:21:58.362393 194918 context.h:58] Scaled Bounding Box, Bottom-left: (-69136359329185, -67784245771247), Top-right: (69136359329184, 67784245771246)
I1002 17:21:58.362396 194918 context.h:61] Unscaled Bounding Box, Bottom-left: (-179.149, 18.9107), Top-right: (-66.9496, 71.3652)
I1002 17:22:03.038867 194918 rt_engine.cu:282] Info: Pipeline statistics
	module(s)                            :     1
	entry function(s)                    :     2
	trace call(s)                        :     1
	continuation callable call(s)        :     0
	direct callable call(s)              :     0
	basic block(s) in entry functions    :    67
	instruction(s) in entry functions    :  1011
	non-entry function(s)                :     1
	basic block(s) in non-entry functions:     1
	instruction(s) in non-entry functions:     1
	debug information                    :    no
I1002 17:22:03.043857 194918 rt_engine.cu:282] Info: Pipeline statistics
	module(s)                            :     1
	entry function(s)                    :     2
	trace call(s)                        :     1
	continuation callable call(s)        :     0
	direct callable call(s)              :     0
	basic block(s) in entry functions    :    43
	instruction(s) in entry functions    :   831
	non-entry function(s)                :     1
	basic block(s) in non-entry functions:     1
	instruction(s) in non-entry functions:     1
	debug information                    :    no
I1002 17:22:03.056330 194918 primitive.h:252] Enlarge limit: 1.5 max iter:5 ne: 28473335 aabbs: 24444797 Compress ratio: 0.141485 Time: 11.338 ms
I1002 17:22:03.056373 194918 rt_engine.cu:397] Building AS, num prims: 24444797, Required Temp Size: 1861625984 Output Size: 914585600
I1002 17:22:03.119693 194918 rt_engine.h:159] Parm size: 152
I1002 17:22:03.119710 194918 rt_engine.cu:554] optixLaunch, [w,h,d] = 28007655,1,1
I1002 17:22:03.135079 194918 rt_engine.h:159] Parm size: 152
I1002 17:22:03.135087 194918 rt_engine.cu:554] optixLaunch, [w,h,d] = 28007655,1,1
I1002 17:22:03.149752 194918 rt_engine.h:159] Parm size: 152
I1002 17:22:03.149760 194918 rt_engine.cu:554] optixLaunch, [w,h,d] = 28007655,1,1
I1002 17:22:03.164064 194918 rt_engine.h:159] Parm size: 152
I1002 17:22:03.164072 194918 rt_engine.cu:554] optixLaunch, [w,h,d] = 28007655,1,1
I1002 17:22:03.178272 194918 rt_engine.h:159] Parm size: 152
I1002 17:22:03.178279 194918 rt_engine.cu:554] optixLaunch, [w,h,d] = 28007655,1,1
I1002 17:22:03.192319 194918 rt_engine.h:159] Parm size: 152
I1002 17:22:03.192327 194918 rt_engine.cu:554] optixLaunch, [w,h,d] = 28007655,1,1
I1002 17:22:03.206007 194918 rt_engine.h:159] Parm size: 152
I1002 17:22:03.206013 194918 rt_engine.cu:554] optixLaunch, [w,h,d] = 28007655,1,1
I1002 17:22:03.219636 194918 rt_engine.h:159] Parm size: 152
I1002 17:22:03.219643 194918 rt_engine.cu:554] optixLaunch, [w,h,d] = 28007655,1,1
I1002 17:22:03.233209 194918 rt_engine.h:159] Parm size: 152
I1002 17:22:03.233217 194918 rt_engine.cu:554] optixLaunch, [w,h,d] = 28007655,1,1
I1002 17:22:03.246683 194918 rt_engine.h:159] Parm size: 152
I1002 17:22:03.246690 194918 rt_engine.cu:554] optixLaunch, [w,h,d] = 28007655,1,1
Timing results:
 - Read map: 685.512 ms

 - Create Context: 0.00190735 ms

 - Generate Workloads: 5305.82 ms

 - Create App: 83.4031 ms

 - Init: 0.471115 ms

 - Adaptive Grouping: 11.3599 ms

 - Build Index: 63.036 ms

 - Warmup: 72.8011 ms

 - Query: 13.5682 ms

 - Cleanup: 10.9761 ms

