/local/storage/liang/.clion/RayJoin/cmake-build-release-dl190/bin/query_exec -poly1 /local/storage/liang/Downloads/Datasets/point_cdb/USACensusBlockGroupBoundaries/USACensusBlockGroupBoundaries_Point.cdb              -poly2 /local/storage/liang/Downloads/Datasets/point_cdb/USADetailedWaterBodies/USADetailedWaterBodies_Point.cdb              -serialize=/dev/shm              -mode=rt              -query=pip              -v=1              -fau              -xsect_factor 0.1              -enlarge=4.0              -check=false
I1002 17:25:06.577226 196211 planar_graph.h:216] Map /dev/shm/-local-storage-liang-Downloads-Datasets-point_cdb-USACensusBlockGroupBoundaries-USACensusBlockGroupBoundaries_Point.cdb.bin is deserialized, chains: 872624 points: 29345959 edges: 28473335
I1002 17:25:07.284240 196211 planar_graph.h:216] Map /dev/shm/-local-storage-liang-Downloads-Datasets-point_cdb-USADetailedWaterBodies-USADetailedWaterBodies_Point.cdb.bin is deserialized, chains: 2442900 points: 28007655 edges: 25564755
I1002 17:25:07.284267 196211 context.h:51] Bounding Box, Bottom-left: (-179.149, 18.9107), Top-right: (-66.9496, 71.3652)
I1002 17:25:07.284286 196211 context.h:58] Scaled Bounding Box, Bottom-left: (-69136359329185, -67784245771247), Top-right: (69136359329184, 67784245771246)
I1002 17:25:07.284287 196211 context.h:61] Unscaled Bounding Box, Bottom-left: (-179.149, 18.9107), Top-right: (-66.9496, 71.3652)
I1002 17:25:11.965354 196211 rt_engine.cu:282] Info: Pipeline statistics
	module(s)                            :     1
	entry function(s)                    :     2
	trace call(s)                        :     1
	continuation callable call(s)        :     0
	direct callable call(s)              :     0
	basic block(s) in entry functions    :    67
	instruction(s) in entry functions    :  1011
	non-entry function(s)                :     1
	basic block(s) in non-entry functions:     1
	instruction(s) in non-entry functions:     1
	debug information                    :    no
I1002 17:25:11.970389 196211 rt_engine.cu:282] Info: Pipeline statistics
	module(s)                            :     1
	entry function(s)                    :     2
	trace call(s)                        :     1
	continuation callable call(s)        :     0
	direct callable call(s)              :     0
	basic block(s) in entry functions    :    43
	instruction(s) in entry functions    :   831
	non-entry function(s)                :     1
	basic block(s) in non-entry functions:     1
	instruction(s) in non-entry functions:     1
	debug information                    :    no
I1002 17:25:11.984768 196211 primitive.h:252] Enlarge limit: 4 max iter:5 ne: 28473335 aabbs: 2807634 Compress ratio: 0.901394 Time: 13.242 ms
I1002 17:25:11.984812 196211 rt_engine.cu:397] Building AS, num prims: 2807634, Required Temp Size: 213820928 Output Size: 105048320
I1002 17:25:11.993193 196211 rt_engine.h:159] Parm size: 152
I1002 17:25:11.993211 196211 rt_engine.cu:554] optixLaunch, [w,h,d] = 28007655,1,1
I1002 17:25:12.027627 196211 rt_engine.h:159] Parm size: 152
I1002 17:25:12.027634 196211 rt_engine.cu:554] optixLaunch, [w,h,d] = 28007655,1,1
I1002 17:25:12.062002 196211 rt_engine.h:159] Parm size: 152
I1002 17:25:12.062009 196211 rt_engine.cu:554] optixLaunch, [w,h,d] = 28007655,1,1
I1002 17:25:12.096361 196211 rt_engine.h:159] Parm size: 152
I1002 17:25:12.096369 196211 rt_engine.cu:554] optixLaunch, [w,h,d] = 28007655,1,1
I1002 17:25:12.130720 196211 rt_engine.h:159] Parm size: 152
I1002 17:25:12.130728 196211 rt_engine.cu:554] optixLaunch, [w,h,d] = 28007655,1,1
I1002 17:25:12.165072 196211 rt_engine.h:159] Parm size: 152
I1002 17:25:12.165079 196211 rt_engine.cu:554] optixLaunch, [w,h,d] = 28007655,1,1
I1002 17:25:12.199429 196211 rt_engine.h:159] Parm size: 152
I1002 17:25:12.199435 196211 rt_engine.cu:554] optixLaunch, [w,h,d] = 28007655,1,1
I1002 17:25:12.233775 196211 rt_engine.h:159] Parm size: 152
I1002 17:25:12.233781 196211 rt_engine.cu:554] optixLaunch, [w,h,d] = 28007655,1,1
I1002 17:25:12.268124 196211 rt_engine.h:159] Parm size: 152
I1002 17:25:12.268131 196211 rt_engine.cu:554] optixLaunch, [w,h,d] = 28007655,1,1
I1002 17:25:12.302474 196211 rt_engine.h:159] Parm size: 152
I1002 17:25:12.302481 196211 rt_engine.cu:554] optixLaunch, [w,h,d] = 28007655,1,1
Timing results:
 - Read map: 712.539 ms

 - Create Context: 0.000953674 ms

 - Generate Workloads: 5306.35 ms

 - Create App: 87.2509 ms

 - Init: 0.476122 ms

 - Adaptive Grouping: 13.2639 ms

 - Build Index: 8.10003 ms

 - Warmup: 172.053 ms

 - Query: 34.3514 ms

 - Cleanup: 7.70617 ms

