/local/storage/liang/.clion/RayJoin/cmake-build-release-dl190/bin/query_exec -poly1 /local/storage/liang/Downloads/Datasets/point_cdb/USACensusBlockGroupBoundaries/USACensusBlockGroupBoundaries_Point.cdb              -poly2 /local/storage/liang/Downloads/Datasets/point_cdb/USADetailedWaterBodies/USADetailedWaterBodies_Point.cdb              -serialize=/dev/shm              -mode=rt              -query=pip              -v=1              -fau              -xsect_factor 0.1              -enlarge=4.5              -check=false
I1002 17:25:45.395118 196484 planar_graph.h:216] Map /dev/shm/-local-storage-liang-Downloads-Datasets-point_cdb-USACensusBlockGroupBoundaries-USACensusBlockGroupBoundaries_Point.cdb.bin is deserialized, chains: 872624 points: 29345959 edges: 28473335
I1002 17:25:46.098863 196484 planar_graph.h:216] Map /dev/shm/-local-storage-liang-Downloads-Datasets-point_cdb-USADetailedWaterBodies-USADetailedWaterBodies_Point.cdb.bin is deserialized, chains: 2442900 points: 28007655 edges: 25564755
I1002 17:25:46.098894 196484 context.h:51] Bounding Box, Bottom-left: (-179.149, 18.9107), Top-right: (-66.9496, 71.3652)
I1002 17:25:46.098912 196484 context.h:58] Scaled Bounding Box, Bottom-left: (-69136359329185, -67784245771247), Top-right: (69136359329184, 67784245771246)
I1002 17:25:46.098914 196484 context.h:61] Unscaled Bounding Box, Bottom-left: (-179.149, 18.9107), Top-right: (-66.9496, 71.3652)
I1002 17:25:50.773906 196484 rt_engine.cu:282] Info: Pipeline statistics
	module(s)                            :     1
	entry function(s)                    :     2
	trace call(s)                        :     1
	continuation callable call(s)        :     0
	direct callable call(s)              :     0
	basic block(s) in entry functions    :    67
	instruction(s) in entry functions    :  1011
	non-entry function(s)                :     1
	basic block(s) in non-entry functions:     1
	instruction(s) in non-entry functions:     1
	debug information                    :    no
I1002 17:25:50.778926 196484 rt_engine.cu:282] Info: Pipeline statistics
	module(s)                            :     1
	entry function(s)                    :     2
	trace call(s)                        :     1
	continuation callable call(s)        :     0
	direct callable call(s)              :     0
	basic block(s) in entry functions    :    43
	instruction(s) in entry functions    :   831
	non-entry function(s)                :     1
	basic block(s) in non-entry functions:     1
	instruction(s) in non-entry functions:     1
	debug information                    :    no
I1002 17:25:50.793154 196484 primitive.h:252] Enlarge limit: 4.5 max iter:5 ne: 28473335 aabbs: 2346215 Compress ratio: 0.9176 Time: 13.073 ms
I1002 17:25:50.793195 196484 rt_engine.cu:397] Building AS, num prims: 2346215, Required Temp Size: 178680960 Output Size: 87784576
I1002 17:25:50.800392 196484 rt_engine.h:159] Parm size: 152
I1002 17:25:50.800410 196484 rt_engine.cu:554] optixLaunch, [w,h,d] = 28007655,1,1
I1002 17:25:50.836887 196484 rt_engine.h:159] Parm size: 152
I1002 17:25:50.836896 196484 rt_engine.cu:554] optixLaunch, [w,h,d] = 28007655,1,1
I1002 17:25:50.873317 196484 rt_engine.h:159] Parm size: 152
I1002 17:25:50.873323 196484 rt_engine.cu:554] optixLaunch, [w,h,d] = 28007655,1,1
I1002 17:25:50.909744 196484 rt_engine.h:159] Parm size: 152
I1002 17:25:50.909750 196484 rt_engine.cu:554] optixLaunch, [w,h,d] = 28007655,1,1
I1002 17:25:50.946166 196484 rt_engine.h:159] Parm size: 152
I1002 17:25:50.946172 196484 rt_engine.cu:554] optixLaunch, [w,h,d] = 28007655,1,1
I1002 17:25:50.982565 196484 rt_engine.h:159] Parm size: 152
I1002 17:25:50.982594 196484 rt_engine.cu:554] optixLaunch, [w,h,d] = 28007655,1,1
I1002 17:25:51.018993 196484 rt_engine.h:159] Parm size: 152
I1002 17:25:51.018999 196484 rt_engine.cu:554] optixLaunch, [w,h,d] = 28007655,1,1
I1002 17:25:51.055415 196484 rt_engine.h:159] Parm size: 152
I1002 17:25:51.055421 196484 rt_engine.cu:554] optixLaunch, [w,h,d] = 28007655,1,1
I1002 17:25:51.091830 196484 rt_engine.h:159] Parm size: 152
I1002 17:25:51.091836 196484 rt_engine.cu:554] optixLaunch, [w,h,d] = 28007655,1,1
I1002 17:25:51.128238 196484 rt_engine.h:159] Parm size: 152
I1002 17:25:51.128245 196484 rt_engine.cu:554] optixLaunch, [w,h,d] = 28007655,1,1
Timing results:
 - Read map: 711.957 ms

 - Create Context: 0.00190735 ms

 - Generate Workloads: 5295.52 ms

 - Create App: 88.738 ms

 - Init: 0.494003 ms

 - Adaptive Grouping: 13.0939 ms

 - Build Index: 6.91509 ms

 - Warmup: 182.346 ms

 - Query: 36.419 ms

 - Cleanup: 7.71117 ms

