/local/storage/liang/.clion/RayJoin/cmake-build-release-dl190/bin/query_exec -poly1 /local/storage/liang/Downloads/Datasets/point_cdb/dtl_cnty/dtl_cnty_Point.cdb              -poly2 /local/storage/liang/Downloads/Datasets/point_cdb/USAZIPCodeArea/USAZIPCodeArea_Point.cdb              -serialize=/dev/shm              -grid_size=15000              -mode=lbvh              -lb=false              -v=1              -query=lsi              -xsect_factor 0.1              -enlarge=3.5              -check=false
I0110 12:29:13.125706 1516889 planar_graph.h:215] Map /dev/shm/-local-storage-liang-Downloads-Datasets-point_cdb-dtl_cnty-dtl_cnty_Point.cdb.bin is deserialized, chains: 21620 points: 7134426 edges: 7112806
I0110 12:29:13.623415 1516889 planar_graph.h:215] Map /dev/shm/-local-storage-liang-Downloads-Datasets-point_cdb-USAZIPCodeArea-USAZIPCodeArea_Point.cdb.bin is deserialized, chains: 134894 points: 23894675 edges: 23759781
I0110 12:29:13.623436 1516889 context.h:51] Bounding Box, Bottom-left: (-179.149, -14.5487), Top-right: (179.778, 71.3905)
I0110 12:29:13.623463 1516889 context.h:58] Scaled Bounding Box, Bottom-left: (-69978811192544, -68768348336364), Top-right: (69978811192543, 68768348336363)
I0110 12:29:13.623466 1516889 context.h:61] Unscaled Bounding Box, Bottom-left: (-179.149, -14.5487), Top-right: (179.778, 71.3905)
I0110 12:29:13.662317 1516889 run_query.cu:228] Queue capacity: 3087258
I0110 12:29:13.662322 1516889 lsi.h:22] Queue size: 141 MB
I0110 12:29:13.987588 1516889 run_query.cu:300] Iter: 0
I0110 12:29:14.048096 1516889 run_query.cu:300] Iter: 1
I0110 12:29:14.110591 1516889 run_query.cu:300] Iter: 2
I0110 12:29:14.170625 1516889 run_query.cu:300] Iter: 3
I0110 12:29:14.230980 1516889 run_query.cu:300] Iter: 4
I0110 12:29:14.292819 1516889 run_query.cu:305] Intersections: 833470 Queue Load Factor: 0.269971
Timing results:
 - Read map 0: 224.573 ms

 - Read map 1: 497.57 ms

 - Create App: 0.161171 ms

 - Load Data: 38.677 ms

 - Init: 0.540018 ms

 - Build Index: 21.677 ms

 - Warmup: 303.051 ms

 - Query: 61.0476 ms

 - Cleanup: 36.7882 ms

