/local/storage/liang/.clion/RayJoin/cmake-build-release-dl190/bin/query_exec -poly1 /local/storage/liang/Downloads/Datasets/point_cdb/dtl_cnty/dtl_cnty_Point.cdb              -poly2 /local/storage/liang/Downloads/Datasets/point_cdb/USAZIPCodeArea/USAZIPCodeArea_Point.cdb              -serialize=/dev/shm              -grid_size=15000              -mode=rt              -lb=false              -v=1              -query=lsi              -xsect_factor 0.1              -enlarge=3.5              -check=false
I0110 12:29:01.523308 1516785 planar_graph.h:215] Map /dev/shm/-local-storage-liang-Downloads-Datasets-point_cdb-dtl_cnty-dtl_cnty_Point.cdb.bin is deserialized, chains: 21620 points: 7134426 edges: 7112806
I0110 12:29:02.010600 1516785 planar_graph.h:215] Map /dev/shm/-local-storage-liang-Downloads-Datasets-point_cdb-USAZIPCodeArea-USAZIPCodeArea_Point.cdb.bin is deserialized, chains: 134894 points: 23894675 edges: 23759781
I0110 12:29:02.010622 1516785 context.h:51] Bounding Box, Bottom-left: (-179.149, -14.5487), Top-right: (179.778, 71.3905)
I0110 12:29:02.010637 1516785 context.h:58] Scaled Bounding Box, Bottom-left: (-69978811192544, -68768348336364), Top-right: (69978811192543, 68768348336363)
I0110 12:29:02.010639 1516785 context.h:61] Unscaled Bounding Box, Bottom-left: (-179.149, -14.5487), Top-right: (179.778, 71.3905)
I0110 12:29:02.094722 1516785 rt_engine.cu:282] Info: Pipeline statistics
	module(s)                            :     1
	entry function(s)                    :     2
	trace call(s)                        :     1
	continuation callable call(s)        :     0
	direct callable call(s)              :     0
	basic block(s) in entry functions    :    67
	instruction(s) in entry functions    :  1011
	non-entry function(s)                :     1
	basic block(s) in non-entry functions:     1
	instruction(s) in non-entry functions:     1
	debug information                    :    no
I0110 12:29:02.099939 1516785 rt_engine.cu:282] Info: Pipeline statistics
	module(s)                            :     1
	entry function(s)                    :     2
	trace call(s)                        :     1
	continuation callable call(s)        :     0
	direct callable call(s)              :     0
	basic block(s) in entry functions    :    43
	instruction(s) in entry functions    :   831
	non-entry function(s)                :     1
	basic block(s) in non-entry functions:     1
	instruction(s) in non-entry functions:     1
	debug information                    :    no
I0110 12:29:02.138832 1516785 run_query.cu:228] Queue capacity: 3087258
I0110 12:29:02.138839 1516785 lsi.h:22] Queue size: 141 MB
I0110 12:29:02.142958 1516785 primitive.h:256] Enlarge limit: 3.5 max iter:5 ne: 7112806 aabbs: 953714 Compress ratio: 0.865916 Time: 3.5 ms
I0110 12:29:02.142997 1516785 rt_engine.cu:397] Building AS, num prims: 953714, Required Temp Size: 72633344 Output Size: 35684224
I0110 12:29:02.145812 1516785 lsi_rt.h:50] queries: 23759781
I0110 12:29:02.145844 1516785 rt_engine.h:159] Parm size: 176
I0110 12:29:02.145854 1516785 rt_engine.cu:554] optixLaunch, [w,h,d] = 23759781,1,1
I0110 12:29:02.162554 1516785 lsi_rt.h:50] queries: 23759781
I0110 12:29:02.162560 1516785 rt_engine.h:159] Parm size: 176
I0110 12:29:02.162567 1516785 rt_engine.cu:554] optixLaunch, [w,h,d] = 23759781,1,1
I0110 12:29:02.179275 1516785 lsi_rt.h:50] queries: 23759781
I0110 12:29:02.179280 1516785 rt_engine.h:159] Parm size: 176
I0110 12:29:02.179286 1516785 rt_engine.cu:554] optixLaunch, [w,h,d] = 23759781,1,1
I0110 12:29:02.196180 1516785 lsi_rt.h:50] queries: 23759781
I0110 12:29:02.196187 1516785 rt_engine.h:159] Parm size: 176
I0110 12:29:02.196193 1516785 rt_engine.cu:554] optixLaunch, [w,h,d] = 23759781,1,1
I0110 12:29:02.213089 1516785 lsi_rt.h:50] queries: 23759781
I0110 12:29:02.213095 1516785 rt_engine.h:159] Parm size: 176
I0110 12:29:02.213101 1516785 rt_engine.cu:554] optixLaunch, [w,h,d] = 23759781,1,1
I0110 12:29:02.230005 1516785 run_query.cu:300] Iter: 0
I0110 12:29:02.230006 1516785 lsi_rt.h:50] queries: 23759781
I0110 12:29:02.230012 1516785 rt_engine.h:159] Parm size: 176
I0110 12:29:02.230018 1516785 rt_engine.cu:554] optixLaunch, [w,h,d] = 23759781,1,1
I0110 12:29:02.246908 1516785 run_query.cu:300] Iter: 1
I0110 12:29:02.246909 1516785 lsi_rt.h:50] queries: 23759781
I0110 12:29:02.246915 1516785 rt_engine.h:159] Parm size: 176
I0110 12:29:02.246922 1516785 rt_engine.cu:554] optixLaunch, [w,h,d] = 23759781,1,1
I0110 12:29:02.263816 1516785 run_query.cu:300] Iter: 2
I0110 12:29:02.263818 1516785 lsi_rt.h:50] queries: 23759781
I0110 12:29:02.263823 1516785 rt_engine.h:159] Parm size: 176
I0110 12:29:02.263830 1516785 rt_engine.cu:554] optixLaunch, [w,h,d] = 23759781,1,1
I0110 12:29:02.280723 1516785 run_query.cu:300] Iter: 3
I0110 12:29:02.280725 1516785 lsi_rt.h:50] queries: 23759781
I0110 12:29:02.280759 1516785 rt_engine.h:159] Parm size: 176
I0110 12:29:02.280766 1516785 rt_engine.cu:554] optixLaunch, [w,h,d] = 23759781,1,1
I0110 12:29:02.297665 1516785 run_query.cu:300] Iter: 4
I0110 12:29:02.297667 1516785 lsi_rt.h:50] queries: 23759781
I0110 12:29:02.297673 1516785 rt_engine.h:159] Parm size: 176
I0110 12:29:02.297679 1516785 rt_engine.cu:554] optixLaunch, [w,h,d] = 23759781,1,1
I0110 12:29:02.314571 1516785 run_query.cu:305] Intersections: 832973 Queue Load Factor: 0.26981
Timing results:
 - Read map 0: 235.664 ms

 - Read map 1: 487.151 ms

 - Create App: 89.572 ms

 - Load Data: 38.6062 ms

 - Init: 0.622988 ms

 - Adaptive Grouping: 3.51787 ms

 - Build Index: 2.83813 ms

 - Warmup: 84.1939 ms

 - Query: 16.9142 ms

 - Cleanup: 37.714 ms

