/local/storage/liang/.clion/RayJoin/cmake-build-release-dl190/bin/query_exec -poly1 /local/storage/liang/Downloads/Datasets/point_cdb/lakes/Europe/lakes_Europe_Point.cdb              -poly2 /local/storage/liang/Downloads/Datasets/point_cdb/parks/Europe/parks_Europe_Point.cdb              -serialize=/dev/shm              -grid_size=15000              -mode=lbvh              -lb=false              -v=1              -query=lsi              -xsect_factor 0.1              -enlarge=3.5              -check=false
I0110 12:29:19.073146 1516944 planar_graph.h:215] Map /dev/shm/-local-storage-liang-Downloads-Datasets-point_cdb-lakes-Europe-lakes_Europe_Point.cdb.bin is deserialized, chains: 831264 points: 28687526 edges: 27856262
I0110 12:29:20.838924 1516944 planar_graph.h:215] Map /dev/shm/-local-storage-liang-Downloads-Datasets-point_cdb-parks-Europe-parks_Europe_Point.cdb.bin is deserialized, chains: 3299874 points: 69273661 edges: 65973787
I0110 12:29:20.838973 1516944 context.h:51] Bounding Box, Bottom-left: (-31.2515, 35.0264), Top-right: (68.8331, 81.3082)
I0110 12:29:20.838994 1516944 context.h:58] Scaled Bounding Box, Bottom-left: (-68990108085658, -67453827351386), Top-right: (68990108085657, 67453827351385)
I0110 12:29:20.838996 1516944 context.h:61] Unscaled Bounding Box, Bottom-left: (-31.2515, 35.0264), Top-right: (68.8331, 81.3082)
I0110 12:29:20.946993 1516944 run_query.cu:228] Queue capacity: 9383005
I0110 12:29:20.947000 1516944 lsi.h:22] Queue size: 429 MB
I0110 12:29:21.579627 1516944 run_query.cu:300] Iter: 0
I0110 12:29:21.694232 1516944 run_query.cu:300] Iter: 1
I0110 12:29:21.809664 1516944 run_query.cu:300] Iter: 2
I0110 12:29:21.924324 1516944 run_query.cu:300] Iter: 3
I0110 12:29:22.038368 1516944 run_query.cu:300] Iter: 4
I0110 12:29:22.153537 1516944 run_query.cu:305] Intersections: 279170 Queue Load Factor: 0.0297527
Timing results:
 - Read map 0: 712.901 ms

 - Read map 1: 1765.67 ms

 - Create App: 0.658989 ms

 - Load Data: 107.321 ms

 - Init: 1.50704 ms

 - Build Index: 58.239 ms

 - Warmup: 572.884 ms

 - Query: 114.784 ms

 - Cleanup: 90.013 ms

