/local/storage/liang/.clion/RayJoin/cmake-build-release-dl190/bin/query_exec -poly1 /local/storage/liang/Downloads/Datasets/point_cdb/lakes/Africa/lakes_Africa_Point.cdb              -poly2 /local/storage/liang/Downloads/Datasets/point_cdb/parks/Africa/parks_Africa_Point.cdb              -serialize=/dev/shm              -grid_size=15000              -mode=lbvh              -lb=false              -v=1              -query=lsi              -xsect_factor 0.1              -enlarge=3.5              -check=false
I0110 12:29:17.217608 1516911 planar_graph.h:215] Map /dev/shm/-local-storage-liang-Downloads-Datasets-point_cdb-lakes-Africa-lakes_Africa_Point.cdb.bin is deserialized, chains: 27178 points: 1872496 edges: 1845318
I0110 12:29:17.250196 1516911 planar_graph.h:215] Map /dev/shm/-local-storage-liang-Downloads-Datasets-point_cdb-parks-Africa-parks_Africa_Point.cdb.bin is deserialized, chains: 41991 points: 1358103 edges: 1316112
I0110 12:29:17.250211 1516911 context.h:51] Bounding Box, Bottom-left: (-25.2135, -34.7852), Top-right: (63.4371, 37.3456)
I0110 12:29:17.250223 1516911 context.h:58] Scaled Bounding Box, Bottom-left: (-68816217462298, -68470241806767), Top-right: (68816217462297, 68470241806766)
I0110 12:29:17.250226 1516911 context.h:61] Unscaled Bounding Box, Bottom-left: (-25.2135, -34.7852), Top-right: (63.4371, 37.3456)
I0110 12:29:17.254462 1516911 run_query.cu:228] Queue capacity: 316143
I0110 12:29:17.254465 1516911 lsi.h:22] Queue size: 14 MB
I0110 12:29:17.274438 1516911 run_query.cu:300] Iter: 0
I0110 12:29:17.276748 1516911 run_query.cu:300] Iter: 1
I0110 12:29:17.279078 1516911 run_query.cu:300] Iter: 2
I0110 12:29:17.281373 1516911 run_query.cu:300] Iter: 3
I0110 12:29:17.283682 1516911 run_query.cu:300] Iter: 4
I0110 12:29:17.285982 1516911 run_query.cu:305] Intersections: 4771 Queue Load Factor: 0.0150913
Timing results:
 - Read map 0: 124.107 ms

 - Read map 1: 32.4259 ms

 - Create App: 0.162125 ms

 - Load Data: 4.06098 ms

 - Init: 0.158787 ms

 - Build Index: 8.12221 ms

 - Warmup: 11.6959 ms

 - Query: 2.30999 ms

 - Cleanup: 12.2511 ms

