/local/storage/liang/.clion/RayJoin/cmake-build-release-dl190/bin/query_exec -poly1 /local/storage/liang/Downloads/Datasets/point_cdb/USACensusBlockGroupBoundaries/USACensusBlockGroupBoundaries_Point.cdb              -poly2 /local/storage/liang/Downloads/Datasets/point_cdb/USADetailedWaterBodies/USADetailedWaterBodies_Point.cdb              -serialize=/dev/shm              -grid_size=15000              -mode=lbvh              -lb=false              -v=1              -query=lsi              -xsect_factor 0.1              -enlarge=3.5              -check=false
I0110 12:29:15.160077 1516900 planar_graph.h:215] Map /dev/shm/-local-storage-liang-Downloads-Datasets-point_cdb-USACensusBlockGroupBoundaries-USACensusBlockGroupBoundaries_Point.cdb.bin is deserialized, chains: 872624 points: 29345959 edges: 28473335
I0110 12:29:16.007606 1516900 planar_graph.h:215] Map /dev/shm/-local-storage-liang-Downloads-Datasets-point_cdb-USADetailedWaterBodies-USADetailedWaterBodies_Point.cdb.bin is deserialized, chains: 2442900 points: 28007655 edges: 25564755
I0110 12:29:16.007630 1516900 context.h:51] Bounding Box, Bottom-left: (-179.149, 18.9107), Top-right: (-66.9496, 71.3652)
I0110 12:29:16.007649 1516900 context.h:58] Scaled Bounding Box, Bottom-left: (-69136359329185, -67784245771247), Top-right: (69136359329184, 67784245771246)
I0110 12:29:16.007651 1516900 context.h:61] Unscaled Bounding Box, Bottom-left: (-179.149, 18.9107), Top-right: (-66.9496, 71.3652)
I0110 12:29:16.072711 1516900 run_query.cu:228] Queue capacity: 5403809
I0110 12:29:16.072717 1516900 lsi.h:22] Queue size: 247 MB
I0110 12:29:16.529923 1516900 run_query.cu:300] Iter: 0
I0110 12:29:16.609892 1516900 run_query.cu:300] Iter: 1
I0110 12:29:16.690256 1516900 run_query.cu:300] Iter: 2
I0110 12:29:16.768869 1516900 run_query.cu:300] Iter: 3
I0110 12:29:16.848301 1516900 run_query.cu:300] Iter: 4
I0110 12:29:16.928862 1516900 run_query.cu:305] Intersections: 771531 Queue Load Factor: 0.142775
Timing results:
 - Read map 0: 763.932 ms

 - Read map 1: 847.368 ms

 - Create App: 0.652075 ms

 - Load Data: 64.3921 ms

 - Init: 0.965834 ms

 - Build Index: 59.0651 ms

 - Warmup: 397.182 ms

 - Query: 79.789 ms

 - Cleanup: 51.796 ms

