/local/storage/liang/.clion/RayJoin/cmake-build-release-dl190/bin/query_exec -poly1 /local/storage/liang/Downloads/Datasets/point_cdb/dtl_cnty/dtl_cnty_Point.cdb              -poly2 /local/storage/liang/Downloads/Datasets/point_cdb/USAZIPCodeArea/USAZIPCodeArea_Point.cdb              -serialize=/dev/shm              -mode=rt              -v=1              -query=lsi              -seed=1              -xsect_factor 0.1              -sample_map_id=1              -sample=map              -sample_rate=0.2              -warmup=5              -repeat=5              -enlarge=5
I0924 16:28:44.039438 683005 planar_graph.h:216] Map /dev/shm/-local-storage-liang-Downloads-Datasets-point_cdb-dtl_cnty-dtl_cnty_Point.cdb.bin is deserialized, chains: 3157 points: 1028000 edges: 1024843
I0924 16:28:44.542492 683005 planar_graph.h:216] Map /dev/shm/-local-storage-liang-Downloads-Datasets-point_cdb-USAZIPCodeArea-USAZIPCodeArea_Point.cdb.bin is deserialized, chains: 134894 points: 23894675 edges: 23759781
I0924 16:28:44.542505 683005 run_query.cu:184] Sampling map, sample rate: 0.2, seed: 1
I0924 16:28:44.836526 683005 planar_graph.h:310] Map is sampled, chains: 134894 points: 4853912 edges: 4719018
I0924 16:28:44.863094 683005 run_query.cu:213] After sampling , edges: 4719018
I0924 16:28:44.863132 683005 context.h:51] Bounding Box, Bottom-left: (-179.147, -14.5479), Top-right: (179.774, 71.3881)
I0924 16:28:44.863142 683005 context.h:58] Scaled Bounding Box, Bottom-left: (-69978804519019, -68768291208010), Top-right: (69978804519018, 68768291208009)
I0924 16:28:44.863142 683005 context.h:61] Unscaled Bounding Box, Bottom-left: (-179.147, -14.5479), Top-right: (179.774, 71.3881)
I0924 16:28:45.424175 683005 rt_engine.cu:282] Info: Pipeline statistics
	module(s)                            :     1
	entry function(s)                    :     2
	trace call(s)                        :     1
	continuation callable call(s)        :     0
	direct callable call(s)              :     0
	basic block(s) in entry functions    :    67
	instruction(s) in entry functions    :  1011
	non-entry function(s)                :     1
	basic block(s) in non-entry functions:     1
	instruction(s) in non-entry functions:     1
	debug information                    :    no
I0924 16:28:45.429031 683005 rt_engine.cu:282] Info: Pipeline statistics
	module(s)                            :     1
	entry function(s)                    :     2
	trace call(s)                        :     1
	continuation callable call(s)        :     0
	direct callable call(s)              :     0
	basic block(s) in entry functions    :    43
	instruction(s) in entry functions    :   831
	non-entry function(s)                :     1
	basic block(s) in non-entry functions:     1
	instruction(s) in non-entry functions:     1
	debug information                    :    no
I0924 16:28:45.429235 683005 run_query.cu:251] Queue capacity: 574386
I0924 16:28:45.429240 683005 lsi.h:22] Queue size: 26 MB
I0924 16:28:45.430095 683005 primitive.h:252] Enlarge limit: 5 ne: 1024843 aabbs: 55074 Compress ratio: 0.946261 Time: 0.679 ms
I0924 16:28:45.430138 683005 rt_engine.cu:397] Building AS, num prims: 55074, Required Temp Size: 4196352 Output Size: 2063488
I0924 16:28:45.430774 683005 lsi_rt.h:50] queries: 4719018
I0924 16:28:45.430801 683005 rt_engine.h:159] Parm size: 176
I0924 16:28:45.430815 683005 rt_engine.cu:554] optixLaunch, [w,h,d] = 4719018,1,1
I0924 16:28:45.433302 683005 lsi_rt.h:50] queries: 4719018
I0924 16:28:45.433310 683005 rt_engine.h:159] Parm size: 176
I0924 16:28:45.433317 683005 rt_engine.cu:554] optixLaunch, [w,h,d] = 4719018,1,1
I0924 16:28:45.435751 683005 lsi_rt.h:50] queries: 4719018
I0924 16:28:45.435757 683005 rt_engine.h:159] Parm size: 176
I0924 16:28:45.435765 683005 rt_engine.cu:554] optixLaunch, [w,h,d] = 4719018,1,1
I0924 16:28:45.438201 683005 lsi_rt.h:50] queries: 4719018
I0924 16:28:45.438207 683005 rt_engine.h:159] Parm size: 176
I0924 16:28:45.438213 683005 rt_engine.cu:554] optixLaunch, [w,h,d] = 4719018,1,1
I0924 16:28:45.440634 683005 lsi_rt.h:50] queries: 4719018
I0924 16:28:45.440639 683005 rt_engine.h:159] Parm size: 176
I0924 16:28:45.440646 683005 rt_engine.cu:554] optixLaunch, [w,h,d] = 4719018,1,1
I0924 16:28:45.443069 683005 run_query.cu:314] Iter: 0
I0924 16:28:45.443071 683005 lsi_rt.h:50] queries: 4719018
I0924 16:28:45.443076 683005 rt_engine.h:159] Parm size: 176
I0924 16:28:45.443084 683005 rt_engine.cu:554] optixLaunch, [w,h,d] = 4719018,1,1
I0924 16:28:45.445501 683005 run_query.cu:314] Iter: 1
I0924 16:28:45.445503 683005 lsi_rt.h:50] queries: 4719018
I0924 16:28:45.445509 683005 rt_engine.h:159] Parm size: 176
I0924 16:28:45.445515 683005 rt_engine.cu:554] optixLaunch, [w,h,d] = 4719018,1,1
I0924 16:28:45.447940 683005 run_query.cu:314] Iter: 2
I0924 16:28:45.447942 683005 lsi_rt.h:50] queries: 4719018
I0924 16:28:45.447948 683005 rt_engine.h:159] Parm size: 176
I0924 16:28:45.447971 683005 rt_engine.cu:554] optixLaunch, [w,h,d] = 4719018,1,1
I0924 16:28:45.450407 683005 run_query.cu:314] Iter: 3
I0924 16:28:45.450408 683005 lsi_rt.h:50] queries: 4719018
I0924 16:28:45.450414 683005 rt_engine.h:159] Parm size: 176
I0924 16:28:45.450420 683005 rt_engine.cu:554] optixLaunch, [w,h,d] = 4719018,1,1
I0924 16:28:45.452843 683005 run_query.cu:314] Iter: 4
I0924 16:28:45.452844 683005 lsi_rt.h:50] queries: 4719018
I0924 16:28:45.452850 683005 rt_engine.h:159] Parm size: 176
I0924 16:28:45.452857 683005 rt_engine.cu:554] optixLaunch, [w,h,d] = 4719018,1,1
I0924 16:28:45.455281 683005 run_query.cu:319] Intersections: 99869 Selective: 9.9869 Queue Load Factor: 0.173871
Timing results:
 - Read map: 69.4101 ms

 - Create Context: 0.000953674 ms

 - Generate Workloads: 1308.12 ms

 - Create App: 81.475 ms

 - Init: 0.180006 ms

 - Adaptive Grouping: 0.695944 ms

 - Build Index: 0.663996 ms

 - Warmup: 12.295 ms

 - Query: 2.44303 ms

 - Cleanup: 58.5039 ms

