/local/storage/liang/.clion/RayJoin/cmake-build-release-dl190/bin/query_exec -poly1 /local/storage/liang/Downloads/Datasets/point_cdb/dtl_cnty/dtl_cnty_Point.cdb              -poly2 /local/storage/liang/Downloads/Datasets/point_cdb/USAZIPCodeArea/USAZIPCodeArea_Point.cdb              -serialize=/dev/shm              -mode=rt              -v=1              -query=lsi              -seed=1              -xsect_factor 0.1              -sample_map_id=1              -sample=map              -sample_rate=0.3              -warmup=5              -repeat=5              -enlarge=5
I0924 16:29:11.639163 683298 planar_graph.h:216] Map /dev/shm/-local-storage-liang-Downloads-Datasets-point_cdb-dtl_cnty-dtl_cnty_Point.cdb.bin is deserialized, chains: 3157 points: 1028000 edges: 1024843
I0924 16:29:12.135027 683298 planar_graph.h:216] Map /dev/shm/-local-storage-liang-Downloads-Datasets-point_cdb-USAZIPCodeArea-USAZIPCodeArea_Point.cdb.bin is deserialized, chains: 134894 points: 23894675 edges: 23759781
I0924 16:29:12.135039 683298 run_query.cu:184] Sampling map, sample rate: 0.3, seed: 1
I0924 16:29:12.481735 683298 planar_graph.h:310] Map is sampled, chains: 134894 points: 7215925 edges: 7081031
I0924 16:29:12.508471 683298 run_query.cu:213] After sampling , edges: 7081031
I0924 16:29:12.508493 683298 context.h:51] Bounding Box, Bottom-left: (-179.147, -14.5482), Top-right: (179.774, 71.3896)
I0924 16:29:12.508502 683298 context.h:58] Scaled Bounding Box, Bottom-left: (-69978804519019, -68768323572762), Top-right: (69978804519018, 68768323572761)
I0924 16:29:12.508504 683298 context.h:61] Unscaled Bounding Box, Bottom-left: (-179.147, -14.5482), Top-right: (179.774, 71.3896)
I0924 16:29:13.181180 683298 rt_engine.cu:282] Info: Pipeline statistics
	module(s)                            :     1
	entry function(s)                    :     2
	trace call(s)                        :     1
	continuation callable call(s)        :     0
	direct callable call(s)              :     0
	basic block(s) in entry functions    :    67
	instruction(s) in entry functions    :  1011
	non-entry function(s)                :     1
	basic block(s) in non-entry functions:     1
	instruction(s) in non-entry functions:     1
	debug information                    :    no
I0924 16:29:13.186067 683298 rt_engine.cu:282] Info: Pipeline statistics
	module(s)                            :     1
	entry function(s)                    :     2
	trace call(s)                        :     1
	continuation callable call(s)        :     0
	direct callable call(s)              :     0
	basic block(s) in entry functions    :    43
	instruction(s) in entry functions    :   831
	non-entry function(s)                :     1
	basic block(s) in non-entry functions:     1
	instruction(s) in non-entry functions:     1
	debug information                    :    no
I0924 16:29:13.186308 683298 run_query.cu:251] Queue capacity: 810587
I0924 16:29:13.186314 683298 lsi.h:22] Queue size: 37 MB
I0924 16:29:13.187217 683298 primitive.h:252] Enlarge limit: 5 ne: 1024843 aabbs: 55074 Compress ratio: 0.946261 Time: 0.699 ms
I0924 16:29:13.187255 683298 rt_engine.cu:397] Building AS, num prims: 55074, Required Temp Size: 4196352 Output Size: 2063488
I0924 16:29:13.187912 683298 lsi_rt.h:50] queries: 7081031
I0924 16:29:13.187942 683298 rt_engine.h:159] Parm size: 176
I0924 16:29:13.187954 683298 rt_engine.cu:554] optixLaunch, [w,h,d] = 7081031,1,1
I0924 16:29:13.191253 683298 lsi_rt.h:50] queries: 7081031
I0924 16:29:13.191260 683298 rt_engine.h:159] Parm size: 176
I0924 16:29:13.191267 683298 rt_engine.cu:554] optixLaunch, [w,h,d] = 7081031,1,1
I0924 16:29:13.194512 683298 lsi_rt.h:50] queries: 7081031
I0924 16:29:13.194519 683298 rt_engine.h:159] Parm size: 176
I0924 16:29:13.194525 683298 rt_engine.cu:554] optixLaunch, [w,h,d] = 7081031,1,1
I0924 16:29:13.197758 683298 lsi_rt.h:50] queries: 7081031
I0924 16:29:13.197764 683298 rt_engine.h:159] Parm size: 176
I0924 16:29:13.197770 683298 rt_engine.cu:554] optixLaunch, [w,h,d] = 7081031,1,1
I0924 16:29:13.201014 683298 lsi_rt.h:50] queries: 7081031
I0924 16:29:13.201020 683298 rt_engine.h:159] Parm size: 176
I0924 16:29:13.201026 683298 rt_engine.cu:554] optixLaunch, [w,h,d] = 7081031,1,1
I0924 16:29:13.204257 683298 run_query.cu:314] Iter: 0
I0924 16:29:13.204259 683298 lsi_rt.h:50] queries: 7081031
I0924 16:29:13.204265 683298 rt_engine.h:159] Parm size: 176
I0924 16:29:13.204272 683298 rt_engine.cu:554] optixLaunch, [w,h,d] = 7081031,1,1
I0924 16:29:13.207510 683298 run_query.cu:314] Iter: 1
I0924 16:29:13.207512 683298 lsi_rt.h:50] queries: 7081031
I0924 16:29:13.207518 683298 rt_engine.h:159] Parm size: 176
I0924 16:29:13.207525 683298 rt_engine.cu:554] optixLaunch, [w,h,d] = 7081031,1,1
I0924 16:29:13.210768 683298 run_query.cu:314] Iter: 2
I0924 16:29:13.210769 683298 lsi_rt.h:50] queries: 7081031
I0924 16:29:13.210775 683298 rt_engine.h:159] Parm size: 176
I0924 16:29:13.210799 683298 rt_engine.cu:554] optixLaunch, [w,h,d] = 7081031,1,1
I0924 16:29:13.214040 683298 run_query.cu:314] Iter: 3
I0924 16:29:13.214041 683298 lsi_rt.h:50] queries: 7081031
I0924 16:29:13.214047 683298 rt_engine.h:159] Parm size: 176
I0924 16:29:13.214053 683298 rt_engine.cu:554] optixLaunch, [w,h,d] = 7081031,1,1
I0924 16:29:13.217286 683298 run_query.cu:314] Iter: 4
I0924 16:29:13.217288 683298 lsi_rt.h:50] queries: 7081031
I0924 16:29:13.217293 683298 rt_engine.h:159] Parm size: 176
I0924 16:29:13.217299 683298 rt_engine.cu:554] optixLaunch, [w,h,d] = 7081031,1,1
I0924 16:29:13.220543 683298 run_query.cu:319] Intersections: 113114 Selective: 11.3114 Queue Load Factor: 0.139546
Timing results:
 - Read map: 102.5 ms

 - Create Context: 0 ms

 - Generate Workloads: 1463.09 ms

 - Create App: 83.8459 ms

 - Init: 0.208139 ms

 - Adaptive Grouping: 0.715971 ms

 - Build Index: 0.67997 ms

 - Warmup: 16.346 ms

 - Query: 3.25799 ms

 - Cleanup: 73.277 ms

