/local/storage/liang/.clion/RayJoin/cmake-build-release-dl190/bin/query_exec -poly1 /local/storage/liang/Downloads/Datasets/point_cdb/dtl_cnty/dtl_cnty_Point.cdb              -poly2 /local/storage/liang/Downloads/Datasets/point_cdb/USAZIPCodeArea/USAZIPCodeArea_Point.cdb              -serialize=/dev/shm              -mode=rt              -v=1              -query=lsi              -seed=1              -xsect_factor 0.1              -sample_map_id=1              -sample=map              -sample_rate=0.6              -warmup=5              -repeat=5              -enlarge=5
I0924 16:30:43.884824 684147 planar_graph.h:216] Map /dev/shm/-local-storage-liang-Downloads-Datasets-point_cdb-dtl_cnty-dtl_cnty_Point.cdb.bin is deserialized, chains: 3157 points: 1028000 edges: 1024843
I0924 16:30:44.385064 684147 planar_graph.h:216] Map /dev/shm/-local-storage-liang-Downloads-Datasets-point_cdb-USAZIPCodeArea-USAZIPCodeArea_Point.cdb.bin is deserialized, chains: 134894 points: 23894675 edges: 23759781
I0924 16:30:44.385075 684147 run_query.cu:184] Sampling map, sample rate: 0.6, seed: 1
I0924 16:30:44.948503 684147 planar_graph.h:310] Map is sampled, chains: 134894 points: 14342142 edges: 14207248
I0924 16:30:44.975325 684147 run_query.cu:213] After sampling , edges: 14207248
I0924 16:30:44.975347 684147 context.h:51] Bounding Box, Bottom-left: (-179.147, -14.5487), Top-right: (179.778, 71.3905)
I0924 16:30:44.975356 684147 context.h:58] Scaled Bounding Box, Bottom-left: (-69978809497444, -68768348336364), Top-right: (69978809497443, 68768348336363)
I0924 16:30:44.975358 684147 context.h:61] Unscaled Bounding Box, Bottom-left: (-179.147, -14.5487), Top-right: (179.778, 71.3905)
I0924 16:30:46.149333 684147 rt_engine.cu:282] Info: Pipeline statistics
	module(s)                            :     1
	entry function(s)                    :     2
	trace call(s)                        :     1
	continuation callable call(s)        :     0
	direct callable call(s)              :     0
	basic block(s) in entry functions    :    67
	instruction(s) in entry functions    :  1011
	non-entry function(s)                :     1
	basic block(s) in non-entry functions:     1
	instruction(s) in non-entry functions:     1
	debug information                    :    no
I0924 16:30:46.154266 684147 rt_engine.cu:282] Info: Pipeline statistics
	module(s)                            :     1
	entry function(s)                    :     2
	trace call(s)                        :     1
	continuation callable call(s)        :     0
	direct callable call(s)              :     0
	basic block(s) in entry functions    :    43
	instruction(s) in entry functions    :   831
	non-entry function(s)                :     1
	basic block(s) in non-entry functions:     1
	instruction(s) in non-entry functions:     1
	debug information                    :    no
I0924 16:30:46.154508 684147 run_query.cu:251] Queue capacity: 1523209
I0924 16:30:46.154515 684147 lsi.h:22] Queue size: 69 MB
I0924 16:30:46.155526 684147 primitive.h:252] Enlarge limit: 5 ne: 1024843 aabbs: 55074 Compress ratio: 0.946261 Time: 0.683 ms
I0924 16:30:46.155566 684147 rt_engine.cu:397] Building AS, num prims: 55074, Required Temp Size: 4196352 Output Size: 2063488
I0924 16:30:46.156199 684147 lsi_rt.h:50] queries: 14207248
I0924 16:30:46.156227 684147 rt_engine.h:159] Parm size: 176
I0924 16:30:46.156240 684147 rt_engine.cu:554] optixLaunch, [w,h,d] = 14207248,1,1
I0924 16:30:46.161785 684147 lsi_rt.h:50] queries: 14207248
I0924 16:30:46.161792 684147 rt_engine.h:159] Parm size: 176
I0924 16:30:46.161798 684147 rt_engine.cu:554] optixLaunch, [w,h,d] = 14207248,1,1
I0924 16:30:46.167291 684147 lsi_rt.h:50] queries: 14207248
I0924 16:30:46.167297 684147 rt_engine.h:159] Parm size: 176
I0924 16:30:46.167304 684147 rt_engine.cu:554] optixLaunch, [w,h,d] = 14207248,1,1
I0924 16:30:46.172791 684147 lsi_rt.h:50] queries: 14207248
I0924 16:30:46.172797 684147 rt_engine.h:159] Parm size: 176
I0924 16:30:46.172804 684147 rt_engine.cu:554] optixLaunch, [w,h,d] = 14207248,1,1
I0924 16:30:46.178280 684147 lsi_rt.h:50] queries: 14207248
I0924 16:30:46.178287 684147 rt_engine.h:159] Parm size: 176
I0924 16:30:46.178293 684147 rt_engine.cu:554] optixLaunch, [w,h,d] = 14207248,1,1
I0924 16:30:46.183775 684147 run_query.cu:314] Iter: 0
I0924 16:30:46.183777 684147 lsi_rt.h:50] queries: 14207248
I0924 16:30:46.183784 684147 rt_engine.h:159] Parm size: 176
I0924 16:30:46.183789 684147 rt_engine.cu:554] optixLaunch, [w,h,d] = 14207248,1,1
I0924 16:30:46.189281 684147 run_query.cu:314] Iter: 1
I0924 16:30:46.189283 684147 lsi_rt.h:50] queries: 14207248
I0924 16:30:46.189289 684147 rt_engine.h:159] Parm size: 176
I0924 16:30:46.189296 684147 rt_engine.cu:554] optixLaunch, [w,h,d] = 14207248,1,1
I0924 16:30:46.194779 684147 run_query.cu:314] Iter: 2
I0924 16:30:46.194780 684147 lsi_rt.h:50] queries: 14207248
I0924 16:30:46.194802 684147 rt_engine.h:159] Parm size: 176
I0924 16:30:46.194808 684147 rt_engine.cu:554] optixLaunch, [w,h,d] = 14207248,1,1
I0924 16:30:46.200299 684147 run_query.cu:314] Iter: 3
I0924 16:30:46.200300 684147 lsi_rt.h:50] queries: 14207248
I0924 16:30:46.200306 684147 rt_engine.h:159] Parm size: 176
I0924 16:30:46.200312 684147 rt_engine.cu:554] optixLaunch, [w,h,d] = 14207248,1,1
I0924 16:30:46.205792 684147 run_query.cu:314] Iter: 4
I0924 16:30:46.205793 684147 lsi_rt.h:50] queries: 14207248
I0924 16:30:46.205799 684147 rt_engine.h:159] Parm size: 176
I0924 16:30:46.205806 684147 rt_engine.cu:554] optixLaunch, [w,h,d] = 14207248,1,1
I0924 16:30:46.211304 684147 run_query.cu:319] Intersections: 130090 Selective: 13.009 Queue Load Factor: 0.0854052
Timing results:
 - Read map: 61.1761 ms

 - Create Context: 0 ms

 - Generate Workloads: 2186.86 ms

 - Create App: 82.6201 ms

 - Init: 0.331879 ms

 - Adaptive Grouping: 0.700951 ms

 - Build Index: 0.658035 ms

 - Warmup: 27.5769 ms

 - Query: 5.50661 ms

 - Cleanup: 121.803 ms

