/local/storage/liang/.clion/RayJoin/cmake-build-release-dl190/bin/query_exec -poly1 /local/storage/liang/Downloads/Datasets/point_cdb/dtl_cnty/dtl_cnty_Point.cdb              -poly2 /local/storage/liang/Downloads/Datasets/point_cdb/USAZIPCodeArea/USAZIPCodeArea_Point.cdb              -serialize=/dev/shm              -mode=rt              -v=1              -query=lsi              -seed=1              -xsect_factor 0.1              -sample_map_id=1              -sample=map              -sample_rate=0.1              -warmup=5              -repeat=5              -enlarge=5
I0924 16:28:18.390120 682773 planar_graph.h:216] Map /dev/shm/-local-storage-liang-Downloads-Datasets-point_cdb-dtl_cnty-dtl_cnty_Point.cdb.bin is deserialized, chains: 3157 points: 1028000 edges: 1024843
I0924 16:28:18.889055 682773 planar_graph.h:216] Map /dev/shm/-local-storage-liang-Downloads-Datasets-point_cdb-USAZIPCodeArea-USAZIPCodeArea_Point.cdb.bin is deserialized, chains: 134894 points: 23894675 edges: 23759781
I0924 16:28:18.889068 682773 run_query.cu:184] Sampling map, sample rate: 0.1, seed: 1
I0924 16:28:19.111197 682773 planar_graph.h:310] Map is sampled, chains: 134894 points: 2494361 edges: 2359467
I0924 16:28:19.138124 682773 run_query.cu:213] After sampling , edges: 2359467
I0924 16:28:19.138151 682773 context.h:51] Bounding Box, Bottom-left: (-179.147, -14.5479), Top-right: (179.748, 71.385)
I0924 16:28:19.138160 682773 context.h:58] Scaled Bounding Box, Bottom-left: (-69978776860950, -68768233857141), Top-right: (69978776860949, 68768233857140)
I0924 16:28:19.138162 682773 context.h:61] Unscaled Bounding Box, Bottom-left: (-179.147, -14.5479), Top-right: (179.748, 71.385)
I0924 16:28:19.553946 682773 rt_engine.cu:282] Info: Pipeline statistics
	module(s)                            :     1
	entry function(s)                    :     2
	trace call(s)                        :     1
	continuation callable call(s)        :     0
	direct callable call(s)              :     0
	basic block(s) in entry functions    :    67
	instruction(s) in entry functions    :  1011
	non-entry function(s)                :     1
	basic block(s) in non-entry functions:     1
	instruction(s) in non-entry functions:     1
	debug information                    :    no
I0924 16:28:19.558830 682773 rt_engine.cu:282] Info: Pipeline statistics
	module(s)                            :     1
	entry function(s)                    :     2
	trace call(s)                        :     1
	continuation callable call(s)        :     0
	direct callable call(s)              :     0
	basic block(s) in entry functions    :    43
	instruction(s) in entry functions    :   831
	non-entry function(s)                :     1
	basic block(s) in non-entry functions:     1
	instruction(s) in non-entry functions:     1
	debug information                    :    no
I0924 16:28:19.559090 682773 run_query.cu:251] Queue capacity: 338431
I0924 16:28:19.559095 682773 lsi.h:22] Queue size: 15 MB
I0924 16:28:19.559929 682773 primitive.h:252] Enlarge limit: 5 ne: 1024843 aabbs: 55074 Compress ratio: 0.946261 Time: 0.702 ms
I0924 16:28:19.559969 682773 rt_engine.cu:397] Building AS, num prims: 55074, Required Temp Size: 4196352 Output Size: 2063488
I0924 16:28:19.560616 682773 lsi_rt.h:50] queries: 2359467
I0924 16:28:19.560643 682773 rt_engine.h:159] Parm size: 176
I0924 16:28:19.560657 682773 rt_engine.cu:554] optixLaunch, [w,h,d] = 2359467,1,1
I0924 16:28:19.562544 682773 lsi_rt.h:50] queries: 2359467
I0924 16:28:19.562551 682773 rt_engine.h:159] Parm size: 176
I0924 16:28:19.562558 682773 rt_engine.cu:554] optixLaunch, [w,h,d] = 2359467,1,1
I0924 16:28:19.564373 682773 lsi_rt.h:50] queries: 2359467
I0924 16:28:19.564379 682773 rt_engine.h:159] Parm size: 176
I0924 16:28:19.564385 682773 rt_engine.cu:554] optixLaunch, [w,h,d] = 2359467,1,1
I0924 16:28:19.566246 682773 lsi_rt.h:50] queries: 2359467
I0924 16:28:19.566253 682773 rt_engine.h:159] Parm size: 176
I0924 16:28:19.566259 682773 rt_engine.cu:554] optixLaunch, [w,h,d] = 2359467,1,1
I0924 16:28:19.568058 682773 lsi_rt.h:50] queries: 2359467
I0924 16:28:19.568064 682773 rt_engine.h:159] Parm size: 176
I0924 16:28:19.568070 682773 rt_engine.cu:554] optixLaunch, [w,h,d] = 2359467,1,1
I0924 16:28:19.569902 682773 run_query.cu:314] Iter: 0
I0924 16:28:19.569904 682773 lsi_rt.h:50] queries: 2359467
I0924 16:28:19.569911 682773 rt_engine.h:159] Parm size: 176
I0924 16:28:19.569916 682773 rt_engine.cu:554] optixLaunch, [w,h,d] = 2359467,1,1
I0924 16:28:19.571763 682773 run_query.cu:314] Iter: 1
I0924 16:28:19.571763 682773 lsi_rt.h:50] queries: 2359467
I0924 16:28:19.571769 682773 rt_engine.h:159] Parm size: 176
I0924 16:28:19.571776 682773 rt_engine.cu:554] optixLaunch, [w,h,d] = 2359467,1,1
I0924 16:28:19.573603 682773 run_query.cu:314] Iter: 2
I0924 16:28:19.573604 682773 lsi_rt.h:50] queries: 2359467
I0924 16:28:19.573611 682773 rt_engine.h:159] Parm size: 176
I0924 16:28:19.573645 682773 rt_engine.cu:554] optixLaunch, [w,h,d] = 2359467,1,1
I0924 16:28:19.575515 682773 run_query.cu:314] Iter: 3
I0924 16:28:19.575516 682773 lsi_rt.h:50] queries: 2359467
I0924 16:28:19.575522 682773 rt_engine.h:159] Parm size: 176
I0924 16:28:19.575528 682773 rt_engine.cu:554] optixLaunch, [w,h,d] = 2359467,1,1
I0924 16:28:19.577363 682773 run_query.cu:314] Iter: 4
I0924 16:28:19.577364 682773 lsi_rt.h:50] queries: 2359467
I0924 16:28:19.577370 682773 rt_engine.h:159] Parm size: 176
I0924 16:28:19.577376 682773 rt_engine.cu:554] optixLaunch, [w,h,d] = 2359467,1,1
I0924 16:28:19.579254 682773 run_query.cu:319] Intersections: 75614 Selective: 7.5614 Queue Load Factor: 0.223425
Timing results:
 - Read map: 108.349 ms

 - Create Context: 0.000953674 ms

 - Generate Workloads: 1032.83 ms

 - Create App: 135.931 ms

 - Init: 0.133038 ms

 - Adaptive Grouping: 0.720978 ms

 - Build Index: 0.671148 ms

 - Warmup: 9.28783 ms

 - Query: 1.8712 ms

 - Cleanup: 37.9081 ms

