/local/storage/liang/.clion/RayJoin/cmake-build-release-dl190/bin/query_exec -poly1 /local/storage/liang/Downloads/Datasets/point_cdb/dtl_cnty/dtl_cnty_Point.cdb              -poly2 /local/storage/liang/Downloads/Datasets/point_cdb/USAZIPCodeArea/USAZIPCodeArea_Point.cdb              -serialize=/dev/shm              -mode=rt              -v=1              -query=lsi              -seed=1              -xsect_factor 0.1              -sample_map_id=1              -sample=map              -sample_rate=0.9              -warmup=5              -repeat=5              -enlarge=5
I0924 16:32:31.069770 685134 planar_graph.h:216] Map /dev/shm/-local-storage-liang-Downloads-Datasets-point_cdb-dtl_cnty-dtl_cnty_Point.cdb.bin is deserialized, chains: 3157 points: 1028000 edges: 1024843
I0924 16:32:31.565872 685134 planar_graph.h:216] Map /dev/shm/-local-storage-liang-Downloads-Datasets-point_cdb-USAZIPCodeArea-USAZIPCodeArea_Point.cdb.bin is deserialized, chains: 134894 points: 23894675 edges: 23759781
I0924 16:32:31.565886 685134 run_query.cu:184] Sampling map, sample rate: 0.9, seed: 1
I0924 16:32:32.417447 685134 planar_graph.h:310] Map is sampled, chains: 134894 points: 21460622 edges: 21325728
I0924 16:32:32.444459 685134 run_query.cu:213] After sampling , edges: 21325728
I0924 16:32:32.444483 685134 context.h:51] Bounding Box, Bottom-left: (-179.147, -14.5487), Top-right: (179.778, 71.3905)
I0924 16:32:32.444491 685134 context.h:58] Scaled Bounding Box, Bottom-left: (-69978809497444, -68768348336364), Top-right: (69978809497443, 68768348336363)
I0924 16:32:32.444492 685134 context.h:61] Unscaled Bounding Box, Bottom-left: (-179.147, -14.5487), Top-right: (179.778, 71.3905)
I0924 16:32:34.351265 685134 rt_engine.cu:282] Info: Pipeline statistics
	module(s)                            :     1
	entry function(s)                    :     2
	trace call(s)                        :     1
	continuation callable call(s)        :     0
	direct callable call(s)              :     0
	basic block(s) in entry functions    :    67
	instruction(s) in entry functions    :  1011
	non-entry function(s)                :     1
	basic block(s) in non-entry functions:     1
	instruction(s) in non-entry functions:     1
	debug information                    :    no
I0924 16:32:34.356199 685134 rt_engine.cu:282] Info: Pipeline statistics
	module(s)                            :     1
	entry function(s)                    :     2
	trace call(s)                        :     1
	continuation callable call(s)        :     0
	direct callable call(s)              :     0
	basic block(s) in entry functions    :    43
	instruction(s) in entry functions    :   831
	non-entry function(s)                :     1
	basic block(s) in non-entry functions:     1
	instruction(s) in non-entry functions:     1
	debug information                    :    no
I0924 16:32:34.356467 685134 run_query.cu:251] Queue capacity: 2235057
I0924 16:32:34.356485 685134 lsi.h:22] Queue size: 102 MB
I0924 16:32:34.357625 685134 primitive.h:252] Enlarge limit: 5 ne: 1024843 aabbs: 55074 Compress ratio: 0.946261 Time: 0.687 ms
I0924 16:32:34.357664 685134 rt_engine.cu:397] Building AS, num prims: 55074, Required Temp Size: 4196352 Output Size: 2063488
I0924 16:32:34.358366 685134 lsi_rt.h:50] queries: 21325728
I0924 16:32:34.358394 685134 rt_engine.h:159] Parm size: 176
I0924 16:32:34.358407 685134 rt_engine.cu:554] optixLaunch, [w,h,d] = 21325728,1,1
I0924 16:32:34.366133 685134 lsi_rt.h:50] queries: 21325728
I0924 16:32:34.366142 685134 rt_engine.h:159] Parm size: 176
I0924 16:32:34.366149 685134 rt_engine.cu:554] optixLaunch, [w,h,d] = 21325728,1,1
I0924 16:32:34.373821 685134 lsi_rt.h:50] queries: 21325728
I0924 16:32:34.373829 685134 rt_engine.h:159] Parm size: 176
I0924 16:32:34.373836 685134 rt_engine.cu:554] optixLaunch, [w,h,d] = 21325728,1,1
I0924 16:32:34.381498 685134 lsi_rt.h:50] queries: 21325728
I0924 16:32:34.381505 685134 rt_engine.h:159] Parm size: 176
I0924 16:32:34.381512 685134 rt_engine.cu:554] optixLaunch, [w,h,d] = 21325728,1,1
I0924 16:32:34.389170 685134 lsi_rt.h:50] queries: 21325728
I0924 16:32:34.389178 685134 rt_engine.h:159] Parm size: 176
I0924 16:32:34.389184 685134 rt_engine.cu:554] optixLaunch, [w,h,d] = 21325728,1,1
I0924 16:32:34.396849 685134 run_query.cu:314] Iter: 0
I0924 16:32:34.396852 685134 lsi_rt.h:50] queries: 21325728
I0924 16:32:34.396858 685134 rt_engine.h:159] Parm size: 176
I0924 16:32:34.396864 685134 rt_engine.cu:554] optixLaunch, [w,h,d] = 21325728,1,1
I0924 16:32:34.404515 685134 run_query.cu:314] Iter: 1
I0924 16:32:34.404517 685134 lsi_rt.h:50] queries: 21325728
I0924 16:32:34.404523 685134 rt_engine.h:159] Parm size: 176
I0924 16:32:34.404551 685134 rt_engine.cu:554] optixLaunch, [w,h,d] = 21325728,1,1
I0924 16:32:34.412217 685134 run_query.cu:314] Iter: 2
I0924 16:32:34.412220 685134 lsi_rt.h:50] queries: 21325728
I0924 16:32:34.412266 685134 rt_engine.h:159] Parm size: 176
I0924 16:32:34.412272 685134 rt_engine.cu:554] optixLaunch, [w,h,d] = 21325728,1,1
I0924 16:32:34.419932 685134 run_query.cu:314] Iter: 3
I0924 16:32:34.419934 685134 lsi_rt.h:50] queries: 21325728
I0924 16:32:34.419940 685134 rt_engine.h:159] Parm size: 176
I0924 16:32:34.419947 685134 rt_engine.cu:554] optixLaunch, [w,h,d] = 21325728,1,1
I0924 16:32:34.427592 685134 run_query.cu:314] Iter: 4
I0924 16:32:34.427594 685134 lsi_rt.h:50] queries: 21325728
I0924 16:32:34.427600 685134 rt_engine.h:159] Parm size: 176
I0924 16:32:34.427629 685134 rt_engine.cu:554] optixLaunch, [w,h,d] = 21325728,1,1
I0924 16:32:34.435287 685134 run_query.cu:319] Intersections: 132256 Selective: 13.2256 Queue Load Factor: 0.0591734
Timing results:
 - Read map: 60.2088 ms

 - Create Context: 0 ms

 - Generate Workloads: 3164.04 ms

 - Create App: 122.444 ms

 - Init: 0.467062 ms

 - Adaptive Grouping: 0.705957 ms

 - Build Index: 0.725985 ms

 - Warmup: 38.4839 ms

 - Query: 7.68924 ms

 - Cleanup: 180.124 ms

