/local/storage/liang/.clion/RayJoin/cmake-build-release-dl190/bin/query_exec -poly1 /local/storage/liang/Downloads/Datasets/point_cdb/dtl_cnty/dtl_cnty_Point.cdb              -poly2 /local/storage/liang/Downloads/Datasets/point_cdb/USAZIPCodeArea/USAZIPCodeArea_Point.cdb              -serialize=/dev/shm              -mode=rt              -v=1              -query=lsi              -seed=1              -xsect_factor 0.1              -sample_map_id=1              -sample=map              -sample_rate=1.0              -warmup=5              -repeat=5              -enlarge=5
I0924 16:33:11.298312 685487 planar_graph.h:216] Map /dev/shm/-local-storage-liang-Downloads-Datasets-point_cdb-dtl_cnty-dtl_cnty_Point.cdb.bin is deserialized, chains: 3157 points: 1028000 edges: 1024843
I0924 16:33:11.798147 685487 planar_graph.h:216] Map /dev/shm/-local-storage-liang-Downloads-Datasets-point_cdb-USAZIPCodeArea-USAZIPCodeArea_Point.cdb.bin is deserialized, chains: 134894 points: 23894675 edges: 23759781
I0924 16:33:11.798159 685487 run_query.cu:184] Sampling map, sample rate: 1, seed: 1
I0924 16:33:12.712134 685487 planar_graph.h:310] Map is sampled, chains: 134894 points: 23894675 edges: 23759781
I0924 16:33:12.738974 685487 run_query.cu:213] After sampling , edges: 23759781
I0924 16:33:12.739001 685487 context.h:51] Bounding Box, Bottom-left: (-179.147, -14.5487), Top-right: (179.778, 71.3905)
I0924 16:33:12.739008 685487 context.h:58] Scaled Bounding Box, Bottom-left: (-69978809497444, -68768348336364), Top-right: (69978809497443, 68768348336363)
I0924 16:33:12.739009 685487 context.h:61] Unscaled Bounding Box, Bottom-left: (-179.147, -14.5487), Top-right: (179.778, 71.3905)
I0924 16:33:14.709275 685487 rt_engine.cu:282] Info: Pipeline statistics
	module(s)                            :     1
	entry function(s)                    :     2
	trace call(s)                        :     1
	continuation callable call(s)        :     0
	direct callable call(s)              :     0
	basic block(s) in entry functions    :    67
	instruction(s) in entry functions    :  1011
	non-entry function(s)                :     1
	basic block(s) in non-entry functions:     1
	instruction(s) in non-entry functions:     1
	debug information                    :    no
I0924 16:33:14.714179 685487 rt_engine.cu:282] Info: Pipeline statistics
	module(s)                            :     1
	entry function(s)                    :     2
	trace call(s)                        :     1
	continuation callable call(s)        :     0
	direct callable call(s)              :     0
	basic block(s) in entry functions    :    43
	instruction(s) in entry functions    :   831
	non-entry function(s)                :     1
	basic block(s) in non-entry functions:     1
	instruction(s) in non-entry functions:     1
	debug information                    :    no
I0924 16:33:14.714395 685487 run_query.cu:251] Queue capacity: 2478462
I0924 16:33:14.714401 685487 lsi.h:22] Queue size: 113 MB
I0924 16:33:14.715489 685487 primitive.h:252] Enlarge limit: 5 ne: 1024843 aabbs: 55074 Compress ratio: 0.946261 Time: 0.617 ms
I0924 16:33:14.715529 685487 rt_engine.cu:397] Building AS, num prims: 55074, Required Temp Size: 4196352 Output Size: 2063488
I0924 16:33:14.716159 685487 lsi_rt.h:50] queries: 23759781
I0924 16:33:14.716187 685487 rt_engine.h:159] Parm size: 176
I0924 16:33:14.716200 685487 rt_engine.cu:554] optixLaunch, [w,h,d] = 23759781,1,1
I0924 16:33:14.723780 685487 lsi_rt.h:50] queries: 23759781
I0924 16:33:14.723800 685487 rt_engine.h:159] Parm size: 176
I0924 16:33:14.723806 685487 rt_engine.cu:554] optixLaunch, [w,h,d] = 23759781,1,1
I0924 16:33:14.731331 685487 lsi_rt.h:50] queries: 23759781
I0924 16:33:14.731338 685487 rt_engine.h:159] Parm size: 176
I0924 16:33:14.731344 685487 rt_engine.cu:554] optixLaunch, [w,h,d] = 23759781,1,1
I0924 16:33:14.738867 685487 lsi_rt.h:50] queries: 23759781
I0924 16:33:14.738874 685487 rt_engine.h:159] Parm size: 176
I0924 16:33:14.738879 685487 rt_engine.cu:554] optixLaunch, [w,h,d] = 23759781,1,1
I0924 16:33:14.746402 685487 lsi_rt.h:50] queries: 23759781
I0924 16:33:14.746408 685487 rt_engine.h:159] Parm size: 176
I0924 16:33:14.746415 685487 rt_engine.cu:554] optixLaunch, [w,h,d] = 23759781,1,1
I0924 16:33:14.754139 685487 run_query.cu:314] Iter: 0
I0924 16:33:14.754141 685487 lsi_rt.h:50] queries: 23759781
I0924 16:33:14.754148 685487 rt_engine.h:159] Parm size: 176
I0924 16:33:14.754153 685487 rt_engine.cu:554] optixLaunch, [w,h,d] = 23759781,1,1
I0924 16:33:14.761907 685487 run_query.cu:314] Iter: 1
I0924 16:33:14.761909 685487 lsi_rt.h:50] queries: 23759781
I0924 16:33:14.761914 685487 rt_engine.h:159] Parm size: 176
I0924 16:33:14.761920 685487 rt_engine.cu:554] optixLaunch, [w,h,d] = 23759781,1,1
I0924 16:33:14.769686 685487 run_query.cu:314] Iter: 2
I0924 16:33:14.769688 685487 lsi_rt.h:50] queries: 23759781
I0924 16:33:14.769711 685487 rt_engine.h:159] Parm size: 176
I0924 16:33:14.769716 685487 rt_engine.cu:554] optixLaunch, [w,h,d] = 23759781,1,1
I0924 16:33:14.777463 685487 run_query.cu:314] Iter: 3
I0924 16:33:14.777464 685487 lsi_rt.h:50] queries: 23759781
I0924 16:33:14.777470 685487 rt_engine.h:159] Parm size: 176
I0924 16:33:14.777477 685487 rt_engine.cu:554] optixLaunch, [w,h,d] = 23759781,1,1
I0924 16:33:14.785228 685487 run_query.cu:314] Iter: 4
I0924 16:33:14.785228 685487 lsi_rt.h:50] queries: 23759781
I0924 16:33:14.785234 685487 rt_engine.h:159] Parm size: 176
I0924 16:33:14.785240 685487 rt_engine.cu:554] optixLaunch, [w,h,d] = 23759781,1,1
I0924 16:33:14.792991 685487 run_query.cu:319] Intersections: 131522 Selective: 13.1522 Queue Load Factor: 0.053066
Timing results:
 - Read map: 60.5588 ms

 - Create Context: 0.00119209 ms

 - Generate Workloads: 3345.7 ms

 - Create App: 70.148 ms

 - Init: 0.47493 ms

 - Adaptive Grouping: 0.633955 ms

 - Build Index: 0.654936 ms

 - Warmup: 37.982 ms

 - Query: 7.77121 ms

 - Cleanup: 188.743 ms

