/local/storage/liang/.clion/RayJoin/cmake-build-release-dl190/bin/query_exec -poly1 /local/storage/liang/Downloads/Datasets/point_cdb/dtl_cnty/dtl_cnty_Point.cdb              -poly2 /local/storage/liang/Downloads/Datasets/point_cdb/USAZIPCodeArea/USAZIPCodeArea_Point.cdb              -serialize=/dev/shm              -mode=rt              -v=1              -query=lsi              -seed=1              -xsect_factor 0.1              -sample_map_id=1              -sample=map              -sample_rate=0.4              -warmup=5              -repeat=5              -enlarge=5
I0924 16:29:40.185689 683577 planar_graph.h:216] Map /dev/shm/-local-storage-liang-Downloads-Datasets-point_cdb-dtl_cnty-dtl_cnty_Point.cdb.bin is deserialized, chains: 3157 points: 1028000 edges: 1024843
I0924 16:29:40.683545 683577 planar_graph.h:216] Map /dev/shm/-local-storage-liang-Downloads-Datasets-point_cdb-USAZIPCodeArea-USAZIPCodeArea_Point.cdb.bin is deserialized, chains: 134894 points: 23894675 edges: 23759781
I0924 16:29:40.683557 683577 run_query.cu:184] Sampling map, sample rate: 0.4, seed: 1
I0924 16:29:41.137238 683577 planar_graph.h:310] Map is sampled, chains: 134894 points: 9593613 edges: 9458719
I0924 16:29:41.163726 683577 run_query.cu:213] After sampling , edges: 9458719
I0924 16:29:41.163748 683577 context.h:51] Bounding Box, Bottom-left: (-179.147, -14.5487), Top-right: (179.776, 71.3896)
I0924 16:29:41.163758 683577 context.h:58] Scaled Bounding Box, Bottom-left: (-69978806505867, -68768331817074), Top-right: (69978806505866, 68768331817073)
I0924 16:29:41.163759 683577 context.h:61] Unscaled Bounding Box, Bottom-left: (-179.147, -14.5487), Top-right: (179.776, 71.3896)
I0924 16:29:42.125931 683577 rt_engine.cu:282] Info: Pipeline statistics
	module(s)                            :     1
	entry function(s)                    :     2
	trace call(s)                        :     1
	continuation callable call(s)        :     0
	direct callable call(s)              :     0
	basic block(s) in entry functions    :    67
	instruction(s) in entry functions    :  1011
	non-entry function(s)                :     1
	basic block(s) in non-entry functions:     1
	instruction(s) in non-entry functions:     1
	debug information                    :    no
I0924 16:29:42.130841 683577 rt_engine.cu:282] Info: Pipeline statistics
	module(s)                            :     1
	entry function(s)                    :     2
	trace call(s)                        :     1
	continuation callable call(s)        :     0
	direct callable call(s)              :     0
	basic block(s) in entry functions    :    43
	instruction(s) in entry functions    :   831
	non-entry function(s)                :     1
	basic block(s) in non-entry functions:     1
	instruction(s) in non-entry functions:     1
	debug information                    :    no
I0924 16:29:42.131055 683577 run_query.cu:251] Queue capacity: 1048356
I0924 16:29:42.131060 683577 lsi.h:22] Queue size: 47 MB
I0924 16:29:42.132004 683577 primitive.h:252] Enlarge limit: 5 ne: 1024843 aabbs: 55074 Compress ratio: 0.946261 Time: 0.673 ms
I0924 16:29:42.132045 683577 rt_engine.cu:397] Building AS, num prims: 55074, Required Temp Size: 4196352 Output Size: 2063488
I0924 16:29:42.132725 683577 lsi_rt.h:50] queries: 9458719
I0924 16:29:42.132753 683577 rt_engine.h:159] Parm size: 176
I0924 16:29:42.132766 683577 rt_engine.cu:554] optixLaunch, [w,h,d] = 9458719,1,1
I0924 16:29:42.136813 683577 lsi_rt.h:50] queries: 9458719
I0924 16:29:42.136821 683577 rt_engine.h:159] Parm size: 176
I0924 16:29:42.136827 683577 rt_engine.cu:554] optixLaunch, [w,h,d] = 9458719,1,1
I0924 16:29:42.140825 683577 lsi_rt.h:50] queries: 9458719
I0924 16:29:42.140830 683577 rt_engine.h:159] Parm size: 176
I0924 16:29:42.140837 683577 rt_engine.cu:554] optixLaunch, [w,h,d] = 9458719,1,1
I0924 16:29:42.144837 683577 lsi_rt.h:50] queries: 9458719
I0924 16:29:42.144845 683577 rt_engine.h:159] Parm size: 176
I0924 16:29:42.144850 683577 rt_engine.cu:554] optixLaunch, [w,h,d] = 9458719,1,1
I0924 16:29:42.148841 683577 lsi_rt.h:50] queries: 9458719
I0924 16:29:42.148847 683577 rt_engine.h:159] Parm size: 176
I0924 16:29:42.148854 683577 rt_engine.cu:554] optixLaunch, [w,h,d] = 9458719,1,1
I0924 16:29:42.152853 683577 run_query.cu:314] Iter: 0
I0924 16:29:42.152854 683577 lsi_rt.h:50] queries: 9458719
I0924 16:29:42.152860 683577 rt_engine.h:159] Parm size: 176
I0924 16:29:42.152866 683577 rt_engine.cu:554] optixLaunch, [w,h,d] = 9458719,1,1
I0924 16:29:42.156855 683577 run_query.cu:314] Iter: 1
I0924 16:29:42.156857 683577 lsi_rt.h:50] queries: 9458719
I0924 16:29:42.156862 683577 rt_engine.h:159] Parm size: 176
I0924 16:29:42.156869 683577 rt_engine.cu:554] optixLaunch, [w,h,d] = 9458719,1,1
I0924 16:29:42.160858 683577 run_query.cu:314] Iter: 2
I0924 16:29:42.160861 683577 lsi_rt.h:50] queries: 9458719
I0924 16:29:42.160866 683577 rt_engine.h:159] Parm size: 176
I0924 16:29:42.160890 683577 rt_engine.cu:554] optixLaunch, [w,h,d] = 9458719,1,1
I0924 16:29:42.164894 683577 run_query.cu:314] Iter: 3
I0924 16:29:42.164896 683577 lsi_rt.h:50] queries: 9458719
I0924 16:29:42.164902 683577 rt_engine.h:159] Parm size: 176
I0924 16:29:42.164908 683577 rt_engine.cu:554] optixLaunch, [w,h,d] = 9458719,1,1
I0924 16:29:42.168895 683577 run_query.cu:314] Iter: 4
I0924 16:29:42.168897 683577 lsi_rt.h:50] queries: 9458719
I0924 16:29:42.168902 683577 rt_engine.h:159] Parm size: 176
I0924 16:29:42.168910 683577 rt_engine.cu:554] optixLaunch, [w,h,d] = 9458719,1,1
I0924 16:29:42.172906 683577 run_query.cu:319] Intersections: 121570 Selective: 12.157 Queue Load Factor: 0.115963
Timing results:
 - Read map: 61.877 ms

 - Create Context: 0.000953674 ms

 - Generate Workloads: 1860.14 ms

 - Create App: 85.0079 ms

 - Init: 0.274181 ms

 - Adaptive Grouping: 0.690937 ms

 - Build Index: 0.705957 ms

 - Warmup: 20.128 ms

 - Query: 4.01158 ms

 - Cleanup: 97.048 ms

