/local/storage/liang/.clion/RayJoin/cmake-build-release-dl190/bin/query_exec -poly1 /local/storage/liang/Downloads/Datasets/point_cdb/lakes/Europe/lakes_Europe_Point.cdb              -poly2 /local/storage/liang/Downloads/Datasets/point_cdb/parks/Europe/parks_Europe_Point.cdb              -serialize=/dev/shm              -mode=rt              -v=1              -query=lsi              -seed=1              -xsect_factor 0.1              -sample_map_id=1              -sample=map              -sample_rate=0.4              -warmup=5              -repeat=5              -enlarge=5
I0924 16:29:52.274883 683712 planar_graph.h:216] Map /dev/shm/-local-storage-liang-Downloads-Datasets-point_cdb-lakes-Europe-lakes_Europe_Point.cdb.bin is deserialized, chains: 831264 points: 28687526 edges: 27856262
I0924 16:29:53.881016 683712 planar_graph.h:216] Map /dev/shm/-local-storage-liang-Downloads-Datasets-point_cdb-parks-Europe-parks_Europe_Point.cdb.bin is deserialized, chains: 3299874 points: 69273661 edges: 65973787
I0924 16:29:53.881028 683712 run_query.cu:184] Sampling map, sample rate: 0.4, seed: 1
I0924 16:29:54.917218 683712 planar_graph.h:310] Map is sampled, chains: 3299874 points: 29841522 edges: 26541648
I0924 16:29:54.987577 683712 run_query.cu:213] After sampling , edges: 26541648
I0924 16:29:54.987612 683712 context.h:51] Bounding Box, Bottom-left: (-31.2515, 35.0267), Top-right: (68.8331, 81.3082)
I0924 16:29:54.987620 683712 context.h:58] Scaled Bounding Box, Bottom-left: (-68990107153823, -67453807428170), Top-right: (68990107153822, 67453807428169)
I0924 16:29:54.987622 683712 context.h:61] Unscaled Bounding Box, Bottom-left: (-31.2515, 35.0267), Top-right: (68.8331, 81.3082)
I0924 16:29:59.677297 683712 rt_engine.cu:282] Info: Pipeline statistics
	module(s)                            :     1
	entry function(s)                    :     2
	trace call(s)                        :     1
	continuation callable call(s)        :     0
	direct callable call(s)              :     0
	basic block(s) in entry functions    :    67
	instruction(s) in entry functions    :  1011
	non-entry function(s)                :     1
	basic block(s) in non-entry functions:     1
	instruction(s) in non-entry functions:     1
	debug information                    :    no
I0924 16:29:59.682165 683712 rt_engine.cu:282] Info: Pipeline statistics
	module(s)                            :     1
	entry function(s)                    :     2
	trace call(s)                        :     1
	continuation callable call(s)        :     0
	direct callable call(s)              :     0
	basic block(s) in entry functions    :    43
	instruction(s) in entry functions    :   831
	non-entry function(s)                :     1
	basic block(s) in non-entry functions:     1
	instruction(s) in non-entry functions:     1
	debug information                    :    no
I0924 16:29:59.682850 683712 run_query.cu:251] Queue capacity: 5439791
I0924 16:29:59.682857 683712 lsi.h:22] Queue size: 249 MB
I0924 16:29:59.696959 683712 primitive.h:252] Enlarge limit: 5 ne: 27856262 aabbs: 2149052 Compress ratio: 0.922852 Time: 13.224 ms
I0924 16:29:59.697006 683712 rt_engine.cu:397] Building AS, num prims: 2149052, Required Temp Size: 163665536 Output Size: 80407936
I0924 16:29:59.703133 683712 lsi_rt.h:50] queries: 26541648
I0924 16:29:59.703164 683712 rt_engine.h:159] Parm size: 176
I0924 16:29:59.703178 683712 rt_engine.cu:554] optixLaunch, [w,h,d] = 26541648,1,1
I0924 16:29:59.726094 683712 lsi_rt.h:50] queries: 26541648
I0924 16:29:59.726101 683712 rt_engine.h:159] Parm size: 176
I0924 16:29:59.726109 683712 rt_engine.cu:554] optixLaunch, [w,h,d] = 26541648,1,1
I0924 16:29:59.748713 683712 lsi_rt.h:50] queries: 26541648
I0924 16:29:59.748718 683712 rt_engine.h:159] Parm size: 176
I0924 16:29:59.748724 683712 rt_engine.cu:554] optixLaunch, [w,h,d] = 26541648,1,1
I0924 16:29:59.771097 683712 lsi_rt.h:50] queries: 26541648
I0924 16:29:59.771104 683712 rt_engine.h:159] Parm size: 176
I0924 16:29:59.771111 683712 rt_engine.cu:554] optixLaunch, [w,h,d] = 26541648,1,1
I0924 16:29:59.793491 683712 lsi_rt.h:50] queries: 26541648
I0924 16:29:59.793498 683712 rt_engine.h:159] Parm size: 176
I0924 16:29:59.793504 683712 rt_engine.cu:554] optixLaunch, [w,h,d] = 26541648,1,1
I0924 16:29:59.815871 683712 run_query.cu:314] Iter: 0
I0924 16:29:59.815872 683712 lsi_rt.h:50] queries: 26541648
I0924 16:29:59.815878 683712 rt_engine.h:159] Parm size: 176
I0924 16:29:59.815884 683712 rt_engine.cu:554] optixLaunch, [w,h,d] = 26541648,1,1
I0924 16:29:59.838246 683712 run_query.cu:314] Iter: 1
I0924 16:29:59.838248 683712 lsi_rt.h:50] queries: 26541648
I0924 16:29:59.838254 683712 rt_engine.h:159] Parm size: 176
I0924 16:29:59.838260 683712 rt_engine.cu:554] optixLaunch, [w,h,d] = 26541648,1,1
I0924 16:29:59.860630 683712 run_query.cu:314] Iter: 2
I0924 16:29:59.860631 683712 lsi_rt.h:50] queries: 26541648
I0924 16:29:59.860654 683712 rt_engine.h:159] Parm size: 176
I0924 16:29:59.860661 683712 rt_engine.cu:554] optixLaunch, [w,h,d] = 26541648,1,1
I0924 16:29:59.883062 683712 run_query.cu:314] Iter: 3
I0924 16:29:59.883064 683712 lsi_rt.h:50] queries: 26541648
I0924 16:29:59.883070 683712 rt_engine.h:159] Parm size: 176
I0924 16:29:59.883076 683712 rt_engine.cu:554] optixLaunch, [w,h,d] = 26541648,1,1
I0924 16:29:59.905463 683712 run_query.cu:314] Iter: 4
I0924 16:29:59.905465 683712 lsi_rt.h:50] queries: 26541648
I0924 16:29:59.905470 683712 rt_engine.h:159] Parm size: 176
I0924 16:29:59.905476 683712 rt_engine.cu:554] optixLaunch, [w,h,d] = 26541648,1,1
I0924 16:29:59.927877 683712 run_query.cu:319] Intersections: 518231 Selective: 51.8231 Queue Load Factor: 0.0952667
Timing results:
 - Read map: 675.793 ms

 - Create Context: 0.000953674 ms

 - Generate Workloads: 7313.96 ms

 - Create App: 93.8048 ms

 - Init: 0.883102 ms

 - Adaptive Grouping: 13.2439 ms

 - Build Index: 6.15716 ms

 - Warmup: 112.738 ms

 - Query: 22.4022 ms

 - Cleanup: 363.293 ms

