/local/storage/liang/.clion/RayJoin/cmake-build-release-dl190/bin/query_exec -poly1 /local/storage/liang/Downloads/Datasets/point_cdb/lakes/Asia/lakes_Asia_Point.cdb              -poly2 /local/storage/liang/Downloads/Datasets/point_cdb/parks/Asia/parks_Asia_Point.cdb              -serialize=/dev/shm              -mode=rt              -v=1              -query=lsi              -seed=1              -xsect_factor 0.1              -sample_map_id=1              -sample=map              -sample_rate=0.2              -warmup=5              -repeat=5              -enlarge=5
I0924 16:28:51.978360 683119 planar_graph.h:216] Map /dev/shm/-local-storage-liang-Downloads-Datasets-point_cdb-lakes-Asia-lakes_Asia_Point.cdb.bin is deserialized, chains: 194573 points: 10541220 edges: 10346647
I0924 16:28:52.244781 683119 planar_graph.h:216] Map /dev/shm/-local-storage-liang-Downloads-Datasets-point_cdb-parks-Asia-parks_Asia_Point.cdb.bin is deserialized, chains: 277198 points: 12209639 edges: 11932441
I0924 16:28:52.244791 683119 run_query.cu:184] Sampling map, sample rate: 0.2, seed: 1
I0924 16:28:52.397742 683119 planar_graph.h:310] Map is sampled, chains: 277198 points: 2768095 edges: 2490897
I0924 16:28:52.411136 683119 run_query.cu:213] After sampling , edges: 2490897
I0924 16:28:52.411156 683119 context.h:51] Bounding Box, Bottom-left: (-179.972, -10.8197), Top-right: (179.984, 81.2255)
I0924 16:28:52.411165 683119 context.h:58] Scaled Bounding Box, Bottom-left: (-69979919611218, -68872256062147), Top-right: (69979919611217, 68872256062146)
I0924 16:28:52.411166 683119 context.h:61] Unscaled Bounding Box, Bottom-left: (-179.972, -10.8197), Top-right: (179.984, 81.2255)
I0924 16:28:53.437049 683119 rt_engine.cu:282] Info: Pipeline statistics
	module(s)                            :     1
	entry function(s)                    :     2
	trace call(s)                        :     1
	continuation callable call(s)        :     0
	direct callable call(s)              :     0
	basic block(s) in entry functions    :    67
	instruction(s) in entry functions    :  1011
	non-entry function(s)                :     1
	basic block(s) in non-entry functions:     1
	instruction(s) in non-entry functions:     1
	debug information                    :    no
I0924 16:28:53.441974 683119 rt_engine.cu:282] Info: Pipeline statistics
	module(s)                            :     1
	entry function(s)                    :     2
	trace call(s)                        :     1
	continuation callable call(s)        :     0
	direct callable call(s)              :     0
	basic block(s) in entry functions    :    43
	instruction(s) in entry functions    :   831
	non-entry function(s)                :     1
	basic block(s) in non-entry functions:     1
	instruction(s) in non-entry functions:     1
	debug information                    :    no
I0924 16:28:53.442238 683119 run_query.cu:251] Queue capacity: 1283754
I0924 16:28:53.442245 683119 lsi.h:22] Queue size: 58 MB
I0924 16:28:53.448128 683119 primitive.h:252] Enlarge limit: 5 ne: 10346647 aabbs: 762458 Compress ratio: 0.926309 Time: 5.552 ms
I0924 16:28:53.448170 683119 rt_engine.cu:397] Building AS, num prims: 762458, Required Temp Size: 58067968 Output Size: 28529536
I0924 16:28:53.450757 683119 lsi_rt.h:50] queries: 2490897
I0924 16:28:53.450785 683119 rt_engine.h:159] Parm size: 176
I0924 16:28:53.450798 683119 rt_engine.cu:554] optixLaunch, [w,h,d] = 2490897,1,1
I0924 16:28:53.453894 683119 lsi_rt.h:50] queries: 2490897
I0924 16:28:53.453902 683119 rt_engine.h:159] Parm size: 176
I0924 16:28:53.453908 683119 rt_engine.cu:554] optixLaunch, [w,h,d] = 2490897,1,1
I0924 16:28:53.456990 683119 lsi_rt.h:50] queries: 2490897
I0924 16:28:53.456996 683119 rt_engine.h:159] Parm size: 176
I0924 16:28:53.457002 683119 rt_engine.cu:554] optixLaunch, [w,h,d] = 2490897,1,1
I0924 16:28:53.460021 683119 lsi_rt.h:50] queries: 2490897
I0924 16:28:53.460027 683119 rt_engine.h:159] Parm size: 176
I0924 16:28:53.460034 683119 rt_engine.cu:554] optixLaunch, [w,h,d] = 2490897,1,1
I0924 16:28:53.463070 683119 lsi_rt.h:50] queries: 2490897
I0924 16:28:53.463078 683119 rt_engine.h:159] Parm size: 176
I0924 16:28:53.463083 683119 rt_engine.cu:554] optixLaunch, [w,h,d] = 2490897,1,1
I0924 16:28:53.466116 683119 run_query.cu:314] Iter: 0
I0924 16:28:53.466118 683119 lsi_rt.h:50] queries: 2490897
I0924 16:28:53.466125 683119 rt_engine.h:159] Parm size: 176
I0924 16:28:53.466130 683119 rt_engine.cu:554] optixLaunch, [w,h,d] = 2490897,1,1
I0924 16:28:53.469177 683119 run_query.cu:314] Iter: 1
I0924 16:28:53.469179 683119 lsi_rt.h:50] queries: 2490897
I0924 16:28:53.469185 683119 rt_engine.h:159] Parm size: 176
I0924 16:28:53.469192 683119 rt_engine.cu:554] optixLaunch, [w,h,d] = 2490897,1,1
I0924 16:28:53.472203 683119 run_query.cu:314] Iter: 2
I0924 16:28:53.472203 683119 lsi_rt.h:50] queries: 2490897
I0924 16:28:53.472209 683119 rt_engine.h:159] Parm size: 176
I0924 16:28:53.472232 683119 rt_engine.cu:554] optixLaunch, [w,h,d] = 2490897,1,1
I0924 16:28:53.475265 683119 run_query.cu:314] Iter: 3
I0924 16:28:53.475266 683119 lsi_rt.h:50] queries: 2490897
I0924 16:28:53.475272 683119 rt_engine.h:159] Parm size: 176
I0924 16:28:53.475278 683119 rt_engine.cu:554] optixLaunch, [w,h,d] = 2490897,1,1
I0924 16:28:53.478302 683119 run_query.cu:314] Iter: 4
I0924 16:28:53.478303 683119 lsi_rt.h:50] queries: 2490897
I0924 16:28:53.478309 683119 rt_engine.h:159] Parm size: 176
I0924 16:28:53.478315 683119 rt_engine.cu:554] optixLaunch, [w,h,d] = 2490897,1,1
I0924 16:28:53.481338 683119 run_query.cu:319] Intersections: 64861 Selective: 6.4861 Queue Load Factor: 0.0505245
Timing results:
 - Read map: 305.081 ms

 - Create Context: 0 ms

 - Generate Workloads: 1377.84 ms

 - Create App: 85.8278 ms

 - Init: 0.335217 ms

 - Adaptive Grouping: 5.57184 ms

 - Build Index: 2.61211 ms

 - Warmup: 15.3599 ms

 - Query: 3.04499 ms

 - Cleanup: 100.23 ms

