/local/storage/liang/.clion/RayJoin/cmake-build-release-dl190/bin/query_exec -poly1 /local/storage/liang/Downloads/Datasets/point_cdb/lakes/Africa/lakes_Africa_Point.cdb              -poly2 /local/storage/liang/Downloads/Datasets/point_cdb/parks/Africa/parks_Africa_Point.cdb              -serialize=/dev/shm              -mode=rt              -v=1              -query=lsi              -seed=1              -xsect_factor 0.1              -sample_map_id=1              -sample=map              -sample_rate=0.9              -warmup=5              -repeat=5              -enlarge=5
I0924 16:32:42.413717 685220 planar_graph.h:216] Map /dev/shm/-local-storage-liang-Downloads-Datasets-point_cdb-lakes-Africa-lakes_Africa_Point.cdb.bin is deserialized, chains: 27178 points: 1872496 edges: 1845318
I0924 16:32:42.445479 685220 planar_graph.h:216] Map /dev/shm/-local-storage-liang-Downloads-Datasets-point_cdb-parks-Africa-parks_Africa_Point.cdb.bin is deserialized, chains: 41991 points: 1358103 edges: 1316112
I0924 16:32:42.445492 685220 run_query.cu:184] Sampling map, sample rate: 0.9, seed: 1
I0924 16:32:42.491981 685220 planar_graph.h:310] Map is sampled, chains: 41991 points: 1211889 edges: 1169898
I0924 16:32:42.493666 685220 run_query.cu:213] After sampling , edges: 1169898
I0924 16:32:42.493688 685220 context.h:51] Bounding Box, Bottom-left: (-25.2135, -34.7852), Top-right: (63.4371, 37.3456)
I0924 16:32:42.493697 685220 context.h:58] Scaled Bounding Box, Bottom-left: (-68816217462298, -68470241806767), Top-right: (68816217462297, 68470241806766)
I0924 16:32:42.493698 685220 context.h:61] Unscaled Bounding Box, Bottom-left: (-25.2135, -34.7852), Top-right: (63.4371, 37.3456)
I0924 16:32:42.788928 685220 rt_engine.cu:282] Info: Pipeline statistics
	module(s)                            :     1
	entry function(s)                    :     2
	trace call(s)                        :     1
	continuation callable call(s)        :     0
	direct callable call(s)              :     0
	basic block(s) in entry functions    :    67
	instruction(s) in entry functions    :  1011
	non-entry function(s)                :     1
	basic block(s) in non-entry functions:     1
	instruction(s) in non-entry functions:     1
	debug information                    :    no
I0924 16:32:42.793957 685220 rt_engine.cu:282] Info: Pipeline statistics
	module(s)                            :     1
	entry function(s)                    :     2
	trace call(s)                        :     1
	continuation callable call(s)        :     0
	direct callable call(s)              :     0
	basic block(s) in entry functions    :    43
	instruction(s) in entry functions    :   831
	non-entry function(s)                :     1
	basic block(s) in non-entry functions:     1
	instruction(s) in non-entry functions:     1
	debug information                    :    no
I0924 16:32:42.794168 685220 run_query.cu:251] Queue capacity: 301521
I0924 16:32:42.794173 685220 lsi.h:22] Queue size: 13 MB
I0924 16:32:42.795305 685220 primitive.h:252] Enlarge limit: 5 ne: 1845318 aabbs: 118595 Compress ratio: 0.935732 Time: 1.027 ms
I0924 16:32:42.795357 685220 rt_engine.cu:397] Building AS, num prims: 118595, Required Temp Size: 9033728 Output Size: 4440064
I0924 16:32:42.796139 685220 lsi_rt.h:50] queries: 1169898
I0924 16:32:42.796166 685220 rt_engine.h:159] Parm size: 176
I0924 16:32:42.796180 685220 rt_engine.cu:554] optixLaunch, [w,h,d] = 1169898,1,1
I0924 16:32:42.796943 685220 lsi_rt.h:50] queries: 1169898
I0924 16:32:42.796950 685220 rt_engine.h:159] Parm size: 176
I0924 16:32:42.796957 685220 rt_engine.cu:554] optixLaunch, [w,h,d] = 1169898,1,1
I0924 16:32:42.797659 685220 lsi_rt.h:50] queries: 1169898
I0924 16:32:42.797665 685220 rt_engine.h:159] Parm size: 176
I0924 16:32:42.797672 685220 rt_engine.cu:554] optixLaunch, [w,h,d] = 1169898,1,1
I0924 16:32:42.798380 685220 lsi_rt.h:50] queries: 1169898
I0924 16:32:42.798385 685220 rt_engine.h:159] Parm size: 176
I0924 16:32:42.798391 685220 rt_engine.cu:554] optixLaunch, [w,h,d] = 1169898,1,1
I0924 16:32:42.799093 685220 lsi_rt.h:50] queries: 1169898
I0924 16:32:42.799098 685220 rt_engine.h:159] Parm size: 176
I0924 16:32:42.799104 685220 rt_engine.cu:554] optixLaunch, [w,h,d] = 1169898,1,1
I0924 16:32:42.799803 685220 run_query.cu:314] Iter: 0
I0924 16:32:42.799805 685220 lsi_rt.h:50] queries: 1169898
I0924 16:32:42.799811 685220 rt_engine.h:159] Parm size: 176
I0924 16:32:42.799818 685220 rt_engine.cu:554] optixLaunch, [w,h,d] = 1169898,1,1
I0924 16:32:42.800509 685220 run_query.cu:314] Iter: 1
I0924 16:32:42.800510 685220 lsi_rt.h:50] queries: 1169898
I0924 16:32:42.800516 685220 rt_engine.h:159] Parm size: 176
I0924 16:32:42.800522 685220 rt_engine.cu:554] optixLaunch, [w,h,d] = 1169898,1,1
I0924 16:32:42.801224 685220 run_query.cu:314] Iter: 2
I0924 16:32:42.801226 685220 lsi_rt.h:50] queries: 1169898
I0924 16:32:42.801231 685220 rt_engine.h:159] Parm size: 176
I0924 16:32:42.801254 685220 rt_engine.cu:554] optixLaunch, [w,h,d] = 1169898,1,1
I0924 16:32:42.801955 685220 run_query.cu:314] Iter: 3
I0924 16:32:42.801957 685220 lsi_rt.h:50] queries: 1169898
I0924 16:32:42.801963 685220 rt_engine.h:159] Parm size: 176
I0924 16:32:42.801970 685220 rt_engine.cu:554] optixLaunch, [w,h,d] = 1169898,1,1
I0924 16:32:42.802680 685220 run_query.cu:314] Iter: 4
I0924 16:32:42.802681 685220 lsi_rt.h:50] queries: 1169898
I0924 16:32:42.802686 685220 rt_engine.h:159] Parm size: 176
I0924 16:32:42.802693 685220 rt_engine.cu:554] optixLaunch, [w,h,d] = 1169898,1,1
I0924 16:32:42.803409 685220 run_query.cu:319] Intersections: 6797 Selective: 0.6797 Queue Load Factor: 0.0225424
Timing results:
 - Read map: 113.021 ms

 - Create Context: 0 ms

 - Generate Workloads: 326.688 ms

 - Create App: 53.5281 ms

 - Init: 0.10705 ms

 - Adaptive Grouping: 1.04403 ms

 - Build Index: 0.818968 ms

 - Warmup: 3.66592 ms

 - Query: 0.722027 ms

 - Cleanup: 36.8738 ms

