/local/storage/liang/.clion/RayJoin/cmake-build-release-dl190/bin/query_exec -poly1 /local/storage/liang/Downloads/Datasets/point_cdb/lakes/Europe/lakes_Europe_Point.cdb              -poly2 /local/storage/liang/Downloads/Datasets/point_cdb/parks/Europe/parks_Europe_Point.cdb              -serialize=/dev/shm              -mode=rt              -v=1              -query=lsi              -seed=1              -xsect_factor 0.1              -sample_map_id=1              -sample=map              -sample_rate=0.5              -warmup=5              -repeat=5              -enlarge=5
I0924 16:30:23.952282 683988 planar_graph.h:216] Map /dev/shm/-local-storage-liang-Downloads-Datasets-point_cdb-lakes-Europe-lakes_Europe_Point.cdb.bin is deserialized, chains: 831264 points: 28687526 edges: 27856262
I0924 16:30:25.560065 683988 planar_graph.h:216] Map /dev/shm/-local-storage-liang-Downloads-Datasets-point_cdb-parks-Europe-parks_Europe_Point.cdb.bin is deserialized, chains: 3299874 points: 69273661 edges: 65973787
I0924 16:30:25.560077 683988 run_query.cu:184] Sampling map, sample rate: 0.5, seed: 1
I0924 16:30:26.934464 683988 planar_graph.h:310] Map is sampled, chains: 3299874 points: 36420217 edges: 33120343
I0924 16:30:27.004938 683988 run_query.cu:213] After sampling , edges: 33120343
I0924 16:30:27.004973 683988 context.h:51] Bounding Box, Bottom-left: (-31.2515, 35.0267), Top-right: (68.8331, 81.3082)
I0924 16:30:27.004983 683988 context.h:58] Scaled Bounding Box, Bottom-left: (-68990107153823, -67453807428170), Top-right: (68990107153822, 67453807428169)
I0924 16:30:27.004985 683988 context.h:61] Unscaled Bounding Box, Bottom-left: (-31.2515, 35.0267), Top-right: (68.8331, 81.3082)
I0924 16:30:31.989483 683988 rt_engine.cu:282] Info: Pipeline statistics
	module(s)                            :     1
	entry function(s)                    :     2
	trace call(s)                        :     1
	continuation callable call(s)        :     0
	direct callable call(s)              :     0
	basic block(s) in entry functions    :    67
	instruction(s) in entry functions    :  1011
	non-entry function(s)                :     1
	basic block(s) in non-entry functions:     1
	instruction(s) in non-entry functions:     1
	debug information                    :    no
I0924 16:30:31.994386 683988 rt_engine.cu:282] Info: Pipeline statistics
	module(s)                            :     1
	entry function(s)                    :     2
	trace call(s)                        :     1
	continuation callable call(s)        :     0
	direct callable call(s)              :     0
	basic block(s) in entry functions    :    43
	instruction(s) in entry functions    :   831
	non-entry function(s)                :     1
	basic block(s) in non-entry functions:     1
	instruction(s) in non-entry functions:     1
	debug information                    :    no
I0924 16:30:31.995081 683988 run_query.cu:251] Queue capacity: 6097660
I0924 16:30:31.995088 683988 lsi.h:22] Queue size: 279 MB
I0924 16:30:32.009718 683988 primitive.h:252] Enlarge limit: 5 ne: 27856262 aabbs: 2149052 Compress ratio: 0.922852 Time: 13.619 ms
I0924 16:30:32.009763 683988 rt_engine.cu:397] Building AS, num prims: 2149052, Required Temp Size: 163665536 Output Size: 80407936
I0924 16:30:32.016022 683988 lsi_rt.h:50] queries: 33120343
I0924 16:30:32.016054 683988 rt_engine.h:159] Parm size: 176
I0924 16:30:32.016067 683988 rt_engine.cu:554] optixLaunch, [w,h,d] = 33120343,1,1
I0924 16:30:32.042038 683988 lsi_rt.h:50] queries: 33120343
I0924 16:30:32.042045 683988 rt_engine.h:159] Parm size: 176
I0924 16:30:32.042052 683988 rt_engine.cu:554] optixLaunch, [w,h,d] = 33120343,1,1
I0924 16:30:32.067893 683988 lsi_rt.h:50] queries: 33120343
I0924 16:30:32.067899 683988 rt_engine.h:159] Parm size: 176
I0924 16:30:32.067906 683988 rt_engine.cu:554] optixLaunch, [w,h,d] = 33120343,1,1
I0924 16:30:32.093755 683988 lsi_rt.h:50] queries: 33120343
I0924 16:30:32.093762 683988 rt_engine.h:159] Parm size: 176
I0924 16:30:32.093768 683988 rt_engine.cu:554] optixLaunch, [w,h,d] = 33120343,1,1
I0924 16:30:32.119603 683988 lsi_rt.h:50] queries: 33120343
I0924 16:30:32.119611 683988 rt_engine.h:159] Parm size: 176
I0924 16:30:32.119626 683988 rt_engine.cu:554] optixLaunch, [w,h,d] = 33120343,1,1
I0924 16:30:32.145463 683988 run_query.cu:314] Iter: 0
I0924 16:30:32.145465 683988 lsi_rt.h:50] queries: 33120343
I0924 16:30:32.145471 683988 rt_engine.h:159] Parm size: 176
I0924 16:30:32.145478 683988 rt_engine.cu:554] optixLaunch, [w,h,d] = 33120343,1,1
I0924 16:30:32.171299 683988 run_query.cu:314] Iter: 1
I0924 16:30:32.171300 683988 lsi_rt.h:50] queries: 33120343
I0924 16:30:32.171306 683988 rt_engine.h:159] Parm size: 176
I0924 16:30:32.171312 683988 rt_engine.cu:554] optixLaunch, [w,h,d] = 33120343,1,1
I0924 16:30:32.197161 683988 run_query.cu:314] Iter: 2
I0924 16:30:32.197163 683988 lsi_rt.h:50] queries: 33120343
I0924 16:30:32.197187 683988 rt_engine.h:159] Parm size: 176
I0924 16:30:32.197193 683988 rt_engine.cu:554] optixLaunch, [w,h,d] = 33120343,1,1
I0924 16:30:32.223017 683988 run_query.cu:314] Iter: 3
I0924 16:30:32.223018 683988 lsi_rt.h:50] queries: 33120343
I0924 16:30:32.223024 683988 rt_engine.h:159] Parm size: 176
I0924 16:30:32.223031 683988 rt_engine.cu:554] optixLaunch, [w,h,d] = 33120343,1,1
I0924 16:30:32.248867 683988 run_query.cu:314] Iter: 4
I0924 16:30:32.248869 683988 lsi_rt.h:50] queries: 33120343
I0924 16:30:32.248875 683988 rt_engine.h:159] Parm size: 176
I0924 16:30:32.248880 683988 rt_engine.cu:554] optixLaunch, [w,h,d] = 33120343,1,1
I0924 16:30:32.274305 683988 run_query.cu:319] Intersections: 532413 Selective: 53.2413 Queue Load Factor: 0.0873143
Timing results:
 - Read map: 703.704 ms

 - Create Context: 0 ms

 - Generate Workloads: 7949.5 ms

 - Create App: 93.102 ms

 - Init: 1.0159 ms

 - Adaptive Grouping: 13.638 ms

 - Build Index: 6.2871 ms

 - Warmup: 129.443 ms

 - Query: 25.7694 ms

 - Cleanup: 417.567 ms

