/local/storage/liang/.clion/RayJoin/cmake-build-release-dl190/bin/query_exec -poly1 /local/storage/liang/Downloads/Datasets/point_cdb/lakes/Asia/lakes_Asia_Point.cdb              -poly2 /local/storage/liang/Downloads/Datasets/point_cdb/parks/Asia/parks_Asia_Point.cdb              -serialize=/dev/shm              -mode=rt              -v=1              -query=lsi              -seed=1              -xsect_factor 0.1              -sample_map_id=1              -sample=map              -sample_rate=0.4              -warmup=5              -repeat=5              -enlarge=5
I0924 16:29:49.289068 683680 planar_graph.h:216] Map /dev/shm/-local-storage-liang-Downloads-Datasets-point_cdb-lakes-Asia-lakes_Asia_Point.cdb.bin is deserialized, chains: 194573 points: 10541220 edges: 10346647
I0924 16:29:49.554703 683680 planar_graph.h:216] Map /dev/shm/-local-storage-liang-Downloads-Datasets-point_cdb-parks-Asia-parks_Asia_Point.cdb.bin is deserialized, chains: 277198 points: 12209639 edges: 11932441
I0924 16:29:49.554714 683680 run_query.cu:184] Sampling map, sample rate: 0.4, seed: 1
I0924 16:29:49.787622 683680 planar_graph.h:310] Map is sampled, chains: 277198 points: 5055651 edges: 4778453
I0924 16:29:49.801028 683680 run_query.cu:213] After sampling , edges: 4778453
I0924 16:29:49.801049 683680 context.h:51] Bounding Box, Bottom-left: (-179.972, -10.8197), Top-right: (179.984, 81.2255)
I0924 16:29:49.801059 683680 context.h:58] Scaled Bounding Box, Bottom-left: (-69979919611218, -68872256062147), Top-right: (69979919611217, 68872256062146)
I0924 16:29:49.801059 683680 context.h:61] Unscaled Bounding Box, Bottom-left: (-179.972, -10.8197), Top-right: (179.984, 81.2255)
I0924 16:29:51.016682 683680 rt_engine.cu:282] Info: Pipeline statistics
	module(s)                            :     1
	entry function(s)                    :     2
	trace call(s)                        :     1
	continuation callable call(s)        :     0
	direct callable call(s)              :     0
	basic block(s) in entry functions    :    67
	instruction(s) in entry functions    :  1011
	non-entry function(s)                :     1
	basic block(s) in non-entry functions:     1
	instruction(s) in non-entry functions:     1
	debug information                    :    no
I0924 16:29:51.021636 683680 rt_engine.cu:282] Info: Pipeline statistics
	module(s)                            :     1
	entry function(s)                    :     2
	trace call(s)                        :     1
	continuation callable call(s)        :     0
	direct callable call(s)              :     0
	basic block(s) in entry functions    :    43
	instruction(s) in entry functions    :   831
	non-entry function(s)                :     1
	basic block(s) in non-entry functions:     1
	instruction(s) in non-entry functions:     1
	debug information                    :    no
I0924 16:29:51.021862 683680 run_query.cu:251] Queue capacity: 1512510
I0924 16:29:51.021868 683680 lsi.h:22] Queue size: 69 MB
I0924 16:29:51.027774 683680 primitive.h:252] Enlarge limit: 5 ne: 10346647 aabbs: 762458 Compress ratio: 0.926309 Time: 5.553 ms
I0924 16:29:51.027829 683680 rt_engine.cu:397] Building AS, num prims: 762458, Required Temp Size: 58067968 Output Size: 28529536
I0924 16:29:51.030380 683680 lsi_rt.h:50] queries: 4778453
I0924 16:29:51.030407 683680 rt_engine.h:159] Parm size: 176
I0924 16:29:51.030421 683680 rt_engine.cu:554] optixLaunch, [w,h,d] = 4778453,1,1
I0924 16:29:51.034410 683680 lsi_rt.h:50] queries: 4778453
I0924 16:29:51.034418 683680 rt_engine.h:159] Parm size: 176
I0924 16:29:51.034425 683680 rt_engine.cu:554] optixLaunch, [w,h,d] = 4778453,1,1
I0924 16:29:51.038347 683680 lsi_rt.h:50] queries: 4778453
I0924 16:29:51.038353 683680 rt_engine.h:159] Parm size: 176
I0924 16:29:51.038360 683680 rt_engine.cu:554] optixLaunch, [w,h,d] = 4778453,1,1
I0924 16:29:51.042256 683680 lsi_rt.h:50] queries: 4778453
I0924 16:29:51.042263 683680 rt_engine.h:159] Parm size: 176
I0924 16:29:51.042269 683680 rt_engine.cu:554] optixLaunch, [w,h,d] = 4778453,1,1
I0924 16:29:51.046162 683680 lsi_rt.h:50] queries: 4778453
I0924 16:29:51.046168 683680 rt_engine.h:159] Parm size: 176
I0924 16:29:51.046175 683680 rt_engine.cu:554] optixLaunch, [w,h,d] = 4778453,1,1
I0924 16:29:51.050081 683680 run_query.cu:314] Iter: 0
I0924 16:29:51.050083 683680 lsi_rt.h:50] queries: 4778453
I0924 16:29:51.050089 683680 rt_engine.h:159] Parm size: 176
I0924 16:29:51.050096 683680 rt_engine.cu:554] optixLaunch, [w,h,d] = 4778453,1,1
I0924 16:29:51.054015 683680 run_query.cu:314] Iter: 1
I0924 16:29:51.054018 683680 lsi_rt.h:50] queries: 4778453
I0924 16:29:51.054023 683680 rt_engine.h:159] Parm size: 176
I0924 16:29:51.054029 683680 rt_engine.cu:554] optixLaunch, [w,h,d] = 4778453,1,1
I0924 16:29:51.057941 683680 run_query.cu:314] Iter: 2
I0924 16:29:51.057943 683680 lsi_rt.h:50] queries: 4778453
I0924 16:29:51.057950 683680 rt_engine.h:159] Parm size: 176
I0924 16:29:51.057971 683680 rt_engine.cu:554] optixLaunch, [w,h,d] = 4778453,1,1
I0924 16:29:51.061888 683680 run_query.cu:314] Iter: 3
I0924 16:29:51.061890 683680 lsi_rt.h:50] queries: 4778453
I0924 16:29:51.061897 683680 rt_engine.h:159] Parm size: 176
I0924 16:29:51.061902 683680 rt_engine.cu:554] optixLaunch, [w,h,d] = 4778453,1,1
I0924 16:29:51.065812 683680 run_query.cu:314] Iter: 4
I0924 16:29:51.065814 683680 lsi_rt.h:50] queries: 4778453
I0924 16:29:51.065820 683680 rt_engine.h:159] Parm size: 176
I0924 16:29:51.065826 683680 rt_engine.cu:554] optixLaunch, [w,h,d] = 4778453,1,1
I0924 16:29:51.069749 683680 run_query.cu:319] Intersections: 82065 Selective: 8.2065 Queue Load Factor: 0.0542575
Timing results:
 - Read map: 301.353 ms

 - Create Context: 0.000953674 ms

 - Generate Workloads: 1650.57 ms

 - Create App: 82.0141 ms

 - Init: 0.356913 ms

 - Adaptive Grouping: 5.584 ms

 - Build Index: 2.57611 ms

 - Warmup: 19.7029 ms

 - Query: 3.93438 ms

 - Cleanup: 117.264 ms

