/local/storage/liang/.clion/RayJoin/cmake-build-release-dl190/bin/query_exec -poly1 /local/storage/liang/Downloads/Datasets/point_cdb/lakes/Europe/lakes_Europe_Point.cdb              -poly2 /local/storage/liang/Downloads/Datasets/point_cdb/parks/Europe/parks_Europe_Point.cdb              -serialize=/dev/shm              -mode=rt              -v=1              -query=lsi              -seed=1              -xsect_factor 0.1              -sample_map_id=1              -sample=map              -sample_rate=0.1              -warmup=5              -repeat=5              -enlarge=5
I0924 16:28:28.370338 682897 planar_graph.h:216] Map /dev/shm/-local-storage-liang-Downloads-Datasets-point_cdb-lakes-Europe-lakes_Europe_Point.cdb.bin is deserialized, chains: 831264 points: 28687526 edges: 27856262
I0924 16:28:29.971504 682897 planar_graph.h:216] Map /dev/shm/-local-storage-liang-Downloads-Datasets-point_cdb-parks-Europe-parks_Europe_Point.cdb.bin is deserialized, chains: 3299874 points: 69273661 edges: 65973787
I0924 16:28:29.971518 682897 run_query.cu:184] Sampling map, sample rate: 0.1, seed: 1
I0924 16:28:30.621511 682897 planar_graph.h:310] Map is sampled, chains: 3299874 points: 12685421 edges: 9385547
I0924 16:28:30.692245 682897 run_query.cu:213] After sampling , edges: 9385547
I0924 16:28:30.692279 682897 context.h:51] Bounding Box, Bottom-left: (-31.2515, 35.0275), Top-right: (68.8331, 81.3082)
I0924 16:28:30.692289 682897 context.h:58] Scaled Bounding Box, Bottom-left: (-68990107153823, -67453760698104), Top-right: (68990107153822, 67453760698103)
I0924 16:28:30.692291 682897 context.h:61] Unscaled Bounding Box, Bottom-left: (-31.2515, 35.0275), Top-right: (68.8331, 81.3082)
I0924 16:28:33.778317 682897 rt_engine.cu:282] Info: Pipeline statistics
	module(s)                            :     1
	entry function(s)                    :     2
	trace call(s)                        :     1
	continuation callable call(s)        :     0
	direct callable call(s)              :     0
	basic block(s) in entry functions    :    67
	instruction(s) in entry functions    :  1011
	non-entry function(s)                :     1
	basic block(s) in non-entry functions:     1
	instruction(s) in non-entry functions:     1
	debug information                    :    no
I0924 16:28:33.783255 682897 rt_engine.cu:282] Info: Pipeline statistics
	module(s)                            :     1
	entry function(s)                    :     2
	trace call(s)                        :     1
	continuation callable call(s)        :     0
	direct callable call(s)              :     0
	basic block(s) in entry functions    :    43
	instruction(s) in entry functions    :   831
	non-entry function(s)                :     1
	basic block(s) in non-entry functions:     1
	instruction(s) in non-entry functions:     1
	debug information                    :    no
I0924 16:28:33.783977 682897 run_query.cu:251] Queue capacity: 3724180
I0924 16:28:33.783983 682897 lsi.h:22] Queue size: 170 MB
I0924 16:28:33.797717 682897 primitive.h:252] Enlarge limit: 5 ne: 27856262 aabbs: 2149052 Compress ratio: 0.922852 Time: 13.095 ms
I0924 16:28:33.797760 682897 rt_engine.cu:397] Building AS, num prims: 2149052, Required Temp Size: 163665536 Output Size: 80407936
I0924 16:28:33.803946 682897 lsi_rt.h:50] queries: 9385547
I0924 16:28:33.803977 682897 rt_engine.h:159] Parm size: 176
I0924 16:28:33.803992 682897 rt_engine.cu:554] optixLaunch, [w,h,d] = 9385547,1,1
I0924 16:28:33.817591 682897 lsi_rt.h:50] queries: 9385547
I0924 16:28:33.817598 682897 rt_engine.h:159] Parm size: 176
I0924 16:28:33.817605 682897 rt_engine.cu:554] optixLaunch, [w,h,d] = 9385547,1,1
I0924 16:28:33.831168 682897 lsi_rt.h:50] queries: 9385547
I0924 16:28:33.831174 682897 rt_engine.h:159] Parm size: 176
I0924 16:28:33.831180 682897 rt_engine.cu:554] optixLaunch, [w,h,d] = 9385547,1,1
I0924 16:28:33.844677 682897 lsi_rt.h:50] queries: 9385547
I0924 16:28:33.844683 682897 rt_engine.h:159] Parm size: 176
I0924 16:28:33.844689 682897 rt_engine.cu:554] optixLaunch, [w,h,d] = 9385547,1,1
I0924 16:28:33.858141 682897 lsi_rt.h:50] queries: 9385547
I0924 16:28:33.858147 682897 rt_engine.h:159] Parm size: 176
I0924 16:28:33.858153 682897 rt_engine.cu:554] optixLaunch, [w,h,d] = 9385547,1,1
I0924 16:28:33.871595 682897 run_query.cu:314] Iter: 0
I0924 16:28:33.871598 682897 lsi_rt.h:50] queries: 9385547
I0924 16:28:33.871603 682897 rt_engine.h:159] Parm size: 176
I0924 16:28:33.871609 682897 rt_engine.cu:554] optixLaunch, [w,h,d] = 9385547,1,1
I0924 16:28:33.885084 682897 run_query.cu:314] Iter: 1
I0924 16:28:33.885085 682897 lsi_rt.h:50] queries: 9385547
I0924 16:28:33.885092 682897 rt_engine.h:159] Parm size: 176
I0924 16:28:33.885097 682897 rt_engine.cu:554] optixLaunch, [w,h,d] = 9385547,1,1
I0924 16:28:33.898564 682897 run_query.cu:314] Iter: 2
I0924 16:28:33.898566 682897 lsi_rt.h:50] queries: 9385547
I0924 16:28:33.898571 682897 rt_engine.h:159] Parm size: 176
I0924 16:28:33.898594 682897 rt_engine.cu:554] optixLaunch, [w,h,d] = 9385547,1,1
I0924 16:28:33.912058 682897 run_query.cu:314] Iter: 3
I0924 16:28:33.912060 682897 lsi_rt.h:50] queries: 9385547
I0924 16:28:33.912065 682897 rt_engine.h:159] Parm size: 176
I0924 16:28:33.912071 682897 rt_engine.cu:554] optixLaunch, [w,h,d] = 9385547,1,1
I0924 16:28:33.925526 682897 run_query.cu:314] Iter: 4
I0924 16:28:33.925527 682897 lsi_rt.h:50] queries: 9385547
I0924 16:28:33.925534 682897 rt_engine.h:159] Parm size: 176
I0924 16:28:33.925539 682897 rt_engine.cu:554] optixLaunch, [w,h,d] = 9385547,1,1
I0924 16:28:33.939002 682897 run_query.cu:319] Intersections: 321472 Selective: 32.1472 Queue Load Factor: 0.0863202
Timing results:
 - Read map: 707.881 ms

 - Create Context: 0.00119209 ms

 - Generate Workloads: 5325.34 ms

 - Create App: 88.105 ms

 - Init: 0.643969 ms

 - Adaptive Grouping: 13.113 ms

 - Build Index: 6.21295 ms

 - Warmup: 67.6501 ms

 - Query: 13.4824 ms

 - Cleanup: 253.303 ms

