/local/storage/liang/.clion/RayJoin/cmake-build-release-dl190/bin/query_exec -poly1 /local/storage/liang/Downloads/Datasets/point_cdb/lakes/South_America/lakes_South_America_Point.cdb              -poly2 /local/storage/liang/Downloads/Datasets/point_cdb/parks/South_America/parks_South_America_Point.cdb              -serialize=/dev/shm              -mode=rt              -v=1              -query=lsi              -seed=1              -xsect_factor 0.1              -sample_map_id=1              -sample=map              -sample_rate=0.9              -warmup=5              -repeat=5              -enlarge=5
I0924 16:33:10.467420 685476 planar_graph.h:216] Map /dev/shm/-local-storage-liang-Downloads-Datasets-point_cdb-lakes-South_America-lakes_South_America_Point.cdb.bin is deserialized, chains: 43757 points: 2418375 edges: 2374618
I0924 16:33:10.540655 685476 planar_graph.h:216] Map /dev/shm/-local-storage-liang-Downloads-Datasets-point_cdb-parks-South_America-parks_South_America_Point.cdb.bin is deserialized, chains: 85371 points: 3264379 edges: 3179008
I0924 16:33:10.540668 685476 run_query.cu:184] Sampling map, sample rate: 0.9, seed: 1
I0924 16:33:10.652096 685476 planar_graph.h:310] Map is sampled, chains: 85371 points: 2917591 edges: 2832220
I0924 16:33:10.656081 685476 run_query.cu:213] After sampling , edges: 2832220
I0924 16:33:10.656122 685476 context.h:51] Bounding Box, Bottom-left: (-92.6829, -55.9828), Top-right: (-34.788, 12.5803)
I0924 16:33:10.656129 685476 context.h:58] Scaled Bounding Box, Bottom-left: (-68019003758318, -68374252432450), Top-right: (68019003758317, 68374252432449)
I0924 16:33:10.656131 685476 context.h:61] Unscaled Bounding Box, Bottom-left: (-92.6829, -55.9828), Top-right: (-34.788, 12.5803)
I0924 16:33:11.136518 685476 rt_engine.cu:282] Info: Pipeline statistics
	module(s)                            :     1
	entry function(s)                    :     2
	trace call(s)                        :     1
	continuation callable call(s)        :     0
	direct callable call(s)              :     0
	basic block(s) in entry functions    :    67
	instruction(s) in entry functions    :  1011
	non-entry function(s)                :     1
	basic block(s) in non-entry functions:     1
	instruction(s) in non-entry functions:     1
	debug information                    :    no
I0924 16:33:11.141356 685476 rt_engine.cu:282] Info: Pipeline statistics
	module(s)                            :     1
	entry function(s)                    :     2
	trace call(s)                        :     1
	continuation callable call(s)        :     0
	direct callable call(s)              :     0
	basic block(s) in entry functions    :    43
	instruction(s) in entry functions    :   831
	non-entry function(s)                :     1
	basic block(s) in non-entry functions:     1
	instruction(s) in non-entry functions:     1
	debug information                    :    no
I0924 16:33:11.141570 685476 run_query.cu:251] Queue capacity: 520683
I0924 16:33:11.141577 685476 lsi.h:22] Queue size: 23 MB
I0924 16:33:11.142982 685476 primitive.h:252] Enlarge limit: 5 ne: 2374618 aabbs: 158882 Compress ratio: 0.933092 Time: 1.268 ms
I0924 16:33:11.143046 685476 rt_engine.cu:397] Building AS, num prims: 158882, Required Temp Size: 12102016 Output Size: 5947392
I0924 16:33:11.143944 685476 lsi_rt.h:50] queries: 2832220
I0924 16:33:11.143973 685476 rt_engine.h:159] Parm size: 176
I0924 16:33:11.143986 685476 rt_engine.cu:554] optixLaunch, [w,h,d] = 2832220,1,1
I0924 16:33:11.145552 685476 lsi_rt.h:50] queries: 2832220
I0924 16:33:11.145560 685476 rt_engine.h:159] Parm size: 176
I0924 16:33:11.145565 685476 rt_engine.cu:554] optixLaunch, [w,h,d] = 2832220,1,1
I0924 16:33:11.147078 685476 lsi_rt.h:50] queries: 2832220
I0924 16:33:11.147084 685476 rt_engine.h:159] Parm size: 176
I0924 16:33:11.147091 685476 rt_engine.cu:554] optixLaunch, [w,h,d] = 2832220,1,1
I0924 16:33:11.148598 685476 lsi_rt.h:50] queries: 2832220
I0924 16:33:11.148605 685476 rt_engine.h:159] Parm size: 176
I0924 16:33:11.148612 685476 rt_engine.cu:554] optixLaunch, [w,h,d] = 2832220,1,1
I0924 16:33:11.150116 685476 lsi_rt.h:50] queries: 2832220
I0924 16:33:11.150123 685476 rt_engine.h:159] Parm size: 176
I0924 16:33:11.150130 685476 rt_engine.cu:554] optixLaunch, [w,h,d] = 2832220,1,1
I0924 16:33:11.151635 685476 run_query.cu:314] Iter: 0
I0924 16:33:11.151638 685476 lsi_rt.h:50] queries: 2832220
I0924 16:33:11.151643 685476 rt_engine.h:159] Parm size: 176
I0924 16:33:11.151648 685476 rt_engine.cu:554] optixLaunch, [w,h,d] = 2832220,1,1
I0924 16:33:11.153168 685476 run_query.cu:314] Iter: 1
I0924 16:33:11.153170 685476 lsi_rt.h:50] queries: 2832220
I0924 16:33:11.153177 685476 rt_engine.h:159] Parm size: 176
I0924 16:33:11.153182 685476 rt_engine.cu:554] optixLaunch, [w,h,d] = 2832220,1,1
I0924 16:33:11.154692 685476 run_query.cu:314] Iter: 2
I0924 16:33:11.154695 685476 lsi_rt.h:50] queries: 2832220
I0924 16:33:11.154700 685476 rt_engine.h:159] Parm size: 176
I0924 16:33:11.154722 685476 rt_engine.cu:554] optixLaunch, [w,h,d] = 2832220,1,1
I0924 16:33:11.156224 685476 run_query.cu:314] Iter: 3
I0924 16:33:11.156225 685476 lsi_rt.h:50] queries: 2832220
I0924 16:33:11.156231 685476 rt_engine.h:159] Parm size: 176
I0924 16:33:11.156237 685476 rt_engine.cu:554] optixLaunch, [w,h,d] = 2832220,1,1
I0924 16:33:11.157739 685476 run_query.cu:314] Iter: 4
I0924 16:33:11.157742 685476 lsi_rt.h:50] queries: 2832220
I0924 16:33:11.157747 685476 rt_engine.h:159] Parm size: 176
I0924 16:33:11.157753 685476 rt_engine.cu:554] optixLaunch, [w,h,d] = 2832220,1,1
I0924 16:33:11.159255 685476 run_query.cu:319] Intersections: 23625 Selective: 2.3625 Queue Load Factor: 0.0453731
Timing results:
 - Read map: 133.198 ms

 - Create Context: 0 ms

 - Generate Workloads: 607.264 ms

 - Create App: 66.6621 ms

 - Init: 0.141859 ms

 - Adaptive Grouping: 1.28508 ms

 - Build Index: 0.945091 ms

 - Warmup: 7.69281 ms

 - Query: 1.52483 ms

 - Cleanup: 52.1369 ms

