/local/storage/liang/.clion/RayJoin/cmake-build-release-dl190/bin/query_exec -poly1 /local/storage/liang/Downloads/Datasets/point_cdb/lakes/Asia/lakes_Asia_Point.cdb              -poly2 /local/storage/liang/Downloads/Datasets/point_cdb/parks/Asia/parks_Asia_Point.cdb              -serialize=/dev/shm              -mode=rt              -v=1              -query=lsi              -seed=1              -xsect_factor 0.1              -sample_map_id=1              -sample=map              -sample_rate=0.5              -warmup=5              -repeat=5              -enlarge=5
I0924 16:30:20.825299 683966 planar_graph.h:216] Map /dev/shm/-local-storage-liang-Downloads-Datasets-point_cdb-lakes-Asia-lakes_Asia_Point.cdb.bin is deserialized, chains: 194573 points: 10541220 edges: 10346647
I0924 16:30:21.091516 683966 planar_graph.h:216] Map /dev/shm/-local-storage-liang-Downloads-Datasets-point_cdb-parks-Asia-parks_Asia_Point.cdb.bin is deserialized, chains: 277198 points: 12209639 edges: 11932441
I0924 16:30:21.091527 683966 run_query.cu:184] Sampling map, sample rate: 0.5, seed: 1
I0924 16:30:21.350476 683966 planar_graph.h:310] Map is sampled, chains: 277198 points: 6249999 edges: 5972801
I0924 16:30:21.363696 683966 run_query.cu:213] After sampling , edges: 5972801
I0924 16:30:21.363721 683966 context.h:51] Bounding Box, Bottom-left: (-179.972, -10.8197), Top-right: (179.984, 81.2255)
I0924 16:30:21.363729 683966 context.h:58] Scaled Bounding Box, Bottom-left: (-69979919611218, -68872256062147), Top-right: (69979919611217, 68872256062146)
I0924 16:30:21.363731 683966 context.h:61] Unscaled Bounding Box, Bottom-left: (-179.972, -10.8197), Top-right: (179.984, 81.2255)
I0924 16:30:22.637679 683966 rt_engine.cu:282] Info: Pipeline statistics
	module(s)                            :     1
	entry function(s)                    :     2
	trace call(s)                        :     1
	continuation callable call(s)        :     0
	direct callable call(s)              :     0
	basic block(s) in entry functions    :    67
	instruction(s) in entry functions    :  1011
	non-entry function(s)                :     1
	basic block(s) in non-entry functions:     1
	instruction(s) in non-entry functions:     1
	debug information                    :    no
I0924 16:30:22.642585 683966 rt_engine.cu:282] Info: Pipeline statistics
	module(s)                            :     1
	entry function(s)                    :     2
	trace call(s)                        :     1
	continuation callable call(s)        :     0
	direct callable call(s)              :     0
	basic block(s) in entry functions    :    43
	instruction(s) in entry functions    :   831
	non-entry function(s)                :     1
	basic block(s) in non-entry functions:     1
	instruction(s) in non-entry functions:     1
	debug information                    :    no
I0924 16:30:22.642848 683966 run_query.cu:251] Queue capacity: 1631944
I0924 16:30:22.642853 683966 lsi.h:22] Queue size: 74 MB
I0924 16:30:22.648821 683966 primitive.h:252] Enlarge limit: 5 ne: 10346647 aabbs: 762458 Compress ratio: 0.926309 Time: 5.585 ms
I0924 16:30:22.648862 683966 rt_engine.cu:397] Building AS, num prims: 762458, Required Temp Size: 58067968 Output Size: 28529536
I0924 16:30:22.651473 683966 lsi_rt.h:50] queries: 5972801
I0924 16:30:22.651501 683966 rt_engine.h:159] Parm size: 176
I0924 16:30:22.651515 683966 rt_engine.cu:554] optixLaunch, [w,h,d] = 5972801,1,1
I0924 16:30:22.656067 683966 lsi_rt.h:50] queries: 5972801
I0924 16:30:22.656075 683966 rt_engine.h:159] Parm size: 176
I0924 16:30:22.656081 683966 rt_engine.cu:554] optixLaunch, [w,h,d] = 5972801,1,1
I0924 16:30:22.660538 683966 lsi_rt.h:50] queries: 5972801
I0924 16:30:22.660544 683966 rt_engine.h:159] Parm size: 176
I0924 16:30:22.660550 683966 rt_engine.cu:554] optixLaunch, [w,h,d] = 5972801,1,1
I0924 16:30:22.665004 683966 lsi_rt.h:50] queries: 5972801
I0924 16:30:22.665011 683966 rt_engine.h:159] Parm size: 176
I0924 16:30:22.665017 683966 rt_engine.cu:554] optixLaunch, [w,h,d] = 5972801,1,1
I0924 16:30:22.669452 683966 lsi_rt.h:50] queries: 5972801
I0924 16:30:22.669458 683966 rt_engine.h:159] Parm size: 176
I0924 16:30:22.669464 683966 rt_engine.cu:554] optixLaunch, [w,h,d] = 5972801,1,1
I0924 16:30:22.673887 683966 run_query.cu:314] Iter: 0
I0924 16:30:22.673889 683966 lsi_rt.h:50] queries: 5972801
I0924 16:30:22.673895 683966 rt_engine.h:159] Parm size: 176
I0924 16:30:22.673902 683966 rt_engine.cu:554] optixLaunch, [w,h,d] = 5972801,1,1
I0924 16:30:22.678335 683966 run_query.cu:314] Iter: 1
I0924 16:30:22.678337 683966 lsi_rt.h:50] queries: 5972801
I0924 16:30:22.678344 683966 rt_engine.h:159] Parm size: 176
I0924 16:30:22.678349 683966 rt_engine.cu:554] optixLaunch, [w,h,d] = 5972801,1,1
I0924 16:30:22.682783 683966 run_query.cu:314] Iter: 2
I0924 16:30:22.682785 683966 lsi_rt.h:50] queries: 5972801
I0924 16:30:22.682791 683966 rt_engine.h:159] Parm size: 176
I0924 16:30:22.682813 683966 rt_engine.cu:554] optixLaunch, [w,h,d] = 5972801,1,1
I0924 16:30:22.687249 683966 run_query.cu:314] Iter: 3
I0924 16:30:22.687250 683966 lsi_rt.h:50] queries: 5972801
I0924 16:30:22.687256 683966 rt_engine.h:159] Parm size: 176
I0924 16:30:22.687263 683966 rt_engine.cu:554] optixLaunch, [w,h,d] = 5972801,1,1
I0924 16:30:22.691696 683966 run_query.cu:314] Iter: 4
I0924 16:30:22.691699 683966 lsi_rt.h:50] queries: 5972801
I0924 16:30:22.691704 683966 rt_engine.h:159] Parm size: 176
I0924 16:30:22.691710 683966 rt_engine.cu:554] optixLaunch, [w,h,d] = 5972801,1,1
I0924 16:30:22.696148 683966 run_query.cu:319] Intersections: 83769 Selective: 8.3769 Queue Load Factor: 0.0513308
Timing results:
 - Read map: 296.319 ms

 - Create Context: 0 ms

 - Generate Workloads: 1728.94 ms

 - Create App: 88.4242 ms

 - Init: 0.386953 ms

 - Adaptive Grouping: 5.60284 ms

 - Build Index: 2.63715 ms

 - Warmup: 22.4149 ms

 - Query: 4.45323 ms

 - Cleanup: 121.524 ms

