/local/storage/liang/.clion/RayJoin/cmake-build-release-dl190/bin/query_exec -poly1 /local/storage/liang/Downloads/Datasets/point_cdb/lakes/North_America/lakes_North_America_Point.cdb              -poly2 /local/storage/liang/Downloads/Datasets/point_cdb/parks/North_America/parks_North_America_Point.cdb              -serialize=/dev/shm              -mode=rt              -v=1              -query=lsi              -seed=1              -xsect_factor 0.1              -sample_map_id=1              -sample=map              -sample_rate=0.9              -warmup=5              -repeat=5              -enlarge=5
I0924 16:33:00.252234 685396 planar_graph.h:216] Map /dev/shm/-local-storage-liang-Downloads-Datasets-point_cdb-lakes-North_America-lakes_North_America_Point.cdb.bin is deserialized, chains: 1910184 points: 69273661 edges: 67363477
I0924 16:33:00.845100 685396 planar_graph.h:216] Map /dev/shm/-local-storage-liang-Downloads-Datasets-point_cdb-parks-North_America-parks_North_America_Point.cdb.bin is deserialized, chains: 603325 points: 27465008 edges: 26861683
I0924 16:33:00.845113 685396 run_query.cu:184] Sampling map, sample rate: 0.9, seed: 1
I0924 16:33:01.718277 685396 planar_graph.h:310] Map is sampled, chains: 603325 points: 24583736 edges: 23980411
I0924 16:33:01.745323 685396 run_query.cu:213] After sampling , edges: 23980411
I0924 16:33:01.745374 685396 context.h:51] Bounding Box, Bottom-left: (-178.058, 7.22476), Top-right: (-45.5203, 71.2885)
I0924 16:33:01.745383 685396 context.h:58] Scaled Bounding Box, Bottom-left: (-69322661103167, -68238415890814), Top-right: (69322661103166, 68238415890813)
I0924 16:33:01.745385 685396 context.h:61] Unscaled Bounding Box, Bottom-left: (-178.058, 7.22476), Top-right: (-45.5203, 71.2885)
I0924 16:33:09.208827 685396 rt_engine.cu:282] Info: Pipeline statistics
	module(s)                            :     1
	entry function(s)                    :     2
	trace call(s)                        :     1
	continuation callable call(s)        :     0
	direct callable call(s)              :     0
	basic block(s) in entry functions    :    67
	instruction(s) in entry functions    :  1011
	non-entry function(s)                :     1
	basic block(s) in non-entry functions:     1
	instruction(s) in non-entry functions:     1
	debug information                    :    no
I0924 16:33:09.213765 685396 rt_engine.cu:282] Info: Pipeline statistics
	module(s)                            :     1
	entry function(s)                    :     2
	trace call(s)                        :     1
	continuation callable call(s)        :     0
	direct callable call(s)              :     0
	basic block(s) in entry functions    :    43
	instruction(s) in entry functions    :   831
	non-entry function(s)                :     1
	basic block(s) in non-entry functions:     1
	instruction(s) in non-entry functions:     1
	debug information                    :    no
I0924 16:33:09.214497 685396 run_query.cu:251] Queue capacity: 9134389
I0924 16:33:09.214504 685396 lsi.h:22] Queue size: 418 MB
I0924 16:33:09.251331 685396 primitive.h:252] Enlarge limit: 5 ne: 67363477 aabbs: 4933878 Compress ratio: 0.926757 Time: 35.248 ms
I0924 16:33:09.251400 685396 rt_engine.cu:397] Building AS, num prims: 4933878, Required Temp Size: 375747712 Output Size: 184600064
I0924 16:33:09.265195 685396 lsi_rt.h:50] queries: 23980411
I0924 16:33:09.265251 685396 rt_engine.h:159] Parm size: 176
I0924 16:33:09.265265 685396 rt_engine.cu:554] optixLaunch, [w,h,d] = 23980411,1,1
I0924 16:33:09.308612 685396 lsi_rt.h:50] queries: 23980411
I0924 16:33:09.308620 685396 rt_engine.h:159] Parm size: 176
I0924 16:33:09.308627 685396 rt_engine.cu:554] optixLaunch, [w,h,d] = 23980411,1,1
I0924 16:33:09.351701 685396 lsi_rt.h:50] queries: 23980411
I0924 16:33:09.351708 685396 rt_engine.h:159] Parm size: 176
I0924 16:33:09.351738 685396 rt_engine.cu:554] optixLaunch, [w,h,d] = 23980411,1,1
I0924 16:33:09.394748 685396 lsi_rt.h:50] queries: 23980411
I0924 16:33:09.394754 685396 rt_engine.h:159] Parm size: 176
I0924 16:33:09.394762 685396 rt_engine.cu:554] optixLaunch, [w,h,d] = 23980411,1,1
I0924 16:33:09.435740 685396 lsi_rt.h:50] queries: 23980411
I0924 16:33:09.435746 685396 rt_engine.h:159] Parm size: 176
I0924 16:33:09.435752 685396 rt_engine.cu:554] optixLaunch, [w,h,d] = 23980411,1,1
I0924 16:33:09.475142 685396 run_query.cu:314] Iter: 0
I0924 16:33:09.475143 685396 lsi_rt.h:50] queries: 23980411
I0924 16:33:09.475149 685396 rt_engine.h:159] Parm size: 176
I0924 16:33:09.475155 685396 rt_engine.cu:554] optixLaunch, [w,h,d] = 23980411,1,1
I0924 16:33:09.514245 685396 run_query.cu:314] Iter: 1
I0924 16:33:09.514247 685396 lsi_rt.h:50] queries: 23980411
I0924 16:33:09.514252 685396 rt_engine.h:159] Parm size: 176
I0924 16:33:09.514259 685396 rt_engine.cu:554] optixLaunch, [w,h,d] = 23980411,1,1
I0924 16:33:09.553277 685396 run_query.cu:314] Iter: 2
I0924 16:33:09.553278 685396 lsi_rt.h:50] queries: 23980411
I0924 16:33:09.553328 685396 rt_engine.h:159] Parm size: 176
I0924 16:33:09.553333 685396 rt_engine.cu:554] optixLaunch, [w,h,d] = 23980411,1,1
I0924 16:33:09.592356 685396 run_query.cu:314] Iter: 3
I0924 16:33:09.592358 685396 lsi_rt.h:50] queries: 23980411
I0924 16:33:09.592365 685396 rt_engine.h:159] Parm size: 176
I0924 16:33:09.592394 685396 rt_engine.cu:554] optixLaunch, [w,h,d] = 23980411,1,1
I0924 16:33:09.631433 685396 run_query.cu:314] Iter: 4
I0924 16:33:09.631434 685396 lsi_rt.h:50] queries: 23980411
I0924 16:33:09.631440 685396 rt_engine.h:159] Parm size: 176
I0924 16:33:09.631469 685396 rt_engine.cu:554] optixLaunch, [w,h,d] = 23980411,1,1
I0924 16:33:09.670651 685396 run_query.cu:319] Intersections: 1491346 Selective: 149.135 Queue Load Factor: 0.163267
Timing results:
 - Read map: 1602.38 ms

 - Create Context: 0.000953674 ms

 - Generate Workloads: 8888 ms

 - Create App: 74.0631 ms

 - Init: 1.58501 ms

 - Adaptive Grouping: 35.269 ms

 - Build Index: 13.845 ms

 - Warmup: 209.948 ms

 - Query: 39.1028 ms

 - Cleanup: 539.564 ms

