/local/storage/liang/.clion/RayJoin/cmake-build-release-dl190/bin/query_exec -poly1 /local/storage/liang/Downloads/Datasets/point_cdb/lakes/Europe/lakes_Europe_Point.cdb              -poly2 /local/storage/liang/Downloads/Datasets/point_cdb/parks/Europe/parks_Europe_Point.cdb              -serialize=/dev/shm              -mode=rt              -v=1              -query=lsi              -seed=1              -xsect_factor 0.1              -sample_map_id=1              -sample=map              -sample_rate=0.7              -warmup=5              -repeat=5              -enlarge=5
I0924 16:31:31.495294 684622 planar_graph.h:216] Map /dev/shm/-local-storage-liang-Downloads-Datasets-point_cdb-lakes-Europe-lakes_Europe_Point.cdb.bin is deserialized, chains: 831264 points: 28687526 edges: 27856262
I0924 16:31:33.097230 684622 planar_graph.h:216] Map /dev/shm/-local-storage-liang-Downloads-Datasets-point_cdb-parks-Europe-parks_Europe_Point.cdb.bin is deserialized, chains: 3299874 points: 69273661 edges: 65973787
I0924 16:31:33.097244 684622 run_query.cu:184] Sampling map, sample rate: 0.7, seed: 1
I0924 16:31:34.685485 684622 planar_graph.h:310] Map is sampled, chains: 3299874 points: 48675312 edges: 45375438
I0924 16:31:34.755977 684622 run_query.cu:213] After sampling , edges: 45375438
I0924 16:31:34.756034 684622 context.h:51] Bounding Box, Bottom-left: (-31.2515, 35.0264), Top-right: (68.8331, 81.3082)
I0924 16:31:34.756045 684622 context.h:58] Scaled Bounding Box, Bottom-left: (-68990108085658, -67453826808029), Top-right: (68990108085657, 67453826808028)
I0924 16:31:34.756047 684622 context.h:61] Unscaled Bounding Box, Bottom-left: (-31.2515, 35.0264), Top-right: (68.8331, 81.3082)
I0924 16:31:40.291352 684622 rt_engine.cu:282] Info: Pipeline statistics
	module(s)                            :     1
	entry function(s)                    :     2
	trace call(s)                        :     1
	continuation callable call(s)        :     0
	direct callable call(s)              :     0
	basic block(s) in entry functions    :    67
	instruction(s) in entry functions    :  1011
	non-entry function(s)                :     1
	basic block(s) in non-entry functions:     1
	instruction(s) in non-entry functions:     1
	debug information                    :    no
I0924 16:31:40.296321 684622 rt_engine.cu:282] Info: Pipeline statistics
	module(s)                            :     1
	entry function(s)                    :     2
	trace call(s)                        :     1
	continuation callable call(s)        :     0
	direct callable call(s)              :     0
	basic block(s) in entry functions    :    43
	instruction(s) in entry functions    :   831
	non-entry function(s)                :     1
	basic block(s) in non-entry functions:     1
	instruction(s) in non-entry functions:     1
	debug information                    :    no
I0924 16:31:40.297080 684622 run_query.cu:251] Queue capacity: 7323169
I0924 16:31:40.297087 684622 lsi.h:22] Queue size: 335 MB
I0924 16:31:40.311472 684622 primitive.h:252] Enlarge limit: 5 ne: 27856262 aabbs: 2149052 Compress ratio: 0.922852 Time: 13.207 ms
I0924 16:31:40.311540 684622 rt_engine.cu:397] Building AS, num prims: 2149052, Required Temp Size: 163665536 Output Size: 80407936
I0924 16:31:40.317706 684622 lsi_rt.h:50] queries: 45375438
I0924 16:31:40.317760 684622 rt_engine.h:159] Parm size: 176
I0924 16:31:40.317775 684622 rt_engine.cu:554] optixLaunch, [w,h,d] = 45375438,1,1
I0924 16:31:40.347244 684622 lsi_rt.h:50] queries: 45375438
I0924 16:31:40.347252 684622 rt_engine.h:159] Parm size: 176
I0924 16:31:40.347282 684622 rt_engine.cu:554] optixLaunch, [w,h,d] = 45375438,1,1
I0924 16:31:40.376763 684622 lsi_rt.h:50] queries: 45375438
I0924 16:31:40.376770 684622 rt_engine.h:159] Parm size: 176
I0924 16:31:40.376776 684622 rt_engine.cu:554] optixLaunch, [w,h,d] = 45375438,1,1
I0924 16:31:40.405989 684622 lsi_rt.h:50] queries: 45375438
I0924 16:31:40.405995 684622 rt_engine.h:159] Parm size: 176
I0924 16:31:40.406001 684622 rt_engine.cu:554] optixLaunch, [w,h,d] = 45375438,1,1
I0924 16:31:40.435184 684622 lsi_rt.h:50] queries: 45375438
I0924 16:31:40.435189 684622 rt_engine.h:159] Parm size: 176
I0924 16:31:40.435195 684622 rt_engine.cu:554] optixLaunch, [w,h,d] = 45375438,1,1
I0924 16:31:40.464495 684622 run_query.cu:314] Iter: 0
I0924 16:31:40.464496 684622 lsi_rt.h:50] queries: 45375438
I0924 16:31:40.464502 684622 rt_engine.h:159] Parm size: 176
I0924 16:31:40.464509 684622 rt_engine.cu:554] optixLaunch, [w,h,d] = 45375438,1,1
I0924 16:31:40.493742 684622 run_query.cu:314] Iter: 1
I0924 16:31:40.493744 684622 lsi_rt.h:50] queries: 45375438
I0924 16:31:40.493749 684622 rt_engine.h:159] Parm size: 176
I0924 16:31:40.493755 684622 rt_engine.cu:554] optixLaunch, [w,h,d] = 45375438,1,1
I0924 16:31:40.522997 684622 run_query.cu:314] Iter: 2
I0924 16:31:40.523000 684622 lsi_rt.h:50] queries: 45375438
I0924 16:31:40.523047 684622 rt_engine.h:159] Parm size: 176
I0924 16:31:40.523054 684622 rt_engine.cu:554] optixLaunch, [w,h,d] = 45375438,1,1
I0924 16:31:40.552265 684622 run_query.cu:314] Iter: 3
I0924 16:31:40.552266 684622 lsi_rt.h:50] queries: 45375438
I0924 16:31:40.552273 684622 rt_engine.h:159] Parm size: 176
I0924 16:31:40.552301 684622 rt_engine.cu:554] optixLaunch, [w,h,d] = 45375438,1,1
I0924 16:31:40.581530 684622 run_query.cu:314] Iter: 4
I0924 16:31:40.581532 684622 lsi_rt.h:50] queries: 45375438
I0924 16:31:40.581537 684622 rt_engine.h:159] Parm size: 176
I0924 16:31:40.581543 684622 rt_engine.cu:554] optixLaunch, [w,h,d] = 45375438,1,1
I0924 16:31:40.610821 684622 run_query.cu:319] Intersections: 496011 Selective: 49.6011 Queue Load Factor: 0.0677317
Timing results:
 - Read map: 685.599 ms

 - Create Context: 0 ms

 - Generate Workloads: 8702.6 ms

 - Create App: 98.9931 ms

 - Init: 1.18303 ms

 - Adaptive Grouping: 13.2248 ms

 - Build Index: 6.217 ms

 - Warmup: 146.79 ms

 - Query: 29.2662 ms

 - Cleanup: 477.128 ms

