/local/storage/liang/.clion/RayJoin/cmake-build-release-dl190/bin/query_exec -poly1 /local/storage/liang/Downloads/Datasets/point_cdb/lakes/Europe/lakes_Europe_Point.cdb              -poly2 /local/storage/liang/Downloads/Datasets/point_cdb/parks/Europe/parks_Europe_Point.cdb              -serialize=/dev/shm              -mode=rt              -v=1              -query=lsi              -seed=1              -xsect_factor 0.1              -sample_map_id=1              -sample=map              -sample_rate=1.0              -warmup=5              -repeat=5              -enlarge=5
I0924 16:33:27.636723 685656 planar_graph.h:216] Map /dev/shm/-local-storage-liang-Downloads-Datasets-point_cdb-lakes-Europe-lakes_Europe_Point.cdb.bin is deserialized, chains: 831264 points: 28687526 edges: 27856262
I0924 16:33:29.243687 685656 planar_graph.h:216] Map /dev/shm/-local-storage-liang-Downloads-Datasets-point_cdb-parks-Europe-parks_Europe_Point.cdb.bin is deserialized, chains: 3299874 points: 69273661 edges: 65973787
I0924 16:33:29.243701 685656 run_query.cu:184] Sampling map, sample rate: 1, seed: 1
I0924 16:33:31.672763 685656 planar_graph.h:310] Map is sampled, chains: 3299874 points: 69273661 edges: 65973787
I0924 16:33:31.742822 685656 run_query.cu:213] After sampling , edges: 65973787
I0924 16:33:31.742856 685656 context.h:51] Bounding Box, Bottom-left: (-31.2515, 35.0264), Top-right: (68.8331, 81.3082)
I0924 16:33:31.742867 685656 context.h:58] Scaled Bounding Box, Bottom-left: (-68990108085658, -67453827351386), Top-right: (68990108085657, 67453827351385)
I0924 16:33:31.742869 685656 context.h:61] Unscaled Bounding Box, Bottom-left: (-31.2515, 35.0264), Top-right: (68.8331, 81.3082)
I0924 16:33:39.253679 685656 rt_engine.cu:282] Info: Pipeline statistics
	module(s)                            :     1
	entry function(s)                    :     2
	trace call(s)                        :     1
	continuation callable call(s)        :     0
	direct callable call(s)              :     0
	basic block(s) in entry functions    :    67
	instruction(s) in entry functions    :  1011
	non-entry function(s)                :     1
	basic block(s) in non-entry functions:     1
	instruction(s) in non-entry functions:     1
	debug information                    :    no
I0924 16:33:39.258659 685656 rt_engine.cu:282] Info: Pipeline statistics
	module(s)                            :     1
	entry function(s)                    :     2
	trace call(s)                        :     1
	continuation callable call(s)        :     0
	direct callable call(s)              :     0
	basic block(s) in entry functions    :    43
	instruction(s) in entry functions    :   831
	non-entry function(s)                :     1
	basic block(s) in non-entry functions:     1
	instruction(s) in non-entry functions:     1
	debug information                    :    no
I0924 16:33:39.259402 685656 run_query.cu:251] Queue capacity: 9383005
I0924 16:33:39.259408 685656 lsi.h:22] Queue size: 429 MB
I0924 16:33:39.274123 685656 primitive.h:252] Enlarge limit: 5 ne: 27856262 aabbs: 2149052 Compress ratio: 0.922852 Time: 13.239 ms
I0924 16:33:39.274168 685656 rt_engine.cu:397] Building AS, num prims: 2149052, Required Temp Size: 163665536 Output Size: 80407936
I0924 16:33:39.280395 685656 lsi_rt.h:50] queries: 65973787
I0924 16:33:39.280426 685656 rt_engine.h:159] Parm size: 176
I0924 16:33:39.280440 685656 rt_engine.cu:554] optixLaunch, [w,h,d] = 65973787,1,1
I0924 16:33:39.316100 685656 lsi_rt.h:50] queries: 65973787
I0924 16:33:39.316107 685656 rt_engine.h:159] Parm size: 176
I0924 16:33:39.316114 685656 rt_engine.cu:554] optixLaunch, [w,h,d] = 65973787,1,1
I0924 16:33:39.351802 685656 lsi_rt.h:50] queries: 65973787
I0924 16:33:39.351809 685656 rt_engine.h:159] Parm size: 176
I0924 16:33:39.351815 685656 rt_engine.cu:554] optixLaunch, [w,h,d] = 65973787,1,1
I0924 16:33:39.387430 685656 lsi_rt.h:50] queries: 65973787
I0924 16:33:39.387437 685656 rt_engine.h:159] Parm size: 176
I0924 16:33:39.387444 685656 rt_engine.cu:554] optixLaunch, [w,h,d] = 65973787,1,1
I0924 16:33:39.423007 685656 lsi_rt.h:50] queries: 65973787
I0924 16:33:39.423012 685656 rt_engine.h:159] Parm size: 176
I0924 16:33:39.423018 685656 rt_engine.cu:554] optixLaunch, [w,h,d] = 65973787,1,1
I0924 16:33:39.458568 685656 run_query.cu:314] Iter: 0
I0924 16:33:39.458570 685656 lsi_rt.h:50] queries: 65973787
I0924 16:33:39.458575 685656 rt_engine.h:159] Parm size: 176
I0924 16:33:39.458581 685656 rt_engine.cu:554] optixLaunch, [w,h,d] = 65973787,1,1
I0924 16:33:39.494158 685656 run_query.cu:314] Iter: 1
I0924 16:33:39.494159 685656 lsi_rt.h:50] queries: 65973787
I0924 16:33:39.494165 685656 rt_engine.h:159] Parm size: 176
I0924 16:33:39.494171 685656 rt_engine.cu:554] optixLaunch, [w,h,d] = 65973787,1,1
I0924 16:33:39.529747 685656 run_query.cu:314] Iter: 2
I0924 16:33:39.529748 685656 lsi_rt.h:50] queries: 65973787
I0924 16:33:39.529772 685656 rt_engine.h:159] Parm size: 176
I0924 16:33:39.529778 685656 rt_engine.cu:554] optixLaunch, [w,h,d] = 65973787,1,1
I0924 16:33:39.565353 685656 run_query.cu:314] Iter: 3
I0924 16:33:39.565356 685656 lsi_rt.h:50] queries: 65973787
I0924 16:33:39.565361 685656 rt_engine.h:159] Parm size: 176
I0924 16:33:39.565367 685656 rt_engine.cu:554] optixLaunch, [w,h,d] = 65973787,1,1
I0924 16:33:39.600939 685656 run_query.cu:314] Iter: 4
I0924 16:33:39.600941 685656 lsi_rt.h:50] queries: 65973787
I0924 16:33:39.600947 685656 rt_engine.h:159] Parm size: 176
I0924 16:33:39.600953 685656 rt_engine.cu:554] optixLaunch, [w,h,d] = 65973787,1,1
I0924 16:33:39.636543 685656 run_query.cu:319] Intersections: 278461 Selective: 27.8461 Queue Load Factor: 0.0296772
Timing results:
 - Read map: 675.471 ms

 - Create Context: 0.000953674 ms

 - Generate Workloads: 11540.9 ms

 - Create App: 81.599 ms

 - Init: 1.48106 ms

 - Adaptive Grouping: 13.258 ms

 - Build Index: 6.2561 ms

 - Warmup: 178.173 ms

 - Query: 35.5958 ms

 - Cleanup: 644.015 ms

