/local/storage/liang/.clion/RayJoin/cmake-build-release-dl190/bin/query_exec -poly1 /local/storage/liang/Downloads/Datasets/point_cdb/lakes/Africa/lakes_Africa_Point.cdb              -poly2 /local/storage/liang/Downloads/Datasets/point_cdb/parks/Africa/parks_Africa_Point.cdb              -serialize=/dev/shm              -mode=rt              -v=1              -query=lsi              -seed=1              -xsect_factor 0.1              -sample_map_id=1              -sample=map              -sample_rate=0.5              -warmup=5              -repeat=5              -enlarge=5
I0924 16:30:20.109678 683954 planar_graph.h:216] Map /dev/shm/-local-storage-liang-Downloads-Datasets-point_cdb-lakes-Africa-lakes_Africa_Point.cdb.bin is deserialized, chains: 27178 points: 1872496 edges: 1845318
I0924 16:30:20.141016 683954 planar_graph.h:216] Map /dev/shm/-local-storage-liang-Downloads-Datasets-point_cdb-parks-Africa-parks_Africa_Point.cdb.bin is deserialized, chains: 41991 points: 1358103 edges: 1316112
I0924 16:30:20.141027 683954 run_query.cu:184] Sampling map, sample rate: 0.5, seed: 1
I0924 16:30:20.168275 683954 planar_graph.h:310] Map is sampled, chains: 41991 points: 698969 edges: 656978
I0924 16:30:20.169943 683954 run_query.cu:213] After sampling , edges: 656978
I0924 16:30:20.169963 683954 context.h:51] Bounding Box, Bottom-left: (-25.2135, -34.7852), Top-right: (63.4371, 37.3454)
I0924 16:30:20.169971 683954 context.h:58] Scaled Bounding Box, Bottom-left: (-68816216588847, -68470236108486), Top-right: (68816216588846, 68470236108485)
I0924 16:30:20.169972 683954 context.h:61] Unscaled Bounding Box, Bottom-left: (-25.2135, -34.7852), Top-right: (63.4371, 37.3454)
I0924 16:30:20.456949 683954 rt_engine.cu:282] Info: Pipeline statistics
	module(s)                            :     1
	entry function(s)                    :     2
	trace call(s)                        :     1
	continuation callable call(s)        :     0
	direct callable call(s)              :     0
	basic block(s) in entry functions    :    67
	instruction(s) in entry functions    :  1011
	non-entry function(s)                :     1
	basic block(s) in non-entry functions:     1
	instruction(s) in non-entry functions:     1
	debug information                    :    no
I0924 16:30:20.461843 683954 rt_engine.cu:282] Info: Pipeline statistics
	module(s)                            :     1
	entry function(s)                    :     2
	trace call(s)                        :     1
	continuation callable call(s)        :     0
	direct callable call(s)              :     0
	basic block(s) in entry functions    :    43
	instruction(s) in entry functions    :   831
	non-entry function(s)                :     1
	basic block(s) in non-entry functions:     1
	instruction(s) in non-entry functions:     1
	debug information                    :    no
I0924 16:30:20.462090 683954 run_query.cu:251] Queue capacity: 250229
I0924 16:30:20.462095 683954 lsi.h:22] Queue size: 11 MB
I0924 16:30:20.463203 683954 primitive.h:252] Enlarge limit: 5 ne: 1845318 aabbs: 118595 Compress ratio: 0.935732 Time: 1.009 ms
I0924 16:30:20.463243 683954 rt_engine.cu:397] Building AS, num prims: 118595, Required Temp Size: 9033728 Output Size: 4440064
I0924 16:30:20.463996 683954 lsi_rt.h:50] queries: 656978
I0924 16:30:20.464025 683954 rt_engine.h:159] Parm size: 176
I0924 16:30:20.464037 683954 rt_engine.cu:554] optixLaunch, [w,h,d] = 656978,1,1
I0924 16:30:20.464710 683954 lsi_rt.h:50] queries: 656978
I0924 16:30:20.464717 683954 rt_engine.h:159] Parm size: 176
I0924 16:30:20.464725 683954 rt_engine.cu:554] optixLaunch, [w,h,d] = 656978,1,1
I0924 16:30:20.465343 683954 lsi_rt.h:50] queries: 656978
I0924 16:30:20.465349 683954 rt_engine.h:159] Parm size: 176
I0924 16:30:20.465356 683954 rt_engine.cu:554] optixLaunch, [w,h,d] = 656978,1,1
I0924 16:30:20.465957 683954 lsi_rt.h:50] queries: 656978
I0924 16:30:20.465963 683954 rt_engine.h:159] Parm size: 176
I0924 16:30:20.465970 683954 rt_engine.cu:554] optixLaunch, [w,h,d] = 656978,1,1
I0924 16:30:20.466593 683954 lsi_rt.h:50] queries: 656978
I0924 16:30:20.466600 683954 rt_engine.h:159] Parm size: 176
I0924 16:30:20.466606 683954 rt_engine.cu:554] optixLaunch, [w,h,d] = 656978,1,1
I0924 16:30:20.467227 683954 run_query.cu:314] Iter: 0
I0924 16:30:20.467229 683954 lsi_rt.h:50] queries: 656978
I0924 16:30:20.467234 683954 rt_engine.h:159] Parm size: 176
I0924 16:30:20.467240 683954 rt_engine.cu:554] optixLaunch, [w,h,d] = 656978,1,1
I0924 16:30:20.467854 683954 run_query.cu:314] Iter: 1
I0924 16:30:20.467855 683954 lsi_rt.h:50] queries: 656978
I0924 16:30:20.467861 683954 rt_engine.h:159] Parm size: 176
I0924 16:30:20.467867 683954 rt_engine.cu:554] optixLaunch, [w,h,d] = 656978,1,1
I0924 16:30:20.468477 683954 run_query.cu:314] Iter: 2
I0924 16:30:20.468479 683954 lsi_rt.h:50] queries: 656978
I0924 16:30:20.468485 683954 rt_engine.h:159] Parm size: 176
I0924 16:30:20.468508 683954 rt_engine.cu:554] optixLaunch, [w,h,d] = 656978,1,1
I0924 16:30:20.469125 683954 run_query.cu:314] Iter: 3
I0924 16:30:20.469127 683954 lsi_rt.h:50] queries: 656978
I0924 16:30:20.469132 683954 rt_engine.h:159] Parm size: 176
I0924 16:30:20.469139 683954 rt_engine.cu:554] optixLaunch, [w,h,d] = 656978,1,1
I0924 16:30:20.469740 683954 run_query.cu:314] Iter: 4
I0924 16:30:20.469743 683954 lsi_rt.h:50] queries: 656978
I0924 16:30:20.469748 683954 rt_engine.h:159] Parm size: 176
I0924 16:30:20.469754 683954 rt_engine.cu:554] optixLaunch, [w,h,d] = 656978,1,1
I0924 16:30:20.470372 683954 run_query.cu:319] Intersections: 10741 Selective: 1.0741 Queue Load Factor: 0.0429247
Timing results:
 - Read map: 108.042 ms

 - Create Context: 0.000953674 ms

 - Generate Workloads: 269.264 ms

 - Create App: 82.9282 ms

 - Init: 0.103951 ms

 - Adaptive Grouping: 1.02496 ms

 - Build Index: 0.77796 ms

 - Warmup: 3.23105 ms

 - Query: 0.629997 ms

 - Cleanup: 33.2949 ms

