/local/storage/liang/.clion/RayJoin/cmake-build-release-dl190/bin/query_exec -poly1 /local/storage/liang/Downloads/Datasets/point_cdb/lakes/South_America/lakes_South_America_Point.cdb              -poly2 /local/storage/liang/Downloads/Datasets/point_cdb/parks/South_America/parks_South_America_Point.cdb              -serialize=/dev/shm              -mode=rt              -v=1              -query=lsi              -seed=1              -xsect_factor 0.1              -sample_map_id=1              -sample=map              -sample_rate=0.8              -warmup=5              -repeat=5              -enlarge=5
I0924 16:32:30.329272 685123 planar_graph.h:216] Map /dev/shm/-local-storage-liang-Downloads-Datasets-point_cdb-lakes-South_America-lakes_South_America_Point.cdb.bin is deserialized, chains: 43757 points: 2418375 edges: 2374618
I0924 16:32:30.401959 685123 planar_graph.h:216] Map /dev/shm/-local-storage-liang-Downloads-Datasets-point_cdb-parks-South_America-parks_South_America_Point.cdb.bin is deserialized, chains: 85371 points: 3264379 edges: 3179008
I0924 16:32:30.401971 685123 run_query.cu:184] Sampling map, sample rate: 0.8, seed: 1
I0924 16:32:30.505174 685123 planar_graph.h:310] Map is sampled, chains: 85371 points: 2608958 edges: 2523587
I0924 16:32:30.509174 685123 run_query.cu:213] After sampling , edges: 2523587
I0924 16:32:30.509191 685123 context.h:51] Bounding Box, Bottom-left: (-92.6829, -55.9828), Top-right: (-34.788, 12.5803)
I0924 16:32:30.509198 685123 context.h:58] Scaled Bounding Box, Bottom-left: (-68019003758318, -68374252432450), Top-right: (68019003758317, 68374252432449)
I0924 16:32:30.509200 685123 context.h:61] Unscaled Bounding Box, Bottom-left: (-92.6829, -55.9828), Top-right: (-34.788, 12.5803)
I0924 16:32:30.911945 685123 rt_engine.cu:282] Info: Pipeline statistics
	module(s)                            :     1
	entry function(s)                    :     2
	trace call(s)                        :     1
	continuation callable call(s)        :     0
	direct callable call(s)              :     0
	basic block(s) in entry functions    :    67
	instruction(s) in entry functions    :  1011
	non-entry function(s)                :     1
	basic block(s) in non-entry functions:     1
	instruction(s) in non-entry functions:     1
	debug information                    :    no
I0924 16:32:30.916821 685123 rt_engine.cu:282] Info: Pipeline statistics
	module(s)                            :     1
	entry function(s)                    :     2
	trace call(s)                        :     1
	continuation callable call(s)        :     0
	direct callable call(s)              :     0
	basic block(s) in entry functions    :    43
	instruction(s) in entry functions    :   831
	non-entry function(s)                :     1
	basic block(s) in non-entry functions:     1
	instruction(s) in non-entry functions:     1
	debug information                    :    no
I0924 16:32:30.917048 685123 run_query.cu:251] Queue capacity: 489820
I0924 16:32:30.917053 685123 lsi.h:22] Queue size: 22 MB
I0924 16:32:30.918531 685123 primitive.h:252] Enlarge limit: 5 ne: 2374618 aabbs: 158882 Compress ratio: 0.933092 Time: 1.329 ms
I0924 16:32:30.918572 685123 rt_engine.cu:397] Building AS, num prims: 158882, Required Temp Size: 12102016 Output Size: 5947392
I0924 16:32:30.919414 685123 lsi_rt.h:50] queries: 2523587
I0924 16:32:30.919441 685123 rt_engine.h:159] Parm size: 176
I0924 16:32:30.919454 685123 rt_engine.cu:554] optixLaunch, [w,h,d] = 2523587,1,1
I0924 16:32:30.920945 685123 lsi_rt.h:50] queries: 2523587
I0924 16:32:30.920953 685123 rt_engine.h:159] Parm size: 176
I0924 16:32:30.920959 685123 rt_engine.cu:554] optixLaunch, [w,h,d] = 2523587,1,1
I0924 16:32:30.922399 685123 lsi_rt.h:50] queries: 2523587
I0924 16:32:30.922405 685123 rt_engine.h:159] Parm size: 176
I0924 16:32:30.922412 685123 rt_engine.cu:554] optixLaunch, [w,h,d] = 2523587,1,1
I0924 16:32:30.923843 685123 lsi_rt.h:50] queries: 2523587
I0924 16:32:30.923849 685123 rt_engine.h:159] Parm size: 176
I0924 16:32:30.923856 685123 rt_engine.cu:554] optixLaunch, [w,h,d] = 2523587,1,1
I0924 16:32:30.925276 685123 lsi_rt.h:50] queries: 2523587
I0924 16:32:30.925282 685123 rt_engine.h:159] Parm size: 176
I0924 16:32:30.925288 685123 rt_engine.cu:554] optixLaunch, [w,h,d] = 2523587,1,1
I0924 16:32:30.926707 685123 run_query.cu:314] Iter: 0
I0924 16:32:30.926708 685123 lsi_rt.h:50] queries: 2523587
I0924 16:32:30.926713 685123 rt_engine.h:159] Parm size: 176
I0924 16:32:30.926719 685123 rt_engine.cu:554] optixLaunch, [w,h,d] = 2523587,1,1
I0924 16:32:30.928143 685123 run_query.cu:314] Iter: 1
I0924 16:32:30.928144 685123 lsi_rt.h:50] queries: 2523587
I0924 16:32:30.928150 685123 rt_engine.h:159] Parm size: 176
I0924 16:32:30.928156 685123 rt_engine.cu:554] optixLaunch, [w,h,d] = 2523587,1,1
I0924 16:32:30.929600 685123 run_query.cu:314] Iter: 2
I0924 16:32:30.929601 685123 lsi_rt.h:50] queries: 2523587
I0924 16:32:30.929607 685123 rt_engine.h:159] Parm size: 176
I0924 16:32:30.929643 685123 rt_engine.cu:554] optixLaunch, [w,h,d] = 2523587,1,1
I0924 16:32:30.931057 685123 run_query.cu:314] Iter: 3
I0924 16:32:30.931058 685123 lsi_rt.h:50] queries: 2523587
I0924 16:32:30.931064 685123 rt_engine.h:159] Parm size: 176
I0924 16:32:30.931071 685123 rt_engine.cu:554] optixLaunch, [w,h,d] = 2523587,1,1
I0924 16:32:30.932512 685123 run_query.cu:314] Iter: 4
I0924 16:32:30.932514 685123 lsi_rt.h:50] queries: 2523587
I0924 16:32:30.932519 685123 rt_engine.h:159] Parm size: 176
I0924 16:32:30.932525 685123 rt_engine.cu:554] optixLaunch, [w,h,d] = 2523587,1,1
I0924 16:32:30.933961 685123 run_query.cu:319] Intersections: 24307 Selective: 2.4307 Queue Load Factor: 0.0496244
Timing results:
 - Read map: 118.827 ms

 - Create Context: 0.000953674 ms

 - Generate Workloads: 523.955 ms

 - Create App: 63.6141 ms

 - Init: 0.151873 ms

 - Adaptive Grouping: 1.34706 ms

 - Build Index: 0.868082 ms

 - Warmup: 7.29299 ms

 - Query: 1.45178 ms

 - Cleanup: 49.6202 ms

