/local/storage/liang/.clion/RayJoin/cmake-build-release-dl190/bin/query_exec -poly1 /local/storage/liang/Downloads/Datasets/point_cdb/lakes/North_America/lakes_North_America_Point.cdb              -poly2 /local/storage/liang/Downloads/Datasets/point_cdb/parks/North_America/parks_North_America_Point.cdb              -serialize=/dev/shm              -mode=rt              -v=1              -query=lsi              -seed=1              -xsect_factor 0.1              -sample_map_id=1              -sample=map              -sample_rate=0.1              -warmup=5              -repeat=5              -enlarge=5
I0924 16:28:35.840453 682930 planar_graph.h:216] Map /dev/shm/-local-storage-liang-Downloads-Datasets-point_cdb-lakes-North_America-lakes_North_America_Point.cdb.bin is deserialized, chains: 1910184 points: 69273661 edges: 67363477
I0924 16:28:36.434865 682930 planar_graph.h:216] Map /dev/shm/-local-storage-liang-Downloads-Datasets-point_cdb-parks-North_America-parks_North_America_Point.cdb.bin is deserialized, chains: 603325 points: 27465008 edges: 26861683
I0924 16:28:36.434878 682930 run_query.cu:184] Sampling map, sample rate: 0.1, seed: 1
I0924 16:28:36.679639 682930 planar_graph.h:310] Map is sampled, chains: 603325 points: 3655965 edges: 3052640
I0924 16:28:36.706521 682930 run_query.cu:213] After sampling , edges: 3052640
I0924 16:28:36.706547 682930 context.h:51] Bounding Box, Bottom-left: (-178.058, 7.2273), Top-right: (-45.5205, 71.2885)
I0924 16:28:36.706554 682930 context.h:58] Scaled Bounding Box, Bottom-left: (-69322659621952, -68238333858879), Top-right: (69322659621951, 68238333858878)
I0924 16:28:36.706555 682930 context.h:61] Unscaled Bounding Box, Bottom-left: (-178.058, 7.2273), Top-right: (-45.5205, 71.2885)
I0924 16:28:42.593335 682930 rt_engine.cu:282] Info: Pipeline statistics
	module(s)                            :     1
	entry function(s)                    :     2
	trace call(s)                        :     1
	continuation callable call(s)        :     0
	direct callable call(s)              :     0
	basic block(s) in entry functions    :    67
	instruction(s) in entry functions    :  1011
	non-entry function(s)                :     1
	basic block(s) in non-entry functions:     1
	instruction(s) in non-entry functions:     1
	debug information                    :    no
I0924 16:28:42.598253 682930 rt_engine.cu:282] Info: Pipeline statistics
	module(s)                            :     1
	entry function(s)                    :     2
	trace call(s)                        :     1
	continuation callable call(s)        :     0
	direct callable call(s)              :     0
	basic block(s) in entry functions    :    43
	instruction(s) in entry functions    :   831
	non-entry function(s)                :     1
	basic block(s) in non-entry functions:     1
	instruction(s) in non-entry functions:     1
	debug information                    :    no
I0924 16:28:42.598968 682930 run_query.cu:251] Queue capacity: 7041612
I0924 16:28:42.598973 682930 lsi.h:22] Queue size: 322 MB
I0924 16:28:42.635444 682930 primitive.h:252] Enlarge limit: 5 ne: 67363477 aabbs: 4933878 Compress ratio: 0.926757 Time: 35.225 ms
I0924 16:28:42.635486 682930 rt_engine.cu:397] Building AS, num prims: 4933878, Required Temp Size: 375747712 Output Size: 184600064
I0924 16:28:42.649286 682930 lsi_rt.h:50] queries: 3052640
I0924 16:28:42.649318 682930 rt_engine.h:159] Parm size: 176
I0924 16:28:42.649331 682930 rt_engine.cu:554] optixLaunch, [w,h,d] = 3052640,1,1
I0924 16:28:42.669466 682930 lsi_rt.h:50] queries: 3052640
I0924 16:28:42.669473 682930 rt_engine.h:159] Parm size: 176
I0924 16:28:42.669481 682930 rt_engine.cu:554] optixLaunch, [w,h,d] = 3052640,1,1
I0924 16:28:42.689894 682930 lsi_rt.h:50] queries: 3052640
I0924 16:28:42.689901 682930 rt_engine.h:159] Parm size: 176
I0924 16:28:42.689908 682930 rt_engine.cu:554] optixLaunch, [w,h,d] = 3052640,1,1
I0924 16:28:42.709162 682930 lsi_rt.h:50] queries: 3052640
I0924 16:28:42.709168 682930 rt_engine.h:159] Parm size: 176
I0924 16:28:42.709174 682930 rt_engine.cu:554] optixLaunch, [w,h,d] = 3052640,1,1
I0924 16:28:42.727658 682930 lsi_rt.h:50] queries: 3052640
I0924 16:28:42.727663 682930 rt_engine.h:159] Parm size: 176
I0924 16:28:42.727669 682930 rt_engine.cu:554] optixLaunch, [w,h,d] = 3052640,1,1
I0924 16:28:42.746248 682930 run_query.cu:314] Iter: 0
I0924 16:28:42.746250 682930 lsi_rt.h:50] queries: 3052640
I0924 16:28:42.746255 682930 rt_engine.h:159] Parm size: 176
I0924 16:28:42.746263 682930 rt_engine.cu:554] optixLaunch, [w,h,d] = 3052640,1,1
I0924 16:28:42.764667 682930 run_query.cu:314] Iter: 1
I0924 16:28:42.764668 682930 lsi_rt.h:50] queries: 3052640
I0924 16:28:42.764674 682930 rt_engine.h:159] Parm size: 176
I0924 16:28:42.764680 682930 rt_engine.cu:554] optixLaunch, [w,h,d] = 3052640,1,1
I0924 16:28:42.782960 682930 run_query.cu:314] Iter: 2
I0924 16:28:42.782963 682930 lsi_rt.h:50] queries: 3052640
I0924 16:28:42.782984 682930 rt_engine.h:159] Parm size: 176
I0924 16:28:42.782990 682930 rt_engine.cu:554] optixLaunch, [w,h,d] = 3052640,1,1
I0924 16:28:42.801142 682930 run_query.cu:314] Iter: 3
I0924 16:28:42.801144 682930 lsi_rt.h:50] queries: 3052640
I0924 16:28:42.801151 682930 rt_engine.h:159] Parm size: 176
I0924 16:28:42.801156 682930 rt_engine.cu:554] optixLaunch, [w,h,d] = 3052640,1,1
I0924 16:28:42.819490 682930 run_query.cu:314] Iter: 4
I0924 16:28:42.819492 682930 lsi_rt.h:50] queries: 3052640
I0924 16:28:42.819499 682930 rt_engine.h:159] Parm size: 176
I0924 16:28:42.819504 682930 rt_engine.cu:554] optixLaunch, [w,h,d] = 3052640,1,1
I0924 16:28:42.838137 682930 run_query.cu:319] Intersections: 1005236 Selective: 100.524 Queue Load Factor: 0.142757
Timing results:
 - Read map: 1588.3 ms

 - Create Context: 0.000953674 ms

 - Generate Workloads: 6619.28 ms

 - Create App: 139.03 ms

 - Init: 1.24907 ms

 - Adaptive Grouping: 35.2449 ms

 - Build Index: 13.8261 ms

 - Warmup: 96.9629 ms

 - Query: 18.3786 ms

 - Cleanup: 409.415 ms

