/local/storage/liang/.clion/RayJoin/cmake-build-release-dl190/bin/query_exec -poly1 /local/storage/liang/Downloads/Datasets/point_cdb/lakes/North_America/lakes_North_America_Point.cdb              -poly2 /local/storage/liang/Downloads/Datasets/point_cdb/parks/North_America/parks_North_America_Point.cdb              -serialize=/dev/shm              -mode=rt              -v=1              -query=lsi              -seed=1              -xsect_factor 0.1              -sample_map_id=1              -sample=map              -sample_rate=0.7              -warmup=5              -repeat=5              -enlarge=5
I0924 16:31:42.752426 684695 planar_graph.h:216] Map /dev/shm/-local-storage-liang-Downloads-Datasets-point_cdb-lakes-North_America-lakes_North_America_Point.cdb.bin is deserialized, chains: 1910184 points: 69273661 edges: 67363477
I0924 16:31:43.343526 684695 planar_graph.h:216] Map /dev/shm/-local-storage-liang-Downloads-Datasets-point_cdb-parks-North_America-parks_North_America_Point.cdb.bin is deserialized, chains: 603325 points: 27465008 edges: 26861683
I0924 16:31:43.343539 684695 run_query.cu:184] Sampling map, sample rate: 0.7, seed: 1
I0924 16:31:44.096297 684695 planar_graph.h:310] Map is sampled, chains: 603325 points: 19239451 edges: 18636126
I0924 16:31:44.122987 684695 run_query.cu:213] After sampling , edges: 18636126
I0924 16:31:44.123023 684695 context.h:51] Bounding Box, Bottom-left: (-178.058, 7.22476), Top-right: (-45.5204, 71.2885)
I0924 16:31:44.123031 684695 context.h:58] Scaled Bounding Box, Bottom-left: (-69322660060486, -68238415890814), Top-right: (69322660060485, 68238415890813)
I0924 16:31:44.123032 684695 context.h:61] Unscaled Bounding Box, Bottom-left: (-178.058, 7.22476), Top-right: (-45.5204, 71.2885)
I0924 16:31:51.031459 684695 rt_engine.cu:282] Info: Pipeline statistics
	module(s)                            :     1
	entry function(s)                    :     2
	trace call(s)                        :     1
	continuation callable call(s)        :     0
	direct callable call(s)              :     0
	basic block(s) in entry functions    :    67
	instruction(s) in entry functions    :  1011
	non-entry function(s)                :     1
	basic block(s) in non-entry functions:     1
	instruction(s) in non-entry functions:     1
	debug information                    :    no
I0924 16:31:51.036414 684695 rt_engine.cu:282] Info: Pipeline statistics
	module(s)                            :     1
	entry function(s)                    :     2
	trace call(s)                        :     1
	continuation callable call(s)        :     0
	direct callable call(s)              :     0
	basic block(s) in entry functions    :    43
	instruction(s) in entry functions    :   831
	non-entry function(s)                :     1
	basic block(s) in non-entry functions:     1
	instruction(s) in non-entry functions:     1
	debug information                    :    no
I0924 16:31:51.037132 684695 run_query.cu:251] Queue capacity: 8599960
I0924 16:31:51.037138 684695 lsi.h:22] Queue size: 393 MB
I0924 16:31:51.073859 684695 primitive.h:252] Enlarge limit: 5 ne: 67363477 aabbs: 4933878 Compress ratio: 0.926757 Time: 35.234 ms
I0924 16:31:51.073902 684695 rt_engine.cu:397] Building AS, num prims: 4933878, Required Temp Size: 375747712 Output Size: 184600064
I0924 16:31:51.087718 684695 lsi_rt.h:50] queries: 18636126
I0924 16:31:51.087752 684695 rt_engine.h:159] Parm size: 176
I0924 16:31:51.087769 684695 rt_engine.cu:554] optixLaunch, [w,h,d] = 18636126,1,1
I0924 16:31:51.127800 684695 lsi_rt.h:50] queries: 18636126
I0924 16:31:51.127807 684695 rt_engine.h:159] Parm size: 176
I0924 16:31:51.127815 684695 rt_engine.cu:554] optixLaunch, [w,h,d] = 18636126,1,1
I0924 16:31:51.167647 684695 lsi_rt.h:50] queries: 18636126
I0924 16:31:51.167654 684695 rt_engine.h:159] Parm size: 176
I0924 16:31:51.167660 684695 rt_engine.cu:554] optixLaunch, [w,h,d] = 18636126,1,1
I0924 16:31:51.207495 684695 lsi_rt.h:50] queries: 18636126
I0924 16:31:51.207502 684695 rt_engine.h:159] Parm size: 176
I0924 16:31:51.207509 684695 rt_engine.cu:554] optixLaunch, [w,h,d] = 18636126,1,1
I0924 16:31:51.247318 684695 lsi_rt.h:50] queries: 18636126
I0924 16:31:51.247324 684695 rt_engine.h:159] Parm size: 176
I0924 16:31:51.247331 684695 rt_engine.cu:554] optixLaunch, [w,h,d] = 18636126,1,1
I0924 16:31:51.285511 684695 run_query.cu:314] Iter: 0
I0924 16:31:51.285512 684695 lsi_rt.h:50] queries: 18636126
I0924 16:31:51.285518 684695 rt_engine.h:159] Parm size: 176
I0924 16:31:51.285524 684695 rt_engine.cu:554] optixLaunch, [w,h,d] = 18636126,1,1
I0924 16:31:51.321751 684695 run_query.cu:314] Iter: 1
I0924 16:31:51.321753 684695 lsi_rt.h:50] queries: 18636126
I0924 16:31:51.321759 684695 rt_engine.h:159] Parm size: 176
I0924 16:31:51.321765 684695 rt_engine.cu:554] optixLaunch, [w,h,d] = 18636126,1,1
I0924 16:31:51.358023 684695 run_query.cu:314] Iter: 2
I0924 16:31:51.358026 684695 lsi_rt.h:50] queries: 18636126
I0924 16:31:51.358048 684695 rt_engine.h:159] Parm size: 176
I0924 16:31:51.358054 684695 rt_engine.cu:554] optixLaunch, [w,h,d] = 18636126,1,1
I0924 16:31:51.394178 684695 run_query.cu:314] Iter: 3
I0924 16:31:51.394181 684695 lsi_rt.h:50] queries: 18636126
I0924 16:31:51.394186 684695 rt_engine.h:159] Parm size: 176
I0924 16:31:51.394192 684695 rt_engine.cu:554] optixLaunch, [w,h,d] = 18636126,1,1
I0924 16:31:51.430333 684695 run_query.cu:314] Iter: 4
I0924 16:31:51.430334 684695 lsi_rt.h:50] queries: 18636126
I0924 16:31:51.430341 684695 rt_engine.h:159] Parm size: 176
I0924 16:31:51.430346 684695 rt_engine.cu:554] optixLaunch, [w,h,d] = 18636126,1,1
I0924 16:31:51.466490 684695 run_query.cu:319] Intersections: 1789389 Selective: 178.939 Queue Load Factor: 0.208069
Timing results:
 - Read map: 1608.45 ms

 - Create Context: 0.00119209 ms

 - Generate Workloads: 8141.65 ms

 - Create App: 142.849 ms

 - Init: 1.48988 ms

 - Adaptive Grouping: 35.253 ms

 - Build Index: 13.844 ms

 - Warmup: 197.793 ms

 - Query: 36.197 ms

 - Cleanup: 509.178 ms

