/local/storage/liang/.clion/RayJoin/cmake-build-release-dl190/bin/query_exec -poly1 /local/storage/liang/Downloads/Datasets/point_cdb/lakes/South_America/lakes_South_America_Point.cdb              -poly2 /local/storage/liang/Downloads/Datasets/point_cdb/parks/South_America/parks_South_America_Point.cdb              -serialize=/dev/shm              -mode=rt              -v=1              -query=lsi              -seed=1              -xsect_factor 0.1              -sample_map_id=1              -sample=map              -sample_rate=0.6              -warmup=5              -repeat=5              -enlarge=5
I0924 16:31:16.960808 684484 planar_graph.h:216] Map /dev/shm/-local-storage-liang-Downloads-Datasets-point_cdb-lakes-South_America-lakes_South_America_Point.cdb.bin is deserialized, chains: 43757 points: 2418375 edges: 2374618
I0924 16:31:17.034782 684484 planar_graph.h:216] Map /dev/shm/-local-storage-liang-Downloads-Datasets-point_cdb-parks-South_America-parks_South_America_Point.cdb.bin is deserialized, chains: 85371 points: 3264379 edges: 3179008
I0924 16:31:17.034794 684484 run_query.cu:184] Sampling map, sample rate: 0.6, seed: 1
I0924 16:31:17.110272 684484 planar_graph.h:310] Map is sampled, chains: 85371 points: 1979799 edges: 1894428
I0924 16:31:17.114261 684484 run_query.cu:213] After sampling , edges: 1894428
I0924 16:31:17.114282 684484 context.h:51] Bounding Box, Bottom-left: (-92.6829, -55.9828), Top-right: (-34.788, 12.5803)
I0924 16:31:17.114289 684484 context.h:58] Scaled Bounding Box, Bottom-left: (-68019003758318, -68374252432450), Top-right: (68019003758317, 68374252432449)
I0924 16:31:17.114291 684484 context.h:61] Unscaled Bounding Box, Bottom-left: (-92.6829, -55.9828), Top-right: (-34.788, 12.5803)
I0924 16:31:17.505136 684484 rt_engine.cu:282] Info: Pipeline statistics
	module(s)                            :     1
	entry function(s)                    :     2
	trace call(s)                        :     1
	continuation callable call(s)        :     0
	direct callable call(s)              :     0
	basic block(s) in entry functions    :    67
	instruction(s) in entry functions    :  1011
	non-entry function(s)                :     1
	basic block(s) in non-entry functions:     1
	instruction(s) in non-entry functions:     1
	debug information                    :    no
I0924 16:31:17.510000 684484 rt_engine.cu:282] Info: Pipeline statistics
	module(s)                            :     1
	entry function(s)                    :     2
	trace call(s)                        :     1
	continuation callable call(s)        :     0
	direct callable call(s)              :     0
	basic block(s) in entry functions    :    43
	instruction(s) in entry functions    :   831
	non-entry function(s)                :     1
	basic block(s) in non-entry functions:     1
	instruction(s) in non-entry functions:     1
	debug information                    :    no
I0924 16:31:17.510248 684484 run_query.cu:251] Queue capacity: 426904
I0924 16:31:17.510254 684484 lsi.h:22] Queue size: 19 MB
I0924 16:31:17.511713 684484 primitive.h:252] Enlarge limit: 5 ne: 2374618 aabbs: 158882 Compress ratio: 0.933092 Time: 1.292 ms
I0924 16:31:17.511754 684484 rt_engine.cu:397] Building AS, num prims: 158882, Required Temp Size: 12102016 Output Size: 5947392
I0924 16:31:17.512617 684484 lsi_rt.h:50] queries: 1894428
I0924 16:31:17.512645 684484 rt_engine.h:159] Parm size: 176
I0924 16:31:17.512660 684484 rt_engine.cu:554] optixLaunch, [w,h,d] = 1894428,1,1
I0924 16:31:17.513999 684484 lsi_rt.h:50] queries: 1894428
I0924 16:31:17.514006 684484 rt_engine.h:159] Parm size: 176
I0924 16:31:17.514014 684484 rt_engine.cu:554] optixLaunch, [w,h,d] = 1894428,1,1
I0924 16:31:17.515290 684484 lsi_rt.h:50] queries: 1894428
I0924 16:31:17.515295 684484 rt_engine.h:159] Parm size: 176
I0924 16:31:17.515302 684484 rt_engine.cu:554] optixLaunch, [w,h,d] = 1894428,1,1
I0924 16:31:17.516564 684484 lsi_rt.h:50] queries: 1894428
I0924 16:31:17.516570 684484 rt_engine.h:159] Parm size: 176
I0924 16:31:17.516577 684484 rt_engine.cu:554] optixLaunch, [w,h,d] = 1894428,1,1
I0924 16:31:17.517845 684484 lsi_rt.h:50] queries: 1894428
I0924 16:31:17.517851 684484 rt_engine.h:159] Parm size: 176
I0924 16:31:17.517858 684484 rt_engine.cu:554] optixLaunch, [w,h,d] = 1894428,1,1
I0924 16:31:17.519125 684484 run_query.cu:314] Iter: 0
I0924 16:31:17.519126 684484 lsi_rt.h:50] queries: 1894428
I0924 16:31:17.519132 684484 rt_engine.h:159] Parm size: 176
I0924 16:31:17.519138 684484 rt_engine.cu:554] optixLaunch, [w,h,d] = 1894428,1,1
I0924 16:31:17.520426 684484 run_query.cu:314] Iter: 1
I0924 16:31:17.520426 684484 lsi_rt.h:50] queries: 1894428
I0924 16:31:17.520432 684484 rt_engine.h:159] Parm size: 176
I0924 16:31:17.520438 684484 rt_engine.cu:554] optixLaunch, [w,h,d] = 1894428,1,1
I0924 16:31:17.521697 684484 run_query.cu:314] Iter: 2
I0924 16:31:17.521699 684484 lsi_rt.h:50] queries: 1894428
I0924 16:31:17.521705 684484 rt_engine.h:159] Parm size: 176
I0924 16:31:17.521728 684484 rt_engine.cu:554] optixLaunch, [w,h,d] = 1894428,1,1
I0924 16:31:17.522994 684484 run_query.cu:314] Iter: 3
I0924 16:31:17.522996 684484 lsi_rt.h:50] queries: 1894428
I0924 16:31:17.523002 684484 rt_engine.h:159] Parm size: 176
I0924 16:31:17.523008 684484 rt_engine.cu:554] optixLaunch, [w,h,d] = 1894428,1,1
I0924 16:31:17.524288 684484 run_query.cu:314] Iter: 4
I0924 16:31:17.524289 684484 lsi_rt.h:50] queries: 1894428
I0924 16:31:17.524295 684484 rt_engine.h:159] Parm size: 176
I0924 16:31:17.524302 684484 rt_engine.cu:554] optixLaunch, [w,h,d] = 1894428,1,1
I0924 16:31:17.525585 684484 run_query.cu:319] Intersections: 24003 Selective: 2.4003 Queue Load Factor: 0.0562258
Timing results:
 - Read map: 119.588 ms

 - Create Context: 0.000953674 ms

 - Generate Workloads: 470.055 ms

 - Create App: 79.1509 ms

 - Init: 0.170946 ms

 - Adaptive Grouping: 1.31011 ms

 - Build Index: 0.889063 ms

 - Warmup: 6.50787 ms

 - Query: 1.29299 ms

 - Cleanup: 42.6321 ms

