/local/storage/liang/.clion/RayJoin/cmake-build-release-dl190/bin/query_exec -poly1 /local/storage/liang/Downloads/Datasets/point_cdb/lakes/Asia/lakes_Asia_Point.cdb              -poly2 /local/storage/liang/Downloads/Datasets/point_cdb/parks/Asia/parks_Asia_Point.cdb              -serialize=/dev/shm              -mode=rt              -v=1              -query=lsi              -seed=1              -xsect_factor 0.1              -sample_map_id=1              -sample=map              -sample_rate=0.3              -warmup=5              -repeat=5              -enlarge=5
I0924 16:29:19.879292 683395 planar_graph.h:216] Map /dev/shm/-local-storage-liang-Downloads-Datasets-point_cdb-lakes-Asia-lakes_Asia_Point.cdb.bin is deserialized, chains: 194573 points: 10541220 edges: 10346647
I0924 16:29:20.145535 683395 planar_graph.h:216] Map /dev/shm/-local-storage-liang-Downloads-Datasets-point_cdb-parks-Asia-parks_Asia_Point.cdb.bin is deserialized, chains: 277198 points: 12209639 edges: 11932441
I0924 16:29:20.145546 683395 run_query.cu:184] Sampling map, sample rate: 0.3, seed: 1
I0924 16:29:20.325202 683395 planar_graph.h:310] Map is sampled, chains: 277198 points: 3896029 edges: 3618831
I0924 16:29:20.338196 683395 run_query.cu:213] After sampling , edges: 3618831
I0924 16:29:20.338218 683395 context.h:51] Bounding Box, Bottom-left: (-179.972, -10.8197), Top-right: (179.984, 81.2255)
I0924 16:29:20.338227 683395 context.h:58] Scaled Bounding Box, Bottom-left: (-69979919611218, -68872256062147), Top-right: (69979919611217, 68872256062146)
I0924 16:29:20.338228 683395 context.h:61] Unscaled Bounding Box, Bottom-left: (-179.972, -10.8197), Top-right: (179.984, 81.2255)
I0924 16:29:21.403986 683395 rt_engine.cu:282] Info: Pipeline statistics
	module(s)                            :     1
	entry function(s)                    :     2
	trace call(s)                        :     1
	continuation callable call(s)        :     0
	direct callable call(s)              :     0
	basic block(s) in entry functions    :    67
	instruction(s) in entry functions    :  1011
	non-entry function(s)                :     1
	basic block(s) in non-entry functions:     1
	instruction(s) in non-entry functions:     1
	debug information                    :    no
I0924 16:29:21.408871 683395 rt_engine.cu:282] Info: Pipeline statistics
	module(s)                            :     1
	entry function(s)                    :     2
	trace call(s)                        :     1
	continuation callable call(s)        :     0
	direct callable call(s)              :     0
	basic block(s) in entry functions    :    43
	instruction(s) in entry functions    :   831
	non-entry function(s)                :     1
	basic block(s) in non-entry functions:     1
	instruction(s) in non-entry functions:     1
	debug information                    :    no
I0924 16:29:21.409094 683395 run_query.cu:251] Queue capacity: 1396547
I0924 16:29:21.409099 683395 lsi.h:22] Queue size: 63 MB
I0924 16:29:21.414984 683395 primitive.h:252] Enlarge limit: 5 ne: 10346647 aabbs: 762458 Compress ratio: 0.926309 Time: 5.554 ms
I0924 16:29:21.415026 683395 rt_engine.cu:397] Building AS, num prims: 762458, Required Temp Size: 58067968 Output Size: 28529536
I0924 16:29:21.417611 683395 lsi_rt.h:50] queries: 3618831
I0924 16:29:21.417639 683395 rt_engine.h:159] Parm size: 176
I0924 16:29:21.417652 683395 rt_engine.cu:554] optixLaunch, [w,h,d] = 3618831,1,1
I0924 16:29:21.421315 683395 lsi_rt.h:50] queries: 3618831
I0924 16:29:21.421322 683395 rt_engine.h:159] Parm size: 176
I0924 16:29:21.421329 683395 rt_engine.cu:554] optixLaunch, [w,h,d] = 3618831,1,1
I0924 16:29:21.424918 683395 lsi_rt.h:50] queries: 3618831
I0924 16:29:21.424925 683395 rt_engine.h:159] Parm size: 176
I0924 16:29:21.424932 683395 rt_engine.cu:554] optixLaunch, [w,h,d] = 3618831,1,1
I0924 16:29:21.428484 683395 lsi_rt.h:50] queries: 3618831
I0924 16:29:21.428490 683395 rt_engine.h:159] Parm size: 176
I0924 16:29:21.428496 683395 rt_engine.cu:554] optixLaunch, [w,h,d] = 3618831,1,1
I0924 16:29:21.432085 683395 lsi_rt.h:50] queries: 3618831
I0924 16:29:21.432091 683395 rt_engine.h:159] Parm size: 176
I0924 16:29:21.432098 683395 rt_engine.cu:554] optixLaunch, [w,h,d] = 3618831,1,1
I0924 16:29:21.435678 683395 run_query.cu:314] Iter: 0
I0924 16:29:21.435679 683395 lsi_rt.h:50] queries: 3618831
I0924 16:29:21.435685 683395 rt_engine.h:159] Parm size: 176
I0924 16:29:21.435691 683395 rt_engine.cu:554] optixLaunch, [w,h,d] = 3618831,1,1
I0924 16:29:21.439283 683395 run_query.cu:314] Iter: 1
I0924 16:29:21.439285 683395 lsi_rt.h:50] queries: 3618831
I0924 16:29:21.439291 683395 rt_engine.h:159] Parm size: 176
I0924 16:29:21.439297 683395 rt_engine.cu:554] optixLaunch, [w,h,d] = 3618831,1,1
I0924 16:29:21.442874 683395 run_query.cu:314] Iter: 2
I0924 16:29:21.442876 683395 lsi_rt.h:50] queries: 3618831
I0924 16:29:21.442883 683395 rt_engine.h:159] Parm size: 176
I0924 16:29:21.442904 683395 rt_engine.cu:554] optixLaunch, [w,h,d] = 3618831,1,1
I0924 16:29:21.446460 683395 run_query.cu:314] Iter: 3
I0924 16:29:21.446461 683395 lsi_rt.h:50] queries: 3618831
I0924 16:29:21.446467 683395 rt_engine.h:159] Parm size: 176
I0924 16:29:21.446473 683395 rt_engine.cu:554] optixLaunch, [w,h,d] = 3618831,1,1
I0924 16:29:21.450053 683395 run_query.cu:314] Iter: 4
I0924 16:29:21.450055 683395 lsi_rt.h:50] queries: 3618831
I0924 16:29:21.450062 683395 rt_engine.h:159] Parm size: 176
I0924 16:29:21.450067 683395 rt_engine.cu:554] optixLaunch, [w,h,d] = 3618831,1,1
I0924 16:29:21.453642 683395 run_query.cu:319] Intersections: 76159 Selective: 7.6159 Queue Load Factor: 0.0545338
Timing results:
 - Read map: 300.318 ms

 - Create Context: 0 ms

 - Generate Workloads: 1448.96 ms

 - Create App: 80.6441 ms

 - Init: 0.333786 ms

 - Adaptive Grouping: 5.57208 ms

 - Build Index: 2.61092 ms

 - Warmup: 18.0671 ms

 - Query: 3.59359 ms

 - Cleanup: 100.749 ms

