/local/storage/liang/.clion/RayJoin/cmake-build-release-dl190/bin/query_exec -poly1 /local/storage/liang/Downloads/Datasets/point_cdb/lakes/Europe/lakes_Europe_Point.cdb              -poly2 /local/storage/liang/Downloads/Datasets/point_cdb/parks/Europe/parks_Europe_Point.cdb              -serialize=/dev/shm              -mode=rt              -v=1              -query=lsi              -seed=1              -xsect_factor 0.1              -sample_map_id=1              -sample=map              -sample_rate=0.3              -warmup=5              -repeat=5              -enlarge=5
I0924 16:29:22.675073 683418 planar_graph.h:216] Map /dev/shm/-local-storage-liang-Downloads-Datasets-point_cdb-lakes-Europe-lakes_Europe_Point.cdb.bin is deserialized, chains: 831264 points: 28687526 edges: 27856262
I0924 16:29:24.278357 683418 planar_graph.h:216] Map /dev/shm/-local-storage-liang-Downloads-Datasets-point_cdb-parks-Europe-parks_Europe_Point.cdb.bin is deserialized, chains: 3299874 points: 69273661 edges: 65973787
I0924 16:29:24.278367 683418 run_query.cu:184] Sampling map, sample rate: 0.3, seed: 1
I0924 16:29:25.220254 683418 planar_graph.h:310] Map is sampled, chains: 3299874 points: 23696816 edges: 20396942
I0924 16:29:25.291738 683418 run_query.cu:213] After sampling , edges: 20396942
I0924 16:29:25.291769 683418 context.h:51] Bounding Box, Bottom-left: (-31.2515, 35.0275), Top-right: (68.8331, 81.3082)
I0924 16:29:25.291779 683418 context.h:58] Scaled Bounding Box, Bottom-left: (-68990107153823, -67453760698104), Top-right: (68990107153822, 67453760698103)
I0924 16:29:25.291780 683418 context.h:61] Unscaled Bounding Box, Bottom-left: (-31.2515, 35.0275), Top-right: (68.8331, 81.3082)
I0924 16:29:29.160313 683418 rt_engine.cu:282] Info: Pipeline statistics
	module(s)                            :     1
	entry function(s)                    :     2
	trace call(s)                        :     1
	continuation callable call(s)        :     0
	direct callable call(s)              :     0
	basic block(s) in entry functions    :    67
	instruction(s) in entry functions    :  1011
	non-entry function(s)                :     1
	basic block(s) in non-entry functions:     1
	instruction(s) in non-entry functions:     1
	debug information                    :    no
I0924 16:29:29.165210 683418 rt_engine.cu:282] Info: Pipeline statistics
	module(s)                            :     1
	entry function(s)                    :     2
	trace call(s)                        :     1
	continuation callable call(s)        :     0
	direct callable call(s)              :     0
	basic block(s) in entry functions    :    43
	instruction(s) in entry functions    :   831
	non-entry function(s)                :     1
	basic block(s) in non-entry functions:     1
	instruction(s) in non-entry functions:     1
	debug information                    :    no
I0924 16:29:29.165936 683418 run_query.cu:251] Queue capacity: 4825320
I0924 16:29:29.165942 683418 lsi.h:22] Queue size: 220 MB
I0924 16:29:29.181550 683418 primitive.h:252] Enlarge limit: 5 ne: 27856262 aabbs: 2149052 Compress ratio: 0.922852 Time: 14.714 ms
I0924 16:29:29.181592 683418 rt_engine.cu:397] Building AS, num prims: 2149052, Required Temp Size: 163665536 Output Size: 80407936
I0924 16:29:29.188115 683418 lsi_rt.h:50] queries: 20396942
I0924 16:29:29.188149 683418 rt_engine.h:159] Parm size: 176
I0924 16:29:29.188164 683418 rt_engine.cu:554] optixLaunch, [w,h,d] = 20396942,1,1
I0924 16:29:29.210295 683418 lsi_rt.h:50] queries: 20396942
I0924 16:29:29.210302 683418 rt_engine.h:159] Parm size: 176
I0924 16:29:29.210309 683418 rt_engine.cu:554] optixLaunch, [w,h,d] = 20396942,1,1
I0924 16:29:29.232311 683418 lsi_rt.h:50] queries: 20396942
I0924 16:29:29.232317 683418 rt_engine.h:159] Parm size: 176
I0924 16:29:29.232323 683418 rt_engine.cu:554] optixLaunch, [w,h,d] = 20396942,1,1
I0924 16:29:29.254323 683418 lsi_rt.h:50] queries: 20396942
I0924 16:29:29.254328 683418 rt_engine.h:159] Parm size: 176
I0924 16:29:29.254334 683418 rt_engine.cu:554] optixLaunch, [w,h,d] = 20396942,1,1
I0924 16:29:29.276333 683418 lsi_rt.h:50] queries: 20396942
I0924 16:29:29.276340 683418 rt_engine.h:159] Parm size: 176
I0924 16:29:29.276345 683418 rt_engine.cu:554] optixLaunch, [w,h,d] = 20396942,1,1
I0924 16:29:29.296679 683418 run_query.cu:314] Iter: 0
I0924 16:29:29.296680 683418 lsi_rt.h:50] queries: 20396942
I0924 16:29:29.296685 683418 rt_engine.h:159] Parm size: 176
I0924 16:29:29.296691 683418 rt_engine.cu:554] optixLaunch, [w,h,d] = 20396942,1,1
I0924 16:29:29.316501 683418 run_query.cu:314] Iter: 1
I0924 16:29:29.316502 683418 lsi_rt.h:50] queries: 20396942
I0924 16:29:29.316509 683418 rt_engine.h:159] Parm size: 176
I0924 16:29:29.316514 683418 rt_engine.cu:554] optixLaunch, [w,h,d] = 20396942,1,1
I0924 16:29:29.336292 683418 run_query.cu:314] Iter: 2
I0924 16:29:29.336294 683418 lsi_rt.h:50] queries: 20396942
I0924 16:29:29.336315 683418 rt_engine.h:159] Parm size: 176
I0924 16:29:29.336323 683418 rt_engine.cu:554] optixLaunch, [w,h,d] = 20396942,1,1
I0924 16:29:29.355980 683418 run_query.cu:314] Iter: 3
I0924 16:29:29.355981 683418 lsi_rt.h:50] queries: 20396942
I0924 16:29:29.355988 683418 rt_engine.h:159] Parm size: 176
I0924 16:29:29.355993 683418 rt_engine.cu:554] optixLaunch, [w,h,d] = 20396942,1,1
I0924 16:29:29.375650 683418 run_query.cu:314] Iter: 4
I0924 16:29:29.375653 683418 lsi_rt.h:50] queries: 20396942
I0924 16:29:29.375658 683418 rt_engine.h:159] Parm size: 176
I0924 16:29:29.375663 683418 rt_engine.cu:554] optixLaunch, [w,h,d] = 20396942,1,1
I0924 16:29:29.395320 683418 run_query.cu:319] Intersections: 480296 Selective: 48.0296 Queue Load Factor: 0.0995366
Timing results:
 - Read map: 699.565 ms

 - Create Context: 0.000953674 ms

 - Generate Workloads: 6400.36 ms

 - Create App: 90.281 ms

 - Init: 0.896931 ms

 - Adaptive Grouping: 14.7331 ms

 - Build Index: 6.54984 ms

 - Warmup: 108.563 ms

 - Query: 19.7294 ms

 - Cleanup: 322.78 ms

