/local/storage/liang/.clion/RayJoin/cmake-build-release-dl190/bin/query_exec -poly1 /local/storage/liang/Downloads/Datasets/point_cdb/lakes/South_America/lakes_South_America_Point.cdb              -poly2 /local/storage/liang/Downloads/Datasets/point_cdb/parks/South_America/parks_South_America_Point.cdb              -serialize=/dev/shm              -mode=rt              -v=1              -query=lsi              -seed=1              -xsect_factor 0.1              -sample_map_id=1              -sample=map              -sample_rate=1.0              -warmup=5              -repeat=5              -enlarge=5
I0924 16:33:52.422631 685832 planar_graph.h:216] Map /dev/shm/-local-storage-liang-Downloads-Datasets-point_cdb-lakes-South_America-lakes_South_America_Point.cdb.bin is deserialized, chains: 43757 points: 2418375 edges: 2374618
I0924 16:33:52.495604 685832 planar_graph.h:216] Map /dev/shm/-local-storage-liang-Downloads-Datasets-point_cdb-parks-South_America-parks_South_America_Point.cdb.bin is deserialized, chains: 85371 points: 3264379 edges: 3179008
I0924 16:33:52.495615 685832 run_query.cu:184] Sampling map, sample rate: 1, seed: 1
I0924 16:33:52.615566 685832 planar_graph.h:310] Map is sampled, chains: 85371 points: 3264379 edges: 3179008
I0924 16:33:52.619670 685832 run_query.cu:213] After sampling , edges: 3179008
I0924 16:33:52.619695 685832 context.h:51] Bounding Box, Bottom-left: (-92.6829, -55.9828), Top-right: (-34.788, 12.5803)
I0924 16:33:52.619702 685832 context.h:58] Scaled Bounding Box, Bottom-left: (-68019003758318, -68374252432450), Top-right: (68019003758317, 68374252432449)
I0924 16:33:52.619704 685832 context.h:61] Unscaled Bounding Box, Bottom-left: (-92.6829, -55.9828), Top-right: (-34.788, 12.5803)
I0924 16:33:53.116945 685832 rt_engine.cu:282] Info: Pipeline statistics
	module(s)                            :     1
	entry function(s)                    :     2
	trace call(s)                        :     1
	continuation callable call(s)        :     0
	direct callable call(s)              :     0
	basic block(s) in entry functions    :    67
	instruction(s) in entry functions    :  1011
	non-entry function(s)                :     1
	basic block(s) in non-entry functions:     1
	instruction(s) in non-entry functions:     1
	debug information                    :    no
I0924 16:33:53.121824 685832 rt_engine.cu:282] Info: Pipeline statistics
	module(s)                            :     1
	entry function(s)                    :     2
	trace call(s)                        :     1
	continuation callable call(s)        :     0
	direct callable call(s)              :     0
	basic block(s) in entry functions    :    43
	instruction(s) in entry functions    :   831
	non-entry function(s)                :     1
	basic block(s) in non-entry functions:     1
	instruction(s) in non-entry functions:     1
	debug information                    :    no
I0924 16:33:53.122045 685832 run_query.cu:251] Queue capacity: 555362
I0924 16:33:53.122052 685832 lsi.h:22] Queue size: 25 MB
I0924 16:33:53.123466 685832 primitive.h:252] Enlarge limit: 5 ne: 2374618 aabbs: 158882 Compress ratio: 0.933092 Time: 1.265 ms
I0924 16:33:53.123510 685832 rt_engine.cu:397] Building AS, num prims: 158882, Required Temp Size: 12102016 Output Size: 5947392
I0924 16:33:53.124359 685832 lsi_rt.h:50] queries: 3179008
I0924 16:33:53.124388 685832 rt_engine.h:159] Parm size: 176
I0924 16:33:53.124401 685832 rt_engine.cu:554] optixLaunch, [w,h,d] = 3179008,1,1
I0924 16:33:53.126060 685832 lsi_rt.h:50] queries: 3179008
I0924 16:33:53.126067 685832 rt_engine.h:159] Parm size: 176
I0924 16:33:53.126073 685832 rt_engine.cu:554] optixLaunch, [w,h,d] = 3179008,1,1
I0924 16:33:53.127660 685832 lsi_rt.h:50] queries: 3179008
I0924 16:33:53.127666 685832 rt_engine.h:159] Parm size: 176
I0924 16:33:53.127673 685832 rt_engine.cu:554] optixLaunch, [w,h,d] = 3179008,1,1
I0924 16:33:53.129261 685832 lsi_rt.h:50] queries: 3179008
I0924 16:33:53.129267 685832 rt_engine.h:159] Parm size: 176
I0924 16:33:53.129273 685832 rt_engine.cu:554] optixLaunch, [w,h,d] = 3179008,1,1
I0924 16:33:53.130847 685832 lsi_rt.h:50] queries: 3179008
I0924 16:33:53.130854 685832 rt_engine.h:159] Parm size: 176
I0924 16:33:53.130860 685832 rt_engine.cu:554] optixLaunch, [w,h,d] = 3179008,1,1
I0924 16:33:53.132444 685832 run_query.cu:314] Iter: 0
I0924 16:33:53.132447 685832 lsi_rt.h:50] queries: 3179008
I0924 16:33:53.132452 685832 rt_engine.h:159] Parm size: 176
I0924 16:33:53.132458 685832 rt_engine.cu:554] optixLaunch, [w,h,d] = 3179008,1,1
I0924 16:33:53.134028 685832 run_query.cu:314] Iter: 1
I0924 16:33:53.134030 685832 lsi_rt.h:50] queries: 3179008
I0924 16:33:53.134037 685832 rt_engine.h:159] Parm size: 176
I0924 16:33:53.134042 685832 rt_engine.cu:554] optixLaunch, [w,h,d] = 3179008,1,1
I0924 16:33:53.135617 685832 run_query.cu:314] Iter: 2
I0924 16:33:53.135619 685832 lsi_rt.h:50] queries: 3179008
I0924 16:33:53.135625 685832 rt_engine.h:159] Parm size: 176
I0924 16:33:53.135648 685832 rt_engine.cu:554] optixLaunch, [w,h,d] = 3179008,1,1
I0924 16:33:53.137212 685832 run_query.cu:314] Iter: 3
I0924 16:33:53.137213 685832 lsi_rt.h:50] queries: 3179008
I0924 16:33:53.137218 685832 rt_engine.h:159] Parm size: 176
I0924 16:33:53.137225 685832 rt_engine.cu:554] optixLaunch, [w,h,d] = 3179008,1,1
I0924 16:33:53.138808 685832 run_query.cu:314] Iter: 4
I0924 16:33:53.138809 685832 lsi_rt.h:50] queries: 3179008
I0924 16:33:53.138815 685832 rt_engine.h:159] Parm size: 176
I0924 16:33:53.138821 685832 rt_engine.cu:554] optixLaunch, [w,h,d] = 3179008,1,1
I0924 16:33:53.140393 685832 run_query.cu:319] Intersections: 22383 Selective: 2.2383 Queue Load Factor: 0.0403034
Timing results:
 - Read map: 120.86 ms

 - Create Context: 0 ms

 - Generate Workloads: 632.067 ms

 - Create App: 67.1182 ms

 - Init: 0.154972 ms

 - Adaptive Grouping: 1.28198 ms

 - Build Index: 0.877857 ms

 - Warmup: 8.08501 ms

 - Query: 1.59101 ms

 - Cleanup: 53.5359 ms

