/local/storage/liang/.clion/RayJoin/cmake-build-release-dl190/bin/query_exec -poly1 /local/storage/liang/Downloads/Datasets/point_cdb/lakes/South_America/lakes_South_America_Point.cdb              -poly2 /local/storage/liang/Downloads/Datasets/point_cdb/parks/South_America/parks_South_America_Point.cdb              -serialize=/dev/shm              -mode=rt              -v=1              -query=lsi              -seed=1              -xsect_factor 0.1              -sample_map_id=1              -sample=map              -sample_rate=0.3              -warmup=5              -repeat=5              -enlarge=5
I0924 16:29:39.590636 683565 planar_graph.h:216] Map /dev/shm/-local-storage-liang-Downloads-Datasets-point_cdb-lakes-South_America-lakes_South_America_Point.cdb.bin is deserialized, chains: 43757 points: 2418375 edges: 2374618
I0924 16:29:39.663852 683565 planar_graph.h:216] Map /dev/shm/-local-storage-liang-Downloads-Datasets-point_cdb-parks-South_America-parks_South_America_Point.cdb.bin is deserialized, chains: 85371 points: 3264379 edges: 3179008
I0924 16:29:39.663864 683565 run_query.cu:184] Sampling map, sample rate: 0.3, seed: 1
I0924 16:29:39.717484 683565 planar_graph.h:310] Map is sampled, chains: 85371 points: 1054990 edges: 969619
I0924 16:29:39.721390 683565 run_query.cu:213] After sampling , edges: 969619
I0924 16:29:39.721412 683565 context.h:51] Bounding Box, Bottom-left: (-92.6829, -55.9536), Top-right: (-34.7883, 12.5803)
I0924 16:29:39.721419 683565 context.h:58] Scaled Bounding Box, Bottom-left: (-68018991067004, -68373426111067), Top-right: (68018991067003, 68373426111066)
I0924 16:29:39.721421 683565 context.h:61] Unscaled Bounding Box, Bottom-left: (-92.6829, -55.9536), Top-right: (-34.7883, 12.5803)
I0924 16:29:40.040416 683565 rt_engine.cu:282] Info: Pipeline statistics
	module(s)                            :     1
	entry function(s)                    :     2
	trace call(s)                        :     1
	continuation callable call(s)        :     0
	direct callable call(s)              :     0
	basic block(s) in entry functions    :    67
	instruction(s) in entry functions    :  1011
	non-entry function(s)                :     1
	basic block(s) in non-entry functions:     1
	instruction(s) in non-entry functions:     1
	debug information                    :    no
I0924 16:29:40.045269 683565 rt_engine.cu:282] Info: Pipeline statistics
	module(s)                            :     1
	entry function(s)                    :     2
	trace call(s)                        :     1
	continuation callable call(s)        :     0
	direct callable call(s)              :     0
	basic block(s) in entry functions    :    43
	instruction(s) in entry functions    :   831
	non-entry function(s)                :     1
	basic block(s) in non-entry functions:     1
	instruction(s) in non-entry functions:     1
	debug information                    :    no
I0924 16:29:40.045492 683565 run_query.cu:251] Queue capacity: 334423
I0924 16:29:40.045498 683565 lsi.h:22] Queue size: 15 MB
I0924 16:29:40.046890 683565 primitive.h:252] Enlarge limit: 5 ne: 2374618 aabbs: 158882 Compress ratio: 0.933092 Time: 1.271 ms
I0924 16:29:40.046944 683565 rt_engine.cu:397] Building AS, num prims: 158882, Required Temp Size: 12102016 Output Size: 5947392
I0924 16:29:40.047770 683565 lsi_rt.h:50] queries: 969619
I0924 16:29:40.047821 683565 rt_engine.h:159] Parm size: 176
I0924 16:29:40.047834 683565 rt_engine.cu:554] optixLaunch, [w,h,d] = 969619,1,1
I0924 16:29:40.048936 683565 lsi_rt.h:50] queries: 969619
I0924 16:29:40.048943 683565 rt_engine.h:159] Parm size: 176
I0924 16:29:40.048950 683565 rt_engine.cu:554] optixLaunch, [w,h,d] = 969619,1,1
I0924 16:29:40.050017 683565 lsi_rt.h:50] queries: 969619
I0924 16:29:40.050024 683565 rt_engine.h:159] Parm size: 176
I0924 16:29:40.050029 683565 rt_engine.cu:554] optixLaunch, [w,h,d] = 969619,1,1
I0924 16:29:40.051071 683565 lsi_rt.h:50] queries: 969619
I0924 16:29:40.051077 683565 rt_engine.h:159] Parm size: 176
I0924 16:29:40.051084 683565 rt_engine.cu:554] optixLaunch, [w,h,d] = 969619,1,1
I0924 16:29:40.052127 683565 lsi_rt.h:50] queries: 969619
I0924 16:29:40.052134 683565 rt_engine.h:159] Parm size: 176
I0924 16:29:40.052140 683565 rt_engine.cu:554] optixLaunch, [w,h,d] = 969619,1,1
I0924 16:29:40.053193 683565 run_query.cu:314] Iter: 0
I0924 16:29:40.053195 683565 lsi_rt.h:50] queries: 969619
I0924 16:29:40.053201 683565 rt_engine.h:159] Parm size: 176
I0924 16:29:40.053207 683565 rt_engine.cu:554] optixLaunch, [w,h,d] = 969619,1,1
I0924 16:29:40.054239 683565 run_query.cu:314] Iter: 1
I0924 16:29:40.054240 683565 lsi_rt.h:50] queries: 969619
I0924 16:29:40.054246 683565 rt_engine.h:159] Parm size: 176
I0924 16:29:40.054252 683565 rt_engine.cu:554] optixLaunch, [w,h,d] = 969619,1,1
I0924 16:29:40.055274 683565 run_query.cu:314] Iter: 2
I0924 16:29:40.055275 683565 lsi_rt.h:50] queries: 969619
I0924 16:29:40.055281 683565 rt_engine.h:159] Parm size: 176
I0924 16:29:40.055316 683565 rt_engine.cu:554] optixLaunch, [w,h,d] = 969619,1,1
I0924 16:29:40.056351 683565 run_query.cu:314] Iter: 3
I0924 16:29:40.056353 683565 lsi_rt.h:50] queries: 969619
I0924 16:29:40.056360 683565 rt_engine.h:159] Parm size: 176
I0924 16:29:40.056365 683565 rt_engine.cu:554] optixLaunch, [w,h,d] = 969619,1,1
I0924 16:29:40.057404 683565 run_query.cu:314] Iter: 4
I0924 16:29:40.057406 683565 lsi_rt.h:50] queries: 969619
I0924 16:29:40.057412 683565 rt_engine.h:159] Parm size: 176
I0924 16:29:40.057418 683565 rt_engine.cu:554] optixLaunch, [w,h,d] = 969619,1,1
I0924 16:29:40.058473 683565 run_query.cu:319] Intersections: 19940 Selective: 1.994 Queue Load Factor: 0.0596251
Timing results:
 - Read map: 126.191 ms

 - Create Context: 0 ms

 - Generate Workloads: 376.161 ms

 - Create App: 78.4879 ms

 - Init: 0.12517 ms

 - Adaptive Grouping: 1.28889 ms

 - Build Index: 0.863075 ms

 - Warmup: 5.42498 ms

 - Query: 1.05681 ms

 - Cleanup: 38.6548 ms

