/local/storage/liang/.clion/RayJoin/cmake-build-release-dl190/bin/query_exec -poly1 /local/storage/liang/Downloads/Datasets/point_cdb/lakes/Australia/lakes_Australia_Point.cdb              -poly2 /local/storage/liang/Downloads/Datasets/point_cdb/parks/Australia/parks_Australia_Point.cdb              -serialize=/dev/shm              -mode=rt              -v=1              -query=lsi              -seed=1              -xsect_factor 0.1              -sample_map_id=1              -sample=map              -sample_rate=0.7              -warmup=5              -repeat=5              -enlarge=5
I0924 16:31:30.512490 684611 planar_graph.h:216] Map /dev/shm/-local-storage-liang-Downloads-Datasets-point_cdb-lakes-Australia-lakes_Australia_Point.cdb.bin is deserialized, chains: 16702 points: 1254743 edges: 1238041
I0924 16:31:30.526437 684611 planar_graph.h:216] Map /dev/shm/-local-storage-liang-Downloads-Datasets-point_cdb-parks-Australia-parks_Australia_Point.cdb.bin is deserialized, chains: 22386 points: 589464 edges: 567078
I0924 16:31:30.526448 684611 run_query.cu:184] Sampling map, sample rate: 0.7, seed: 1
I0924 16:31:30.541375 684611 planar_graph.h:310] Map is sampled, chains: 22386 points: 414553 edges: 392167
I0924 16:31:30.542161 684611 run_query.cu:213] After sampling , edges: 392167
I0924 16:31:30.542181 684611 context.h:51] Bounding Box, Bottom-left: (112.971, -54.7384), Top-right: (158.947, -10.1168)
I0924 16:31:30.542188 684611 context.h:58] Scaled Bounding Box, Bottom-left: (-67435232688127, -67350025946940), Top-right: (67435232688126, 67350025946939)
I0924 16:31:30.542191 684611 context.h:61] Unscaled Bounding Box, Bottom-left: (112.971, -54.7384), Top-right: (158.947, -10.1168)
I0924 16:31:30.743088 684611 rt_engine.cu:282] Info: Pipeline statistics
	module(s)                            :     1
	entry function(s)                    :     2
	trace call(s)                        :     1
	continuation callable call(s)        :     0
	direct callable call(s)              :     0
	basic block(s) in entry functions    :    67
	instruction(s) in entry functions    :  1011
	non-entry function(s)                :     1
	basic block(s) in non-entry functions:     1
	instruction(s) in non-entry functions:     1
	debug information                    :    no
I0924 16:31:30.748044 684611 rt_engine.cu:282] Info: Pipeline statistics
	module(s)                            :     1
	entry function(s)                    :     2
	trace call(s)                        :     1
	continuation callable call(s)        :     0
	direct callable call(s)              :     0
	basic block(s) in entry functions    :    43
	instruction(s) in entry functions    :   831
	non-entry function(s)                :     1
	basic block(s) in non-entry functions:     1
	instruction(s) in non-entry functions:     1
	debug information                    :    no
I0924 16:31:30.748263 684611 run_query.cu:251] Queue capacity: 163020
I0924 16:31:30.748270 684611 lsi.h:22] Queue size: 7 MB
I0924 16:31:30.749204 684611 primitive.h:252] Enlarge limit: 5 ne: 1238041 aabbs: 91856 Compress ratio: 0.925805 Time: 0.821 ms
I0924 16:31:30.749245 684611 rt_engine.cu:397] Building AS, num prims: 91856, Required Temp Size: 6997248 Output Size: 3439488
I0924 16:31:30.750133 684611 lsi_rt.h:50] queries: 392167
I0924 16:31:30.750161 684611 rt_engine.h:159] Parm size: 176
I0924 16:31:30.750175 684611 rt_engine.cu:554] optixLaunch, [w,h,d] = 392167,1,1
I0924 16:31:30.750908 684611 lsi_rt.h:50] queries: 392167
I0924 16:31:30.750916 684611 rt_engine.h:159] Parm size: 176
I0924 16:31:30.750922 684611 rt_engine.cu:554] optixLaunch, [w,h,d] = 392167,1,1
I0924 16:31:30.751592 684611 lsi_rt.h:50] queries: 392167
I0924 16:31:30.751598 684611 rt_engine.h:159] Parm size: 176
I0924 16:31:30.751605 684611 rt_engine.cu:554] optixLaunch, [w,h,d] = 392167,1,1
I0924 16:31:30.752281 684611 lsi_rt.h:50] queries: 392167
I0924 16:31:30.752288 684611 rt_engine.h:159] Parm size: 176
I0924 16:31:30.752295 684611 rt_engine.cu:554] optixLaunch, [w,h,d] = 392167,1,1
I0924 16:31:30.752969 684611 lsi_rt.h:50] queries: 392167
I0924 16:31:30.752974 684611 rt_engine.h:159] Parm size: 176
I0924 16:31:30.752981 684611 rt_engine.cu:554] optixLaunch, [w,h,d] = 392167,1,1
I0924 16:31:30.753640 684611 run_query.cu:314] Iter: 0
I0924 16:31:30.753643 684611 lsi_rt.h:50] queries: 392167
I0924 16:31:30.753648 684611 rt_engine.h:159] Parm size: 176
I0924 16:31:30.753654 684611 rt_engine.cu:554] optixLaunch, [w,h,d] = 392167,1,1
I0924 16:31:30.754329 684611 run_query.cu:314] Iter: 1
I0924 16:31:30.754330 684611 lsi_rt.h:50] queries: 392167
I0924 16:31:30.754336 684611 rt_engine.h:159] Parm size: 176
I0924 16:31:30.754343 684611 rt_engine.cu:554] optixLaunch, [w,h,d] = 392167,1,1
I0924 16:31:30.755010 684611 run_query.cu:314] Iter: 2
I0924 16:31:30.755012 684611 lsi_rt.h:50] queries: 392167
I0924 16:31:30.755018 684611 rt_engine.h:159] Parm size: 176
I0924 16:31:30.755049 684611 rt_engine.cu:554] optixLaunch, [w,h,d] = 392167,1,1
I0924 16:31:30.755702 684611 run_query.cu:314] Iter: 3
I0924 16:31:30.755703 684611 lsi_rt.h:50] queries: 392167
I0924 16:31:30.755709 684611 rt_engine.h:159] Parm size: 176
I0924 16:31:30.755715 684611 rt_engine.cu:554] optixLaunch, [w,h,d] = 392167,1,1
I0924 16:31:30.756374 684611 run_query.cu:314] Iter: 4
I0924 16:31:30.756376 684611 lsi_rt.h:50] queries: 392167
I0924 16:31:30.756382 684611 rt_engine.h:159] Parm size: 176
I0924 16:31:30.756388 684611 rt_engine.cu:554] optixLaunch, [w,h,d] = 392167,1,1
I0924 16:31:30.757064 684611 run_query.cu:319] Intersections: 13389 Selective: 1.3389 Queue Load Factor: 0.082131
Timing results:
 - Read map: 100.883 ms

 - Create Context: 0 ms

 - Generate Workloads: 169.924 ms

 - Create App: 65.6419 ms

 - Init: 0.117064 ms

 - Adaptive Grouping: 0.840902 ms

 - Build Index: 0.912189 ms

 - Warmup: 3.50881 ms

 - Query: 0.685644 ms

 - Cleanup: 27.113 ms

