/local/storage/liang/.clion/RayJoin/cmake-build-release-dl190/bin/query_exec -poly1 /local/storage/liang/Downloads/Datasets/point_cdb/lakes/Asia/lakes_Asia_Point.cdb              -poly2 /local/storage/liang/Downloads/Datasets/point_cdb/parks/Asia/parks_Asia_Point.cdb              -serialize=/dev/shm              -mode=rt              -v=1              -query=lsi              -seed=1              -xsect_factor 0.1              -sample_map_id=1              -sample=map              -sample_rate=0.6              -warmup=5              -repeat=5              -enlarge=5
I0924 16:30:53.923538 684261 planar_graph.h:216] Map /dev/shm/-local-storage-liang-Downloads-Datasets-point_cdb-lakes-Asia-lakes_Asia_Point.cdb.bin is deserialized, chains: 194573 points: 10541220 edges: 10346647
I0924 16:30:54.189863 684261 planar_graph.h:216] Map /dev/shm/-local-storage-liang-Downloads-Datasets-point_cdb-parks-Asia-parks_Asia_Point.cdb.bin is deserialized, chains: 277198 points: 12209639 edges: 11932441
I0924 16:30:54.189874 684261 run_query.cu:184] Sampling map, sample rate: 0.6, seed: 1
I0924 16:30:54.479616 684261 planar_graph.h:310] Map is sampled, chains: 277198 points: 7395867 edges: 7118669
I0924 16:30:54.492870 684261 run_query.cu:213] After sampling , edges: 7118669
I0924 16:30:54.492892 684261 context.h:51] Bounding Box, Bottom-left: (-179.972, -10.8197), Top-right: (179.984, 81.2255)
I0924 16:30:54.492900 684261 context.h:58] Scaled Bounding Box, Bottom-left: (-69979919611218, -68872256062147), Top-right: (69979919611217, 68872256062146)
I0924 16:30:54.492902 684261 context.h:61] Unscaled Bounding Box, Bottom-left: (-179.972, -10.8197), Top-right: (179.984, 81.2255)
I0924 16:30:55.817775 684261 rt_engine.cu:282] Info: Pipeline statistics
	module(s)                            :     1
	entry function(s)                    :     2
	trace call(s)                        :     1
	continuation callable call(s)        :     0
	direct callable call(s)              :     0
	basic block(s) in entry functions    :    67
	instruction(s) in entry functions    :  1011
	non-entry function(s)                :     1
	basic block(s) in non-entry functions:     1
	instruction(s) in non-entry functions:     1
	debug information                    :    no
I0924 16:30:55.822788 684261 rt_engine.cu:282] Info: Pipeline statistics
	module(s)                            :     1
	entry function(s)                    :     2
	trace call(s)                        :     1
	continuation callable call(s)        :     0
	direct callable call(s)              :     0
	basic block(s) in entry functions    :    43
	instruction(s) in entry functions    :   831
	non-entry function(s)                :     1
	basic block(s) in non-entry functions:     1
	instruction(s) in non-entry functions:     1
	debug information                    :    no
I0924 16:30:55.823055 684261 run_query.cu:251] Queue capacity: 1746531
I0924 16:30:55.823060 684261 lsi.h:22] Queue size: 79 MB
I0924 16:30:55.828994 684261 primitive.h:252] Enlarge limit: 5 ne: 10346647 aabbs: 762458 Compress ratio: 0.926309 Time: 5.553 ms
I0924 16:30:55.829036 684261 rt_engine.cu:397] Building AS, num prims: 762458, Required Temp Size: 58067968 Output Size: 28529536
I0924 16:30:55.831687 684261 lsi_rt.h:50] queries: 7118669
I0924 16:30:55.831717 684261 rt_engine.h:159] Parm size: 176
I0924 16:30:55.831730 684261 rt_engine.cu:554] optixLaunch, [w,h,d] = 7118669,1,1
I0924 16:30:55.836457 684261 lsi_rt.h:50] queries: 7118669
I0924 16:30:55.836463 684261 rt_engine.h:159] Parm size: 176
I0924 16:30:55.836470 684261 rt_engine.cu:554] optixLaunch, [w,h,d] = 7118669,1,1
I0924 16:30:55.841094 684261 lsi_rt.h:50] queries: 7118669
I0924 16:30:55.841101 684261 rt_engine.h:159] Parm size: 176
I0924 16:30:55.841107 684261 rt_engine.cu:554] optixLaunch, [w,h,d] = 7118669,1,1
I0924 16:30:55.845746 684261 lsi_rt.h:50] queries: 7118669
I0924 16:30:55.845752 684261 rt_engine.h:159] Parm size: 176
I0924 16:30:55.845759 684261 rt_engine.cu:554] optixLaunch, [w,h,d] = 7118669,1,1
I0924 16:30:55.850384 684261 lsi_rt.h:50] queries: 7118669
I0924 16:30:55.850390 684261 rt_engine.h:159] Parm size: 176
I0924 16:30:55.850397 684261 rt_engine.cu:554] optixLaunch, [w,h,d] = 7118669,1,1
I0924 16:30:55.855042 684261 run_query.cu:314] Iter: 0
I0924 16:30:55.855044 684261 lsi_rt.h:50] queries: 7118669
I0924 16:30:55.855051 684261 rt_engine.h:159] Parm size: 176
I0924 16:30:55.855057 684261 rt_engine.cu:554] optixLaunch, [w,h,d] = 7118669,1,1
I0924 16:30:55.859707 684261 run_query.cu:314] Iter: 1
I0924 16:30:55.859709 684261 lsi_rt.h:50] queries: 7118669
I0924 16:30:55.859715 684261 rt_engine.h:159] Parm size: 176
I0924 16:30:55.859721 684261 rt_engine.cu:554] optixLaunch, [w,h,d] = 7118669,1,1
I0924 16:30:55.864363 684261 run_query.cu:314] Iter: 2
I0924 16:30:55.864365 684261 lsi_rt.h:50] queries: 7118669
I0924 16:30:55.864372 684261 rt_engine.h:159] Parm size: 176
I0924 16:30:55.864393 684261 rt_engine.cu:554] optixLaunch, [w,h,d] = 7118669,1,1
I0924 16:30:55.869102 684261 run_query.cu:314] Iter: 3
I0924 16:30:55.869104 684261 lsi_rt.h:50] queries: 7118669
I0924 16:30:55.869110 684261 rt_engine.h:159] Parm size: 176
I0924 16:30:55.869117 684261 rt_engine.cu:554] optixLaunch, [w,h,d] = 7118669,1,1
I0924 16:30:55.873787 684261 run_query.cu:314] Iter: 4
I0924 16:30:55.873790 684261 lsi_rt.h:50] queries: 7118669
I0924 16:30:55.873795 684261 rt_engine.h:159] Parm size: 176
I0924 16:30:55.873801 684261 rt_engine.cu:554] optixLaunch, [w,h,d] = 7118669,1,1
I0924 16:30:55.878459 684261 run_query.cu:319] Intersections: 81764 Selective: 8.1764 Queue Load Factor: 0.0468151
Timing results:
 - Read map: 305.563 ms

 - Create Context: 0 ms

 - Generate Workloads: 1814.18 ms

 - Create App: 85.0861 ms

 - Init: 0.383854 ms

 - Adaptive Grouping: 5.57208 ms

 - Build Index: 2.67696 ms

 - Warmup: 23.355 ms

 - Query: 4.6844 ms

 - Cleanup: 128.672 ms

