/local/storage/liang/.clion/RayJoin/cmake-build-release-dl190/bin/query_exec -poly1 /local/storage/liang/Downloads/Datasets/point_cdb/lakes/South_America/lakes_South_America_Point.cdb              -poly2 /local/storage/liang/Downloads/Datasets/point_cdb/parks/South_America/parks_South_America_Point.cdb              -serialize=/dev/shm              -mode=rt              -v=1              -query=lsi              -seed=1              -xsect_factor 0.1              -sample_map_id=1              -sample=map              -sample_rate=0.7              -warmup=5              -repeat=5              -enlarge=5
I0924 16:31:52.229233 684788 planar_graph.h:216] Map /dev/shm/-local-storage-liang-Downloads-Datasets-point_cdb-lakes-South_America-lakes_South_America_Point.cdb.bin is deserialized, chains: 43757 points: 2418375 edges: 2374618
I0924 16:31:52.301959 684788 planar_graph.h:216] Map /dev/shm/-local-storage-liang-Downloads-Datasets-point_cdb-parks-South_America-parks_South_America_Point.cdb.bin is deserialized, chains: 85371 points: 3264379 edges: 3179008
I0924 16:31:52.301970 684788 run_query.cu:184] Sampling map, sample rate: 0.7, seed: 1
I0924 16:31:52.397871 684788 planar_graph.h:310] Map is sampled, chains: 85371 points: 2286319 edges: 2200948
I0924 16:31:52.401808 684788 run_query.cu:213] After sampling , edges: 2200948
I0924 16:31:52.401851 684788 context.h:51] Bounding Box, Bottom-left: (-92.6829, -55.9828), Top-right: (-34.788, 12.5803)
I0924 16:31:52.401859 684788 context.h:58] Scaled Bounding Box, Bottom-left: (-68019003758318, -68374252432450), Top-right: (68019003758317, 68374252432449)
I0924 16:31:52.401861 684788 context.h:61] Unscaled Bounding Box, Bottom-left: (-92.6829, -55.9828), Top-right: (-34.788, 12.5803)
I0924 16:31:52.810559 684788 rt_engine.cu:282] Info: Pipeline statistics
	module(s)                            :     1
	entry function(s)                    :     2
	trace call(s)                        :     1
	continuation callable call(s)        :     0
	direct callable call(s)              :     0
	basic block(s) in entry functions    :    67
	instruction(s) in entry functions    :  1011
	non-entry function(s)                :     1
	basic block(s) in non-entry functions:     1
	instruction(s) in non-entry functions:     1
	debug information                    :    no
I0924 16:31:52.815455 684788 rt_engine.cu:282] Info: Pipeline statistics
	module(s)                            :     1
	entry function(s)                    :     2
	trace call(s)                        :     1
	continuation callable call(s)        :     0
	direct callable call(s)              :     0
	basic block(s) in entry functions    :    43
	instruction(s) in entry functions    :   831
	non-entry function(s)                :     1
	basic block(s) in non-entry functions:     1
	instruction(s) in non-entry functions:     1
	debug information                    :    no
I0924 16:31:52.815688 684788 run_query.cu:251] Queue capacity: 457556
I0924 16:31:52.815698 684788 lsi.h:22] Queue size: 20 MB
I0924 16:31:52.817159 684788 primitive.h:252] Enlarge limit: 5 ne: 2374618 aabbs: 158882 Compress ratio: 0.933092 Time: 1.303 ms
I0924 16:31:52.817222 684788 rt_engine.cu:397] Building AS, num prims: 158882, Required Temp Size: 12102016 Output Size: 5947392
I0924 16:31:52.818065 684788 lsi_rt.h:50] queries: 2200948
I0924 16:31:52.818115 684788 rt_engine.h:159] Parm size: 176
I0924 16:31:52.818128 684788 rt_engine.cu:554] optixLaunch, [w,h,d] = 2200948,1,1
I0924 16:31:52.819540 684788 lsi_rt.h:50] queries: 2200948
I0924 16:31:52.819545 684788 rt_engine.h:159] Parm size: 176
I0924 16:31:52.819576 684788 rt_engine.cu:554] optixLaunch, [w,h,d] = 2200948,1,1
I0924 16:31:52.820937 684788 lsi_rt.h:50] queries: 2200948
I0924 16:31:52.820945 684788 rt_engine.h:159] Parm size: 176
I0924 16:31:52.820974 684788 rt_engine.cu:554] optixLaunch, [w,h,d] = 2200948,1,1
I0924 16:31:52.822307 684788 lsi_rt.h:50] queries: 2200948
I0924 16:31:52.822314 684788 rt_engine.h:159] Parm size: 176
I0924 16:31:52.822320 684788 rt_engine.cu:554] optixLaunch, [w,h,d] = 2200948,1,1
I0924 16:31:52.823683 684788 lsi_rt.h:50] queries: 2200948
I0924 16:31:52.823688 684788 rt_engine.h:159] Parm size: 176
I0924 16:31:52.823694 684788 rt_engine.cu:554] optixLaunch, [w,h,d] = 2200948,1,1
I0924 16:31:52.825052 684788 run_query.cu:314] Iter: 0
I0924 16:31:52.825054 684788 lsi_rt.h:50] queries: 2200948
I0924 16:31:52.825059 684788 rt_engine.h:159] Parm size: 176
I0924 16:31:52.825065 684788 rt_engine.cu:554] optixLaunch, [w,h,d] = 2200948,1,1
I0924 16:31:52.826412 684788 run_query.cu:314] Iter: 1
I0924 16:31:52.826414 684788 lsi_rt.h:50] queries: 2200948
I0924 16:31:52.826421 684788 rt_engine.h:159] Parm size: 176
I0924 16:31:52.826449 684788 rt_engine.cu:554] optixLaunch, [w,h,d] = 2200948,1,1
I0924 16:31:52.827806 684788 run_query.cu:314] Iter: 2
I0924 16:31:52.827807 684788 lsi_rt.h:50] queries: 2200948
I0924 16:31:52.827813 684788 rt_engine.h:159] Parm size: 176
I0924 16:31:52.827840 684788 rt_engine.cu:554] optixLaunch, [w,h,d] = 2200948,1,1
I0924 16:31:52.829182 684788 run_query.cu:314] Iter: 3
I0924 16:31:52.829185 684788 lsi_rt.h:50] queries: 2200948
I0924 16:31:52.829190 684788 rt_engine.h:159] Parm size: 176
I0924 16:31:52.829219 684788 rt_engine.cu:554] optixLaunch, [w,h,d] = 2200948,1,1
I0924 16:31:52.830577 684788 run_query.cu:314] Iter: 4
I0924 16:31:52.830579 684788 lsi_rt.h:50] queries: 2200948
I0924 16:31:52.830585 684788 rt_engine.h:159] Parm size: 176
I0924 16:31:52.830591 684788 rt_engine.cu:554] optixLaunch, [w,h,d] = 2200948,1,1
I0924 16:31:52.831962 684788 run_query.cu:319] Intersections: 24388 Selective: 2.4388 Queue Load Factor: 0.0533006
Timing results:
 - Read map: 128.728 ms

 - Create Context: 0 ms

 - Generate Workloads: 503.553 ms

 - Create App: 82.6869 ms

 - Init: 0.164032 ms

 - Adaptive Grouping: 1.32203 ms

 - Build Index: 0.890017 ms

 - Warmup: 6.989 ms

 - Query: 1.38283 ms

 - Cleanup: 47.2088 ms

