/local/storage/liang/.clion/RayJoin/cmake-build-release-dl190/bin/query_exec -poly1 /local/storage/liang/Downloads/Datasets/point_cdb/lakes/Australia/lakes_Australia_Point.cdb              -poly2 /local/storage/liang/Downloads/Datasets/point_cdb/parks/Australia/parks_Australia_Point.cdb              -serialize=/dev/shm              -mode=rt              -v=1              -query=lsi              -seed=1              -xsect_factor 0.1              -sample_map_id=1              -sample=map              -sample_rate=1.0              -warmup=5              -repeat=5              -enlarge=5
I0924 16:33:26.657660 685645 planar_graph.h:216] Map /dev/shm/-local-storage-liang-Downloads-Datasets-point_cdb-lakes-Australia-lakes_Australia_Point.cdb.bin is deserialized, chains: 16702 points: 1254743 edges: 1238041
I0924 16:33:26.671975 685645 planar_graph.h:216] Map /dev/shm/-local-storage-liang-Downloads-Datasets-point_cdb-parks-Australia-parks_Australia_Point.cdb.bin is deserialized, chains: 22386 points: 589464 edges: 567078
I0924 16:33:26.671986 685645 run_query.cu:184] Sampling map, sample rate: 1, seed: 1
I0924 16:33:26.695061 685645 planar_graph.h:310] Map is sampled, chains: 22386 points: 589464 edges: 567078
I0924 16:33:26.695909 685645 run_query.cu:213] After sampling , edges: 567078
I0924 16:33:26.695930 685645 context.h:51] Bounding Box, Bottom-left: (112.971, -54.7384), Top-right: (158.947, -10.1168)
I0924 16:33:26.695936 685645 context.h:58] Scaled Bounding Box, Bottom-left: (-67435232688127, -67350025946940), Top-right: (67435232688126, 67350025946939)
I0924 16:33:26.695937 685645 context.h:61] Unscaled Bounding Box, Bottom-left: (112.971, -54.7384), Top-right: (158.947, -10.1168)
I0924 16:33:26.893615 685645 rt_engine.cu:282] Info: Pipeline statistics
	module(s)                            :     1
	entry function(s)                    :     2
	trace call(s)                        :     1
	continuation callable call(s)        :     0
	direct callable call(s)              :     0
	basic block(s) in entry functions    :    67
	instruction(s) in entry functions    :  1011
	non-entry function(s)                :     1
	basic block(s) in non-entry functions:     1
	instruction(s) in non-entry functions:     1
	debug information                    :    no
I0924 16:33:26.898592 685645 rt_engine.cu:282] Info: Pipeline statistics
	module(s)                            :     1
	entry function(s)                    :     2
	trace call(s)                        :     1
	continuation callable call(s)        :     0
	direct callable call(s)              :     0
	basic block(s) in entry functions    :    43
	instruction(s) in entry functions    :   831
	non-entry function(s)                :     1
	basic block(s) in non-entry functions:     1
	instruction(s) in non-entry functions:     1
	debug information                    :    no
I0924 16:33:26.898811 685645 run_query.cu:251] Queue capacity: 180511
I0924 16:33:26.898816 685645 lsi.h:22] Queue size: 8 MB
I0924 16:33:26.899681 685645 primitive.h:252] Enlarge limit: 5 ne: 1238041 aabbs: 91856 Compress ratio: 0.925805 Time: 0.766 ms
I0924 16:33:26.899720 685645 rt_engine.cu:397] Building AS, num prims: 91856, Required Temp Size: 6997248 Output Size: 3439488
I0924 16:33:26.900491 685645 lsi_rt.h:50] queries: 567078
I0924 16:33:26.900519 685645 rt_engine.h:159] Parm size: 176
I0924 16:33:26.900533 685645 rt_engine.cu:554] optixLaunch, [w,h,d] = 567078,1,1
I0924 16:33:26.901396 685645 lsi_rt.h:50] queries: 567078
I0924 16:33:26.901402 685645 rt_engine.h:159] Parm size: 176
I0924 16:33:26.901409 685645 rt_engine.cu:554] optixLaunch, [w,h,d] = 567078,1,1
I0924 16:33:26.902201 685645 lsi_rt.h:50] queries: 567078
I0924 16:33:26.902207 685645 rt_engine.h:159] Parm size: 176
I0924 16:33:26.902213 685645 rt_engine.cu:554] optixLaunch, [w,h,d] = 567078,1,1
I0924 16:33:26.902995 685645 lsi_rt.h:50] queries: 567078
I0924 16:33:26.903002 685645 rt_engine.h:159] Parm size: 176
I0924 16:33:26.903007 685645 rt_engine.cu:554] optixLaunch, [w,h,d] = 567078,1,1
I0924 16:33:26.903788 685645 lsi_rt.h:50] queries: 567078
I0924 16:33:26.903795 685645 rt_engine.h:159] Parm size: 176
I0924 16:33:26.903920 685645 rt_engine.cu:554] optixLaunch, [w,h,d] = 567078,1,1
I0924 16:33:26.904696 685645 run_query.cu:314] Iter: 0
I0924 16:33:26.904698 685645 lsi_rt.h:50] queries: 567078
I0924 16:33:26.904706 685645 rt_engine.h:159] Parm size: 176
I0924 16:33:26.904713 685645 rt_engine.cu:554] optixLaunch, [w,h,d] = 567078,1,1
I0924 16:33:26.905512 685645 run_query.cu:314] Iter: 1
I0924 16:33:26.905514 685645 lsi_rt.h:50] queries: 567078
I0924 16:33:26.905520 685645 rt_engine.h:159] Parm size: 176
I0924 16:33:26.905526 685645 rt_engine.cu:554] optixLaunch, [w,h,d] = 567078,1,1
I0924 16:33:26.906301 685645 run_query.cu:314] Iter: 2
I0924 16:33:26.906303 685645 lsi_rt.h:50] queries: 567078
I0924 16:33:26.906308 685645 rt_engine.h:159] Parm size: 176
I0924 16:33:26.906332 685645 rt_engine.cu:554] optixLaunch, [w,h,d] = 567078,1,1
I0924 16:33:26.907122 685645 run_query.cu:314] Iter: 3
I0924 16:33:26.907124 685645 lsi_rt.h:50] queries: 567078
I0924 16:33:26.907130 685645 rt_engine.h:159] Parm size: 176
I0924 16:33:26.907135 685645 rt_engine.cu:554] optixLaunch, [w,h,d] = 567078,1,1
I0924 16:33:26.907923 685645 run_query.cu:314] Iter: 4
I0924 16:33:26.907925 685645 lsi_rt.h:50] queries: 567078
I0924 16:33:26.907931 685645 rt_engine.h:159] Parm size: 176
I0924 16:33:26.907936 685645 rt_engine.cu:554] optixLaunch, [w,h,d] = 567078,1,1
I0924 16:33:26.908742 685645 run_query.cu:319] Intersections: 12618 Selective: 1.2618 Queue Load Factor: 0.0699016
Timing results:
 - Read map: 99.7009 ms

 - Create Context: 0.000953674 ms

 - Generate Workloads: 187.622 ms

 - Create App: 53.2789 ms

 - Init: 0.102043 ms

 - Adaptive Grouping: 0.784159 ms

 - Build Index: 0.794888 ms

 - Warmup: 4.20499 ms

 - Query: 0.810385 ms

 - Cleanup: 27.2031 ms

