/local/storage/liang/.clion/RayJoin/cmake-build-release-dl190/bin/query_exec -poly1 /local/storage/liang/Downloads/Datasets/point_cdb/lakes/Australia/lakes_Australia_Point.cdb              -poly2 /local/storage/liang/Downloads/Datasets/point_cdb/parks/Australia/parks_Australia_Point.cdb              -serialize=/dev/shm              -mode=rt              -v=1              -query=lsi              -seed=1              -xsect_factor 0.1              -sample_map_id=1              -sample=map              -sample_rate=0.5              -warmup=5              -repeat=5              -enlarge=5
I0924 16:30:22.954560 683977 planar_graph.h:216] Map /dev/shm/-local-storage-liang-Downloads-Datasets-point_cdb-lakes-Australia-lakes_Australia_Point.cdb.bin is deserialized, chains: 16702 points: 1254743 edges: 1238041
I0924 16:30:22.968583 683977 planar_graph.h:216] Map /dev/shm/-local-storage-liang-Downloads-Datasets-point_cdb-parks-Australia-parks_Australia_Point.cdb.bin is deserialized, chains: 22386 points: 589464 edges: 567078
I0924 16:30:22.968592 683977 run_query.cu:184] Sampling map, sample rate: 0.5, seed: 1
I0924 16:30:22.981330 683977 planar_graph.h:310] Map is sampled, chains: 22386 points: 307364 edges: 284978
I0924 16:30:22.982124 683977 run_query.cu:213] After sampling , edges: 284978
I0924 16:30:22.982141 683977 context.h:51] Bounding Box, Bottom-left: (112.971, -54.7384), Top-right: (158.947, -10.1168)
I0924 16:30:22.982170 683977 context.h:58] Scaled Bounding Box, Bottom-left: (-67435232688127, -67350025946940), Top-right: (67435232688126, 67350025946939)
I0924 16:30:22.982172 683977 context.h:61] Unscaled Bounding Box, Bottom-left: (112.971, -54.7384), Top-right: (158.947, -10.1168)
I0924 16:30:23.184827 683977 rt_engine.cu:282] Info: Pipeline statistics
	module(s)                            :     1
	entry function(s)                    :     2
	trace call(s)                        :     1
	continuation callable call(s)        :     0
	direct callable call(s)              :     0
	basic block(s) in entry functions    :    67
	instruction(s) in entry functions    :  1011
	non-entry function(s)                :     1
	basic block(s) in non-entry functions:     1
	instruction(s) in non-entry functions:     1
	debug information                    :    no
I0924 16:30:23.189721 683977 rt_engine.cu:282] Info: Pipeline statistics
	module(s)                            :     1
	entry function(s)                    :     2
	trace call(s)                        :     1
	continuation callable call(s)        :     0
	direct callable call(s)              :     0
	basic block(s) in entry functions    :    43
	instruction(s) in entry functions    :   831
	non-entry function(s)                :     1
	basic block(s) in non-entry functions:     1
	instruction(s) in non-entry functions:     1
	debug information                    :    no
I0924 16:30:23.189952 683977 run_query.cu:251] Queue capacity: 152301
I0924 16:30:23.189957 683977 lsi.h:22] Queue size: 6 MB
I0924 16:30:23.190829 683977 primitive.h:252] Enlarge limit: 5 ne: 1238041 aabbs: 91856 Compress ratio: 0.925805 Time: 0.762 ms
I0924 16:30:23.190896 683977 rt_engine.cu:397] Building AS, num prims: 91856, Required Temp Size: 6997248 Output Size: 3439488
I0924 16:30:23.191674 683977 lsi_rt.h:50] queries: 284978
I0924 16:30:23.191701 683977 rt_engine.h:159] Parm size: 176
I0924 16:30:23.191715 683977 rt_engine.cu:554] optixLaunch, [w,h,d] = 284978,1,1
I0924 16:30:23.192365 683977 lsi_rt.h:50] queries: 284978
I0924 16:30:23.192373 683977 rt_engine.h:159] Parm size: 176
I0924 16:30:23.192379 683977 rt_engine.cu:554] optixLaunch, [w,h,d] = 284978,1,1
I0924 16:30:23.192979 683977 lsi_rt.h:50] queries: 284978
I0924 16:30:23.192986 683977 rt_engine.h:159] Parm size: 176
I0924 16:30:23.192991 683977 rt_engine.cu:554] optixLaunch, [w,h,d] = 284978,1,1
I0924 16:30:23.193572 683977 lsi_rt.h:50] queries: 284978
I0924 16:30:23.193578 683977 rt_engine.h:159] Parm size: 176
I0924 16:30:23.193584 683977 rt_engine.cu:554] optixLaunch, [w,h,d] = 284978,1,1
I0924 16:30:23.194164 683977 lsi_rt.h:50] queries: 284978
I0924 16:30:23.194170 683977 rt_engine.h:159] Parm size: 176
I0924 16:30:23.194176 683977 rt_engine.cu:554] optixLaunch, [w,h,d] = 284978,1,1
I0924 16:30:23.194765 683977 run_query.cu:314] Iter: 0
I0924 16:30:23.194767 683977 lsi_rt.h:50] queries: 284978
I0924 16:30:23.194773 683977 rt_engine.h:159] Parm size: 176
I0924 16:30:23.194779 683977 rt_engine.cu:554] optixLaunch, [w,h,d] = 284978,1,1
I0924 16:30:23.195384 683977 run_query.cu:314] Iter: 1
I0924 16:30:23.195387 683977 lsi_rt.h:50] queries: 284978
I0924 16:30:23.195392 683977 rt_engine.h:159] Parm size: 176
I0924 16:30:23.195398 683977 rt_engine.cu:554] optixLaunch, [w,h,d] = 284978,1,1
I0924 16:30:23.195979 683977 run_query.cu:314] Iter: 2
I0924 16:30:23.195981 683977 lsi_rt.h:50] queries: 284978
I0924 16:30:23.195986 683977 rt_engine.h:159] Parm size: 176
I0924 16:30:23.196008 683977 rt_engine.cu:554] optixLaunch, [w,h,d] = 284978,1,1
I0924 16:30:23.196588 683977 run_query.cu:314] Iter: 3
I0924 16:30:23.196590 683977 lsi_rt.h:50] queries: 284978
I0924 16:30:23.196595 683977 rt_engine.h:159] Parm size: 176
I0924 16:30:23.196602 683977 rt_engine.cu:554] optixLaunch, [w,h,d] = 284978,1,1
I0924 16:30:23.197181 683977 run_query.cu:314] Iter: 4
I0924 16:30:23.197183 683977 lsi_rt.h:50] queries: 284978
I0924 16:30:23.197188 683977 rt_engine.h:159] Parm size: 176
I0924 16:30:23.197194 683977 rt_engine.cu:554] optixLaunch, [w,h,d] = 284978,1,1
I0924 16:30:23.197798 683977 run_query.cu:319] Intersections: 12561 Selective: 1.2561 Queue Load Factor: 0.0824748
Timing results:
 - Read map: 98.6538 ms

 - Create Context: 0 ms

 - Generate Workloads: 154.859 ms

 - Create App: 80.313 ms

 - Init: 0.113964 ms

 - Adaptive Grouping: 0.779152 ms

 - Build Index: 0.829935 ms

 - Warmup: 3.0911 ms

 - Query: 0.607586 ms

 - Cleanup: 25.62 ms

