/local/storage/liang/.clion/RayJoin/cmake-build-release-dl190/bin/query_exec -poly1 /local/storage/liang/Downloads/Datasets/point_cdb/lakes/Africa/lakes_Africa_Point.cdb              -poly2 /local/storage/liang/Downloads/Datasets/point_cdb/parks/Africa/parks_Africa_Point.cdb              -serialize=/dev/shm              -mode=rt              -v=1              -query=lsi              -seed=1              -xsect_factor 0.1              -sample_map_id=1              -sample=map              -sample_rate=0.7              -warmup=5              -repeat=5              -enlarge=5
I0924 16:31:27.397589 684579 planar_graph.h:216] Map /dev/shm/-local-storage-liang-Downloads-Datasets-point_cdb-lakes-Africa-lakes_Africa_Point.cdb.bin is deserialized, chains: 27178 points: 1872496 edges: 1845318
I0924 16:31:27.428596 684579 planar_graph.h:216] Map /dev/shm/-local-storage-liang-Downloads-Datasets-point_cdb-parks-Africa-parks_Africa_Point.cdb.bin is deserialized, chains: 41991 points: 1358103 edges: 1316112
I0924 16:31:27.428609 684579 run_query.cu:184] Sampling map, sample rate: 0.7, seed: 1
I0924 16:31:27.460741 684579 planar_graph.h:310] Map is sampled, chains: 41991 points: 950604 edges: 908613
I0924 16:31:27.462420 684579 run_query.cu:213] After sampling , edges: 908613
I0924 16:31:27.462441 684579 context.h:51] Bounding Box, Bottom-left: (-25.2135, -34.7852), Top-right: (63.4371, 37.3454)
I0924 16:31:27.462450 684579 context.h:58] Scaled Bounding Box, Bottom-left: (-68816217462298, -68470236108486), Top-right: (68816217462297, 68470236108485)
I0924 16:31:27.462451 684579 context.h:61] Unscaled Bounding Box, Bottom-left: (-25.2135, -34.7852), Top-right: (63.4371, 37.3454)
I0924 16:31:27.754506 684579 rt_engine.cu:282] Info: Pipeline statistics
	module(s)                            :     1
	entry function(s)                    :     2
	trace call(s)                        :     1
	continuation callable call(s)        :     0
	direct callable call(s)              :     0
	basic block(s) in entry functions    :    67
	instruction(s) in entry functions    :  1011
	non-entry function(s)                :     1
	basic block(s) in non-entry functions:     1
	instruction(s) in non-entry functions:     1
	debug information                    :    no
I0924 16:31:27.759402 684579 rt_engine.cu:282] Info: Pipeline statistics
	module(s)                            :     1
	entry function(s)                    :     2
	trace call(s)                        :     1
	continuation callable call(s)        :     0
	direct callable call(s)              :     0
	basic block(s) in entry functions    :    43
	instruction(s) in entry functions    :   831
	non-entry function(s)                :     1
	basic block(s) in non-entry functions:     1
	instruction(s) in non-entry functions:     1
	debug information                    :    no
I0924 16:31:27.759608 684579 run_query.cu:251] Queue capacity: 275393
I0924 16:31:27.759614 684579 lsi.h:22] Queue size: 12 MB
I0924 16:31:27.760777 684579 primitive.h:252] Enlarge limit: 5 ne: 1845318 aabbs: 118595 Compress ratio: 0.935732 Time: 1.02 ms
I0924 16:31:27.760818 684579 rt_engine.cu:397] Building AS, num prims: 118595, Required Temp Size: 9033728 Output Size: 4440064
I0924 16:31:27.761606 684579 lsi_rt.h:50] queries: 908613
I0924 16:31:27.761633 684579 rt_engine.h:159] Parm size: 176
I0924 16:31:27.761646 684579 rt_engine.cu:554] optixLaunch, [w,h,d] = 908613,1,1
I0924 16:31:27.762408 684579 lsi_rt.h:50] queries: 908613
I0924 16:31:27.762414 684579 rt_engine.h:159] Parm size: 176
I0924 16:31:27.762421 684579 rt_engine.cu:554] optixLaunch, [w,h,d] = 908613,1,1
I0924 16:31:27.763123 684579 lsi_rt.h:50] queries: 908613
I0924 16:31:27.763130 684579 rt_engine.h:159] Parm size: 176
I0924 16:31:27.763136 684579 rt_engine.cu:554] optixLaunch, [w,h,d] = 908613,1,1
I0924 16:31:27.763837 684579 lsi_rt.h:50] queries: 908613
I0924 16:31:27.763844 684579 rt_engine.h:159] Parm size: 176
I0924 16:31:27.763850 684579 rt_engine.cu:554] optixLaunch, [w,h,d] = 908613,1,1
I0924 16:31:27.764524 684579 lsi_rt.h:50] queries: 908613
I0924 16:31:27.764530 684579 rt_engine.h:159] Parm size: 176
I0924 16:31:27.764536 684579 rt_engine.cu:554] optixLaunch, [w,h,d] = 908613,1,1
I0924 16:31:27.765211 684579 run_query.cu:314] Iter: 0
I0924 16:31:27.765213 684579 lsi_rt.h:50] queries: 908613
I0924 16:31:27.765219 684579 rt_engine.h:159] Parm size: 176
I0924 16:31:27.765225 684579 rt_engine.cu:554] optixLaunch, [w,h,d] = 908613,1,1
I0924 16:31:27.765923 684579 run_query.cu:314] Iter: 1
I0924 16:31:27.765925 684579 lsi_rt.h:50] queries: 908613
I0924 16:31:27.765931 684579 rt_engine.h:159] Parm size: 176
I0924 16:31:27.765937 684579 rt_engine.cu:554] optixLaunch, [w,h,d] = 908613,1,1
I0924 16:31:27.766618 684579 run_query.cu:314] Iter: 2
I0924 16:31:27.766619 684579 lsi_rt.h:50] queries: 908613
I0924 16:31:27.766625 684579 rt_engine.h:159] Parm size: 176
I0924 16:31:27.766649 684579 rt_engine.cu:554] optixLaunch, [w,h,d] = 908613,1,1
I0924 16:31:27.767323 684579 run_query.cu:314] Iter: 3
I0924 16:31:27.767325 684579 lsi_rt.h:50] queries: 908613
I0924 16:31:27.767331 684579 rt_engine.h:159] Parm size: 176
I0924 16:31:27.767338 684579 rt_engine.cu:554] optixLaunch, [w,h,d] = 908613,1,1
I0924 16:31:27.768013 684579 run_query.cu:314] Iter: 4
I0924 16:31:27.768014 684579 lsi_rt.h:50] queries: 908613
I0924 16:31:27.768020 684579 rt_engine.h:159] Parm size: 176
I0924 16:31:27.768026 684579 rt_engine.cu:554] optixLaunch, [w,h,d] = 908613,1,1
I0924 16:31:27.768715 684579 run_query.cu:319] Intersections: 9669 Selective: 0.9669 Queue Load Factor: 0.0351098
Timing results:
 - Read map: 116.972 ms

 - Create Context: 0 ms

 - Generate Workloads: 296.808 ms

 - Create App: 64.991 ms

 - Init: 0.149965 ms

 - Adaptive Grouping: 1.03807 ms

 - Build Index: 0.813961 ms

 - Warmup: 3.60608 ms

 - Query: 0.701809 ms

 - Cleanup: 34.071 ms

