/local/storage/liang/.clion/RayJoin/cmake-build-release-dl190/bin/query_exec -poly1 /local/storage/liang/Downloads/Datasets/point_cdb/lakes/Australia/lakes_Australia_Point.cdb              -poly2 /local/storage/liang/Downloads/Datasets/point_cdb/parks/Australia/parks_Australia_Point.cdb              -serialize=/dev/shm              -mode=rt              -v=1              -query=lsi              -seed=1              -xsect_factor 0.1              -sample_map_id=1              -sample=map              -sample_rate=0.6              -warmup=5              -repeat=5              -enlarge=5
I0924 16:30:56.143688 684324 planar_graph.h:216] Map /dev/shm/-local-storage-liang-Downloads-Datasets-point_cdb-lakes-Australia-lakes_Australia_Point.cdb.bin is deserialized, chains: 16702 points: 1254743 edges: 1238041
I0924 16:30:56.157634 684324 planar_graph.h:216] Map /dev/shm/-local-storage-liang-Downloads-Datasets-point_cdb-parks-Australia-parks_Australia_Point.cdb.bin is deserialized, chains: 22386 points: 589464 edges: 567078
I0924 16:30:56.157644 684324 run_query.cu:184] Sampling map, sample rate: 0.6, seed: 1
I0924 16:30:56.171404 684324 planar_graph.h:310] Map is sampled, chains: 22386 points: 360488 edges: 338102
I0924 16:30:56.172222 684324 run_query.cu:213] After sampling , edges: 338102
I0924 16:30:56.172264 684324 context.h:51] Bounding Box, Bottom-left: (112.971, -54.7384), Top-right: (158.947, -10.1168)
I0924 16:30:56.172271 684324 context.h:58] Scaled Bounding Box, Bottom-left: (-67435232688127, -67350025946940), Top-right: (67435232688126, 67350025946939)
I0924 16:30:56.172272 684324 context.h:61] Unscaled Bounding Box, Bottom-left: (112.971, -54.7384), Top-right: (158.947, -10.1168)
I0924 16:30:56.360896 684324 rt_engine.cu:282] Info: Pipeline statistics
	module(s)                            :     1
	entry function(s)                    :     2
	trace call(s)                        :     1
	continuation callable call(s)        :     0
	direct callable call(s)              :     0
	basic block(s) in entry functions    :    67
	instruction(s) in entry functions    :  1011
	non-entry function(s)                :     1
	basic block(s) in non-entry functions:     1
	instruction(s) in non-entry functions:     1
	debug information                    :    no
I0924 16:30:56.365829 684324 rt_engine.cu:282] Info: Pipeline statistics
	module(s)                            :     1
	entry function(s)                    :     2
	trace call(s)                        :     1
	continuation callable call(s)        :     0
	direct callable call(s)              :     0
	basic block(s) in entry functions    :    43
	instruction(s) in entry functions    :   831
	non-entry function(s)                :     1
	basic block(s) in non-entry functions:     1
	instruction(s) in non-entry functions:     1
	debug information                    :    no
I0924 16:30:56.366063 684324 run_query.cu:251] Queue capacity: 157614
I0924 16:30:56.366073 684324 lsi.h:22] Queue size: 7 MB
I0924 16:30:56.366933 684324 primitive.h:252] Enlarge limit: 5 ne: 1238041 aabbs: 91856 Compress ratio: 0.925805 Time: 0.75 ms
I0924 16:30:56.366998 684324 rt_engine.cu:397] Building AS, num prims: 91856, Required Temp Size: 6997248 Output Size: 3439488
I0924 16:30:56.367753 684324 lsi_rt.h:50] queries: 338102
I0924 16:30:56.367810 684324 rt_engine.h:159] Parm size: 176
I0924 16:30:56.367825 684324 rt_engine.cu:554] optixLaunch, [w,h,d] = 338102,1,1
I0924 16:30:56.368445 684324 lsi_rt.h:50] queries: 338102
I0924 16:30:56.368453 684324 rt_engine.h:159] Parm size: 176
I0924 16:30:56.368458 684324 rt_engine.cu:554] optixLaunch, [w,h,d] = 338102,1,1
I0924 16:30:56.369037 684324 lsi_rt.h:50] queries: 338102
I0924 16:30:56.369043 684324 rt_engine.h:159] Parm size: 176
I0924 16:30:56.369050 684324 rt_engine.cu:554] optixLaunch, [w,h,d] = 338102,1,1
I0924 16:30:56.369601 684324 lsi_rt.h:50] queries: 338102
I0924 16:30:56.369607 684324 rt_engine.h:159] Parm size: 176
I0924 16:30:56.369613 684324 rt_engine.cu:554] optixLaunch, [w,h,d] = 338102,1,1
I0924 16:30:56.370167 684324 lsi_rt.h:50] queries: 338102
I0924 16:30:56.370172 684324 rt_engine.h:159] Parm size: 176
I0924 16:30:56.370178 684324 rt_engine.cu:554] optixLaunch, [w,h,d] = 338102,1,1
I0924 16:30:56.370723 684324 run_query.cu:314] Iter: 0
I0924 16:30:56.370724 684324 lsi_rt.h:50] queries: 338102
I0924 16:30:56.370730 684324 rt_engine.h:159] Parm size: 176
I0924 16:30:56.370736 684324 rt_engine.cu:554] optixLaunch, [w,h,d] = 338102,1,1
I0924 16:30:56.371294 684324 run_query.cu:314] Iter: 1
I0924 16:30:56.371296 684324 lsi_rt.h:50] queries: 338102
I0924 16:30:56.371302 684324 rt_engine.h:159] Parm size: 176
I0924 16:30:56.371309 684324 rt_engine.cu:554] optixLaunch, [w,h,d] = 338102,1,1
I0924 16:30:56.371860 684324 run_query.cu:314] Iter: 2
I0924 16:30:56.371861 684324 lsi_rt.h:50] queries: 338102
I0924 16:30:56.371866 684324 rt_engine.h:159] Parm size: 176
I0924 16:30:56.371889 684324 rt_engine.cu:554] optixLaunch, [w,h,d] = 338102,1,1
I0924 16:30:56.372442 684324 run_query.cu:314] Iter: 3
I0924 16:30:56.372443 684324 lsi_rt.h:50] queries: 338102
I0924 16:30:56.372449 684324 rt_engine.h:159] Parm size: 176
I0924 16:30:56.372455 684324 rt_engine.cu:554] optixLaunch, [w,h,d] = 338102,1,1
I0924 16:30:56.373008 684324 run_query.cu:314] Iter: 4
I0924 16:30:56.373010 684324 lsi_rt.h:50] queries: 338102
I0924 16:30:56.373015 684324 rt_engine.h:159] Parm size: 176
I0924 16:30:56.373021 684324 rt_engine.cu:554] optixLaunch, [w,h,d] = 338102,1,1
I0924 16:30:56.373582 684324 run_query.cu:319] Intersections: 13089 Selective: 1.3089 Queue Load Factor: 0.0830447
Timing results:
 - Read map: 98.7408 ms

 - Create Context: 0 ms

 - Generate Workloads: 158.131 ms

 - Create App: 64.0211 ms

 - Init: 0.116825 ms

 - Adaptive Grouping: 0.767946 ms

 - Build Index: 0.802994 ms

 - Warmup: 2.97213 ms

 - Query: 0.572777 ms

 - Cleanup: 25.5501 ms

