/local/storage/liang/.clion/RayJoin/cmake-build-release-dl190/bin/query_exec -poly1 /local/storage/liang/Downloads/Datasets/point_cdb/lakes/North_America/lakes_North_America_Point.cdb              -poly2 /local/storage/liang/Downloads/Datasets/point_cdb/parks/North_America/parks_North_America_Point.cdb              -serialize=/dev/shm              -mode=rt              -v=1              -query=lsi              -seed=1              -xsect_factor 0.1              -sample_map_id=1              -sample=map              -sample_rate=0.3              -warmup=5              -repeat=5              -enlarge=5
I0924 16:29:31.346731 683491 planar_graph.h:216] Map /dev/shm/-local-storage-liang-Downloads-Datasets-point_cdb-lakes-North_America-lakes_North_America_Point.cdb.bin is deserialized, chains: 1910184 points: 69273661 edges: 67363477
I0924 16:29:31.940502 683491 planar_graph.h:216] Map /dev/shm/-local-storage-liang-Downloads-Datasets-point_cdb-parks-North_America-parks_North_America_Point.cdb.bin is deserialized, chains: 603325 points: 27465008 edges: 26861683
I0924 16:29:31.940513 683491 run_query.cu:184] Sampling map, sample rate: 0.3, seed: 1
I0924 16:29:32.364154 683491 planar_graph.h:310] Map is sampled, chains: 603325 points: 8674734 edges: 8071409
I0924 16:29:32.390887 683491 run_query.cu:213] After sampling , edges: 8071409
I0924 16:29:32.390916 683491 context.h:51] Bounding Box, Bottom-left: (-178.058, 7.22606), Top-right: (-45.5204, 71.2885)
I0924 16:29:32.390924 683491 context.h:58] Scaled Bounding Box, Bottom-left: (-69322660018498, -68238373901753), Top-right: (69322660018497, 68238373901752)
I0924 16:29:32.390926 683491 context.h:61] Unscaled Bounding Box, Bottom-left: (-178.058, 7.22606), Top-right: (-45.5204, 71.2885)
I0924 16:29:38.560501 683491 rt_engine.cu:282] Info: Pipeline statistics
	module(s)                            :     1
	entry function(s)                    :     2
	trace call(s)                        :     1
	continuation callable call(s)        :     0
	direct callable call(s)              :     0
	basic block(s) in entry functions    :    67
	instruction(s) in entry functions    :  1011
	non-entry function(s)                :     1
	basic block(s) in non-entry functions:     1
	instruction(s) in non-entry functions:     1
	debug information                    :    no
I0924 16:29:38.565379 683491 rt_engine.cu:282] Info: Pipeline statistics
	module(s)                            :     1
	entry function(s)                    :     2
	trace call(s)                        :     1
	continuation callable call(s)        :     0
	direct callable call(s)              :     0
	basic block(s) in entry functions    :    43
	instruction(s) in entry functions    :   831
	non-entry function(s)                :     1
	basic block(s) in non-entry functions:     1
	instruction(s) in non-entry functions:     1
	debug information                    :    no
I0924 16:29:38.566093 683491 run_query.cu:251] Queue capacity: 7543489
I0924 16:29:38.566099 683491 lsi.h:22] Queue size: 345 MB
I0924 16:29:38.602769 683491 primitive.h:252] Enlarge limit: 5 ne: 67363477 aabbs: 4933878 Compress ratio: 0.926757 Time: 35.347 ms
I0924 16:29:38.602814 683491 rt_engine.cu:397] Building AS, num prims: 4933878, Required Temp Size: 375747712 Output Size: 184600064
I0924 16:29:38.616600 683491 lsi_rt.h:50] queries: 8071409
I0924 16:29:38.616631 683491 rt_engine.h:159] Parm size: 176
I0924 16:29:38.616644 683491 rt_engine.cu:554] optixLaunch, [w,h,d] = 8071409,1,1
I0924 16:29:38.645555 683491 lsi_rt.h:50] queries: 8071409
I0924 16:29:38.645563 683491 rt_engine.h:159] Parm size: 176
I0924 16:29:38.645570 683491 rt_engine.cu:554] optixLaunch, [w,h,d] = 8071409,1,1
I0924 16:29:38.674162 683491 lsi_rt.h:50] queries: 8071409
I0924 16:29:38.674168 683491 rt_engine.h:159] Parm size: 176
I0924 16:29:38.674175 683491 rt_engine.cu:554] optixLaunch, [w,h,d] = 8071409,1,1
I0924 16:29:38.700778 683491 lsi_rt.h:50] queries: 8071409
I0924 16:29:38.700783 683491 rt_engine.h:159] Parm size: 176
I0924 16:29:38.700789 683491 rt_engine.cu:554] optixLaunch, [w,h,d] = 8071409,1,1
I0924 16:29:38.726816 683491 lsi_rt.h:50] queries: 8071409
I0924 16:29:38.726822 683491 rt_engine.h:159] Parm size: 176
I0924 16:29:38.726828 683491 rt_engine.cu:554] optixLaunch, [w,h,d] = 8071409,1,1
I0924 16:29:38.752621 683491 run_query.cu:314] Iter: 0
I0924 16:29:38.752624 683491 lsi_rt.h:50] queries: 8071409
I0924 16:29:38.752629 683491 rt_engine.h:159] Parm size: 176
I0924 16:29:38.752635 683491 rt_engine.cu:554] optixLaunch, [w,h,d] = 8071409,1,1
I0924 16:29:38.778337 683491 run_query.cu:314] Iter: 1
I0924 16:29:38.778338 683491 lsi_rt.h:50] queries: 8071409
I0924 16:29:38.778344 683491 rt_engine.h:159] Parm size: 176
I0924 16:29:38.778350 683491 rt_engine.cu:554] optixLaunch, [w,h,d] = 8071409,1,1
I0924 16:29:38.803932 683491 run_query.cu:314] Iter: 2
I0924 16:29:38.803933 683491 lsi_rt.h:50] queries: 8071409
I0924 16:29:38.803956 683491 rt_engine.h:159] Parm size: 176
I0924 16:29:38.803962 683491 rt_engine.cu:554] optixLaunch, [w,h,d] = 8071409,1,1
I0924 16:29:38.829666 683491 run_query.cu:314] Iter: 3
I0924 16:29:38.829668 683491 lsi_rt.h:50] queries: 8071409
I0924 16:29:38.829674 683491 rt_engine.h:159] Parm size: 176
I0924 16:29:38.829679 683491 rt_engine.cu:554] optixLaunch, [w,h,d] = 8071409,1,1
I0924 16:29:38.855392 683491 run_query.cu:314] Iter: 4
I0924 16:29:38.855394 683491 lsi_rt.h:50] queries: 8071409
I0924 16:29:38.855399 683491 rt_engine.h:159] Parm size: 176
I0924 16:29:38.855405 683491 rt_engine.cu:554] optixLaunch, [w,h,d] = 8071409,1,1
I0924 16:29:38.881208 683491 run_query.cu:319] Intersections: 1628138 Selective: 162.814 Queue Load Factor: 0.215834
Timing results:
 - Read map: 1571.26 ms

 - Create Context: 0.00119209 ms

 - Generate Workloads: 7133.02 ms

 - Create App: 86.143 ms

 - Init: 1.32704 ms

 - Adaptive Grouping: 35.3661 ms

 - Build Index: 13.8149 ms

 - Warmup: 136.022 ms

 - Query: 25.7182 ms

 - Cleanup: 446.733 ms

