/local/storage/liang/.clion/RayJoin/cmake-build-release-dl190/bin/query_exec -poly1 /local/storage/liang/Downloads/Datasets/point_cdb/lakes/Australia/lakes_Australia_Point.cdb              -poly2 /local/storage/liang/Downloads/Datasets/point_cdb/parks/Australia/parks_Australia_Point.cdb              -serialize=/dev/shm              -mode=rt              -v=1              -query=lsi              -seed=1              -xsect_factor 0.1              -sample_map_id=1              -sample=map              -sample_rate=0.2              -warmup=5              -repeat=5              -enlarge=5
I0924 16:28:53.730167 683130 planar_graph.h:216] Map /dev/shm/-local-storage-liang-Downloads-Datasets-point_cdb-lakes-Australia-lakes_Australia_Point.cdb.bin is deserialized, chains: 16702 points: 1254743 edges: 1238041
I0924 16:28:53.744192 683130 planar_graph.h:216] Map /dev/shm/-local-storage-liang-Downloads-Datasets-point_cdb-parks-Australia-parks_Australia_Point.cdb.bin is deserialized, chains: 22386 points: 589464 edges: 567078
I0924 16:28:53.744200 683130 run_query.cu:184] Sampling map, sample rate: 0.2, seed: 1
I0924 16:28:53.751892 683130 planar_graph.h:310] Map is sampled, chains: 22386 points: 145733 edges: 123347
I0924 16:28:53.752642 683130 run_query.cu:213] After sampling , edges: 123347
I0924 16:28:53.752661 683130 context.h:51] Bounding Box, Bottom-left: (112.971, -54.7384), Top-right: (158.947, -10.1168)
I0924 16:28:53.752668 683130 context.h:58] Scaled Bounding Box, Bottom-left: (-67435232688127, -67350025946940), Top-right: (67435232688126, 67350025946939)
I0924 16:28:53.752669 683130 context.h:61] Unscaled Bounding Box, Bottom-left: (112.971, -54.7384), Top-right: (158.947, -10.1168)
I0924 16:28:53.927075 683130 rt_engine.cu:282] Info: Pipeline statistics
	module(s)                            :     1
	entry function(s)                    :     2
	trace call(s)                        :     1
	continuation callable call(s)        :     0
	direct callable call(s)              :     0
	basic block(s) in entry functions    :    67
	instruction(s) in entry functions    :  1011
	non-entry function(s)                :     1
	basic block(s) in non-entry functions:     1
	instruction(s) in non-entry functions:     1
	debug information                    :    no
I0924 16:28:53.931972 683130 rt_engine.cu:282] Info: Pipeline statistics
	module(s)                            :     1
	entry function(s)                    :     2
	trace call(s)                        :     1
	continuation callable call(s)        :     0
	direct callable call(s)              :     0
	basic block(s) in entry functions    :    43
	instruction(s) in entry functions    :   831
	non-entry function(s)                :     1
	basic block(s) in non-entry functions:     1
	instruction(s) in non-entry functions:     1
	debug information                    :    no
I0924 16:28:53.932194 683130 run_query.cu:251] Queue capacity: 136138
I0924 16:28:53.932199 683130 lsi.h:22] Queue size: 6 MB
I0924 16:28:53.933135 683130 primitive.h:252] Enlarge limit: 5 ne: 1238041 aabbs: 91856 Compress ratio: 0.925805 Time: 0.84 ms
I0924 16:28:53.933174 683130 rt_engine.cu:397] Building AS, num prims: 91856, Required Temp Size: 6997248 Output Size: 3439488
I0924 16:28:53.933997 683130 lsi_rt.h:50] queries: 123347
I0924 16:28:53.934026 683130 rt_engine.h:159] Parm size: 176
I0924 16:28:53.934038 683130 rt_engine.cu:554] optixLaunch, [w,h,d] = 123347,1,1
I0924 16:28:53.934762 683130 lsi_rt.h:50] queries: 123347
I0924 16:28:53.934769 683130 rt_engine.h:159] Parm size: 176
I0924 16:28:53.934777 683130 rt_engine.cu:554] optixLaunch, [w,h,d] = 123347,1,1
I0924 16:28:53.935441 683130 lsi_rt.h:50] queries: 123347
I0924 16:28:53.935448 683130 rt_engine.h:159] Parm size: 176
I0924 16:28:53.935454 683130 rt_engine.cu:554] optixLaunch, [w,h,d] = 123347,1,1
I0924 16:28:53.936131 683130 lsi_rt.h:50] queries: 123347
I0924 16:28:53.936137 683130 rt_engine.h:159] Parm size: 176
I0924 16:28:53.936144 683130 rt_engine.cu:554] optixLaunch, [w,h,d] = 123347,1,1
I0924 16:28:53.936795 683130 lsi_rt.h:50] queries: 123347
I0924 16:28:53.936802 683130 rt_engine.h:159] Parm size: 176
I0924 16:28:53.936808 683130 rt_engine.cu:554] optixLaunch, [w,h,d] = 123347,1,1
I0924 16:28:53.937474 683130 run_query.cu:314] Iter: 0
I0924 16:28:53.937475 683130 lsi_rt.h:50] queries: 123347
I0924 16:28:53.937481 683130 rt_engine.h:159] Parm size: 176
I0924 16:28:53.937487 683130 rt_engine.cu:554] optixLaunch, [w,h,d] = 123347,1,1
I0924 16:28:53.938151 683130 run_query.cu:314] Iter: 1
I0924 16:28:53.938153 683130 lsi_rt.h:50] queries: 123347
I0924 16:28:53.938158 683130 rt_engine.h:159] Parm size: 176
I0924 16:28:53.938165 683130 rt_engine.cu:554] optixLaunch, [w,h,d] = 123347,1,1
I0924 16:28:53.938820 683130 run_query.cu:314] Iter: 2
I0924 16:28:53.938822 683130 lsi_rt.h:50] queries: 123347
I0924 16:28:53.938828 683130 rt_engine.h:159] Parm size: 176
I0924 16:28:53.938851 683130 rt_engine.cu:554] optixLaunch, [w,h,d] = 123347,1,1
I0924 16:28:53.939502 683130 run_query.cu:314] Iter: 3
I0924 16:28:53.939504 683130 lsi_rt.h:50] queries: 123347
I0924 16:28:53.939510 683130 rt_engine.h:159] Parm size: 176
I0924 16:28:53.939517 683130 rt_engine.cu:554] optixLaunch, [w,h,d] = 123347,1,1
I0924 16:28:53.940171 683130 run_query.cu:314] Iter: 4
I0924 16:28:53.940172 683130 lsi_rt.h:50] queries: 123347
I0924 16:28:53.940178 683130 rt_engine.h:159] Parm size: 176
I0924 16:28:53.940184 683130 rt_engine.cu:554] optixLaunch, [w,h,d] = 123347,1,1
I0924 16:28:53.940855 683130 run_query.cu:319] Intersections: 8786 Selective: 0.8786 Queue Load Factor: 0.0645375
Timing results:
 - Read map: 109.3 ms

 - Create Context: 0 ms

 - Generate Workloads: 138.175 ms

 - Create App: 63.6411 ms

 - Init: 0.09799 ms

 - Adaptive Grouping: 0.858068 ms

 - Build Index: 0.846863 ms

 - Warmup: 3.4771 ms

 - Query: 0.677013 ms

 - Cleanup: 24.6429 ms

