/local/storage/liang/.clion/RayJoin/cmake-build-release-dl190/bin/query_exec -poly1 /local/storage/liang/Downloads/Datasets/point_cdb/lakes/Asia/lakes_Asia_Point.cdb              -poly2 /local/storage/liang/Downloads/Datasets/point_cdb/parks/Asia/parks_Asia_Point.cdb              -serialize=/dev/shm              -mode=rt              -v=1              -query=lsi              -seed=1              -xsect_factor 0.1              -sample_map_id=1              -sample=map              -sample_rate=0.7              -warmup=5              -repeat=5              -enlarge=5
I0924 16:31:28.132295 684590 planar_graph.h:216] Map /dev/shm/-local-storage-liang-Downloads-Datasets-point_cdb-lakes-Asia-lakes_Asia_Point.cdb.bin is deserialized, chains: 194573 points: 10541220 edges: 10346647
I0924 16:31:28.399978 684590 planar_graph.h:216] Map /dev/shm/-local-storage-liang-Downloads-Datasets-point_cdb-parks-Asia-parks_Asia_Point.cdb.bin is deserialized, chains: 277198 points: 12209639 edges: 11932441
I0924 16:31:28.399988 684590 run_query.cu:184] Sampling map, sample rate: 0.7, seed: 1
I0924 16:31:28.775921 684590 planar_graph.h:310] Map is sampled, chains: 277198 points: 8555956 edges: 8278758
I0924 16:31:28.789314 684590 run_query.cu:213] After sampling , edges: 8278758
I0924 16:31:28.789332 684590 context.h:51] Bounding Box, Bottom-left: (-179.972, -10.8197), Top-right: (179.984, 81.2255)
I0924 16:31:28.789341 684590 context.h:58] Scaled Bounding Box, Bottom-left: (-69979919611218, -68872256062147), Top-right: (69979919611217, 68872256062146)
I0924 16:31:28.789343 684590 context.h:61] Unscaled Bounding Box, Bottom-left: (-179.972, -10.8197), Top-right: (179.984, 81.2255)
I0924 16:31:30.166622 684590 rt_engine.cu:282] Info: Pipeline statistics
	module(s)                            :     1
	entry function(s)                    :     2
	trace call(s)                        :     1
	continuation callable call(s)        :     0
	direct callable call(s)              :     0
	basic block(s) in entry functions    :    67
	instruction(s) in entry functions    :  1011
	non-entry function(s)                :     1
	basic block(s) in non-entry functions:     1
	instruction(s) in non-entry functions:     1
	debug information                    :    no
I0924 16:31:30.171617 684590 rt_engine.cu:282] Info: Pipeline statistics
	module(s)                            :     1
	entry function(s)                    :     2
	trace call(s)                        :     1
	continuation callable call(s)        :     0
	direct callable call(s)              :     0
	basic block(s) in entry functions    :    43
	instruction(s) in entry functions    :   831
	non-entry function(s)                :     1
	basic block(s) in non-entry functions:     1
	instruction(s) in non-entry functions:     1
	debug information                    :    no
I0924 16:31:30.171852 684590 run_query.cu:251] Queue capacity: 1862540
I0924 16:31:30.171859 684590 lsi.h:22] Queue size: 85 MB
I0924 16:31:30.177824 684590 primitive.h:252] Enlarge limit: 5 ne: 10346647 aabbs: 762458 Compress ratio: 0.926309 Time: 5.544 ms
I0924 16:31:30.177865 684590 rt_engine.cu:397] Building AS, num prims: 762458, Required Temp Size: 58067968 Output Size: 28529536
I0924 16:31:30.180423 684590 lsi_rt.h:50] queries: 8278758
I0924 16:31:30.180454 684590 rt_engine.h:159] Parm size: 176
I0924 16:31:30.180466 684590 rt_engine.cu:554] optixLaunch, [w,h,d] = 8278758,1,1
I0924 16:31:30.185542 684590 lsi_rt.h:50] queries: 8278758
I0924 16:31:30.185549 684590 rt_engine.h:159] Parm size: 176
I0924 16:31:30.185556 684590 rt_engine.cu:554] optixLaunch, [w,h,d] = 8278758,1,1
I0924 16:31:30.190554 684590 lsi_rt.h:50] queries: 8278758
I0924 16:31:30.190562 684590 rt_engine.h:159] Parm size: 176
I0924 16:31:30.190567 684590 rt_engine.cu:554] optixLaunch, [w,h,d] = 8278758,1,1
I0924 16:31:30.195595 684590 lsi_rt.h:50] queries: 8278758
I0924 16:31:30.195601 684590 rt_engine.h:159] Parm size: 176
I0924 16:31:30.195607 684590 rt_engine.cu:554] optixLaunch, [w,h,d] = 8278758,1,1
I0924 16:31:30.200611 684590 lsi_rt.h:50] queries: 8278758
I0924 16:31:30.200618 684590 rt_engine.h:159] Parm size: 176
I0924 16:31:30.200623 684590 rt_engine.cu:554] optixLaunch, [w,h,d] = 8278758,1,1
I0924 16:31:30.205744 684590 run_query.cu:314] Iter: 0
I0924 16:31:30.205745 684590 lsi_rt.h:50] queries: 8278758
I0924 16:31:30.205751 684590 rt_engine.h:159] Parm size: 176
I0924 16:31:30.205758 684590 rt_engine.cu:554] optixLaunch, [w,h,d] = 8278758,1,1
I0924 16:31:30.210762 684590 run_query.cu:314] Iter: 1
I0924 16:31:30.210763 684590 lsi_rt.h:50] queries: 8278758
I0924 16:31:30.210769 684590 rt_engine.h:159] Parm size: 176
I0924 16:31:30.210776 684590 rt_engine.cu:554] optixLaunch, [w,h,d] = 8278758,1,1
I0924 16:31:30.215776 684590 run_query.cu:314] Iter: 2
I0924 16:31:30.215778 684590 lsi_rt.h:50] queries: 8278758
I0924 16:31:30.215785 684590 rt_engine.h:159] Parm size: 176
I0924 16:31:30.215809 684590 rt_engine.cu:554] optixLaunch, [w,h,d] = 8278758,1,1
I0924 16:31:30.220804 684590 run_query.cu:314] Iter: 3
I0924 16:31:30.220806 684590 lsi_rt.h:50] queries: 8278758
I0924 16:31:30.220813 684590 rt_engine.h:159] Parm size: 176
I0924 16:31:30.220819 684590 rt_engine.cu:554] optixLaunch, [w,h,d] = 8278758,1,1
I0924 16:31:30.225800 684590 run_query.cu:314] Iter: 4
I0924 16:31:30.225802 684590 lsi_rt.h:50] queries: 8278758
I0924 16:31:30.225808 684590 rt_engine.h:159] Parm size: 176
I0924 16:31:30.225816 684590 rt_engine.cu:554] optixLaunch, [w,h,d] = 8278758,1,1
I0924 16:31:30.230806 684590 run_query.cu:319] Intersections: 75981 Selective: 7.5981 Queue Load Factor: 0.0407943
Timing results:
 - Read map: 303.402 ms

 - Create Context: 0 ms

 - Generate Workloads: 1953.44 ms

 - Create App: 85.921 ms

 - Init: 0.424862 ms

 - Adaptive Grouping: 5.56302 ms

 - Build Index: 2.58303 ms

 - Warmup: 25.321 ms

 - Query: 5.01361 ms

 - Cleanup: 142.631 ms

