/local/storage/liang/.clion/RayJoin/cmake-build-release-dl190/bin/query_exec -poly1 /local/storage/liang/Downloads/Datasets/point_cdb/lakes/South_America/lakes_South_America_Point.cdb              -poly2 /local/storage/liang/Downloads/Datasets/point_cdb/parks/South_America/parks_South_America_Point.cdb              -serialize=/dev/shm              -mode=rt              -v=1              -query=lsi              -seed=1              -xsect_factor 0.1              -sample_map_id=1              -sample=map              -sample_rate=0.1              -warmup=5              -repeat=5              -enlarge=5
I0924 16:28:43.526734 682994 planar_graph.h:216] Map /dev/shm/-local-storage-liang-Downloads-Datasets-point_cdb-lakes-South_America-lakes_South_America_Point.cdb.bin is deserialized, chains: 43757 points: 2418375 edges: 2374618
I0924 16:28:43.599642 682994 planar_graph.h:216] Map /dev/shm/-local-storage-liang-Downloads-Datasets-point_cdb-parks-South_America-parks_South_America_Point.cdb.bin is deserialized, chains: 85371 points: 3264379 edges: 3179008
I0924 16:28:43.599653 682994 run_query.cu:184] Sampling map, sample rate: 0.1, seed: 1
I0924 16:28:43.630746 682994 planar_graph.h:310] Map is sampled, chains: 85371 points: 473522 edges: 388151
I0924 16:28:43.634685 682994 run_query.cu:213] After sampling , edges: 388151
I0924 16:28:43.634706 682994 context.h:51] Bounding Box, Bottom-left: (-91.3739, -55.923), Top-right: (-34.7946, 12.5803)
I0924 16:28:43.634711 682994 context.h:58] Scaled Bounding Box, Bottom-left: (-67966233205452, -68372559093087), Top-right: (67966233205451, 68372559093086)
I0924 16:28:43.634713 682994 context.h:61] Unscaled Bounding Box, Bottom-left: (-91.3739, -55.923), Top-right: (-34.7946, 12.5803)
I0924 16:28:43.893128 682994 rt_engine.cu:282] Info: Pipeline statistics
	module(s)                            :     1
	entry function(s)                    :     2
	trace call(s)                        :     1
	continuation callable call(s)        :     0
	direct callable call(s)              :     0
	basic block(s) in entry functions    :    67
	instruction(s) in entry functions    :  1011
	non-entry function(s)                :     1
	basic block(s) in non-entry functions:     1
	instruction(s) in non-entry functions:     1
	debug information                    :    no
I0924 16:28:43.897931 682994 rt_engine.cu:282] Info: Pipeline statistics
	module(s)                            :     1
	entry function(s)                    :     2
	trace call(s)                        :     1
	continuation callable call(s)        :     0
	direct callable call(s)              :     0
	basic block(s) in entry functions    :    43
	instruction(s) in entry functions    :   831
	non-entry function(s)                :     1
	basic block(s) in non-entry functions:     1
	instruction(s) in non-entry functions:     1
	debug information                    :    no
I0924 16:28:43.898154 682994 run_query.cu:251] Queue capacity: 276276
I0924 16:28:43.898160 682994 lsi.h:22] Queue size: 12 MB
I0924 16:28:43.899547 682994 primitive.h:252] Enlarge limit: 5 ne: 2374618 aabbs: 158882 Compress ratio: 0.933092 Time: 1.267 ms
I0924 16:28:43.899586 682994 rt_engine.cu:397] Building AS, num prims: 158882, Required Temp Size: 12102016 Output Size: 5947392
I0924 16:28:43.900445 682994 lsi_rt.h:50] queries: 388151
I0924 16:28:43.900472 682994 rt_engine.h:159] Parm size: 176
I0924 16:28:43.900485 682994 rt_engine.cu:554] optixLaunch, [w,h,d] = 388151,1,1
I0924 16:28:43.901293 682994 lsi_rt.h:50] queries: 388151
I0924 16:28:43.901299 682994 rt_engine.h:159] Parm size: 176
I0924 16:28:43.901305 682994 rt_engine.cu:554] optixLaunch, [w,h,d] = 388151,1,1
I0924 16:28:43.902089 682994 lsi_rt.h:50] queries: 388151
I0924 16:28:43.902096 682994 rt_engine.h:159] Parm size: 176
I0924 16:28:43.902101 682994 rt_engine.cu:554] optixLaunch, [w,h,d] = 388151,1,1
I0924 16:28:43.902842 682994 lsi_rt.h:50] queries: 388151
I0924 16:28:43.902848 682994 rt_engine.h:159] Parm size: 176
I0924 16:28:43.902853 682994 rt_engine.cu:554] optixLaunch, [w,h,d] = 388151,1,1
I0924 16:28:43.903592 682994 lsi_rt.h:50] queries: 388151
I0924 16:28:43.903599 682994 rt_engine.h:159] Parm size: 176
I0924 16:28:43.903604 682994 rt_engine.cu:554] optixLaunch, [w,h,d] = 388151,1,1
I0924 16:28:43.904367 682994 run_query.cu:314] Iter: 0
I0924 16:28:43.904369 682994 lsi_rt.h:50] queries: 388151
I0924 16:28:43.904376 682994 rt_engine.h:159] Parm size: 176
I0924 16:28:43.904381 682994 rt_engine.cu:554] optixLaunch, [w,h,d] = 388151,1,1
I0924 16:28:43.905140 682994 run_query.cu:314] Iter: 1
I0924 16:28:43.905143 682994 lsi_rt.h:50] queries: 388151
I0924 16:28:43.905148 682994 rt_engine.h:159] Parm size: 176
I0924 16:28:43.905153 682994 rt_engine.cu:554] optixLaunch, [w,h,d] = 388151,1,1
I0924 16:28:43.905906 682994 run_query.cu:314] Iter: 2
I0924 16:28:43.905908 682994 lsi_rt.h:50] queries: 388151
I0924 16:28:43.905915 682994 rt_engine.h:159] Parm size: 176
I0924 16:28:43.905938 682994 rt_engine.cu:554] optixLaunch, [w,h,d] = 388151,1,1
I0924 16:28:43.906680 682994 run_query.cu:314] Iter: 3
I0924 16:28:43.906682 682994 lsi_rt.h:50] queries: 388151
I0924 16:28:43.906688 682994 rt_engine.h:159] Parm size: 176
I0924 16:28:43.906694 682994 rt_engine.cu:554] optixLaunch, [w,h,d] = 388151,1,1
I0924 16:28:43.907440 682994 run_query.cu:314] Iter: 4
I0924 16:28:43.907442 682994 lsi_rt.h:50] queries: 388151
I0924 16:28:43.907449 682994 rt_engine.h:159] Parm size: 176
I0924 16:28:43.907454 682994 rt_engine.cu:554] optixLaunch, [w,h,d] = 388151,1,1
I0924 16:28:43.908216 682994 run_query.cu:319] Intersections: 12354 Selective: 1.2354 Queue Load Factor: 0.0447162
Timing results:
 - Read map: 127.647 ms

 - Create Context: 0 ms

 - Generate Workloads: 311.996 ms

 - Create App: 59.2179 ms

 - Init: 0.12207 ms

 - Adaptive Grouping: 1.28579 ms

 - Build Index: 0.882149 ms

 - Warmup: 3.92389 ms

 - Query: 0.770617 ms

 - Cleanup: 35.454 ms

