/local/storage/liang/.clion/RayJoin/cmake-build-release-dl190/bin/query_exec -poly1 /local/storage/liang/Downloads/Datasets/point_cdb/lakes/Asia/lakes_Asia_Point.cdb              -poly2 /local/storage/liang/Downloads/Datasets/point_cdb/parks/Asia/parks_Asia_Point.cdb              -serialize=/dev/shm              -mode=rt              -v=1              -query=lsi              -seed=1              -xsect_factor 0.1              -sample_map_id=1              -sample=map              -sample_rate=0.1              -warmup=5              -repeat=5              -enlarge=5
I0924 16:28:25.800554 682875 planar_graph.h:216] Map /dev/shm/-local-storage-liang-Downloads-Datasets-point_cdb-lakes-Asia-lakes_Asia_Point.cdb.bin is deserialized, chains: 194573 points: 10541220 edges: 10346647
I0924 16:28:26.066447 682875 planar_graph.h:216] Map /dev/shm/-local-storage-liang-Downloads-Datasets-point_cdb-parks-Asia-parks_Asia_Point.cdb.bin is deserialized, chains: 277198 points: 12209639 edges: 11932441
I0924 16:28:26.066458 682875 run_query.cu:184] Sampling map, sample rate: 0.1, seed: 1
I0924 16:28:26.181704 682875 planar_graph.h:310] Map is sampled, chains: 277198 points: 1683457 edges: 1406259
I0924 16:28:26.194756 682875 run_query.cu:213] After sampling , edges: 1406259
I0924 16:28:26.194777 682875 context.h:51] Bounding Box, Bottom-left: (-179.972, -10.8197), Top-right: (179.984, 81.2255)
I0924 16:28:26.194784 682875 context.h:58] Scaled Bounding Box, Bottom-left: (-69979919611218, -68872256062147), Top-right: (69979919611217, 68872256062146)
I0924 16:28:26.194787 682875 context.h:61] Unscaled Bounding Box, Bottom-left: (-179.972, -10.8197), Top-right: (179.984, 81.2255)
I0924 16:28:27.111366 682875 rt_engine.cu:282] Info: Pipeline statistics
	module(s)                            :     1
	entry function(s)                    :     2
	trace call(s)                        :     1
	continuation callable call(s)        :     0
	direct callable call(s)              :     0
	basic block(s) in entry functions    :    67
	instruction(s) in entry functions    :  1011
	non-entry function(s)                :     1
	basic block(s) in non-entry functions:     1
	instruction(s) in non-entry functions:     1
	debug information                    :    no
I0924 16:28:27.116310 682875 rt_engine.cu:282] Info: Pipeline statistics
	module(s)                            :     1
	entry function(s)                    :     2
	trace call(s)                        :     1
	continuation callable call(s)        :     0
	direct callable call(s)              :     0
	basic block(s) in entry functions    :    43
	instruction(s) in entry functions    :   831
	non-entry function(s)                :     1
	basic block(s) in non-entry functions:     1
	instruction(s) in non-entry functions:     1
	debug information                    :    no
I0924 16:28:27.116534 682875 run_query.cu:251] Queue capacity: 1175290
I0924 16:28:27.116540 682875 lsi.h:22] Queue size: 53 MB
I0924 16:28:27.122375 682875 primitive.h:252] Enlarge limit: 5 ne: 10346647 aabbs: 762458 Compress ratio: 0.926309 Time: 5.538 ms
I0924 16:28:27.122416 682875 rt_engine.cu:397] Building AS, num prims: 762458, Required Temp Size: 58067968 Output Size: 28529536
I0924 16:28:27.125018 682875 lsi_rt.h:50] queries: 1406259
I0924 16:28:27.125048 682875 rt_engine.h:159] Parm size: 176
I0924 16:28:27.125075 682875 rt_engine.cu:554] optixLaunch, [w,h,d] = 1406259,1,1
I0924 16:28:27.127604 682875 lsi_rt.h:50] queries: 1406259
I0924 16:28:27.127611 682875 rt_engine.h:159] Parm size: 176
I0924 16:28:27.127617 682875 rt_engine.cu:554] optixLaunch, [w,h,d] = 1406259,1,1
I0924 16:28:27.130116 682875 lsi_rt.h:50] queries: 1406259
I0924 16:28:27.130122 682875 rt_engine.h:159] Parm size: 176
I0924 16:28:27.130129 682875 rt_engine.cu:554] optixLaunch, [w,h,d] = 1406259,1,1
I0924 16:28:27.132615 682875 lsi_rt.h:50] queries: 1406259
I0924 16:28:27.132622 682875 rt_engine.h:159] Parm size: 176
I0924 16:28:27.132628 682875 rt_engine.cu:554] optixLaunch, [w,h,d] = 1406259,1,1
I0924 16:28:27.135066 682875 lsi_rt.h:50] queries: 1406259
I0924 16:28:27.135071 682875 rt_engine.h:159] Parm size: 176
I0924 16:28:27.135077 682875 rt_engine.cu:554] optixLaunch, [w,h,d] = 1406259,1,1
I0924 16:28:27.137552 682875 run_query.cu:314] Iter: 0
I0924 16:28:27.137553 682875 lsi_rt.h:50] queries: 1406259
I0924 16:28:27.137559 682875 rt_engine.h:159] Parm size: 176
I0924 16:28:27.137566 682875 rt_engine.cu:554] optixLaunch, [w,h,d] = 1406259,1,1
I0924 16:28:27.140051 682875 run_query.cu:314] Iter: 1
I0924 16:28:27.140053 682875 lsi_rt.h:50] queries: 1406259
I0924 16:28:27.140059 682875 rt_engine.h:159] Parm size: 176
I0924 16:28:27.140065 682875 rt_engine.cu:554] optixLaunch, [w,h,d] = 1406259,1,1
I0924 16:28:27.142536 682875 run_query.cu:314] Iter: 2
I0924 16:28:27.142539 682875 lsi_rt.h:50] queries: 1406259
I0924 16:28:27.142544 682875 rt_engine.h:159] Parm size: 176
I0924 16:28:27.142566 682875 rt_engine.cu:554] optixLaunch, [w,h,d] = 1406259,1,1
I0924 16:28:27.145035 682875 run_query.cu:314] Iter: 3
I0924 16:28:27.145036 682875 lsi_rt.h:50] queries: 1406259
I0924 16:28:27.145042 682875 rt_engine.h:159] Parm size: 176
I0924 16:28:27.145048 682875 rt_engine.cu:554] optixLaunch, [w,h,d] = 1406259,1,1
I0924 16:28:27.147511 682875 run_query.cu:314] Iter: 4
I0924 16:28:27.147513 682875 lsi_rt.h:50] queries: 1406259
I0924 16:28:27.147519 682875 rt_engine.h:159] Parm size: 176
I0924 16:28:27.147526 682875 rt_engine.cu:554] optixLaunch, [w,h,d] = 1406259,1,1
I0924 16:28:27.149976 682875 run_query.cu:319] Intersections: 46348 Selective: 4.6348 Queue Load Factor: 0.0394354
Timing results:
 - Read map: 295.99 ms

 - Create Context: 0 ms

 - Generate Workloads: 1235.23 ms

 - Create App: 80.5581 ms

 - Init: 0.300884 ms

 - Adaptive Grouping: 5.55611 ms

 - Build Index: 2.62785 ms

 - Warmup: 12.5341 ms

 - Query: 2.4858 ms

 - Cleanup: 92.5839 ms

