/local/storage/liang/.clion/RayJoin/cmake-build-release-dl190/bin/query_exec -poly1 /local/storage/liang/Downloads/Datasets/point_cdb/lakes/North_America/lakes_North_America_Point.cdb              -poly2 /local/storage/liang/Downloads/Datasets/point_cdb/parks/North_America/parks_North_America_Point.cdb              -serialize=/dev/shm              -mode=rt              -v=1              -query=lsi              -seed=1              -xsect_factor 0.1              -sample_map_id=1              -sample=map              -sample_rate=0.4              -warmup=5              -repeat=5              -enlarge=5
I0924 16:30:01.918751 683787 planar_graph.h:216] Map /dev/shm/-local-storage-liang-Downloads-Datasets-point_cdb-lakes-North_America-lakes_North_America_Point.cdb.bin is deserialized, chains: 1910184 points: 69273661 edges: 67363477
I0924 16:30:02.513211 683787 planar_graph.h:216] Map /dev/shm/-local-storage-liang-Downloads-Datasets-point_cdb-parks-North_America-parks_North_America_Point.cdb.bin is deserialized, chains: 603325 points: 27465008 edges: 26861683
I0924 16:30:02.513224 683787 run_query.cu:184] Sampling map, sample rate: 0.4, seed: 1
I0924 16:30:02.985505 683787 planar_graph.h:310] Map is sampled, chains: 603325 points: 11309772 edges: 10706447
I0924 16:30:03.012418 683787 run_query.cu:213] After sampling , edges: 10706447
I0924 16:30:03.012444 683787 context.h:51] Bounding Box, Bottom-left: (-178.058, 7.22549), Top-right: (-45.5204, 71.2885)
I0924 16:30:03.012452 683787 context.h:58] Scaled Bounding Box, Bottom-left: (-69322660018498, -68238392195785), Top-right: (69322660018497, 68238392195784)
I0924 16:30:03.012454 683787 context.h:61] Unscaled Bounding Box, Bottom-left: (-178.058, 7.22549), Top-right: (-45.5204, 71.2885)
I0924 16:30:09.547252 683787 rt_engine.cu:282] Info: Pipeline statistics
	module(s)                            :     1
	entry function(s)                    :     2
	trace call(s)                        :     1
	continuation callable call(s)        :     0
	direct callable call(s)              :     0
	basic block(s) in entry functions    :    67
	instruction(s) in entry functions    :  1011
	non-entry function(s)                :     1
	basic block(s) in non-entry functions:     1
	instruction(s) in non-entry functions:     1
	debug information                    :    no
I0924 16:30:09.552199 683787 rt_engine.cu:282] Info: Pipeline statistics
	module(s)                            :     1
	entry function(s)                    :     2
	trace call(s)                        :     1
	continuation callable call(s)        :     0
	direct callable call(s)              :     0
	basic block(s) in entry functions    :    43
	instruction(s) in entry functions    :   831
	non-entry function(s)                :     1
	basic block(s) in non-entry functions:     1
	instruction(s) in non-entry functions:     1
	debug information                    :    no
I0924 16:30:09.552937 683787 run_query.cu:251] Queue capacity: 7806992
I0924 16:30:09.552942 683787 lsi.h:22] Queue size: 357 MB
I0924 16:30:09.589571 683787 primitive.h:252] Enlarge limit: 5 ne: 67363477 aabbs: 4933878 Compress ratio: 0.926757 Time: 35.253 ms
I0924 16:30:09.589615 683787 rt_engine.cu:397] Building AS, num prims: 4933878, Required Temp Size: 375747712 Output Size: 184600064
I0924 16:30:09.603364 683787 lsi_rt.h:50] queries: 10706447
I0924 16:30:09.603396 683787 rt_engine.h:159] Parm size: 176
I0924 16:30:09.603410 683787 rt_engine.cu:554] optixLaunch, [w,h,d] = 10706447,1,1
I0924 16:30:09.635672 683787 lsi_rt.h:50] queries: 10706447
I0924 16:30:09.635679 683787 rt_engine.h:159] Parm size: 176
I0924 16:30:09.635686 683787 rt_engine.cu:554] optixLaunch, [w,h,d] = 10706447,1,1
I0924 16:30:09.667893 683787 lsi_rt.h:50] queries: 10706447
I0924 16:30:09.667901 683787 rt_engine.h:159] Parm size: 176
I0924 16:30:09.667906 683787 rt_engine.cu:554] optixLaunch, [w,h,d] = 10706447,1,1
I0924 16:30:09.697337 683787 lsi_rt.h:50] queries: 10706447
I0924 16:30:09.697345 683787 rt_engine.h:159] Parm size: 176
I0924 16:30:09.697350 683787 rt_engine.cu:554] optixLaunch, [w,h,d] = 10706447,1,1
I0924 16:30:09.726416 683787 lsi_rt.h:50] queries: 10706447
I0924 16:30:09.726423 683787 rt_engine.h:159] Parm size: 176
I0924 16:30:09.726429 683787 rt_engine.cu:554] optixLaunch, [w,h,d] = 10706447,1,1
I0924 16:30:09.755002 683787 run_query.cu:314] Iter: 0
I0924 16:30:09.755004 683787 lsi_rt.h:50] queries: 10706447
I0924 16:30:09.755010 683787 rt_engine.h:159] Parm size: 176
I0924 16:30:09.755017 683787 rt_engine.cu:554] optixLaunch, [w,h,d] = 10706447,1,1
I0924 16:30:09.783692 683787 run_query.cu:314] Iter: 1
I0924 16:30:09.783694 683787 lsi_rt.h:50] queries: 10706447
I0924 16:30:09.783700 683787 rt_engine.h:159] Parm size: 176
I0924 16:30:09.783706 683787 rt_engine.cu:554] optixLaunch, [w,h,d] = 10706447,1,1
I0924 16:30:09.812345 683787 run_query.cu:314] Iter: 2
I0924 16:30:09.812347 683787 lsi_rt.h:50] queries: 10706447
I0924 16:30:09.812371 683787 rt_engine.h:159] Parm size: 176
I0924 16:30:09.812376 683787 rt_engine.cu:554] optixLaunch, [w,h,d] = 10706447,1,1
I0924 16:30:09.841164 683787 run_query.cu:314] Iter: 3
I0924 16:30:09.841166 683787 lsi_rt.h:50] queries: 10706447
I0924 16:30:09.841172 683787 rt_engine.h:159] Parm size: 176
I0924 16:30:09.841178 683787 rt_engine.cu:554] optixLaunch, [w,h,d] = 10706447,1,1
I0924 16:30:09.869971 683787 run_query.cu:314] Iter: 4
I0924 16:30:09.869971 683787 lsi_rt.h:50] queries: 10706447
I0924 16:30:09.869977 683787 rt_engine.h:159] Parm size: 176
I0924 16:30:09.869983 683787 rt_engine.cu:554] optixLaunch, [w,h,d] = 10706447,1,1
I0924 16:30:09.898744 683787 run_query.cu:319] Intersections: 1778185 Selective: 177.819 Queue Load Factor: 0.227768
Timing results:
 - Read map: 1570.26 ms

 - Create Context: 0.000953674 ms

 - Generate Workloads: 7491.27 ms

 - Create App: 142.726 ms

 - Init: 1.38021 ms

 - Adaptive Grouping: 35.2728 ms

 - Build Index: 13.7761 ms

 - Warmup: 151.639 ms

 - Query: 28.7492 ms

 - Cleanup: 456.5 ms

