/local/storage/liang/.clion/RayJoin/cmake-build-release-dl190/bin/query_exec -poly1 /local/storage/liang/Downloads/Datasets/point_cdb/USACensusBlockGroupBoundaries/USACensusBlockGroupBoundaries_Point.cdb              -poly2 /local/storage/liang/Downloads/Datasets/point_cdb/USADetailedWaterBodies/USADetailedWaterBodies_Point.cdb              -serialize=/dev/shm              -mode=rt              -v=1              -query=lsi              -seed=1              -xsect_factor 0.1              -sample_map_id=1              -sample=map              -sample_rate=0.3              -warmup=5              -repeat=5              -enlarge=5
I0924 16:29:14.016629 683309 planar_graph.h:216] Map /dev/shm/-local-storage-liang-Downloads-Datasets-point_cdb-USACensusBlockGroupBoundaries-USACensusBlockGroupBoundaries_Point.cdb.bin is deserialized, chains: 872624 points: 29345959 edges: 28473335
I0924 16:29:14.736738 683309 planar_graph.h:216] Map /dev/shm/-local-storage-liang-Downloads-Datasets-point_cdb-USADetailedWaterBodies-USADetailedWaterBodies_Point.cdb.bin is deserialized, chains: 2442900 points: 28007655 edges: 25564755
I0924 16:29:14.736752 683309 run_query.cu:184] Sampling map, sample rate: 0.3, seed: 1
I0924 16:29:15.146513 683309 planar_graph.h:310] Map is sampled, chains: 2442900 points: 12006334 edges: 9563434
I0924 16:29:15.176992 683309 run_query.cu:213] After sampling , edges: 9563434
I0924 16:29:15.177016 683309 context.h:51] Bounding Box, Bottom-left: (-179.149, 18.9107), Top-right: (-66.9496, 71.3652)
I0924 16:29:15.177026 683309 context.h:58] Scaled Bounding Box, Bottom-left: (-69136359329185, -67784245771247), Top-right: (69136359329184, 67784245771246)
I0924 16:29:15.177026 683309 context.h:61] Unscaled Bounding Box, Bottom-left: (-179.149, 18.9107), Top-right: (-66.9496, 71.3652)
I0924 16:29:18.311954 683309 rt_engine.cu:282] Info: Pipeline statistics
	module(s)                            :     1
	entry function(s)                    :     2
	trace call(s)                        :     1
	continuation callable call(s)        :     0
	direct callable call(s)              :     0
	basic block(s) in entry functions    :    67
	instruction(s) in entry functions    :  1011
	non-entry function(s)                :     1
	basic block(s) in non-entry functions:     1
	instruction(s) in non-entry functions:     1
	debug information                    :    no
I0924 16:29:18.316901 683309 rt_engine.cu:282] Info: Pipeline statistics
	module(s)                            :     1
	entry function(s)                    :     2
	trace call(s)                        :     1
	continuation callable call(s)        :     0
	direct callable call(s)              :     0
	basic block(s) in entry functions    :    43
	instruction(s) in entry functions    :   831
	non-entry function(s)                :     1
	basic block(s) in non-entry functions:     1
	instruction(s) in non-entry functions:     1
	debug information                    :    no
I0924 16:29:18.317606 683309 run_query.cu:251] Queue capacity: 3803676
I0924 16:29:18.317613 683309 lsi.h:22] Queue size: 174 MB
I0924 16:29:18.331696 683309 primitive.h:252] Enlarge limit: 5 ne: 28473335 aabbs: 2189670 Compress ratio: 0.923097 Time: 13.429 ms
I0924 16:29:18.331739 683309 rt_engine.cu:397] Building AS, num prims: 2189670, Required Temp Size: 166759168 Output Size: 81927680
I0924 16:29:18.338301 683309 lsi_rt.h:50] queries: 9563434
I0924 16:29:18.338331 683309 rt_engine.h:159] Parm size: 176
I0924 16:29:18.338344 683309 rt_engine.cu:554] optixLaunch, [w,h,d] = 9563434,1,1
I0924 16:29:18.381760 683309 lsi_rt.h:50] queries: 9563434
I0924 16:29:18.381767 683309 rt_engine.h:159] Parm size: 176
I0924 16:29:18.381773 683309 rt_engine.cu:554] optixLaunch, [w,h,d] = 9563434,1,1
I0924 16:29:18.424791 683309 lsi_rt.h:50] queries: 9563434
I0924 16:29:18.424798 683309 rt_engine.h:159] Parm size: 176
I0924 16:29:18.424804 683309 rt_engine.cu:554] optixLaunch, [w,h,d] = 9563434,1,1
I0924 16:29:18.468109 683309 lsi_rt.h:50] queries: 9563434
I0924 16:29:18.468115 683309 rt_engine.h:159] Parm size: 176
I0924 16:29:18.468122 683309 rt_engine.cu:554] optixLaunch, [w,h,d] = 9563434,1,1
I0924 16:29:18.511070 683309 lsi_rt.h:50] queries: 9563434
I0924 16:29:18.511075 683309 rt_engine.h:159] Parm size: 176
I0924 16:29:18.511082 683309 rt_engine.cu:554] optixLaunch, [w,h,d] = 9563434,1,1
I0924 16:29:18.554163 683309 run_query.cu:314] Iter: 0
I0924 16:29:18.554165 683309 lsi_rt.h:50] queries: 9563434
I0924 16:29:18.554170 683309 rt_engine.h:159] Parm size: 176
I0924 16:29:18.554176 683309 rt_engine.cu:554] optixLaunch, [w,h,d] = 9563434,1,1
I0924 16:29:18.597290 683309 run_query.cu:314] Iter: 1
I0924 16:29:18.597291 683309 lsi_rt.h:50] queries: 9563434
I0924 16:29:18.597296 683309 rt_engine.h:159] Parm size: 176
I0924 16:29:18.597302 683309 rt_engine.cu:554] optixLaunch, [w,h,d] = 9563434,1,1
I0924 16:29:18.639896 683309 run_query.cu:314] Iter: 2
I0924 16:29:18.639897 683309 lsi_rt.h:50] queries: 9563434
I0924 16:29:18.639920 683309 rt_engine.h:159] Parm size: 176
I0924 16:29:18.639926 683309 rt_engine.cu:554] optixLaunch, [w,h,d] = 9563434,1,1
I0924 16:29:18.682551 683309 run_query.cu:314] Iter: 3
I0924 16:29:18.682552 683309 lsi_rt.h:50] queries: 9563434
I0924 16:29:18.682559 683309 rt_engine.h:159] Parm size: 176
I0924 16:29:18.682564 683309 rt_engine.cu:554] optixLaunch, [w,h,d] = 9563434,1,1
I0924 16:29:18.725188 683309 run_query.cu:314] Iter: 4
I0924 16:29:18.725190 683309 lsi_rt.h:50] queries: 9563434
I0924 16:29:18.725196 683309 rt_engine.h:159] Parm size: 176
I0924 16:29:18.725203 683309 rt_engine.cu:554] optixLaunch, [w,h,d] = 9563434,1,1
I0924 16:29:18.768110 683309 run_query.cu:319] Intersections: 730825 Selective: 73.0825 Queue Load Factor: 0.192137
Timing results:
 - Read map: 698.522 ms

 - Create Context: 0 ms

 - Generate Workloads: 4208.28 ms

 - Create App: 92.4919 ms

 - Init: 0.657082 ms

 - Adaptive Grouping: 13.449 ms

 - Build Index: 6.58894 ms

 - Warmup: 215.862 ms

 - Query: 42.7902 ms

 - Cleanup: 256.026 ms

