/local/storage/liang/.clion/RayJoin/cmake-build-release-dl190/bin/query_exec -poly1 /local/storage/liang/Downloads/Datasets/point_cdb/USACensusBlockGroupBoundaries/USACensusBlockGroupBoundaries_Point.cdb              -poly2 /local/storage/liang/Downloads/Datasets/point_cdb/USADetailedWaterBodies/USADetailedWaterBodies_Point.cdb              -serialize=/dev/shm              -mode=rt              -v=1              -query=lsi              -seed=1              -xsect_factor 0.1              -sample_map_id=1              -sample=map              -sample_rate=1.0              -warmup=5              -repeat=5              -enlarge=5
I0924 16:33:15.703336 685549 planar_graph.h:216] Map /dev/shm/-local-storage-liang-Downloads-Datasets-point_cdb-USACensusBlockGroupBoundaries-USACensusBlockGroupBoundaries_Point.cdb.bin is deserialized, chains: 872624 points: 29345959 edges: 28473335
I0924 16:33:16.420933 685549 planar_graph.h:216] Map /dev/shm/-local-storage-liang-Downloads-Datasets-point_cdb-USADetailedWaterBodies-USADetailedWaterBodies_Point.cdb.bin is deserialized, chains: 2442900 points: 28007655 edges: 25564755
I0924 16:33:16.420945 685549 run_query.cu:184] Sampling map, sample rate: 1, seed: 1
I0924 16:33:17.244711 685549 planar_graph.h:310] Map is sampled, chains: 2442900 points: 28007655 edges: 25564755
I0924 16:33:17.275421 685549 run_query.cu:213] After sampling , edges: 25564755
I0924 16:33:17.275449 685549 context.h:51] Bounding Box, Bottom-left: (-179.149, 18.9107), Top-right: (-66.9496, 71.3652)
I0924 16:33:17.275456 685549 context.h:58] Scaled Bounding Box, Bottom-left: (-69136359329185, -67784245771247), Top-right: (69136359329184, 67784245771246)
I0924 16:33:17.275457 685549 context.h:61] Unscaled Bounding Box, Bottom-left: (-179.149, 18.9107), Top-right: (-66.9496, 71.3652)
I0924 16:33:21.720950 685549 rt_engine.cu:282] Info: Pipeline statistics
	module(s)                            :     1
	entry function(s)                    :     2
	trace call(s)                        :     1
	continuation callable call(s)        :     0
	direct callable call(s)              :     0
	basic block(s) in entry functions    :    67
	instruction(s) in entry functions    :  1011
	non-entry function(s)                :     1
	basic block(s) in non-entry functions:     1
	instruction(s) in non-entry functions:     1
	debug information                    :    no
I0924 16:33:21.725906 685549 rt_engine.cu:282] Info: Pipeline statistics
	module(s)                            :     1
	entry function(s)                    :     2
	trace call(s)                        :     1
	continuation callable call(s)        :     0
	direct callable call(s)              :     0
	basic block(s) in entry functions    :    43
	instruction(s) in entry functions    :   831
	non-entry function(s)                :     1
	basic block(s) in non-entry functions:     1
	instruction(s) in non-entry functions:     1
	debug information                    :    no
I0924 16:33:21.726583 685549 run_query.cu:251] Queue capacity: 5403809
I0924 16:33:21.726589 685549 lsi.h:22] Queue size: 247 MB
I0924 16:33:21.742561 685549 primitive.h:252] Enlarge limit: 5 ne: 28473335 aabbs: 2189670 Compress ratio: 0.923097 Time: 14.99 ms
I0924 16:33:21.742604 685549 rt_engine.cu:397] Building AS, num prims: 2189670, Required Temp Size: 166759168 Output Size: 81927680
I0924 16:33:21.749454 685549 lsi_rt.h:50] queries: 25564755
I0924 16:33:21.749482 685549 rt_engine.h:159] Parm size: 176
I0924 16:33:21.749496 685549 rt_engine.cu:554] optixLaunch, [w,h,d] = 25564755,1,1
I0924 16:33:21.829370 685549 lsi_rt.h:50] queries: 25564755
I0924 16:33:21.829377 685549 rt_engine.h:159] Parm size: 176
I0924 16:33:21.829407 685549 rt_engine.cu:554] optixLaunch, [w,h,d] = 25564755,1,1
I0924 16:33:21.909056 685549 lsi_rt.h:50] queries: 25564755
I0924 16:33:21.909063 685549 rt_engine.h:159] Parm size: 176
I0924 16:33:21.909070 685549 rt_engine.cu:554] optixLaunch, [w,h,d] = 25564755,1,1
I0924 16:33:21.988446 685549 lsi_rt.h:50] queries: 25564755
I0924 16:33:21.988453 685549 rt_engine.h:159] Parm size: 176
I0924 16:33:21.988459 685549 rt_engine.cu:554] optixLaunch, [w,h,d] = 25564755,1,1
I0924 16:33:22.062055 685549 lsi_rt.h:50] queries: 25564755
I0924 16:33:22.062062 685549 rt_engine.h:159] Parm size: 176
I0924 16:33:22.062068 685549 rt_engine.cu:554] optixLaunch, [w,h,d] = 25564755,1,1
I0924 16:33:22.133810 685549 run_query.cu:314] Iter: 0
I0924 16:33:22.133812 685549 lsi_rt.h:50] queries: 25564755
I0924 16:33:22.133818 685549 rt_engine.h:159] Parm size: 176
I0924 16:33:22.133824 685549 rt_engine.cu:554] optixLaunch, [w,h,d] = 25564755,1,1
I0924 16:33:22.205766 685549 run_query.cu:314] Iter: 1
I0924 16:33:22.205768 685549 lsi_rt.h:50] queries: 25564755
I0924 16:33:22.205773 685549 rt_engine.h:159] Parm size: 176
I0924 16:33:22.205780 685549 rt_engine.cu:554] optixLaunch, [w,h,d] = 25564755,1,1
I0924 16:33:22.277623 685549 run_query.cu:314] Iter: 2
I0924 16:33:22.277626 685549 lsi_rt.h:50] queries: 25564755
I0924 16:33:22.277647 685549 rt_engine.h:159] Parm size: 176
I0924 16:33:22.277653 685549 rt_engine.cu:554] optixLaunch, [w,h,d] = 25564755,1,1
I0924 16:33:22.349463 685549 run_query.cu:314] Iter: 3
I0924 16:33:22.349464 685549 lsi_rt.h:50] queries: 25564755
I0924 16:33:22.349470 685549 rt_engine.h:159] Parm size: 176
I0924 16:33:22.349476 685549 rt_engine.cu:554] optixLaunch, [w,h,d] = 25564755,1,1
I0924 16:33:22.421103 685549 run_query.cu:314] Iter: 4
I0924 16:33:22.421104 685549 lsi_rt.h:50] queries: 25564755
I0924 16:33:22.421110 685549 rt_engine.h:159] Parm size: 176
I0924 16:33:22.421115 685549 rt_engine.cu:554] optixLaunch, [w,h,d] = 25564755,1,1
I0924 16:33:22.492859 685549 run_query.cu:319] Intersections: 771537 Selective: 77.1537 Queue Load Factor: 0.142777
Timing results:
 - Read map: 693.114 ms

 - Create Context: 0.000953674 ms

 - Generate Workloads: 5943.19 ms

 - Create App: 79.8571 ms

 - Init: 0.986814 ms

 - Adaptive Grouping: 15.0092 ms

 - Build Index: 6.87504 ms

 - Warmup: 384.359 ms

 - Query: 71.8106 ms

 - Cleanup: 353.451 ms

