/local/storage/liang/.clion/RayJoin/cmake-build-release-dl190/bin/query_exec -poly1 /local/storage/liang/Downloads/Datasets/point_cdb/USACensusBlockGroupBoundaries/USACensusBlockGroupBoundaries_Point.cdb              -poly2 /local/storage/liang/Downloads/Datasets/point_cdb/USADetailedWaterBodies/USADetailedWaterBodies_Point.cdb              -serialize=/dev/shm              -mode=rt              -v=1              -query=lsi              -seed=1              -xsect_factor 0.1              -sample_map_id=1              -sample=map              -sample_rate=0.5              -warmup=5              -repeat=5              -enlarge=5
I0924 16:30:14.323374 683885 planar_graph.h:216] Map /dev/shm/-local-storage-liang-Downloads-Datasets-point_cdb-USACensusBlockGroupBoundaries-USACensusBlockGroupBoundaries_Point.cdb.bin is deserialized, chains: 872624 points: 29345959 edges: 28473335
I0924 16:30:15.044247 683885 planar_graph.h:216] Map /dev/shm/-local-storage-liang-Downloads-Datasets-point_cdb-USADetailedWaterBodies-USADetailedWaterBodies_Point.cdb.bin is deserialized, chains: 2442900 points: 28007655 edges: 25564755
I0924 16:30:15.044266 683885 run_query.cu:184] Sampling map, sample rate: 0.5, seed: 1
I0924 16:30:15.529266 683885 planar_graph.h:310] Map is sampled, chains: 2442900 points: 16440578 edges: 13997678
I0924 16:30:15.560410 683885 run_query.cu:213] After sampling , edges: 13997678
I0924 16:30:15.560431 683885 context.h:51] Bounding Box, Bottom-left: (-179.149, 18.9107), Top-right: (-66.9496, 71.3652)
I0924 16:30:15.560441 683885 context.h:58] Scaled Bounding Box, Bottom-left: (-69136359329185, -67784245771247), Top-right: (69136359329184, 67784245771246)
I0924 16:30:15.560442 683885 context.h:61] Unscaled Bounding Box, Bottom-left: (-179.149, 18.9107), Top-right: (-66.9496, 71.3652)
I0924 16:30:19.138031 683885 rt_engine.cu:282] Info: Pipeline statistics
	module(s)                            :     1
	entry function(s)                    :     2
	trace call(s)                        :     1
	continuation callable call(s)        :     0
	direct callable call(s)              :     0
	basic block(s) in entry functions    :    67
	instruction(s) in entry functions    :  1011
	non-entry function(s)                :     1
	basic block(s) in non-entry functions:     1
	instruction(s) in non-entry functions:     1
	debug information                    :    no
I0924 16:30:19.142972 683885 rt_engine.cu:282] Info: Pipeline statistics
	module(s)                            :     1
	entry function(s)                    :     2
	trace call(s)                        :     1
	continuation callable call(s)        :     0
	direct callable call(s)              :     0
	basic block(s) in entry functions    :    43
	instruction(s) in entry functions    :   831
	non-entry function(s)                :     1
	basic block(s) in non-entry functions:     1
	instruction(s) in non-entry functions:     1
	debug information                    :    no
I0924 16:30:19.143649 683885 run_query.cu:251] Queue capacity: 4247101
I0924 16:30:19.143656 683885 lsi.h:22] Queue size: 194 MB
I0924 16:30:19.157686 683885 primitive.h:252] Enlarge limit: 5 ne: 28473335 aabbs: 2189670 Compress ratio: 0.923097 Time: 13.321 ms
I0924 16:30:19.157729 683885 rt_engine.cu:397] Building AS, num prims: 2189670, Required Temp Size: 166759168 Output Size: 81927680
I0924 16:30:19.164121 683885 lsi_rt.h:50] queries: 13997678
I0924 16:30:19.164149 683885 rt_engine.h:159] Parm size: 176
I0924 16:30:19.164162 683885 rt_engine.cu:554] optixLaunch, [w,h,d] = 13997678,1,1
I0924 16:30:19.213615 683885 lsi_rt.h:50] queries: 13997678
I0924 16:30:19.213622 683885 rt_engine.h:159] Parm size: 176
I0924 16:30:19.213629 683885 rt_engine.cu:554] optixLaunch, [w,h,d] = 13997678,1,1
I0924 16:30:19.263125 683885 lsi_rt.h:50] queries: 13997678
I0924 16:30:19.263131 683885 rt_engine.h:159] Parm size: 176
I0924 16:30:19.263137 683885 rt_engine.cu:554] optixLaunch, [w,h,d] = 13997678,1,1
I0924 16:30:19.312654 683885 lsi_rt.h:50] queries: 13997678
I0924 16:30:19.312660 683885 rt_engine.h:159] Parm size: 176
I0924 16:30:19.312666 683885 rt_engine.cu:554] optixLaunch, [w,h,d] = 13997678,1,1
I0924 16:30:19.362577 683885 lsi_rt.h:50] queries: 13997678
I0924 16:30:19.362584 683885 rt_engine.h:159] Parm size: 176
I0924 16:30:19.362591 683885 rt_engine.cu:554] optixLaunch, [w,h,d] = 13997678,1,1
I0924 16:30:19.412144 683885 run_query.cu:314] Iter: 0
I0924 16:30:19.412146 683885 lsi_rt.h:50] queries: 13997678
I0924 16:30:19.412151 683885 rt_engine.h:159] Parm size: 176
I0924 16:30:19.412158 683885 rt_engine.cu:554] optixLaunch, [w,h,d] = 13997678,1,1
I0924 16:30:19.461891 683885 run_query.cu:314] Iter: 1
I0924 16:30:19.461892 683885 lsi_rt.h:50] queries: 13997678
I0924 16:30:19.461899 683885 rt_engine.h:159] Parm size: 176
I0924 16:30:19.461905 683885 rt_engine.cu:554] optixLaunch, [w,h,d] = 13997678,1,1
I0924 16:30:19.511310 683885 run_query.cu:314] Iter: 2
I0924 16:30:19.511312 683885 lsi_rt.h:50] queries: 13997678
I0924 16:30:19.511348 683885 rt_engine.h:159] Parm size: 176
I0924 16:30:19.511353 683885 rt_engine.cu:554] optixLaunch, [w,h,d] = 13997678,1,1
I0924 16:30:19.560986 683885 run_query.cu:314] Iter: 3
I0924 16:30:19.560987 683885 lsi_rt.h:50] queries: 13997678
I0924 16:30:19.560993 683885 rt_engine.h:159] Parm size: 176
I0924 16:30:19.560999 683885 rt_engine.cu:554] optixLaunch, [w,h,d] = 13997678,1,1
I0924 16:30:19.610344 683885 run_query.cu:314] Iter: 4
I0924 16:30:19.610347 683885 lsi_rt.h:50] queries: 13997678
I0924 16:30:19.610352 683885 rt_engine.h:159] Parm size: 176
I0924 16:30:19.610357 683885 rt_engine.cu:554] optixLaunch, [w,h,d] = 13997678,1,1
I0924 16:30:19.660001 683885 run_query.cu:319] Intersections: 775539 Selective: 77.5539 Queue Load Factor: 0.182604
Timing results:
 - Read map: 728.86 ms

 - Create Context: 0.000953674 ms

 - Generate Workloads: 4676.38 ms

 - Create App: 143.692 ms

 - Init: 0.71311 ms

 - Adaptive Grouping: 13.341 ms

 - Build Index: 6.41799 ms

 - Warmup: 248.025 ms

 - Query: 49.5722 ms

 - Cleanup: 281.547 ms

