/local/storage/liang/.clion/RayJoin/cmake-build-release-dl190/bin/query_exec -poly1 /local/storage/liang/Downloads/Datasets/point_cdb/USACensusBlockGroupBoundaries/USACensusBlockGroupBoundaries_Point.cdb              -poly2 /local/storage/liang/Downloads/Datasets/point_cdb/USADetailedWaterBodies/USADetailedWaterBodies_Point.cdb              -serialize=/dev/shm              -mode=rt              -v=1              -query=lsi              -seed=1              -xsect_factor 0.1              -sample_map_id=1              -sample=map              -sample_rate=0.6              -warmup=5              -repeat=5              -enlarge=5
I0924 16:30:47.087986 684225 planar_graph.h:216] Map /dev/shm/-local-storage-liang-Downloads-Datasets-point_cdb-USACensusBlockGroupBoundaries-USACensusBlockGroupBoundaries_Point.cdb.bin is deserialized, chains: 872624 points: 29345959 edges: 28473335
I0924 16:30:47.801910 684225 planar_graph.h:216] Map /dev/shm/-local-storage-liang-Downloads-Datasets-point_cdb-USADetailedWaterBodies-USADetailedWaterBodies_Point.cdb.bin is deserialized, chains: 2442900 points: 28007655 edges: 25564755
I0924 16:30:47.801923 684225 run_query.cu:184] Sampling map, sample rate: 0.6, seed: 1
I0924 16:30:48.437543 684225 planar_graph.h:310] Map is sampled, chains: 2442900 points: 18551473 edges: 16108573
I0924 16:30:48.467741 684225 run_query.cu:213] After sampling , edges: 16108573
I0924 16:30:48.467772 684225 context.h:51] Bounding Box, Bottom-left: (-179.149, 18.9107), Top-right: (-66.9496, 71.3652)
I0924 16:30:48.467782 684225 context.h:58] Scaled Bounding Box, Bottom-left: (-69136359329185, -67784245771247), Top-right: (69136359329184, 67784245771246)
I0924 16:30:48.467782 684225 context.h:61] Unscaled Bounding Box, Bottom-left: (-179.149, 18.9107), Top-right: (-66.9496, 71.3652)
I0924 16:30:52.134349 684225 rt_engine.cu:282] Info: Pipeline statistics
	module(s)                            :     1
	entry function(s)                    :     2
	trace call(s)                        :     1
	continuation callable call(s)        :     0
	direct callable call(s)              :     0
	basic block(s) in entry functions    :    67
	instruction(s) in entry functions    :  1011
	non-entry function(s)                :     1
	basic block(s) in non-entry functions:     1
	instruction(s) in non-entry functions:     1
	debug information                    :    no
I0924 16:30:52.139289 684225 rt_engine.cu:282] Info: Pipeline statistics
	module(s)                            :     1
	entry function(s)                    :     2
	trace call(s)                        :     1
	continuation callable call(s)        :     0
	direct callable call(s)              :     0
	basic block(s) in entry functions    :    43
	instruction(s) in entry functions    :   831
	non-entry function(s)                :     1
	basic block(s) in non-entry functions:     1
	instruction(s) in non-entry functions:     1
	debug information                    :    no
I0924 16:30:52.139981 684225 run_query.cu:251] Queue capacity: 4458191
I0924 16:30:52.139988 684225 lsi.h:22] Queue size: 204 MB
I0924 16:30:52.155750 684225 primitive.h:252] Enlarge limit: 5 ne: 28473335 aabbs: 2189670 Compress ratio: 0.923097 Time: 14.954 ms
I0924 16:30:52.155795 684225 rt_engine.cu:397] Building AS, num prims: 2189670, Required Temp Size: 166759168 Output Size: 81927680
I0924 16:30:52.162621 684225 lsi_rt.h:50] queries: 16108573
I0924 16:30:52.162650 684225 rt_engine.h:159] Parm size: 176
I0924 16:30:52.162663 684225 rt_engine.cu:554] optixLaunch, [w,h,d] = 16108573,1,1
I0924 16:30:52.221365 684225 lsi_rt.h:50] queries: 16108573
I0924 16:30:52.221374 684225 rt_engine.h:159] Parm size: 176
I0924 16:30:52.221380 684225 rt_engine.cu:554] optixLaunch, [w,h,d] = 16108573,1,1
I0924 16:30:52.277842 684225 lsi_rt.h:50] queries: 16108573
I0924 16:30:52.277848 684225 rt_engine.h:159] Parm size: 176
I0924 16:30:52.277855 684225 rt_engine.cu:554] optixLaunch, [w,h,d] = 16108573,1,1
I0924 16:30:52.331066 684225 lsi_rt.h:50] queries: 16108573
I0924 16:30:52.331072 684225 rt_engine.h:159] Parm size: 176
I0924 16:30:52.331079 684225 rt_engine.cu:554] optixLaunch, [w,h,d] = 16108573,1,1
I0924 16:30:52.384220 684225 lsi_rt.h:50] queries: 16108573
I0924 16:30:52.384227 684225 rt_engine.h:159] Parm size: 176
I0924 16:30:52.384233 684225 rt_engine.cu:554] optixLaunch, [w,h,d] = 16108573,1,1
I0924 16:30:52.437391 684225 run_query.cu:314] Iter: 0
I0924 16:30:52.437393 684225 lsi_rt.h:50] queries: 16108573
I0924 16:30:52.437399 684225 rt_engine.h:159] Parm size: 176
I0924 16:30:52.437405 684225 rt_engine.cu:554] optixLaunch, [w,h,d] = 16108573,1,1
I0924 16:30:52.490376 684225 run_query.cu:314] Iter: 1
I0924 16:30:52.490378 684225 lsi_rt.h:50] queries: 16108573
I0924 16:30:52.490383 684225 rt_engine.h:159] Parm size: 176
I0924 16:30:52.490389 684225 rt_engine.cu:554] optixLaunch, [w,h,d] = 16108573,1,1
I0924 16:30:52.543560 684225 run_query.cu:314] Iter: 2
I0924 16:30:52.543562 684225 lsi_rt.h:50] queries: 16108573
I0924 16:30:52.543584 684225 rt_engine.h:159] Parm size: 176
I0924 16:30:52.543591 684225 rt_engine.cu:554] optixLaunch, [w,h,d] = 16108573,1,1
I0924 16:30:52.596828 684225 run_query.cu:314] Iter: 3
I0924 16:30:52.596830 684225 lsi_rt.h:50] queries: 16108573
I0924 16:30:52.596835 684225 rt_engine.h:159] Parm size: 176
I0924 16:30:52.596841 684225 rt_engine.cu:554] optixLaunch, [w,h,d] = 16108573,1,1
I0924 16:30:52.649680 684225 run_query.cu:314] Iter: 4
I0924 16:30:52.649682 684225 lsi_rt.h:50] queries: 16108573
I0924 16:30:52.649688 684225 rt_engine.h:159] Parm size: 176
I0924 16:30:52.649693 684225 rt_engine.cu:554] optixLaunch, [w,h,d] = 16108573,1,1
I0924 16:30:52.702544 684225 run_query.cu:319] Intersections: 784485 Selective: 78.4485 Queue Load Factor: 0.175965
Timing results:
 - Read map: 727.261 ms

 - Create Context: 0.00119209 ms

 - Generate Workloads: 4905.76 ms

 - Create App: 146.017 ms

 - Init: 0.809908 ms

 - Adaptive Grouping: 14.9751 ms

 - Build Index: 6.8531 ms

 - Warmup: 274.773 ms

 - Query: 53.0316 ms

 - Cleanup: 304.847 ms

