/local/storage/liang/.clion/RayJoin/cmake-build-release-dl190/bin/query_exec -poly1 /local/storage/liang/Downloads/Datasets/point_cdb/USACensusBlockGroupBoundaries/USACensusBlockGroupBoundaries_Point.cdb              -poly2 /local/storage/liang/Downloads/Datasets/point_cdb/USADetailedWaterBodies/USADetailedWaterBodies_Point.cdb              -serialize=/dev/shm              -mode=rt              -v=1              -query=lsi              -seed=1              -xsect_factor 0.1              -sample_map_id=1              -sample=map              -sample_rate=0.9              -warmup=5              -repeat=5              -enlarge=5
I0924 16:32:35.381085 685196 planar_graph.h:216] Map /dev/shm/-local-storage-liang-Downloads-Datasets-point_cdb-USACensusBlockGroupBoundaries-USACensusBlockGroupBoundaries_Point.cdb.bin is deserialized, chains: 872624 points: 29345959 edges: 28473335
I0924 16:32:36.092617 685196 planar_graph.h:216] Map /dev/shm/-local-storage-liang-Downloads-Datasets-point_cdb-USADetailedWaterBodies-USADetailedWaterBodies_Point.cdb.bin is deserialized, chains: 2442900 points: 28007655 edges: 25564755
I0924 16:32:36.092631 685196 run_query.cu:184] Sampling map, sample rate: 0.9, seed: 1
I0924 16:32:36.857441 685196 planar_graph.h:310] Map is sampled, chains: 2442900 points: 25167235 edges: 22724335
I0924 16:32:36.888412 685196 run_query.cu:213] After sampling , edges: 22724335
I0924 16:32:36.888437 685196 context.h:51] Bounding Box, Bottom-left: (-179.149, 18.9107), Top-right: (-66.9496, 71.3652)
I0924 16:32:36.888448 685196 context.h:58] Scaled Bounding Box, Bottom-left: (-69136359329185, -67784245771247), Top-right: (69136359329184, 67784245771246)
I0924 16:32:36.888449 685196 context.h:61] Unscaled Bounding Box, Bottom-left: (-179.149, 18.9107), Top-right: (-66.9496, 71.3652)
I0924 16:32:41.197014 685196 rt_engine.cu:282] Info: Pipeline statistics
	module(s)                            :     1
	entry function(s)                    :     2
	trace call(s)                        :     1
	continuation callable call(s)        :     0
	direct callable call(s)              :     0
	basic block(s) in entry functions    :    67
	instruction(s) in entry functions    :  1011
	non-entry function(s)                :     1
	basic block(s) in non-entry functions:     1
	instruction(s) in non-entry functions:     1
	debug information                    :    no
I0924 16:32:41.202003 685196 rt_engine.cu:282] Info: Pipeline statistics
	module(s)                            :     1
	entry function(s)                    :     2
	trace call(s)                        :     1
	continuation callable call(s)        :     0
	direct callable call(s)              :     0
	basic block(s) in entry functions    :    43
	instruction(s) in entry functions    :   831
	non-entry function(s)                :     1
	basic block(s) in non-entry functions:     1
	instruction(s) in non-entry functions:     1
	debug information                    :    no
I0924 16:32:41.202687 685196 run_query.cu:251] Queue capacity: 5119767
I0924 16:32:41.202693 685196 lsi.h:22] Queue size: 234 MB
I0924 16:32:41.218665 685196 primitive.h:252] Enlarge limit: 5 ne: 28473335 aabbs: 2189670 Compress ratio: 0.923097 Time: 15.025 ms
I0924 16:32:41.218710 685196 rt_engine.cu:397] Building AS, num prims: 2189670, Required Temp Size: 166759168 Output Size: 81927680
I0924 16:32:41.225574 685196 lsi_rt.h:50] queries: 22724335
I0924 16:32:41.225603 685196 rt_engine.h:159] Parm size: 176
I0924 16:32:41.225616 685196 rt_engine.cu:554] optixLaunch, [w,h,d] = 22724335,1,1
I0924 16:32:41.298455 685196 lsi_rt.h:50] queries: 22724335
I0924 16:32:41.298462 685196 rt_engine.h:159] Parm size: 176
I0924 16:32:41.298468 685196 rt_engine.cu:554] optixLaunch, [w,h,d] = 22724335,1,1
I0924 16:32:41.371271 685196 lsi_rt.h:50] queries: 22724335
I0924 16:32:41.371279 685196 rt_engine.h:159] Parm size: 176
I0924 16:32:41.371284 685196 rt_engine.cu:554] optixLaunch, [w,h,d] = 22724335,1,1
I0924 16:32:41.442078 685196 lsi_rt.h:50] queries: 22724335
I0924 16:32:41.442085 685196 rt_engine.h:159] Parm size: 176
I0924 16:32:41.442090 685196 rt_engine.cu:554] optixLaunch, [w,h,d] = 22724335,1,1
I0924 16:32:41.507659 685196 lsi_rt.h:50] queries: 22724335
I0924 16:32:41.507665 685196 rt_engine.h:159] Parm size: 176
I0924 16:32:41.507671 685196 rt_engine.cu:554] optixLaunch, [w,h,d] = 22724335,1,1
I0924 16:32:41.573372 685196 run_query.cu:314] Iter: 0
I0924 16:32:41.573374 685196 lsi_rt.h:50] queries: 22724335
I0924 16:32:41.573380 685196 rt_engine.h:159] Parm size: 176
I0924 16:32:41.573386 685196 rt_engine.cu:554] optixLaunch, [w,h,d] = 22724335,1,1
I0924 16:32:41.639109 685196 run_query.cu:314] Iter: 1
I0924 16:32:41.639111 685196 lsi_rt.h:50] queries: 22724335
I0924 16:32:41.639117 685196 rt_engine.h:159] Parm size: 176
I0924 16:32:41.639123 685196 rt_engine.cu:554] optixLaunch, [w,h,d] = 22724335,1,1
I0924 16:32:41.704808 685196 run_query.cu:314] Iter: 2
I0924 16:32:41.704810 685196 lsi_rt.h:50] queries: 22724335
I0924 16:32:41.704833 685196 rt_engine.h:159] Parm size: 176
I0924 16:32:41.704839 685196 rt_engine.cu:554] optixLaunch, [w,h,d] = 22724335,1,1
I0924 16:32:41.770494 685196 run_query.cu:314] Iter: 3
I0924 16:32:41.770495 685196 lsi_rt.h:50] queries: 22724335
I0924 16:32:41.770501 685196 rt_engine.h:159] Parm size: 176
I0924 16:32:41.770507 685196 rt_engine.cu:554] optixLaunch, [w,h,d] = 22724335,1,1
I0924 16:32:41.836266 685196 run_query.cu:314] Iter: 4
I0924 16:32:41.836266 685196 lsi_rt.h:50] queries: 22724335
I0924 16:32:41.836272 685196 rt_engine.h:159] Parm size: 176
I0924 16:32:41.836278 685196 rt_engine.cu:554] optixLaunch, [w,h,d] = 22724335,1,1
I0924 16:32:41.902070 685196 run_query.cu:319] Intersections: 786228 Selective: 78.6228 Queue Load Factor: 0.153567
Timing results:
 - Read map: 736.859 ms

 - Create Context: 0.000953674 ms

 - Generate Workloads: 5741.02 ms

 - Create App: 80.3771 ms

 - Init: 0.952959 ms

 - Adaptive Grouping: 15.044 ms

 - Build Index: 6.89101 ms

 - Warmup: 347.8 ms

 - Query: 65.7404 ms

 - Cleanup: 340.305 ms

